Initialising a TLB with size: 128
Initialising a TLB with size: 64
Initialising a TLB with size: 2048
Initialising PT from file: 
Initialising memory references from file: /start_point/data1/collect_trace_fast/radix/radix_never_graphbig_dc_walk_log.bin
Initialising a cache with size: 25165824 with assoc: 12 with line size: 64
Initialising for core 0
Initialising L2 cache with size: 1310720 with assoc: 20 with line size: 64
Initialising L1 I cache with size: 32768 with assoc: 8 with line size: 64
Initialising L1 D cache with size: 49152 with assoc: 12 with line size: 64
Initialising a cache with size: 1310720 with assoc: 20 with line size: 64
Initialising a cache with size: 32768 with assoc: 8 with line size: 64
Initialising a cache with size: 49152 with assoc: 12 with line size: 64
Initialising PW cache with size: 2 with assoc: 1 with line size: 64
Initialising a cache with size: 2 with assoc: 1 with line size: 1
Initialising PW cache with size: 4 with assoc: 4 with line size: 64
Initialising a cache with size: 4 with assoc: 4 with line size: 1
Initialising PW cache with size: 32 with assoc: 4 with line size: 64
Initialising a cache with size: 32 with assoc: 4 with line size: 1
op_qemu_mem_trace=/start_point/data1/collect_trace_fast/radix/radix_never_graphbig_dc_walk_log.bin
creating qemu_file_reader_t for /start_point/data1/collect_trace_fast/radix/radix_never_graphbig_dc_walk_log.bin with verbosity 0 and arch 0
Done with qemu tracer
Heartbeat. 4194304 references processed.
Heartbeat. 8388608 references processed.
Heartbeat. 12582912 references processed.
Heartbeat. 16777216 references processed.
Heartbeat. 20971520 references processed.
Heartbeat. 25165824 references processed.
Heartbeat. 29360128 references processed.
Heartbeat. 33554432 references processed.
Heartbeat. 37748736 references processed.
Heartbeat. 41943040 references processed.
Heartbeat. 46137344 references processed.
Cache simulation warmed up
Heartbeat. 50331648 references processed.
Heartbeat. 54525952 references processed.
Heartbeat. 58720256 references processed.
Heartbeat. 62914560 references processed.
Heartbeat. 67108864 references processed.
Heartbeat. 71303168 references processed.
Heartbeat. 75497472 references processed.
Heartbeat. 79691776 references processed.
Heartbeat. 83886080 references processed.
Heartbeat. 88080384 references processed.
Heartbeat. 92274688 references processed.
Heartbeat. 96468992 references processed.
Finished warmup of TLB
Heartbeat. 100663296 references processed.
Heartbeat. 104857600 references processed.
Heartbeat. 109051904 references processed.
Heartbeat. 113246208 references processed.
Heartbeat. 117440512 references processed.
Heartbeat. 121634816 references processed.
Heartbeat. 125829120 references processed.
Heartbeat. 130023424 references processed.
Heartbeat. 134217728 references processed.
Heartbeat. 138412032 references processed.
Heartbeat. 142606336 references processed.
Heartbeat. 146800640 references processed.
Heartbeat. 150994944 references processed.
Heartbeat. 155189248 references processed.
Heartbeat. 159383552 references processed.
Heartbeat. 163577856 references processed.
Heartbeat. 167772160 references processed.
Heartbeat. 171966464 references processed.
Heartbeat. 176160768 references processed.
Heartbeat. 180355072 references processed.
Heartbeat. 184549376 references processed.
Heartbeat. 188743680 references processed.
Heartbeat. 192937984 references processed.
Heartbeat. 197132288 references processed.
Heartbeat. 201326592 references processed.
Heartbeat. 205520896 references processed.
Heartbeat. 209715200 references processed.
Heartbeat. 213909504 references processed.
Heartbeat. 218103808 references processed.
Heartbeat. 222298112 references processed.
Heartbeat. 226492416 references processed.
Heartbeat. 230686720 references processed.
Heartbeat. 234881024 references processed.
Heartbeat. 239075328 references processed.
Heartbeat. 243269632 references processed.
Heartbeat. 247463936 references processed.
Heartbeat. 251658240 references processed.
Heartbeat. 255852544 references processed.
Heartbeat. 260046848 references processed.
Heartbeat. 264241152 references processed.
Heartbeat. 268435456 references processed.
Heartbeat. 272629760 references processed.
Heartbeat. 276824064 references processed.
Heartbeat. 281018368 references processed.
Heartbeat. 285212672 references processed.
Heartbeat. 289406976 references processed.
Heartbeat. 293601280 references processed.
Heartbeat. 297795584 references processed.
Heartbeat. 301989888 references processed.
Heartbeat. 306184192 references processed.
Heartbeat. 310378496 references processed.
Heartbeat. 314572800 references processed.
Heartbeat. 318767104 references processed.
Heartbeat. 322961408 references processed.
Heartbeat. 327155712 references processed.
Heartbeat. 331350016 references processed.
Heartbeat. 335544320 references processed.
Heartbeat. 339738624 references processed.
Heartbeat. 343932928 references processed.
Heartbeat. 348127232 references processed.
Heartbeat. 352321536 references processed.
Heartbeat. 356515840 references processed.
Heartbeat. 360710144 references processed.
Heartbeat. 364904448 references processed.
Heartbeat. 369098752 references processed.
Heartbeat. 373293056 references processed.
Heartbeat. 377487360 references processed.
Heartbeat. 381681664 references processed.
Heartbeat. 385875968 references processed.
Heartbeat. 390070272 references processed.
Heartbeat. 394264576 references processed.
Heartbeat. 398458880 references processed.
Heartbeat. 402653184 references processed.
Heartbeat. 406847488 references processed.
Heartbeat. 411041792 references processed.
Heartbeat. 415236096 references processed.
Heartbeat. 419430400 references processed.
Heartbeat. 423624704 references processed.
Heartbeat. 427819008 references processed.
Heartbeat. 432013312 references processed.
Heartbeat. 436207616 references processed.
Heartbeat. 440401920 references processed.
Heartbeat. 444596224 references processed.
Heartbeat. 448790528 references processed.
Heartbeat. 452984832 references processed.
Heartbeat. 457179136 references processed.
Heartbeat. 461373440 references processed.
Heartbeat. 465567744 references processed.
Heartbeat. 469762048 references processed.
Heartbeat. 473956352 references processed.
Heartbeat. 478150656 references processed.
Heartbeat. 482344960 references processed.
Heartbeat. 486539264 references processed.
Heartbeat. 490733568 references processed.
Heartbeat. 494927872 references processed.
Heartbeat. 499122176 references processed.
Heartbeat. 503316480 references processed.
Heartbeat. 507510784 references processed.
Heartbeat. 511705088 references processed.
Heartbeat. 515899392 references processed.
Heartbeat. 520093696 references processed.
Heartbeat. 524288000 references processed.
Heartbeat. 528482304 references processed.
Heartbeat. 532676608 references processed.
Heartbeat. 536870912 references processed.
Heartbeat. 541065216 references processed.
Heartbeat. 545259520 references processed.
Heartbeat. 549453824 references processed.
Heartbeat. 553648128 references processed.
Heartbeat. 557842432 references processed.
Heartbeat. 562036736 references processed.
Heartbeat. 566231040 references processed.
Heartbeat. 570425344 references processed.
Heartbeat. 574619648 references processed.
Heartbeat. 578813952 references processed.
Heartbeat. 583008256 references processed.
Heartbeat. 587202560 references processed.
Heartbeat. 591396864 references processed.
Heartbeat. 595591168 references processed.
Heartbeat. 599785472 references processed.
Heartbeat. 603979776 references processed.
Heartbeat. 608174080 references processed.
Heartbeat. 612368384 references processed.
Heartbeat. 616562688 references processed.
Heartbeat. 620756992 references processed.
Heartbeat. 624951296 references processed.
Heartbeat. 629145600 references processed.
Heartbeat. 633339904 references processed.
Heartbeat. 637534208 references processed.
Heartbeat. 641728512 references processed.
Heartbeat. 645922816 references processed.
Heartbeat. 650117120 references processed.
Heartbeat. 654311424 references processed.
Heartbeat. 658505728 references processed.
Heartbeat. 662700032 references processed.
Heartbeat. 666894336 references processed.
Heartbeat. 671088640 references processed.
Heartbeat. 675282944 references processed.
Heartbeat. 679477248 references processed.
Heartbeat. 683671552 references processed.
Heartbeat. 687865856 references processed.
Heartbeat. 692060160 references processed.
Heartbeat. 696254464 references processed.
Heartbeat. 700448768 references processed.
Heartbeat. 704643072 references processed.
Heartbeat. 708837376 references processed.
Heartbeat. 713031680 references processed.
Trace is truncated
TLB simulation results:
Core #0 (1 thread(s))
  TLB-L1I stats:
    Hits:                        410132804
    Misses:                            866
    Invalidations:                       0
    Hits PT level     1:                   0
    Misses PT level   1:                   0
    Hits PT level     2:                   0
    Misses PT level   2:                   0
    Hits PT level     3:                   0
    Misses PT level   3:                   0
    Hits PT level     4:                   0
    Misses PT level   4:                   0
    Hits PT level     5:                   0
    Misses PT level   5:                   0
    Hits PT level     6:                   0
    Misses PT level   6:                   0
    Miss rate:                        0.00%
  TLB-L1D stats:
    Hits:                        145744069
    Misses:                       59061109
    Invalidations:                       0
    Hits PT level     1:                   0
    Misses PT level   1:                   0
    Hits PT level     2:                   0
    Misses PT level   2:                   0
    Hits PT level     3:                   0
    Misses PT level   3:                   0
    Hits PT level     4:                   0
    Misses PT level   4:                   0
    Hits PT level     5:                   0
    Misses PT level   5:                   0
    Hits PT level     6:                   0
    Misses PT level   6:                   0
    Miss rate:                       28.84%
  TLB-LL stats:
    Hits:                         20342308
    Misses:                       38719667
    Invalidations:                       0
    Hits PT level     1:                   0
    Misses PT level   1:                   0
    Hits PT level     2:                   0
    Misses PT level   2:                   0
    Hits PT level     3:                   0
    Misses PT level   3:                   0
    Hits PT level     4:                   0
    Misses PT level   4:                   0
    Hits PT level     5:                   0
    Misses PT level   5:                   0
    Hits PT level     6:                   0
    Misses PT level   6:                   0
    Local miss rate:                 65.56%
    Child hits:                  555876873
    Total miss rate:                  6.30%
~~~~~~~~~~~~~~~~~~~~~~~~~~~~~~~~~~~~~~~~~~
Cache simulation results:
Core #0 (1 thread(s))
  L1I stats:
    Warmup hits:                  47561572
    Warmup misses:                    2674
    Hits:                        632589907
    Misses:                          15805
    Invalidations:                       0
    Hits PT level     1:                   0
    Misses PT level   1:                   0
    Hits PT level     2:                   0
    Misses PT level   2:                   0
    Hits PT level     3:                   0
    Misses PT level   3:                   0
    Hits PT level     4:                   0
    Misses PT level   4:                   0
    Hits PT level     5:                   0
    Misses PT level   5:                   0
    Hits PT level     6:                   0
    Misses PT level   6:                   0
    Miss rate:                        0.00%
  L1D stats:
    Warmup hits:                   8509496
    Warmup misses:                 8143715
    Hits:                        112944337
    Misses:                      108513358
    Invalidations:                       0
    Hits PT level     1:               91600
    Misses PT level   1:              191649
    Hits PT level     2:              148203
    Misses PT level   2:              270139
    Hits PT level     3:            16563328
    Misses PT level   3:             3754208
    Hits PT level     4:            11874280
    Misses PT level   4:            30010389
    Hits PT level     5:                   0
    Misses PT level   5:                   0
    Hits PT level     6:                   0
    Misses PT level   6:                   0
    Prefetch hits:                14785904
    Prefetch misses:             127953839
    Miss rate:                       49.00%
  L2 stats:
    Warmup hits:                    827617
    Warmup misses:                 7318772
    Hits:                         10831924
    Misses:                       97697239
    Invalidations:                       0
    Hits PT level     1:              189315
    Misses PT level   1:                2334
    Hits PT level     2:              264527
    Misses PT level   2:                5612
    Hits PT level     3:             3669514
    Misses PT level   3:               84694
    Hits PT level     4:            19379667
    Misses PT level   4:            10630722
    Hits PT level     5:                   0
    Misses PT level   5:                   0
    Hits PT level     6:                   0
    Misses PT level   6:                   0
    Prefetch hits:                26617661
    Prefetch misses:             101336178
    Local miss rate:                 90.02%
    Child hits:                  788997559
    Total miss rate:                 10.89%
LLC stats:
    Warmup hits:                   1154124
    Warmup misses:                 6164648
    Hits:                         15809990
    Misses:                       81887249
    Invalidations:                       0
    Hits PT level     1:                1678
    Misses PT level   1:                 656
    Hits PT level     2:                4619
    Misses PT level   2:                 993
    Hits PT level     3:               69417
    Misses PT level   3:               15277
    Hits PT level     4:             9758829
    Misses PT level   4:              871893
    Hits PT level     5:                   0
    Misses PT level   5:                   0
    Hits PT level     6:                   0
    Misses PT level   6:                   0
    Prefetch hits:                25370755
    Prefetch misses:              75965423
    Local miss rate:                 83.82%
    Child hits:                   60952608
    Total miss rate:                 51.62%
 PWC 0 stats:
    Warmup hits:                         0
    Warmup misses:                       0
    Hits:                           135227
    Misses:                         283450
    Invalidations:                       0
    Hits PT level     1:                   0
    Misses PT level   1:                   0
    Hits PT level     2:                   0
    Misses PT level   2:                   0
    Hits PT level     3:                   0
    Misses PT level   3:                   0
    Hits PT level     4:                   0
    Misses PT level   4:                   0
    Hits PT level     5:                   0
    Misses PT level   5:                   0
    Hits PT level     6:                   0
    Misses PT level   6:                   0
    Miss rate:                       67.70%
 PWC 1 stats:
    Warmup hits:                         0
    Warmup misses:                       0
    Hits:                         21427922
    Misses:                         418677
    Invalidations:                       0
    Hits PT level     1:                   0
    Misses PT level   1:                   0
    Hits PT level     2:                   0
    Misses PT level   2:                   0
    Hits PT level     3:                   0
    Misses PT level   3:                   0
    Hits PT level     4:                   0
    Misses PT level   4:                   0
    Hits PT level     5:                   0
    Misses PT level   5:                   0
    Hits PT level     6:                   0
    Misses PT level   6:                   0
    Miss rate:                        1.92%
 PWC 2 stats:
    Warmup hits:                         0
    Warmup misses:                       0
    Hits:                         23269009
    Misses:                       21834888
    Invalidations:                       0
    Hits PT level     1:                   0
    Misses PT level   1:                   0
    Hits PT level     2:                   0
    Misses PT level   2:                   0
    Hits PT level     3:                   0
    Misses PT level   3:                   0
    Hits PT level     4:                   0
    Misses PT level   4:                   0
    Hits PT level     5:                   0
    Misses PT level   5:                   0
    Hits PT level     6:                   0
    Misses PT level   6:                   0
    Miss rate:                       48.41%
~~~~~~~~~~~~~~~~~~~~~~~~~~~~~~~~~~~~~~~~~~
num_requests : 714938848
num_not_found : 0
kernel memory references: 
0,931488
1,574227
16,2617608
user memory references: 
0,206779140
1,29826048
16,474210337
~~~~~~~~~~~~~~~~~~~~~~~~~~~~~~~~~~~~~~~~~~
num_range_found : 0
num_range_not_found : 0
~~~~~~~~~~~~~~~~~~~~~~~~~~~~~~~~~~~~~~~~~~
MEMORY,MEMORY,MEMORY,MEMORY,	5
MEMORY,MEMORY,MEMORY,L1,	4
MEMORY,MEMORY,MEMORY,ZERO,	81
MEMORY,MEMORY,L1,L1,	1
MEMORY,MEMORY,L1,L2,	1
MEMORY,MEMORY,L2,MEMORY,	1
MEMORY,MEMORY,L2,L1,	4
MEMORY,MEMORY,L2,L2,	11
MEMORY,MEMORY,L2,LLC,	1
MEMORY,MEMORY,LLC,MEMORY,	5
MEMORY,MEMORY,LLC,L1,	1
MEMORY,MEMORY,LLC,L2,	4
MEMORY,MEMORY,LLC,ZERO,	79
MEMORY,L1,L1,L1,	1
MEMORY,L1,L1,L2,	1
MEMORY,L1,L2,L1,	1
MEMORY,L1,L2,L2,	4
MEMORY,L1,LLC,MEMORY,	1
MEMORY,L2,MEMORY,MEMORY,	8
MEMORY,L2,MEMORY,L1,	1
MEMORY,L2,MEMORY,L2,	5
MEMORY,L2,L1,L1,	7
MEMORY,L2,L1,L2,	23
MEMORY,L2,L2,MEMORY,	2
MEMORY,L2,L2,L1,	27
MEMORY,L2,L2,L2,	56
MEMORY,L2,L2,LLC,	2
MEMORY,L2,LLC,MEMORY,	33
MEMORY,L2,LLC,L2,	6
MEMORY,LLC,MEMORY,MEMORY,	5
MEMORY,LLC,MEMORY,L1,	1
MEMORY,LLC,MEMORY,L2,	2
MEMORY,LLC,MEMORY,ZERO,	112
MEMORY,LLC,L1,MEMORY,	1
MEMORY,LLC,L1,L1,	1
MEMORY,LLC,L1,L2,	2
MEMORY,LLC,L1,LLC,	1
MEMORY,LLC,L2,MEMORY,	1
MEMORY,LLC,L2,L1,	6
MEMORY,LLC,L2,L2,	16
MEMORY,LLC,LLC,MEMORY,	10
MEMORY,LLC,LLC,L1,	6
MEMORY,LLC,LLC,L2,	3
MEMORY,LLC,LLC,ZERO,	113
L1,MEMORY,MEMORY,ZERO,	76
L1,MEMORY,L1,MEMORY,	1
L1,MEMORY,L1,L2,	4
L1,MEMORY,L1,LLC,	3
L1,MEMORY,L2,MEMORY,	1
L1,MEMORY,L2,L1,	2
L1,MEMORY,L2,L2,	2
L1,MEMORY,L2,LLC,	2
L1,MEMORY,LLC,ZERO,	109
L1,L1,MEMORY,MEMORY,	815
L1,L1,MEMORY,L1,	3
L1,L1,MEMORY,L2,	6
L1,L1,MEMORY,LLC,	1
L1,L1,L1,MEMORY,	334
L1,L1,L1,L1,	9514
L1,L1,L1,L2,	13425
L1,L1,L1,LLC,	1339
L1,L1,L2,MEMORY,	801
L1,L1,L2,L1,	5212
L1,L1,L2,L2,	5820
L1,L1,L2,LLC,	461
L1,L1,LLC,MEMORY,	2878
L1,L1,LLC,L1,	11
L1,L1,LLC,L2,	18
L1,L1,LLC,LLC,	25
L1,L2,MEMORY,MEMORY,	443
L1,L2,MEMORY,L1,	5
L1,L2,MEMORY,L2,	10
L1,L2,MEMORY,LLC,	1
L1,L2,L1,MEMORY,	547
L1,L2,L1,L1,	6647
L1,L2,L1,L2,	15563
L1,L2,L1,LLC,	4233
L1,L2,L1,ZERO,	2
L1,L2,L2,MEMORY,	547
L1,L2,L2,L1,	6951
L1,L2,L2,L2,	11536
L1,L2,L2,LLC,	1528
L1,L2,LLC,MEMORY,	1524
L1,L2,LLC,L1,	19
L1,L2,LLC,L2,	20
L1,L2,LLC,LLC,	17
L1,LLC,MEMORY,MEMORY,	1
L1,LLC,MEMORY,ZERO,	109
L1,LLC,L1,MEMORY,	21
L1,LLC,L1,L1,	22
L1,LLC,L1,L2,	322
L1,LLC,L1,LLC,	295
L1,LLC,L2,MEMORY,	11
L1,LLC,L2,L1,	12
L1,LLC,L2,L2,	103
L1,LLC,L2,LLC,	94
L1,LLC,LLC,L1,	1
L1,LLC,LLC,L2,	2
L1,LLC,LLC,LLC,	1
L1,LLC,LLC,ZERO,	150
L2,MEMORY,MEMORY,MEMORY,	1
L2,MEMORY,MEMORY,L2,	2
L2,MEMORY,L1,L1,	4
L2,MEMORY,L1,L2,	30
L2,MEMORY,L1,LLC,	2
L2,MEMORY,L1,ZERO,	1
L2,MEMORY,L2,MEMORY,	2
L2,MEMORY,L2,L1,	22
L2,MEMORY,L2,L2,	55
L2,MEMORY,L2,LLC,	5
L2,MEMORY,LLC,MEMORY,	12
L2,MEMORY,LLC,L1,	2
L2,MEMORY,LLC,L2,	2
L2,MEMORY,LLC,LLC,	3
L2,L1,MEMORY,MEMORY,	669
L2,L1,MEMORY,L1,	1
L2,L1,MEMORY,L2,	10
L2,L1,MEMORY,LLC,	1
L2,L1,L1,MEMORY,	233
L2,L1,L1,L1,	8002
L2,L1,L1,L2,	13251
L2,L1,L1,LLC,	579
L2,L1,L2,MEMORY,	672
L2,L1,L2,L1,	8086
L2,L1,L2,L2,	9924
L2,L1,L2,LLC,	264
L2,L1,LLC,MEMORY,	2314
L2,L1,LLC,L1,	15
L2,L1,LLC,L2,	15
L2,L1,LLC,LLC,	16
L2,L2,MEMORY,MEMORY,	2323
L2,L2,MEMORY,L1,	46
L2,L2,MEMORY,L2,	77
L2,L2,MEMORY,LLC,	11
L2,L2,L1,MEMORY,	631
L2,L2,L1,L1,	17817
L2,L2,L1,L2,	27271
L2,L2,L1,LLC,	2795
L2,L2,L2,MEMORY,	2375
L2,L2,L2,L1,	40289
L2,L2,L2,L2,	40876
L2,L2,L2,LLC,	1680
L2,L2,LLC,MEMORY,	7317
L2,L2,LLC,L1,	283
L2,L2,LLC,L2,	205
L2,L2,LLC,LLC,	58
L2,LLC,MEMORY,MEMORY,	17
L2,LLC,MEMORY,L1,	4
L2,LLC,MEMORY,L2,	8
L2,LLC,MEMORY,LLC,	1
L2,LLC,L1,MEMORY,	24
L2,LLC,L1,L1,	39
L2,LLC,L1,L2,	288
L2,LLC,L1,LLC,	201
L2,LLC,L2,MEMORY,	9
L2,LLC,L2,L1,	119
L2,LLC,L2,L2,	221
L2,LLC,L2,LLC,	79
L2,LLC,LLC,MEMORY,	29
L2,LLC,LLC,L1,	14
L2,LLC,LLC,L2,	9
L2,LLC,LLC,LLC,	4
LLC,MEMORY,MEMORY,MEMORY,	6
LLC,MEMORY,MEMORY,L2,	3
LLC,MEMORY,MEMORY,ZERO,	106
LLC,MEMORY,L1,L1,	6
LLC,MEMORY,L1,L2,	7
LLC,MEMORY,L1,LLC,	3
LLC,MEMORY,L2,L1,	4
LLC,MEMORY,L2,L2,	24
LLC,MEMORY,LLC,MEMORY,	4
LLC,MEMORY,LLC,L1,	1
LLC,MEMORY,LLC,L2,	7
LLC,MEMORY,LLC,LLC,	2
LLC,MEMORY,LLC,ZERO,	105
LLC,L1,L1,L1,	3
LLC,L1,L1,L2,	11
LLC,L1,L1,LLC,	1
LLC,L1,L2,L1,	7
LLC,L1,L2,L2,	17
LLC,L1,L2,LLC,	1
LLC,L1,LLC,MEMORY,	3
LLC,L2,MEMORY,MEMORY,	22
LLC,L2,MEMORY,L1,	7
LLC,L2,MEMORY,L2,	8
LLC,L2,MEMORY,LLC,	1
LLC,L2,L1,L1,	35
LLC,L2,L1,L2,	114
LLC,L2,L1,LLC,	5
LLC,L2,L2,MEMORY,	9
LLC,L2,L2,L1,	152
LLC,L2,L2,L2,	310
LLC,L2,L2,LLC,	15
LLC,L2,LLC,MEMORY,	68
LLC,L2,LLC,L1,	19
LLC,L2,LLC,L2,	20
LLC,LLC,MEMORY,MEMORY,	12
LLC,LLC,MEMORY,L1,	4
LLC,LLC,MEMORY,L2,	7
LLC,LLC,MEMORY,LLC,	2
LLC,LLC,MEMORY,ZERO,	163
LLC,LLC,L1,MEMORY,	2
LLC,LLC,L1,L1,	11
LLC,LLC,L1,L2,	36
LLC,LLC,L2,MEMORY,	2
LLC,LLC,L2,L1,	32
LLC,LLC,L2,L2,	94
LLC,LLC,L2,LLC,	10
LLC,LLC,LLC,MEMORY,	14
LLC,LLC,LLC,L1,	24
LLC,LLC,LLC,L2,	28
LLC,LLC,LLC,LLC,	2
LLC,LLC,LLC,ZERO,	129
PWC,MEMORY,MEMORY,MEMORY,	7
PWC,MEMORY,MEMORY,L2,	2
PWC,MEMORY,MEMORY,LLC,	23
PWC,MEMORY,L1,L1,	4
PWC,MEMORY,L1,L2,	17
PWC,MEMORY,L1,LLC,	5
PWC,MEMORY,L2,MEMORY,	1
PWC,MEMORY,L2,L1,	6
PWC,MEMORY,L2,L2,	24
PWC,MEMORY,L2,LLC,	5
PWC,MEMORY,LLC,MEMORY,	32
PWC,MEMORY,LLC,L2,	1
PWC,MEMORY,LLC,LLC,	47
PWC,L1,MEMORY,MEMORY,	2477
PWC,L1,MEMORY,L1,	3
PWC,L1,MEMORY,L2,	6
PWC,L1,MEMORY,LLC,	124
PWC,L1,L1,MEMORY,	367
PWC,L1,L1,L1,	9214
PWC,L1,L1,L2,	19126
PWC,L1,L1,LLC,	1177
PWC,L1,L1,ZERO,	177
PWC,L1,L2,MEMORY,	1726
PWC,L1,L2,L1,	7556
PWC,L1,L2,L2,	12825
PWC,L1,L2,LLC,	473
PWC,L1,LLC,MEMORY,	7931
PWC,L1,LLC,L1,	25
PWC,L1,LLC,L2,	27
PWC,L1,LLC,LLC,	203
PWC,L2,MEMORY,MEMORY,	914
PWC,L2,MEMORY,L1,	4
PWC,L2,MEMORY,L2,	38
PWC,L2,MEMORY,LLC,	6
PWC,L2,L1,MEMORY,	409
PWC,L2,L1,L1,	4730
PWC,L2,L1,L2,	21220
PWC,L2,L1,LLC,	4258
PWC,L2,L1,ZERO,	143
PWC,L2,L2,MEMORY,	748
PWC,L2,L2,L1,	7646
PWC,L2,L2,L2,	24723
PWC,L2,L2,LLC,	1935
PWC,L2,LLC,MEMORY,	3015
PWC,L2,LLC,L1,	31
PWC,L2,LLC,L2,	73
PWC,L2,LLC,LLC,	32
PWC,LLC,MEMORY,MEMORY,	43
PWC,LLC,MEMORY,L1,	1
PWC,LLC,MEMORY,L2,	6
PWC,LLC,MEMORY,LLC,	76
PWC,LLC,L1,MEMORY,	35
PWC,LLC,L1,L1,	33
PWC,LLC,L1,L2,	396
PWC,LLC,L1,LLC,	364
PWC,LLC,L2,MEMORY,	10
PWC,LLC,L2,L1,	28
PWC,LLC,L2,L2,	208
PWC,LLC,L2,LLC,	120
PWC,LLC,LLC,MEMORY,	102
PWC,LLC,LLC,L1,	1
PWC,LLC,LLC,L2,	4
PWC,LLC,LLC,LLC,	130
ZERO,PWC,MEMORY,MEMORY,	2662
ZERO,PWC,MEMORY,L1,	76
ZERO,PWC,MEMORY,L2,	1664
ZERO,PWC,MEMORY,LLC,	1361
ZERO,PWC,MEMORY,ZERO,	578
ZERO,PWC,L1,MEMORY,	567298
ZERO,PWC,L1,L1,	776594
ZERO,PWC,L1,L2,	8007784
ZERO,PWC,L1,LLC,	7018892
ZERO,PWC,L1,ZERO,	7372
ZERO,PWC,L2,MEMORY,	124820
ZERO,PWC,L2,L1,	146645
ZERO,PWC,L2,L2,	1702401
ZERO,PWC,L2,LLC,	1498649
ZERO,PWC,L2,ZERO,	395
ZERO,PWC,LLC,MEMORY,	9756
ZERO,PWC,LLC,L1,	988
ZERO,PWC,LLC,L2,	16566
ZERO,PWC,LLC,LLC,	13932
ZERO,PWC,LLC,ZERO,	761
ZERO,ZERO,PWC,MEMORY,	124774
ZERO,ZERO,PWC,L1,	10817187
ZERO,ZERO,PWC,L2,	9432661
ZERO,ZERO,PWC,LLC,	1203272
