Initialising a TLB with size: 128
Initialising a TLB with size: 64
Initialising a TLB with size: 2048
Initialising PT from file: 
Initialising memory references from file: /start_point/data1/collect_trace_fast/radix/radix_always_graphbig_dc_walk_log.bin
Initialising a cache with size: 25165824 with assoc: 12 with line size: 64
Initialising for core 0
Initialising L2 cache with size: 1310720 with assoc: 20 with line size: 64
Initialising L1 I cache with size: 32768 with assoc: 8 with line size: 64
Initialising L1 D cache with size: 49152 with assoc: 12 with line size: 64
Initialising a cache with size: 1310720 with assoc: 20 with line size: 64
Initialising a cache with size: 32768 with assoc: 8 with line size: 64
Initialising a cache with size: 49152 with assoc: 12 with line size: 64
Initialising PW cache with size: 2 with assoc: 1 with line size: 64
Initialising a cache with size: 2 with assoc: 1 with line size: 1
Initialising PW cache with size: 4 with assoc: 4 with line size: 64
Initialising a cache with size: 4 with assoc: 4 with line size: 1
Initialising PW cache with size: 32 with assoc: 4 with line size: 64
Initialising a cache with size: 32 with assoc: 4 with line size: 1
op_qemu_mem_trace=/start_point/data1/collect_trace_fast/radix/radix_always_graphbig_dc_walk_log.bin
creating qemu_file_reader_t for /start_point/data1/collect_trace_fast/radix/radix_always_graphbig_dc_walk_log.bin with verbosity 0 and arch 0
Done with qemu tracer
Heartbeat. 4194304 references processed.
Heartbeat. 8388608 references processed.
Heartbeat. 12582912 references processed.
Heartbeat. 16777216 references processed.
Heartbeat. 20971520 references processed.
Heartbeat. 25165824 references processed.
Heartbeat. 29360128 references processed.
Heartbeat. 33554432 references processed.
Heartbeat. 37748736 references processed.
Heartbeat. 41943040 references processed.
Heartbeat. 46137344 references processed.
Cache simulation warmed up
Heartbeat. 50331648 references processed.
Heartbeat. 54525952 references processed.
Heartbeat. 58720256 references processed.
Heartbeat. 62914560 references processed.
Heartbeat. 67108864 references processed.
Heartbeat. 71303168 references processed.
Heartbeat. 75497472 references processed.
Heartbeat. 79691776 references processed.
Heartbeat. 83886080 references processed.
Heartbeat. 88080384 references processed.
Heartbeat. 92274688 references processed.
Heartbeat. 96468992 references processed.
Finished warmup of TLB
Heartbeat. 100663296 references processed.
Heartbeat. 104857600 references processed.
Heartbeat. 109051904 references processed.
Heartbeat. 113246208 references processed.
Heartbeat. 117440512 references processed.
Heartbeat. 121634816 references processed.
Heartbeat. 125829120 references processed.
Heartbeat. 130023424 references processed.
Heartbeat. 134217728 references processed.
Heartbeat. 138412032 references processed.
Heartbeat. 142606336 references processed.
Heartbeat. 146800640 references processed.
Heartbeat. 150994944 references processed.
Heartbeat. 155189248 references processed.
Heartbeat. 159383552 references processed.
Heartbeat. 163577856 references processed.
Heartbeat. 167772160 references processed.
Heartbeat. 171966464 references processed.
Heartbeat. 176160768 references processed.
Heartbeat. 180355072 references processed.
Heartbeat. 184549376 references processed.
Heartbeat. 188743680 references processed.
Heartbeat. 192937984 references processed.
Heartbeat. 197132288 references processed.
Heartbeat. 201326592 references processed.
Heartbeat. 205520896 references processed.
Heartbeat. 209715200 references processed.
Heartbeat. 213909504 references processed.
Heartbeat. 218103808 references processed.
Heartbeat. 222298112 references processed.
Heartbeat. 226492416 references processed.
Heartbeat. 230686720 references processed.
Heartbeat. 234881024 references processed.
Heartbeat. 239075328 references processed.
Heartbeat. 243269632 references processed.
Heartbeat. 247463936 references processed.
Heartbeat. 251658240 references processed.
Heartbeat. 255852544 references processed.
Heartbeat. 260046848 references processed.
Heartbeat. 264241152 references processed.
Heartbeat. 268435456 references processed.
Heartbeat. 272629760 references processed.
Heartbeat. 276824064 references processed.
Heartbeat. 281018368 references processed.
Heartbeat. 285212672 references processed.
Heartbeat. 289406976 references processed.
Heartbeat. 293601280 references processed.
Heartbeat. 297795584 references processed.
Heartbeat. 301989888 references processed.
Heartbeat. 306184192 references processed.
Heartbeat. 310378496 references processed.
Heartbeat. 314572800 references processed.
Heartbeat. 318767104 references processed.
Heartbeat. 322961408 references processed.
Heartbeat. 327155712 references processed.
Heartbeat. 331350016 references processed.
Heartbeat. 335544320 references processed.
Heartbeat. 339738624 references processed.
Heartbeat. 343932928 references processed.
Heartbeat. 348127232 references processed.
Heartbeat. 352321536 references processed.
Heartbeat. 356515840 references processed.
Heartbeat. 360710144 references processed.
Heartbeat. 364904448 references processed.
Heartbeat. 369098752 references processed.
Heartbeat. 373293056 references processed.
Heartbeat. 377487360 references processed.
Heartbeat. 381681664 references processed.
Heartbeat. 385875968 references processed.
Heartbeat. 390070272 references processed.
Heartbeat. 394264576 references processed.
Heartbeat. 398458880 references processed.
Heartbeat. 402653184 references processed.
Heartbeat. 406847488 references processed.
Heartbeat. 411041792 references processed.
Heartbeat. 415236096 references processed.
Heartbeat. 419430400 references processed.
Heartbeat. 423624704 references processed.
Heartbeat. 427819008 references processed.
Heartbeat. 432013312 references processed.
Heartbeat. 436207616 references processed.
Heartbeat. 440401920 references processed.
Heartbeat. 444596224 references processed.
Heartbeat. 448790528 references processed.
Heartbeat. 452984832 references processed.
Heartbeat. 457179136 references processed.
Heartbeat. 461373440 references processed.
Heartbeat. 465567744 references processed.
Heartbeat. 469762048 references processed.
Heartbeat. 473956352 references processed.
Heartbeat. 478150656 references processed.
Heartbeat. 482344960 references processed.
Heartbeat. 486539264 references processed.
Heartbeat. 490733568 references processed.
Heartbeat. 494927872 references processed.
Heartbeat. 499122176 references processed.
Heartbeat. 503316480 references processed.
Heartbeat. 507510784 references processed.
Heartbeat. 511705088 references processed.
Heartbeat. 515899392 references processed.
Heartbeat. 520093696 references processed.
Heartbeat. 524288000 references processed.
Heartbeat. 528482304 references processed.
Heartbeat. 532676608 references processed.
Heartbeat. 536870912 references processed.
Heartbeat. 541065216 references processed.
Heartbeat. 545259520 references processed.
Heartbeat. 549453824 references processed.
Heartbeat. 553648128 references processed.
Heartbeat. 557842432 references processed.
Heartbeat. 562036736 references processed.
Heartbeat. 566231040 references processed.
Heartbeat. 570425344 references processed.
Heartbeat. 574619648 references processed.
Heartbeat. 578813952 references processed.
Heartbeat. 583008256 references processed.
Heartbeat. 587202560 references processed.
Heartbeat. 591396864 references processed.
Heartbeat. 595591168 references processed.
Heartbeat. 599785472 references processed.
Heartbeat. 603979776 references processed.
Heartbeat. 608174080 references processed.
Heartbeat. 612368384 references processed.
Heartbeat. 616562688 references processed.
Heartbeat. 620756992 references processed.
Heartbeat. 624951296 references processed.
Heartbeat. 629145600 references processed.
Heartbeat. 633339904 references processed.
Heartbeat. 637534208 references processed.
Heartbeat. 641728512 references processed.
Heartbeat. 645922816 references processed.
Heartbeat. 650117120 references processed.
Heartbeat. 654311424 references processed.
Heartbeat. 658505728 references processed.
Heartbeat. 662700032 references processed.
Heartbeat. 666894336 references processed.
Heartbeat. 671088640 references processed.
Heartbeat. 675282944 references processed.
Heartbeat. 679477248 references processed.
Heartbeat. 683671552 references processed.
Heartbeat. 687865856 references processed.
Heartbeat. 692060160 references processed.
Heartbeat. 696254464 references processed.
Heartbeat. 700448768 references processed.
Heartbeat. 704643072 references processed.
Heartbeat. 708837376 references processed.
Heartbeat. 713031680 references processed.
Trace is truncated
TLB simulation results:
Core #0 (1 thread(s))
  TLB-L1I stats:
    Hits:                        410132489
    Misses:                             29
    Invalidations:                       0
    Hits PT level     1:                   0
    Misses PT level   1:                   0
    Hits PT level     2:                   0
    Misses PT level   2:                   0
    Hits PT level     3:                   0
    Misses PT level   3:                   0
    Hits PT level     4:                   0
    Misses PT level   4:                   0
    Hits PT level     5:                   0
    Misses PT level   5:                   0
    Hits PT level     6:                   0
    Misses PT level   6:                   0
    Miss rate:                        0.00%
  TLB-L1D stats:
    Hits:                        145720917
    Misses:                       59084360
    Invalidations:                       0
    Hits PT level     1:                   0
    Misses PT level   1:                   0
    Hits PT level     2:                   0
    Misses PT level   2:                   0
    Hits PT level     3:                   0
    Misses PT level   3:                   0
    Hits PT level     4:                   0
    Misses PT level   4:                   0
    Hits PT level     5:                   0
    Misses PT level   5:                   0
    Hits PT level     6:                   0
    Misses PT level   6:                   0
    Miss rate:                       28.85%
  TLB-LL stats:
    Hits:                         20312368
    Misses:                       38772021
    Invalidations:                       0
    Hits PT level     1:                   0
    Misses PT level   1:                   0
    Hits PT level     2:                   0
    Misses PT level   2:                   0
    Hits PT level     3:                   0
    Misses PT level   3:                   0
    Hits PT level     4:                   0
    Misses PT level   4:                   0
    Hits PT level     5:                   0
    Misses PT level   5:                   0
    Hits PT level     6:                   0
    Misses PT level   6:                   0
    Local miss rate:                 65.62%
    Child hits:                  555853406
    Total miss rate:                  6.31%
~~~~~~~~~~~~~~~~~~~~~~~~~~~~~~~~~~~~~~~~~~
Cache simulation results:
Core #0 (1 thread(s))
  L1I stats:
    Warmup hits:                  47560913
    Warmup misses:                    2748
    Hits:                        632589827
    Misses:                          15712
    Invalidations:                       0
    Hits PT level     1:                   0
    Misses PT level   1:                   0
    Hits PT level     2:                   0
    Misses PT level   2:                   0
    Hits PT level     3:                   0
    Misses PT level   3:                   0
    Hits PT level     4:                   0
    Misses PT level   4:                   0
    Hits PT level     5:                   0
    Misses PT level   5:                   0
    Hits PT level     6:                   0
    Misses PT level   6:                   0
    Miss rate:                        0.00%
  L1D stats:
    Warmup hits:                   8515119
    Warmup misses:                 8137888
    Hits:                        113019084
    Misses:                      108438417
    Invalidations:                       0
    Hits PT level     1:                 359
    Misses PT level   1:                1850
    Hits PT level     2:               15389
    Misses PT level   2:               39867
    Hits PT level     3:            28157984
    Misses PT level   3:             3037848
    Hits PT level     4:             7283285
    Misses PT level   4:            15085783
    Hits PT level     5:                   0
    Misses PT level   5:                   0
    Hits PT level     6:                   0
    Misses PT level   6:                   0
    Prefetch hits:                12795316
    Prefetch misses:             113808449
    Miss rate:                       48.97%
  L2 stats:
    Warmup hits:                    818764
    Warmup misses:                 7321872
    Hits:                         10726557
    Misses:                       97727572
    Invalidations:                       0
    Hits PT level     1:                  85
    Misses PT level   1:                1765
    Hits PT level     2:               34283
    Misses PT level   2:                5584
    Hits PT level     3:             2933847
    Misses PT level   3:              104001
    Hits PT level     4:             7835976
    Misses PT level   4:             7249807
    Hits PT level     5:                   0
    Misses PT level   5:                   0
    Hits PT level     6:                   0
    Misses PT level   6:                   0
    Prefetch hits:                15849111
    Prefetch misses:              97959338
    Local miss rate:                 90.11%
    Child hits:                  793861244
    Total miss rate:                 10.83%
LLC stats:
    Warmup hits:                   1162769
    Warmup misses:                 6159103
    Hits:                         15925840
    Misses:                       81801732
    Invalidations:                       0
    Hits PT level     1:                1346
    Misses PT level   1:                 419
    Hits PT level     2:                4885
    Misses PT level   2:                 699
    Hits PT level     3:               90735
    Misses PT level   3:               13266
    Hits PT level     4:             6615856
    Misses PT level   4:              633951
    Hits PT level     5:                   0
    Misses PT level   5:                   0
    Hits PT level     6:                   0
    Misses PT level   6:                   0
    Prefetch hits:                22332880
    Prefetch misses:              75626458
    Local miss rate:                 83.70%
    Child hits:                   37379859
    Total miss rate:                 60.55%
 PWC 0 stats:
    Warmup hits:                         0
    Warmup misses:                       0
    Hits:                            53143
    Misses:                           2373
    Invalidations:                       0
    Hits PT level     1:                   0
    Misses PT level   1:                   0
    Hits PT level     2:                   0
    Misses PT level   2:                   0
    Hits PT level     3:                   0
    Misses PT level   3:                   0
    Hits PT level     4:                   0
    Misses PT level   4:                   0
    Hits PT level     5:                   0
    Misses PT level   5:                   0
    Hits PT level     6:                   0
    Misses PT level   6:                   0
    Miss rate:                        4.27%
 PWC 1 stats:
    Warmup hits:                         0
    Warmup misses:                       0
    Hits:                         33582254
    Misses:                          55516
    Invalidations:                       0
    Hits PT level     1:                   0
    Misses PT level   1:                   0
    Hits PT level     2:                   0
    Misses PT level   2:                   0
    Hits PT level     3:                   0
    Misses PT level   3:                   0
    Hits PT level     4:                   0
    Misses PT level   4:                   0
    Hits PT level     5:                   0
    Misses PT level   5:                   0
    Hits PT level     6:                   0
    Misses PT level   6:                   0
    Miss rate:                        0.17%
 PWC 2 stats:
    Warmup hits:                         0
    Warmup misses:                       0
    Hits:                         11527258
    Misses:                       12471251
    Invalidations:                       0
    Hits PT level     1:                   0
    Misses PT level   1:                   0
    Hits PT level     2:                   0
    Misses PT level   2:                   0
    Hits PT level     3:                   0
    Misses PT level   3:                   0
    Hits PT level     4:                   0
    Misses PT level   4:                   0
    Hits PT level     5:                   0
    Misses PT level   5:                   0
    Hits PT level     6:                   0
    Misses PT level   6:                   0
    Miss rate:                       51.97%
~~~~~~~~~~~~~~~~~~~~~~~~~~~~~~~~~~~~~~~~~~
num_requests : 714937795
num_not_found : 0
kernel memory references: 
0,931249
1,574067
16,2616954
user memory references: 
0,206779140
1,29826048
16,474210337
~~~~~~~~~~~~~~~~~~~~~~~~~~~~~~~~~~~~~~~~~~
num_range_found : 0
num_range_not_found : 0
~~~~~~~~~~~~~~~~~~~~~~~~~~~~~~~~~~~~~~~~~~
MEMORY,MEMORY,MEMORY,MEMORY,	3
MEMORY,MEMORY,MEMORY,L1,	1
MEMORY,MEMORY,MEMORY,LLC,	6
MEMORY,MEMORY,MEMORY,ZERO,	8
MEMORY,MEMORY,L1,ZERO,	24
MEMORY,MEMORY,LLC,MEMORY,	9
MEMORY,MEMORY,LLC,LLC,	13
MEMORY,MEMORY,LLC,ZERO,	32
MEMORY,L1,L1,L2,	1
MEMORY,L1,L1,ZERO,	1
MEMORY,L1,L2,L2,	1
MEMORY,L1,L2,LLC,	1
MEMORY,L2,MEMORY,MEMORY,	1
MEMORY,L2,L1,L2,	8
MEMORY,L2,L1,LLC,	12
MEMORY,L2,L1,ZERO,	26
MEMORY,L2,L2,L1,	1
MEMORY,L2,L2,L2,	7
MEMORY,L2,L2,LLC,	8
MEMORY,L2,L2,ZERO,	4
MEMORY,L2,LLC,MEMORY,	1
MEMORY,LLC,MEMORY,MEMORY,	2
MEMORY,LLC,MEMORY,LLC,	7
MEMORY,LLC,MEMORY,ZERO,	35
MEMORY,LLC,L1,L2,	4
MEMORY,LLC,L1,LLC,	4
MEMORY,LLC,L1,ZERO,	101
MEMORY,LLC,L2,L2,	2
MEMORY,LLC,L2,LLC,	1
MEMORY,LLC,L2,ZERO,	2
MEMORY,LLC,LLC,MEMORY,	23
MEMORY,LLC,LLC,LLC,	17
MEMORY,LLC,LLC,ZERO,	53
L1,MEMORY,MEMORY,ZERO,	32
L1,MEMORY,LLC,ZERO,	64
L1,LLC,MEMORY,ZERO,	73
L1,LLC,LLC,ZERO,	190
L2,MEMORY,MEMORY,ZERO,	5
L2,MEMORY,LLC,ZERO,	12
L2,LLC,MEMORY,ZERO,	28
L2,LLC,LLC,ZERO,	40
LLC,MEMORY,MEMORY,MEMORY,	10
LLC,MEMORY,MEMORY,LLC,	23
LLC,MEMORY,MEMORY,ZERO,	30
LLC,MEMORY,L1,L1,	1
LLC,MEMORY,L1,L2,	2
LLC,MEMORY,L1,LLC,	3
LLC,MEMORY,L1,ZERO,	38
LLC,MEMORY,L2,LLC,	3
LLC,MEMORY,L2,ZERO,	2
LLC,MEMORY,LLC,MEMORY,	24
LLC,MEMORY,LLC,LLC,	63
LLC,MEMORY,LLC,ZERO,	69
LLC,L1,L1,L2,	2
LLC,L1,L1,LLC,	5
LLC,L1,L1,ZERO,	10
LLC,L1,L2,MEMORY,	1
LLC,L1,L2,LLC,	4
LLC,L1,L2,ZERO,	2
LLC,L1,LLC,LLC,	1
LLC,L2,L1,MEMORY,	6
LLC,L2,L1,L1,	4
LLC,L2,L1,L2,	37
LLC,L2,L1,LLC,	40
LLC,L2,L1,ZERO,	103
LLC,L2,L2,MEMORY,	3
LLC,L2,L2,L1,	6
LLC,L2,L2,L2,	17
LLC,L2,L2,LLC,	17
LLC,L2,L2,ZERO,	25
LLC,L2,LLC,MEMORY,	1
LLC,L2,LLC,ZERO,	1
LLC,LLC,MEMORY,MEMORY,	18
LLC,LLC,MEMORY,LLC,	39
LLC,LLC,MEMORY,ZERO,	69
LLC,LLC,L1,MEMORY,	1
LLC,LLC,L1,L2,	19
LLC,LLC,L1,LLC,	23
LLC,LLC,L1,ZERO,	254
LLC,LLC,L2,L2,	9
LLC,LLC,L2,LLC,	9
LLC,LLC,L2,ZERO,	10
LLC,LLC,LLC,MEMORY,	47
LLC,LLC,LLC,L2,	2
LLC,LLC,LLC,LLC,	145
LLC,LLC,LLC,ZERO,	148
PWC,MEMORY,MEMORY,MEMORY,	6
PWC,MEMORY,MEMORY,L2,	2
PWC,MEMORY,MEMORY,ZERO,	58
PWC,MEMORY,L1,ZERO,	19
PWC,MEMORY,L2,MEMORY,	2
PWC,MEMORY,LLC,MEMORY,	19
PWC,MEMORY,LLC,L2,	1
PWC,MEMORY,LLC,ZERO,	115
PWC,L1,MEMORY,MEMORY,	1570
PWC,L1,MEMORY,L1,	4
PWC,L1,MEMORY,L2,	6
PWC,L1,MEMORY,LLC,	104
PWC,L1,MEMORY,ZERO,	1
PWC,L1,L1,MEMORY,	162
PWC,L1,L1,L1,	671
PWC,L1,L1,L2,	449
PWC,L1,L1,LLC,	302
PWC,L1,L1,ZERO,	1873
PWC,L1,L2,MEMORY,	1100
PWC,L1,L2,L1,	2852
PWC,L1,L2,L2,	654
PWC,L1,L2,LLC,	109
PWC,L1,L2,ZERO,	352
PWC,L1,LLC,MEMORY,	4781
PWC,L1,LLC,L1,	48
PWC,L1,LLC,L2,	24
PWC,L1,LLC,LLC,	292
PWC,L1,LLC,ZERO,	6
PWC,L2,MEMORY,MEMORY,	4452
PWC,L2,MEMORY,L1,	21
PWC,L2,MEMORY,L2,	36
PWC,L2,MEMORY,LLC,	7
PWC,L2,L1,MEMORY,	102
PWC,L2,L1,L1,	840
PWC,L2,L1,L2,	179
PWC,L2,L1,LLC,	9
PWC,L2,L1,ZERO,	623
PWC,L2,L2,MEMORY,	2683
PWC,L2,L2,L1,	8666
PWC,L2,L2,L2,	1874
PWC,L2,L2,LLC,	42
PWC,L2,L2,ZERO,	29
PWC,L2,LLC,MEMORY,	13842
PWC,L2,LLC,L1,	248
PWC,L2,LLC,L2,	211
PWC,L2,LLC,LLC,	90
PWC,L2,LLC,ZERO,	1
PWC,LLC,MEMORY,MEMORY,	688
PWC,LLC,MEMORY,L1,	3
PWC,LLC,MEMORY,L2,	8
PWC,LLC,MEMORY,ZERO,	75
PWC,LLC,L1,MEMORY,	2
PWC,LLC,L1,L1,	2
PWC,LLC,L1,ZERO,	1042
PWC,LLC,L2,MEMORY,	71
PWC,LLC,L2,L1,	105
PWC,LLC,L2,L2,	40
PWC,LLC,L2,ZERO,	1
PWC,LLC,LLC,MEMORY,	1186
PWC,LLC,LLC,L1,	40
PWC,LLC,LLC,L2,	45
PWC,LLC,LLC,LLC,	6
PWC,LLC,LLC,ZERO,	196
ZERO,PWC,MEMORY,MEMORY,	3626
ZERO,PWC,MEMORY,L1,	45
ZERO,PWC,MEMORY,L2,	681
ZERO,PWC,MEMORY,LLC,	643
ZERO,PWC,MEMORY,ZERO,	840
ZERO,PWC,L1,MEMORY,	368839
ZERO,PWC,L1,L1,	327355
ZERO,PWC,L1,L2,	4386612
ZERO,PWC,L1,LLC,	4383129
ZERO,PWC,L1,ZERO,	18685045
ZERO,PWC,L2,MEMORY,	83525
ZERO,PWC,L2,L1,	92795
ZERO,PWC,L2,L2,	934803
ZERO,PWC,L2,LLC,	936542
ZERO,PWC,L2,ZERO,	867467
ZERO,PWC,LLC,MEMORY,	14963
ZERO,PWC,LLC,L1,	1241
ZERO,PWC,LLC,L2,	16739
ZERO,PWC,LLC,LLC,	15446
ZERO,PWC,LLC,ZERO,	20240
ZERO,ZERO,PWC,MEMORY,	132182
ZERO,ZERO,PWC,L1,	6848336
ZERO,ZERO,PWC,L2,	2493501
ZERO,ZERO,PWC,LLC,	1278691
