Initialising a TLB with size: 128
Initialising a TLB with size: 64
Initialising a TLB with size: 2048
Initialising PT from file: 
Initialising memory references from file: /start_point/data1/collect_trace_fast/radix/radix_always_graphbig_dfs_walk_log.bin
Initialising a cache with size: 25165824 with assoc: 12 with line size: 64
Initialising for core 0
Initialising L2 cache with size: 1310720 with assoc: 20 with line size: 64
Initialising L1 I cache with size: 32768 with assoc: 8 with line size: 64
Initialising L1 D cache with size: 49152 with assoc: 12 with line size: 64
Initialising a cache with size: 1310720 with assoc: 20 with line size: 64
Initialising a cache with size: 32768 with assoc: 8 with line size: 64
Initialising a cache with size: 49152 with assoc: 12 with line size: 64
Initialising PW cache with size: 2 with assoc: 1 with line size: 64
Initialising a cache with size: 2 with assoc: 1 with line size: 1
Initialising PW cache with size: 4 with assoc: 4 with line size: 64
Initialising a cache with size: 4 with assoc: 4 with line size: 1
Initialising PW cache with size: 32 with assoc: 4 with line size: 64
Initialising a cache with size: 32 with assoc: 4 with line size: 1
op_qemu_mem_trace=/start_point/data1/collect_trace_fast/radix/radix_always_graphbig_dfs_walk_log.bin
creating qemu_file_reader_t for /start_point/data1/collect_trace_fast/radix/radix_always_graphbig_dfs_walk_log.bin with verbosity 0 and arch 0
Done with qemu tracer
Heartbeat. 4194304 references processed.
Heartbeat. 8388608 references processed.
Heartbeat. 12582912 references processed.
Heartbeat. 16777216 references processed.
Heartbeat. 20971520 references processed.
Heartbeat. 25165824 references processed.
Heartbeat. 29360128 references processed.
Heartbeat. 33554432 references processed.
Heartbeat. 37748736 references processed.
Heartbeat. 41943040 references processed.
Heartbeat. 46137344 references processed.
Cache simulation warmed up
Heartbeat. 50331648 references processed.
Heartbeat. 54525952 references processed.
Heartbeat. 58720256 references processed.
Heartbeat. 62914560 references processed.
Heartbeat. 67108864 references processed.
Heartbeat. 71303168 references processed.
Heartbeat. 75497472 references processed.
Heartbeat. 79691776 references processed.
Heartbeat. 83886080 references processed.
Heartbeat. 88080384 references processed.
Heartbeat. 92274688 references processed.
Heartbeat. 96468992 references processed.
Finished warmup of TLB
Heartbeat. 100663296 references processed.
Heartbeat. 104857600 references processed.
Heartbeat. 109051904 references processed.
Heartbeat. 113246208 references processed.
Heartbeat. 117440512 references processed.
Heartbeat. 121634816 references processed.
Heartbeat. 125829120 references processed.
Heartbeat. 130023424 references processed.
Heartbeat. 134217728 references processed.
Heartbeat. 138412032 references processed.
Heartbeat. 142606336 references processed.
Heartbeat. 146800640 references processed.
Heartbeat. 150994944 references processed.
Heartbeat. 155189248 references processed.
Heartbeat. 159383552 references processed.
Heartbeat. 163577856 references processed.
Heartbeat. 167772160 references processed.
Heartbeat. 171966464 references processed.
Heartbeat. 176160768 references processed.
Heartbeat. 180355072 references processed.
Heartbeat. 184549376 references processed.
Heartbeat. 188743680 references processed.
Heartbeat. 192937984 references processed.
Heartbeat. 197132288 references processed.
Heartbeat. 201326592 references processed.
Heartbeat. 205520896 references processed.
Heartbeat. 209715200 references processed.
Heartbeat. 213909504 references processed.
Heartbeat. 218103808 references processed.
Heartbeat. 222298112 references processed.
Heartbeat. 226492416 references processed.
Heartbeat. 230686720 references processed.
Heartbeat. 234881024 references processed.
Heartbeat. 239075328 references processed.
Heartbeat. 243269632 references processed.
Heartbeat. 247463936 references processed.
Heartbeat. 251658240 references processed.
Heartbeat. 255852544 references processed.
Heartbeat. 260046848 references processed.
Heartbeat. 264241152 references processed.
Heartbeat. 268435456 references processed.
Heartbeat. 272629760 references processed.
Heartbeat. 276824064 references processed.
Heartbeat. 281018368 references processed.
Heartbeat. 285212672 references processed.
Heartbeat. 289406976 references processed.
Heartbeat. 293601280 references processed.
Heartbeat. 297795584 references processed.
Heartbeat. 301989888 references processed.
Heartbeat. 306184192 references processed.
Heartbeat. 310378496 references processed.
Heartbeat. 314572800 references processed.
Heartbeat. 318767104 references processed.
Heartbeat. 322961408 references processed.
Heartbeat. 327155712 references processed.
Heartbeat. 331350016 references processed.
Heartbeat. 335544320 references processed.
Heartbeat. 339738624 references processed.
Heartbeat. 343932928 references processed.
Heartbeat. 348127232 references processed.
Heartbeat. 352321536 references processed.
Heartbeat. 356515840 references processed.
Heartbeat. 360710144 references processed.
Heartbeat. 364904448 references processed.
Heartbeat. 369098752 references processed.
Heartbeat. 373293056 references processed.
Heartbeat. 377487360 references processed.
Heartbeat. 381681664 references processed.
Heartbeat. 385875968 references processed.
Heartbeat. 390070272 references processed.
Heartbeat. 394264576 references processed.
Heartbeat. 398458880 references processed.
Heartbeat. 402653184 references processed.
Heartbeat. 406847488 references processed.
Heartbeat. 411041792 references processed.
Heartbeat. 415236096 references processed.
Heartbeat. 419430400 references processed.
Heartbeat. 423624704 references processed.
Heartbeat. 427819008 references processed.
Heartbeat. 432013312 references processed.
Heartbeat. 436207616 references processed.
Heartbeat. 440401920 references processed.
Heartbeat. 444596224 references processed.
Heartbeat. 448790528 references processed.
Heartbeat. 452984832 references processed.
Heartbeat. 457179136 references processed.
Heartbeat. 461373440 references processed.
Heartbeat. 465567744 references processed.
Heartbeat. 469762048 references processed.
Heartbeat. 473956352 references processed.
Heartbeat. 478150656 references processed.
Heartbeat. 482344960 references processed.
Heartbeat. 486539264 references processed.
Heartbeat. 490733568 references processed.
Heartbeat. 494927872 references processed.
Heartbeat. 499122176 references processed.
Heartbeat. 503316480 references processed.
Heartbeat. 507510784 references processed.
Heartbeat. 511705088 references processed.
Heartbeat. 515899392 references processed.
Heartbeat. 520093696 references processed.
Heartbeat. 524288000 references processed.
Heartbeat. 528482304 references processed.
Heartbeat. 532676608 references processed.
Heartbeat. 536870912 references processed.
Heartbeat. 541065216 references processed.
Heartbeat. 545259520 references processed.
Heartbeat. 549453824 references processed.
Heartbeat. 553648128 references processed.
Heartbeat. 557842432 references processed.
Heartbeat. 562036736 references processed.
Heartbeat. 566231040 references processed.
Heartbeat. 570425344 references processed.
Heartbeat. 574619648 references processed.
Heartbeat. 578813952 references processed.
Heartbeat. 583008256 references processed.
Heartbeat. 587202560 references processed.
Heartbeat. 591396864 references processed.
Heartbeat. 595591168 references processed.
Heartbeat. 599785472 references processed.
Heartbeat. 603979776 references processed.
Heartbeat. 608174080 references processed.
Heartbeat. 612368384 references processed.
Heartbeat. 616562688 references processed.
Heartbeat. 620756992 references processed.
Heartbeat. 624951296 references processed.
Heartbeat. 629145600 references processed.
Heartbeat. 633339904 references processed.
Heartbeat. 637534208 references processed.
Heartbeat. 641728512 references processed.
Heartbeat. 645922816 references processed.
Heartbeat. 650117120 references processed.
Heartbeat. 654311424 references processed.
Heartbeat. 658505728 references processed.
Heartbeat. 662700032 references processed.
Heartbeat. 666894336 references processed.
Heartbeat. 671088640 references processed.
Heartbeat. 675282944 references processed.
Heartbeat. 679477248 references processed.
Heartbeat. 683671552 references processed.
Heartbeat. 687865856 references processed.
Heartbeat. 692060160 references processed.
Heartbeat. 696254464 references processed.
Heartbeat. 700448768 references processed.
Heartbeat. 704643072 references processed.
Heartbeat. 708837376 references processed.
Heartbeat. 713031680 references processed.
Heartbeat. 717225984 references processed.
Heartbeat. 721420288 references processed.
Heartbeat. 725614592 references processed.
Heartbeat. 729808896 references processed.
Heartbeat. 734003200 references processed.
Heartbeat. 738197504 references processed.
Heartbeat. 742391808 references processed.
Heartbeat. 746586112 references processed.
Heartbeat. 750780416 references processed.
Heartbeat. 754974720 references processed.
Heartbeat. 759169024 references processed.
Heartbeat. 763363328 references processed.
Heartbeat. 767557632 references processed.
Heartbeat. 771751936 references processed.
Heartbeat. 775946240 references processed.
Heartbeat. 780140544 references processed.
Heartbeat. 784334848 references processed.
Heartbeat. 788529152 references processed.
Heartbeat. 792723456 references processed.
Heartbeat. 796917760 references processed.
Heartbeat. 801112064 references processed.
Heartbeat. 805306368 references processed.
Heartbeat. 809500672 references processed.
Heartbeat. 813694976 references processed.
Heartbeat. 817889280 references processed.
Heartbeat. 822083584 references processed.
Heartbeat. 826277888 references processed.
Heartbeat. 830472192 references processed.
Heartbeat. 834666496 references processed.
Heartbeat. 838860800 references processed.
Heartbeat. 843055104 references processed.
Heartbeat. 847249408 references processed.
Heartbeat. 851443712 references processed.
Heartbeat. 855638016 references processed.
Heartbeat. 859832320 references processed.
Heartbeat. 864026624 references processed.
Heartbeat. 868220928 references processed.
Heartbeat. 872415232 references processed.
Heartbeat. 876609536 references processed.
Heartbeat. 880803840 references processed.
Heartbeat. 884998144 references processed.
Heartbeat. 889192448 references processed.
Heartbeat. 893386752 references processed.
Heartbeat. 897581056 references processed.
Heartbeat. 901775360 references processed.
Heartbeat. 905969664 references processed.
Heartbeat. 910163968 references processed.
Heartbeat. 914358272 references processed.
Heartbeat. 918552576 references processed.
Heartbeat. 922746880 references processed.
Heartbeat. 926941184 references processed.
Heartbeat. 931135488 references processed.
Heartbeat. 935329792 references processed.
Heartbeat. 939524096 references processed.
Heartbeat. 943718400 references processed.
Heartbeat. 947912704 references processed.
Heartbeat. 952107008 references processed.
Heartbeat. 956301312 references processed.
Heartbeat. 960495616 references processed.
Heartbeat. 964689920 references processed.
Heartbeat. 968884224 references processed.
Heartbeat. 973078528 references processed.
Heartbeat. 977272832 references processed.
Heartbeat. 981467136 references processed.
Heartbeat. 985661440 references processed.
Heartbeat. 989855744 references processed.
Heartbeat. 994050048 references processed.
Heartbeat. 998244352 references processed.
Heartbeat. 1002438656 references processed.
Heartbeat. 1006632960 references processed.
Heartbeat. 1010827264 references processed.
Heartbeat. 1015021568 references processed.
Heartbeat. 1019215872 references processed.
Heartbeat. 1023410176 references processed.
Heartbeat. 1027604480 references processed.
Heartbeat. 1031798784 references processed.
Heartbeat. 1035993088 references processed.
Heartbeat. 1040187392 references processed.
Heartbeat. 1044381696 references processed.
Heartbeat. 1048576000 references processed.
Heartbeat. 1052770304 references processed.
Heartbeat. 1056964608 references processed.
Heartbeat. 1061158912 references processed.
Heartbeat. 1065353216 references processed.
Heartbeat. 1069547520 references processed.
Heartbeat. 1073741824 references processed.
Heartbeat. 1077936128 references processed.
Heartbeat. 1082130432 references processed.
Heartbeat. 1086324736 references processed.
Heartbeat. 1090519040 references processed.
Heartbeat. 1094713344 references processed.
Heartbeat. 1098907648 references processed.
Heartbeat. 1103101952 references processed.
Heartbeat. 1107296256 references processed.
Heartbeat. 1111490560 references processed.
Heartbeat. 1115684864 references processed.
Trace is truncated
TLB simulation results:
Core #0 (1 thread(s))
  TLB-L1I stats:
    Hits:                        681696946
    Misses:                          16734
    Invalidations:                       0
    Hits PT level     1:                   0
    Misses PT level   1:                   0
    Hits PT level     2:                   0
    Misses PT level   2:                   0
    Hits PT level     3:                   0
    Misses PT level   3:                   0
    Hits PT level     4:                   0
    Misses PT level   4:                   0
    Hits PT level     5:                   0
    Misses PT level   5:                   0
    Hits PT level     6:                   0
    Misses PT level   6:                   0
    Miss rate:                        0.00%
  TLB-L1D stats:
    Hits:                        272368537
    Misses:                       63879401
    Invalidations:                       0
    Hits PT level     1:                   0
    Misses PT level   1:                   0
    Hits PT level     2:                   0
    Misses PT level   2:                   0
    Hits PT level     3:                   0
    Misses PT level   3:                   0
    Hits PT level     4:                   0
    Misses PT level   4:                   0
    Hits PT level     5:                   0
    Misses PT level   5:                   0
    Hits PT level     6:                   0
    Misses PT level   6:                   0
    Miss rate:                       19.00%
  TLB-LL stats:
    Hits:                         25253820
    Misses:                       38642315
    Invalidations:                       0
    Hits PT level     1:                   0
    Misses PT level   1:                   0
    Hits PT level     2:                   0
    Misses PT level   2:                   0
    Hits PT level     3:                   0
    Misses PT level   3:                   0
    Hits PT level     4:                   0
    Misses PT level   4:                   0
    Hits PT level     5:                   0
    Misses PT level   5:                   0
    Hits PT level     6:                   0
    Misses PT level   6:                   0
    Local miss rate:                 60.48%
    Child hits:                  954065483
    Total miss rate:                  3.80%
~~~~~~~~~~~~~~~~~~~~~~~~~~~~~~~~~~~~~~~~~~
Cache simulation results:
Core #0 (1 thread(s))
  L1I stats:
    Warmup hits:                  39801118
    Warmup misses:                   52402
    Hits:                        835815966
    Misses:                          64239
    Invalidations:                       0
    Hits PT level     1:                   0
    Misses PT level   1:                   0
    Hits PT level     2:                   0
    Misses PT level   2:                   0
    Hits PT level     3:                   0
    Misses PT level   3:                   0
    Hits PT level     4:                   0
    Misses PT level   4:                   0
    Hits PT level     5:                   0
    Misses PT level   5:                   0
    Hits PT level     6:                   0
    Misses PT level   6:                   0
    Miss rate:                        0.01%
  L1D stats:
    Warmup hits:                  13138314
    Warmup misses:                 3807981
    Hits:                        242929893
    Misses:                      109810922
    Invalidations:                       0
    Hits PT level     1:                  57
    Misses PT level   1:                2686
    Hits PT level     2:              482139
    Misses PT level   2:              247443
    Hits PT level     3:            24783109
    Misses PT level   3:             4000088
    Hits PT level     4:             7689885
    Misses PT level   4:            16462333
    Hits PT level     5:                   0
    Misses PT level   5:                   0
    Hits PT level     6:                   0
    Misses PT level   6:                   0
    Prefetch hits:                14797348
    Prefetch misses:             115726124
    Miss rate:                       31.13%
  L2 stats:
    Warmup hits:                    402181
    Warmup misses:                 3458202
    Hits:                         16362442
    Misses:                       93512719
    Invalidations:                       0
    Hits PT level     1:                 283
    Misses PT level   1:                2403
    Hits PT level     2:              243974
    Misses PT level   2:                3469
    Hits PT level     3:             3475400
    Misses PT level   3:              524688
    Hits PT level     4:             7358519
    Misses PT level   4:             9103814
    Hits PT level     5:                   0
    Misses PT level   5:                   0
    Hits PT level     6:                   0
    Misses PT level   6:                   0
    Prefetch hits:                20942080
    Prefetch misses:              94784044
    Local miss rate:                 85.11%
    Child hits:                 1126498397
    Total miss rate:                  7.56%
LLC stats:
    Warmup hits:                    528187
    Warmup misses:                 2930015
    Hits:                         15452311
    Misses:                       78060408
    Invalidations:                       0
    Hits PT level     1:                2277
    Misses PT level   1:                 126
    Hits PT level     2:                3195
    Misses PT level   2:                 274
    Hits PT level     3:              508725
    Misses PT level   3:               15963
    Hits PT level     4:             7909278
    Misses PT level   4:             1194536
    Hits PT level     5:                   0
    Misses PT level   5:                   0
    Hits PT level     6:                   0
    Misses PT level   6:                   0
    Prefetch hits:                23349081
    Prefetch misses:              71434963
    Local miss rate:                 83.48%
    Child hits:                   48382698
    Total miss rate:                 55.01%
 PWC 0 stats:
    Warmup hits:                         0
    Warmup misses:                       0
    Hits:                           740399
    Misses:                           5185
    Invalidations:                       0
    Hits PT level     1:                   0
    Misses PT level   1:                   0
    Hits PT level     2:                   0
    Misses PT level   2:                   0
    Hits PT level     3:                   0
    Misses PT level   3:                   0
    Hits PT level     4:                   0
    Misses PT level   4:                   0
    Hits PT level     5:                   0
    Misses PT level   5:                   0
    Hits PT level     6:                   0
    Misses PT level   6:                   0
    Miss rate:                        0.70%
 PWC 1 stats:
    Warmup hits:                         0
    Warmup misses:                       0
    Hits:                         29026689
    Misses:                         745584
    Invalidations:                       0
    Hits PT level     1:                   0
    Misses PT level   1:                   0
    Hits PT level     2:                   0
    Misses PT level   2:                   0
    Hits PT level     3:                   0
    Misses PT level   3:                   0
    Hits PT level     4:                   0
    Misses PT level   4:                   0
    Hits PT level     5:                   0
    Misses PT level   5:                   0
    Hits PT level     6:                   0
    Misses PT level   6:                   0
    Miss rate:                        2.50%
 PWC 2 stats:
    Warmup hits:                         0
    Warmup misses:                       0
    Hits:                         12048232
    Misses:                       12928738
    Invalidations:                       0
    Hits PT level     1:                   0
    Misses PT level   1:                   0
    Hits PT level     2:                   0
    Misses PT level   2:                   0
    Hits PT level     3:                   0
    Misses PT level   3:                   0
    Hits PT level     4:                   0
    Misses PT level   4:                   0
    Hits PT level     5:                   0
    Misses PT level   5:                   0
    Hits PT level     6:                   0
    Misses PT level   6:                   0
    Miss rate:                       51.76%
~~~~~~~~~~~~~~~~~~~~~~~~~~~~~~~~~~~~~~~~~~
num_requests : 1117961618
num_not_found : 0
kernel memory references: 
0,3072745
1,2397115
16,9492603
user memory references: 
0,298698251
1,65518995
16,738781909
~~~~~~~~~~~~~~~~~~~~~~~~~~~~~~~~~~~~~~~~~~
num_range_found : 0
num_range_not_found : 0
~~~~~~~~~~~~~~~~~~~~~~~~~~~~~~~~~~~~~~~~~~
MEMORY,MEMORY,MEMORY,MEMORY,	7
MEMORY,MEMORY,MEMORY,ZERO,	3
MEMORY,MEMORY,LLC,LLC,	1
MEMORY,MEMORY,LLC,ZERO,	3
MEMORY,L1,L1,LLC,	1
MEMORY,L1,L1,ZERO,	2
MEMORY,L1,L2,MEMORY,	1
MEMORY,L1,L2,L2,	1
MEMORY,L1,L2,LLC,	2
MEMORY,L1,L2,ZERO,	1
MEMORY,L2,MEMORY,ZERO,	1
MEMORY,L2,L1,L1,	1
MEMORY,L2,L1,L2,	3
MEMORY,L2,L1,LLC,	1
MEMORY,L2,L1,ZERO,	10
MEMORY,L2,L2,MEMORY,	1
MEMORY,L2,L2,L2,	1
MEMORY,L2,L2,LLC,	2
MEMORY,L2,L2,ZERO,	4
MEMORY,L2,LLC,MEMORY,	2
MEMORY,L2,LLC,ZERO,	7
MEMORY,LLC,MEMORY,LLC,	4
MEMORY,LLC,MEMORY,ZERO,	5
MEMORY,LLC,LLC,LLC,	25
MEMORY,LLC,LLC,ZERO,	37
L1,L1,MEMORY,ZERO,	1
L1,L1,L1,L1,	18
L1,L1,L1,LLC,	1
L1,L1,L2,ZERO,	4
L1,L1,LLC,ZERO,	19
L1,L2,MEMORY,ZERO,	1
L1,L2,L1,L1,	1
L1,L2,L1,ZERO,	1
L1,L2,L2,LLC,	1
L1,L2,L2,ZERO,	3
L1,L2,LLC,ZERO,	6
L1,LLC,LLC,LLC,	1
L2,L1,L1,L1,	95
L2,L1,L1,L2,	2
L2,L1,L1,LLC,	3
L2,L1,L1,ZERO,	1
L2,L1,L2,MEMORY,	1
L2,L1,L2,L1,	1
L2,L1,L2,L2,	1
L2,L1,L2,LLC,	2
L2,L1,L2,ZERO,	2
L2,L1,LLC,MEMORY,	4
L2,L1,LLC,ZERO,	2
L2,L2,L1,MEMORY,	1
L2,L2,L1,L1,	16
L2,L2,L1,L2,	5
L2,L2,L1,LLC,	15
L2,L2,L1,ZERO,	12
L2,L2,L2,MEMORY,	2
L2,L2,L2,L1,	2
L2,L2,L2,LLC,	7
L2,L2,L2,ZERO,	29
L2,L2,LLC,MEMORY,	4
L2,L2,LLC,ZERO,	21
L2,LLC,MEMORY,ZERO,	1
L2,LLC,L2,ZERO,	18
L2,LLC,LLC,LLC,	1
L2,LLC,LLC,ZERO,	35
LLC,MEMORY,MEMORY,MEMORY,	2
LLC,MEMORY,MEMORY,ZERO,	2
LLC,MEMORY,L1,ZERO,	1
LLC,MEMORY,LLC,LLC,	22
LLC,MEMORY,LLC,ZERO,	38
LLC,L1,MEMORY,MEMORY,	1
LLC,L1,L1,MEMORY,	3
LLC,L1,L1,L1,	3
LLC,L1,L1,L2,	37
LLC,L1,L1,LLC,	37
LLC,L1,L1,ZERO,	49
LLC,L1,L2,MEMORY,	14
LLC,L1,L2,L1,	5
LLC,L1,L2,L2,	30
LLC,L1,L2,LLC,	17
LLC,L1,L2,ZERO,	11
LLC,L1,LLC,MEMORY,	27
LLC,L1,LLC,LLC,	2
LLC,L1,LLC,ZERO,	1
LLC,L2,MEMORY,L2,	1
LLC,L2,MEMORY,LLC,	1
LLC,L2,MEMORY,ZERO,	1
LLC,L2,L1,MEMORY,	2
LLC,L2,L1,L1,	7
LLC,L2,L1,L2,	61
LLC,L2,L1,LLC,	84
LLC,L2,L1,ZERO,	132
LLC,L2,L2,MEMORY,	5
LLC,L2,L2,L1,	2
LLC,L2,L2,L2,	50
LLC,L2,L2,LLC,	48
LLC,L2,L2,ZERO,	70
LLC,L2,LLC,MEMORY,	20
LLC,L2,LLC,L2,	1
LLC,L2,LLC,LLC,	3
LLC,L2,LLC,ZERO,	28
LLC,LLC,MEMORY,MEMORY,	1
LLC,LLC,MEMORY,LLC,	45
LLC,LLC,MEMORY,ZERO,	54
LLC,LLC,L1,ZERO,	3
LLC,LLC,L2,ZERO,	19
LLC,LLC,LLC,MEMORY,	22
LLC,LLC,LLC,LLC,	553
LLC,LLC,LLC,ZERO,	762
PWC,MEMORY,MEMORY,ZERO,	2
PWC,MEMORY,L1,MEMORY,	1
PWC,MEMORY,L1,L1,	1
PWC,MEMORY,L1,L2,	11
PWC,MEMORY,L1,LLC,	1
PWC,MEMORY,L1,ZERO,	74
PWC,MEMORY,L2,MEMORY,	24
PWC,MEMORY,L2,L1,	2
PWC,MEMORY,L2,L2,	3
PWC,MEMORY,L2,LLC,	2
PWC,MEMORY,LLC,MEMORY,	41
PWC,MEMORY,LLC,LLC,	1
PWC,MEMORY,LLC,ZERO,	32
PWC,L1,MEMORY,MEMORY,	6814
PWC,L1,MEMORY,L2,	26
PWC,L1,MEMORY,LLC,	69
PWC,L1,MEMORY,ZERO,	23
PWC,L1,L1,MEMORY,	4282
PWC,L1,L1,L1,	6821
PWC,L1,L1,L2,	14033
PWC,L1,L1,LLC,	18355
PWC,L1,L1,ZERO,	14161
PWC,L1,L2,MEMORY,	110549
PWC,L1,L2,L1,	6337
PWC,L1,L2,L2,	24222
PWC,L1,L2,LLC,	11378
PWC,L1,L2,ZERO,	1200
PWC,L1,LLC,MEMORY,	253221
PWC,L1,LLC,L1,	19
PWC,L1,LLC,L2,	1337
PWC,L1,LLC,LLC,	8027
PWC,L1,LLC,ZERO,	863
PWC,L2,MEMORY,MEMORY,	2778
PWC,L2,MEMORY,L1,	1
PWC,L2,MEMORY,L2,	4
PWC,L2,MEMORY,LLC,	25
PWC,L2,MEMORY,ZERO,	5
PWC,L2,L1,MEMORY,	1483
PWC,L2,L1,L1,	1663
PWC,L2,L1,L2,	10165
PWC,L2,L1,LLC,	12977
PWC,L2,L1,ZERO,	45438
PWC,L2,L2,MEMORY,	44569
PWC,L2,L2,L1,	1601
PWC,L2,L2,L2,	8945
PWC,L2,L2,LLC,	6610
PWC,L2,L2,ZERO,	1331
PWC,L2,LLC,MEMORY,	101031
PWC,L2,LLC,L1,	6
PWC,L2,LLC,L2,	571
PWC,L2,LLC,LLC,	3565
PWC,L2,LLC,ZERO,	530
PWC,LLC,MEMORY,MEMORY,	1
PWC,LLC,MEMORY,ZERO,	12
PWC,LLC,L1,MEMORY,	1
PWC,LLC,L1,L1,	10
PWC,LLC,L1,L2,	51
PWC,LLC,L1,LLC,	2
PWC,LLC,L1,ZERO,	734
PWC,LLC,L2,MEMORY,	28
PWC,LLC,L2,L1,	3
PWC,LLC,L2,L2,	9
PWC,LLC,L2,LLC,	2
PWC,LLC,L2,ZERO,	6
PWC,LLC,LLC,MEMORY,	82
PWC,LLC,LLC,L2,	1
PWC,LLC,LLC,ZERO,	667
ZERO,PWC,MEMORY,MEMORY,	2420
ZERO,PWC,MEMORY,L1,	57
ZERO,PWC,MEMORY,L2,	907
ZERO,PWC,MEMORY,LLC,	1412
ZERO,PWC,MEMORY,ZERO,	1276
ZERO,PWC,L1,MEMORY,	259362
ZERO,PWC,L1,L1,	458107
ZERO,PWC,L1,L2,	3621394
ZERO,PWC,L1,LLC,	5081812
ZERO,PWC,L1,ZERO,	15231562
ZERO,PWC,L2,MEMORY,	114630
ZERO,PWC,L2,L1,	88368
ZERO,PWC,L2,L2,	815118
ZERO,PWC,L2,LLC,	1284084
ZERO,PWC,L2,ZERO,	956022
ZERO,PWC,LLC,MEMORY,	106533
ZERO,PWC,LLC,L1,	325
ZERO,PWC,LLC,L2,	4966
ZERO,PWC,LLC,LLC,	9772
ZERO,PWC,LLC,ZERO,	15488
ZERO,ZERO,PWC,MEMORY,	186566
ZERO,ZERO,PWC,L1,	7126413
ZERO,ZERO,PWC,L2,	2856563
ZERO,ZERO,PWC,LLC,	1470305
