Initialising a TLB with size: 128
Initialising a TLB with size: 64
Initialising a TLB with size: 2048
Initialising PT from file: 
Initialising memory references from file: /start_point/data1/collect_trace_fast/radix/radix_never_graphbig_pagerank_walk_log.bin
Initialising a cache with size: 25165824 with assoc: 12 with line size: 64
Initialising for core 0
Initialising L2 cache with size: 1310720 with assoc: 20 with line size: 64
Initialising L1 I cache with size: 32768 with assoc: 8 with line size: 64
Initialising L1 D cache with size: 49152 with assoc: 12 with line size: 64
Initialising a cache with size: 1310720 with assoc: 20 with line size: 64
Initialising a cache with size: 32768 with assoc: 8 with line size: 64
Initialising a cache with size: 49152 with assoc: 12 with line size: 64
Initialising PW cache with size: 2 with assoc: 1 with line size: 64
Initialising a cache with size: 2 with assoc: 1 with line size: 1
Initialising PW cache with size: 4 with assoc: 4 with line size: 64
Initialising a cache with size: 4 with assoc: 4 with line size: 1
Initialising PW cache with size: 32 with assoc: 4 with line size: 64
Initialising a cache with size: 32 with assoc: 4 with line size: 1
op_qemu_mem_trace=/start_point/data1/collect_trace_fast/radix/radix_never_graphbig_pagerank_walk_log.bin
creating qemu_file_reader_t for /start_point/data1/collect_trace_fast/radix/radix_never_graphbig_pagerank_walk_log.bin with verbosity 0 and arch 0
Done with qemu tracer
Heartbeat. 4194304 references processed.
Heartbeat. 8388608 references processed.
Heartbeat. 12582912 references processed.
Heartbeat. 16777216 references processed.
Heartbeat. 20971520 references processed.
Heartbeat. 25165824 references processed.
Heartbeat. 29360128 references processed.
Heartbeat. 33554432 references processed.
Heartbeat. 37748736 references processed.
Heartbeat. 41943040 references processed.
Heartbeat. 46137344 references processed.
Cache simulation warmed up
Heartbeat. 50331648 references processed.
Heartbeat. 54525952 references processed.
Heartbeat. 58720256 references processed.
Heartbeat. 62914560 references processed.
Heartbeat. 67108864 references processed.
Heartbeat. 71303168 references processed.
Heartbeat. 75497472 references processed.
Heartbeat. 79691776 references processed.
Heartbeat. 83886080 references processed.
Heartbeat. 88080384 references processed.
Heartbeat. 92274688 references processed.
Heartbeat. 96468992 references processed.
Finished warmup of TLB
Heartbeat. 100663296 references processed.
Heartbeat. 104857600 references processed.
Heartbeat. 109051904 references processed.
Heartbeat. 113246208 references processed.
Heartbeat. 117440512 references processed.
Heartbeat. 121634816 references processed.
Heartbeat. 125829120 references processed.
Heartbeat. 130023424 references processed.
Heartbeat. 134217728 references processed.
Heartbeat. 138412032 references processed.
Heartbeat. 142606336 references processed.
Heartbeat. 146800640 references processed.
Heartbeat. 150994944 references processed.
Heartbeat. 155189248 references processed.
Heartbeat. 159383552 references processed.
Heartbeat. 163577856 references processed.
Heartbeat. 167772160 references processed.
Heartbeat. 171966464 references processed.
Heartbeat. 176160768 references processed.
Heartbeat. 180355072 references processed.
Heartbeat. 184549376 references processed.
Heartbeat. 188743680 references processed.
Heartbeat. 192937984 references processed.
Heartbeat. 197132288 references processed.
Heartbeat. 201326592 references processed.
Heartbeat. 205520896 references processed.
Heartbeat. 209715200 references processed.
Heartbeat. 213909504 references processed.
Heartbeat. 218103808 references processed.
Heartbeat. 222298112 references processed.
Heartbeat. 226492416 references processed.
Heartbeat. 230686720 references processed.
Heartbeat. 234881024 references processed.
Heartbeat. 239075328 references processed.
Heartbeat. 243269632 references processed.
Heartbeat. 247463936 references processed.
Heartbeat. 251658240 references processed.
Heartbeat. 255852544 references processed.
Heartbeat. 260046848 references processed.
Heartbeat. 264241152 references processed.
Heartbeat. 268435456 references processed.
Heartbeat. 272629760 references processed.
Heartbeat. 276824064 references processed.
Heartbeat. 281018368 references processed.
Heartbeat. 285212672 references processed.
Heartbeat. 289406976 references processed.
Heartbeat. 293601280 references processed.
Heartbeat. 297795584 references processed.
Heartbeat. 301989888 references processed.
Heartbeat. 306184192 references processed.
Heartbeat. 310378496 references processed.
Heartbeat. 314572800 references processed.
Heartbeat. 318767104 references processed.
Heartbeat. 322961408 references processed.
Heartbeat. 327155712 references processed.
Heartbeat. 331350016 references processed.
Heartbeat. 335544320 references processed.
Heartbeat. 339738624 references processed.
Heartbeat. 343932928 references processed.
Heartbeat. 348127232 references processed.
Heartbeat. 352321536 references processed.
Heartbeat. 356515840 references processed.
Heartbeat. 360710144 references processed.
Heartbeat. 364904448 references processed.
Heartbeat. 369098752 references processed.
Heartbeat. 373293056 references processed.
Heartbeat. 377487360 references processed.
Heartbeat. 381681664 references processed.
Heartbeat. 385875968 references processed.
Heartbeat. 390070272 references processed.
Heartbeat. 394264576 references processed.
Heartbeat. 398458880 references processed.
Heartbeat. 402653184 references processed.
Heartbeat. 406847488 references processed.
Heartbeat. 411041792 references processed.
Heartbeat. 415236096 references processed.
Heartbeat. 419430400 references processed.
Heartbeat. 423624704 references processed.
Heartbeat. 427819008 references processed.
Heartbeat. 432013312 references processed.
Heartbeat. 436207616 references processed.
Heartbeat. 440401920 references processed.
Heartbeat. 444596224 references processed.
Heartbeat. 448790528 references processed.
Heartbeat. 452984832 references processed.
Heartbeat. 457179136 references processed.
Heartbeat. 461373440 references processed.
Heartbeat. 465567744 references processed.
Heartbeat. 469762048 references processed.
Heartbeat. 473956352 references processed.
Heartbeat. 478150656 references processed.
Heartbeat. 482344960 references processed.
Heartbeat. 486539264 references processed.
Heartbeat. 490733568 references processed.
Heartbeat. 494927872 references processed.
Heartbeat. 499122176 references processed.
Heartbeat. 503316480 references processed.
Heartbeat. 507510784 references processed.
Heartbeat. 511705088 references processed.
Heartbeat. 515899392 references processed.
Heartbeat. 520093696 references processed.
Heartbeat. 524288000 references processed.
Heartbeat. 528482304 references processed.
Heartbeat. 532676608 references processed.
Heartbeat. 536870912 references processed.
Heartbeat. 541065216 references processed.
Heartbeat. 545259520 references processed.
Heartbeat. 549453824 references processed.
Heartbeat. 553648128 references processed.
Heartbeat. 557842432 references processed.
Heartbeat. 562036736 references processed.
Heartbeat. 566231040 references processed.
Heartbeat. 570425344 references processed.
Heartbeat. 574619648 references processed.
Heartbeat. 578813952 references processed.
Heartbeat. 583008256 references processed.
Heartbeat. 587202560 references processed.
Heartbeat. 591396864 references processed.
Heartbeat. 595591168 references processed.
Heartbeat. 599785472 references processed.
Heartbeat. 603979776 references processed.
Heartbeat. 608174080 references processed.
Heartbeat. 612368384 references processed.
Heartbeat. 616562688 references processed.
Heartbeat. 620756992 references processed.
Heartbeat. 624951296 references processed.
Heartbeat. 629145600 references processed.
Heartbeat. 633339904 references processed.
Heartbeat. 637534208 references processed.
Heartbeat. 641728512 references processed.
Heartbeat. 645922816 references processed.
Heartbeat. 650117120 references processed.
Heartbeat. 654311424 references processed.
Heartbeat. 658505728 references processed.
Heartbeat. 662700032 references processed.
Heartbeat. 666894336 references processed.
Heartbeat. 671088640 references processed.
Heartbeat. 675282944 references processed.
Heartbeat. 679477248 references processed.
Heartbeat. 683671552 references processed.
Heartbeat. 687865856 references processed.
Heartbeat. 692060160 references processed.
Heartbeat. 696254464 references processed.
Heartbeat. 700448768 references processed.
Heartbeat. 704643072 references processed.
Heartbeat. 708837376 references processed.
Heartbeat. 713031680 references processed.
Heartbeat. 717225984 references processed.
Heartbeat. 721420288 references processed.
Heartbeat. 725614592 references processed.
Heartbeat. 729808896 references processed.
Heartbeat. 734003200 references processed.
Heartbeat. 738197504 references processed.
Heartbeat. 742391808 references processed.
Heartbeat. 746586112 references processed.
Heartbeat. 750780416 references processed.
Heartbeat. 754974720 references processed.
Heartbeat. 759169024 references processed.
Heartbeat. 763363328 references processed.
Heartbeat. 767557632 references processed.
Heartbeat. 771751936 references processed.
Heartbeat. 775946240 references processed.
Heartbeat. 780140544 references processed.
Heartbeat. 784334848 references processed.
Heartbeat. 788529152 references processed.
Heartbeat. 792723456 references processed.
Heartbeat. 796917760 references processed.
Heartbeat. 801112064 references processed.
Heartbeat. 805306368 references processed.
Heartbeat. 809500672 references processed.
Heartbeat. 813694976 references processed.
Heartbeat. 817889280 references processed.
Heartbeat. 822083584 references processed.
Heartbeat. 826277888 references processed.
Heartbeat. 830472192 references processed.
Heartbeat. 834666496 references processed.
Heartbeat. 838860800 references processed.
Heartbeat. 843055104 references processed.
Heartbeat. 847249408 references processed.
Heartbeat. 851443712 references processed.
Heartbeat. 855638016 references processed.
Heartbeat. 859832320 references processed.
Heartbeat. 864026624 references processed.
Heartbeat. 868220928 references processed.
Heartbeat. 872415232 references processed.
Heartbeat. 876609536 references processed.
Heartbeat. 880803840 references processed.
Heartbeat. 884998144 references processed.
Heartbeat. 889192448 references processed.
Heartbeat. 893386752 references processed.
Heartbeat. 897581056 references processed.
Heartbeat. 901775360 references processed.
Heartbeat. 905969664 references processed.
Heartbeat. 910163968 references processed.
Heartbeat. 914358272 references processed.
Heartbeat. 918552576 references processed.
Heartbeat. 922746880 references processed.
Heartbeat. 926941184 references processed.
Heartbeat. 931135488 references processed.
Heartbeat. 935329792 references processed.
Heartbeat. 939524096 references processed.
Heartbeat. 943718400 references processed.
Heartbeat. 947912704 references processed.
Heartbeat. 952107008 references processed.
Heartbeat. 956301312 references processed.
Heartbeat. 960495616 references processed.
Heartbeat. 964689920 references processed.
Heartbeat. 968884224 references processed.
Heartbeat. 973078528 references processed.
Heartbeat. 977272832 references processed.
Heartbeat. 981467136 references processed.
Heartbeat. 985661440 references processed.
Heartbeat. 989855744 references processed.
Heartbeat. 994050048 references processed.
Heartbeat. 998244352 references processed.
Heartbeat. 1002438656 references processed.
Heartbeat. 1006632960 references processed.
Heartbeat. 1010827264 references processed.
Heartbeat. 1015021568 references processed.
Heartbeat. 1019215872 references processed.
Heartbeat. 1023410176 references processed.
Heartbeat. 1027604480 references processed.
Heartbeat. 1031798784 references processed.
Heartbeat. 1035993088 references processed.
Heartbeat. 1040187392 references processed.
Heartbeat. 1044381696 references processed.
Heartbeat. 1048576000 references processed.
Heartbeat. 1052770304 references processed.
Heartbeat. 1056964608 references processed.
Heartbeat. 1061158912 references processed.
Heartbeat. 1065353216 references processed.
Heartbeat. 1069547520 references processed.
Heartbeat. 1073741824 references processed.
Heartbeat. 1077936128 references processed.
Heartbeat. 1082130432 references processed.
Heartbeat. 1086324736 references processed.
Heartbeat. 1090519040 references processed.
Heartbeat. 1094713344 references processed.
Heartbeat. 1098907648 references processed.
Heartbeat. 1103101952 references processed.
Heartbeat. 1107296256 references processed.
Heartbeat. 1111490560 references processed.
Heartbeat. 1115684864 references processed.
Heartbeat. 1119879168 references processed.
Heartbeat. 1124073472 references processed.
Heartbeat. 1128267776 references processed.
Heartbeat. 1132462080 references processed.
Heartbeat. 1136656384 references processed.
Heartbeat. 1140850688 references processed.
Heartbeat. 1145044992 references processed.
Heartbeat. 1149239296 references processed.
Heartbeat. 1153433600 references processed.
Heartbeat. 1157627904 references processed.
Heartbeat. 1161822208 references processed.
Heartbeat. 1166016512 references processed.
Heartbeat. 1170210816 references processed.
Heartbeat. 1174405120 references processed.
Heartbeat. 1178599424 references processed.
Heartbeat. 1182793728 references processed.
Heartbeat. 1186988032 references processed.
Heartbeat. 1191182336 references processed.
Heartbeat. 1195376640 references processed.
Heartbeat. 1199570944 references processed.
Heartbeat. 1203765248 references processed.
Heartbeat. 1207959552 references processed.
Heartbeat. 1212153856 references processed.
Heartbeat. 1216348160 references processed.
Heartbeat. 1220542464 references processed.
Heartbeat. 1224736768 references processed.
Heartbeat. 1228931072 references processed.
Heartbeat. 1233125376 references processed.
Heartbeat. 1237319680 references processed.
Heartbeat. 1241513984 references processed.
Heartbeat. 1245708288 references processed.
Heartbeat. 1249902592 references processed.
Heartbeat. 1254096896 references processed.
Heartbeat. 1258291200 references processed.
Heartbeat. 1262485504 references processed.
Heartbeat. 1266679808 references processed.
Heartbeat. 1270874112 references processed.
Heartbeat. 1275068416 references processed.
Heartbeat. 1279262720 references processed.
Heartbeat. 1283457024 references processed.
Heartbeat. 1287651328 references processed.
Heartbeat. 1291845632 references processed.
Heartbeat. 1296039936 references processed.
Heartbeat. 1300234240 references processed.
Heartbeat. 1304428544 references processed.
Heartbeat. 1308622848 references processed.
Heartbeat. 1312817152 references processed.
Heartbeat. 1317011456 references processed.
Heartbeat. 1321205760 references processed.
Heartbeat. 1325400064 references processed.
Heartbeat. 1329594368 references processed.
Heartbeat. 1333788672 references processed.
Heartbeat. 1337982976 references processed.
Heartbeat. 1342177280 references processed.
Heartbeat. 1346371584 references processed.
Heartbeat. 1350565888 references processed.
Heartbeat. 1354760192 references processed.
Heartbeat. 1358954496 references processed.
Heartbeat. 1363148800 references processed.
Heartbeat. 1367343104 references processed.
Heartbeat. 1371537408 references processed.
Heartbeat. 1375731712 references processed.
Heartbeat. 1379926016 references processed.
Heartbeat. 1384120320 references processed.
Heartbeat. 1388314624 references processed.
Heartbeat. 1392508928 references processed.
Heartbeat. 1396703232 references processed.
Heartbeat. 1400897536 references processed.
Heartbeat. 1405091840 references processed.
Heartbeat. 1409286144 references processed.
Heartbeat. 1413480448 references processed.
Heartbeat. 1417674752 references processed.
Heartbeat. 1421869056 references processed.
Heartbeat. 1426063360 references processed.
Heartbeat. 1430257664 references processed.
Heartbeat. 1434451968 references processed.
Heartbeat. 1438646272 references processed.
Heartbeat. 1442840576 references processed.
Heartbeat. 1447034880 references processed.
Heartbeat. 1451229184 references processed.
Heartbeat. 1455423488 references processed.
Heartbeat. 1459617792 references processed.
Heartbeat. 1463812096 references processed.
Heartbeat. 1468006400 references processed.
Heartbeat. 1472200704 references processed.
Heartbeat. 1476395008 references processed.
Heartbeat. 1480589312 references processed.
Heartbeat. 1484783616 references processed.
Heartbeat. 1488977920 references processed.
Heartbeat. 1493172224 references processed.
Heartbeat. 1497366528 references processed.
Heartbeat. 1501560832 references processed.
Heartbeat. 1505755136 references processed.
Heartbeat. 1509949440 references processed.
Heartbeat. 1514143744 references processed.
Heartbeat. 1518338048 references processed.
Heartbeat. 1522532352 references processed.
Heartbeat. 1526726656 references processed.
Heartbeat. 1530920960 references processed.
Heartbeat. 1535115264 references processed.
Heartbeat. 1539309568 references processed.
Heartbeat. 1543503872 references processed.
Heartbeat. 1547698176 references processed.
Heartbeat. 1551892480 references processed.
Heartbeat. 1556086784 references processed.
Heartbeat. 1560281088 references processed.
Heartbeat. 1564475392 references processed.
Heartbeat. 1568669696 references processed.
Heartbeat. 1572864000 references processed.
Heartbeat. 1577058304 references processed.
Heartbeat. 1581252608 references processed.
Heartbeat. 1585446912 references processed.
Heartbeat. 1589641216 references processed.
Heartbeat. 1593835520 references processed.
Heartbeat. 1598029824 references processed.
Heartbeat. 1602224128 references processed.
Heartbeat. 1606418432 references processed.
Heartbeat. 1610612736 references processed.
Heartbeat. 1614807040 references processed.
Heartbeat. 1619001344 references processed.
Heartbeat. 1623195648 references processed.
Heartbeat. 1627389952 references processed.
Heartbeat. 1631584256 references processed.
Heartbeat. 1635778560 references processed.
Heartbeat. 1639972864 references processed.
Heartbeat. 1644167168 references processed.
Heartbeat. 1648361472 references processed.
Heartbeat. 1652555776 references processed.
Heartbeat. 1656750080 references processed.
Heartbeat. 1660944384 references processed.
Heartbeat. 1665138688 references processed.
Heartbeat. 1669332992 references processed.
Heartbeat. 1673527296 references processed.
Heartbeat. 1677721600 references processed.
Heartbeat. 1681915904 references processed.
Heartbeat. 1686110208 references processed.
Heartbeat. 1690304512 references processed.
Heartbeat. 1694498816 references processed.
Heartbeat. 1698693120 references processed.
Heartbeat. 1702887424 references processed.
Heartbeat. 1707081728 references processed.
Heartbeat. 1711276032 references processed.
Heartbeat. 1715470336 references processed.
Heartbeat. 1719664640 references processed.
Heartbeat. 1723858944 references processed.
Heartbeat. 1728053248 references processed.
Heartbeat. 1732247552 references processed.
Heartbeat. 1736441856 references processed.
Heartbeat. 1740636160 references processed.
Heartbeat. 1744830464 references processed.
Heartbeat. 1749024768 references processed.
Heartbeat. 1753219072 references processed.
Heartbeat. 1757413376 references processed.
Heartbeat. 1761607680 references processed.
Heartbeat. 1765801984 references processed.
Heartbeat. 1769996288 references processed.
Heartbeat. 1774190592 references processed.
Heartbeat. 1778384896 references processed.
Heartbeat. 1782579200 references processed.
Heartbeat. 1786773504 references processed.
Heartbeat. 1790967808 references processed.
Heartbeat. 1795162112 references processed.
Heartbeat. 1799356416 references processed.
Heartbeat. 1803550720 references processed.
Heartbeat. 1807745024 references processed.
Heartbeat. 1811939328 references processed.
Heartbeat. 1816133632 references processed.
Heartbeat. 1820327936 references processed.
Heartbeat. 1824522240 references processed.
Heartbeat. 1828716544 references processed.
Heartbeat. 1832910848 references processed.
Heartbeat. 1837105152 references processed.
Heartbeat. 1841299456 references processed.
Heartbeat. 1845493760 references processed.
Heartbeat. 1849688064 references processed.
Heartbeat. 1853882368 references processed.
Heartbeat. 1858076672 references processed.
Heartbeat. 1862270976 references processed.
Heartbeat. 1866465280 references processed.
Heartbeat. 1870659584 references processed.
Heartbeat. 1874853888 references processed.
Heartbeat. 1879048192 references processed.
Heartbeat. 1883242496 references processed.
Heartbeat. 1887436800 references processed.
Heartbeat. 1891631104 references processed.
Heartbeat. 1895825408 references processed.
Heartbeat. 1900019712 references processed.
Heartbeat. 1904214016 references processed.
Heartbeat. 1908408320 references processed.
Heartbeat. 1912602624 references processed.
Heartbeat. 1916796928 references processed.
Heartbeat. 1920991232 references processed.
Heartbeat. 1925185536 references processed.
Heartbeat. 1929379840 references processed.
Heartbeat. 1933574144 references processed.
Heartbeat. 1937768448 references processed.
Heartbeat. 1941962752 references processed.
Heartbeat. 1946157056 references processed.
Heartbeat. 1950351360 references processed.
Heartbeat. 1954545664 references processed.
Heartbeat. 1958739968 references processed.
Heartbeat. 1962934272 references processed.
Heartbeat. 1967128576 references processed.
Heartbeat. 1971322880 references processed.
Heartbeat. 1975517184 references processed.
Heartbeat. 1979711488 references processed.
Heartbeat. 1983905792 references processed.
Heartbeat. 1988100096 references processed.
Heartbeat. 1992294400 references processed.
Heartbeat. 1996488704 references processed.
Heartbeat. 2000683008 references processed.
Heartbeat. 2004877312 references processed.
Heartbeat. 2009071616 references processed.
Heartbeat. 2013265920 references processed.
Heartbeat. 2017460224 references processed.
Heartbeat. 2021654528 references processed.
Heartbeat. 2025848832 references processed.
Heartbeat. 2030043136 references processed.
Heartbeat. 2034237440 references processed.
Heartbeat. 2038431744 references processed.
Heartbeat. 2042626048 references processed.
Heartbeat. 2046820352 references processed.
Heartbeat. 2051014656 references processed.
Heartbeat. 2055208960 references processed.
Heartbeat. 2059403264 references processed.
Heartbeat. 2063597568 references processed.
Heartbeat. 2067791872 references processed.
Heartbeat. 2071986176 references processed.
Heartbeat. 2076180480 references processed.
Heartbeat. 2080374784 references processed.
Heartbeat. 2084569088 references processed.
Heartbeat. 2088763392 references processed.
Heartbeat. 2092957696 references processed.
Heartbeat. 2097152000 references processed.
Heartbeat. 2101346304 references processed.
Heartbeat. 2105540608 references processed.
Heartbeat. 2109734912 references processed.
Heartbeat. 2113929216 references processed.
Heartbeat. 2118123520 references processed.
Heartbeat. 2122317824 references processed.
Heartbeat. 2126512128 references processed.
Heartbeat. 2130706432 references processed.
Heartbeat. 2134900736 references processed.
Heartbeat. 2139095040 references processed.
Heartbeat. 2143289344 references processed.
Heartbeat. 2147483648 references processed.
Heartbeat. 2151677952 references processed.
Heartbeat. 2155872256 references processed.
Heartbeat. 2160066560 references processed.
Heartbeat. 2164260864 references processed.
Heartbeat. 2168455168 references processed.
Heartbeat. 2172649472 references processed.
Heartbeat. 2176843776 references processed.
Heartbeat. 2181038080 references processed.
Heartbeat. 2185232384 references processed.
Heartbeat. 2189426688 references processed.
Heartbeat. 2193620992 references processed.
Heartbeat. 2197815296 references processed.
Heartbeat. 2202009600 references processed.
Heartbeat. 2206203904 references processed.
Heartbeat. 2210398208 references processed.
Heartbeat. 2214592512 references processed.
Heartbeat. 2218786816 references processed.
Heartbeat. 2222981120 references processed.
Heartbeat. 2227175424 references processed.
Heartbeat. 2231369728 references processed.
Heartbeat. 2235564032 references processed.
Heartbeat. 2239758336 references processed.
Heartbeat. 2243952640 references processed.
Heartbeat. 2248146944 references processed.
Heartbeat. 2252341248 references processed.
Heartbeat. 2256535552 references processed.
Heartbeat. 2260729856 references processed.
Heartbeat. 2264924160 references processed.
Heartbeat. 2269118464 references processed.
Heartbeat. 2273312768 references processed.
Heartbeat. 2277507072 references processed.
Heartbeat. 2281701376 references processed.
Heartbeat. 2285895680 references processed.
Heartbeat. 2290089984 references processed.
Heartbeat. 2294284288 references processed.
Heartbeat. 2298478592 references processed.
Heartbeat. 2302672896 references processed.
Heartbeat. 2306867200 references processed.
Heartbeat. 2311061504 references processed.
Heartbeat. 2315255808 references processed.
Heartbeat. 2319450112 references processed.
Heartbeat. 2323644416 references processed.
Heartbeat. 2327838720 references processed.
Heartbeat. 2332033024 references processed.
Heartbeat. 2336227328 references processed.
Heartbeat. 2340421632 references processed.
Heartbeat. 2344615936 references processed.
Heartbeat. 2348810240 references processed.
Heartbeat. 2353004544 references processed.
Heartbeat. 2357198848 references processed.
Heartbeat. 2361393152 references processed.
Heartbeat. 2365587456 references processed.
Heartbeat. 2369781760 references processed.
Heartbeat. 2373976064 references processed.
Heartbeat. 2378170368 references processed.
Heartbeat. 2382364672 references processed.
Heartbeat. 2386558976 references processed.
Heartbeat. 2390753280 references processed.
Heartbeat. 2394947584 references processed.
Heartbeat. 2399141888 references processed.
Heartbeat. 2403336192 references processed.
Heartbeat. 2407530496 references processed.
Heartbeat. 2411724800 references processed.
Heartbeat. 2415919104 references processed.
Heartbeat. 2420113408 references processed.
Heartbeat. 2424307712 references processed.
Heartbeat. 2428502016 references processed.
Heartbeat. 2432696320 references processed.
Trace is truncated
TLB simulation results:
Core #0 (1 thread(s))
  TLB-L1I stats:
    Hits:                       1625000719
    Misses:                            160
    Invalidations:                       0
    Hits PT level     1:                   0
    Misses PT level   1:                   0
    Hits PT level     2:                   0
    Misses PT level   2:                   0
    Hits PT level     3:                   0
    Misses PT level   3:                   0
    Hits PT level     4:                   0
    Misses PT level   4:                   0
    Hits PT level     5:                   0
    Misses PT level   5:                   0
    Hits PT level     6:                   0
    Misses PT level   6:                   0
    Miss rate:                        0.00%
  TLB-L1D stats:
    Hits:                        565783852
    Misses:                      144107071
    Invalidations:                       0
    Hits PT level     1:                   0
    Misses PT level   1:                   0
    Hits PT level     2:                   0
    Misses PT level   2:                   0
    Hits PT level     3:                   0
    Misses PT level   3:                   0
    Hits PT level     4:                   0
    Misses PT level   4:                   0
    Hits PT level     5:                   0
    Misses PT level   5:                   0
    Hits PT level     6:                   0
    Misses PT level   6:                   0
    Miss rate:                       20.30%
  TLB-LL stats:
    Hits:                         76174097
    Misses:                       67933134
    Invalidations:                       0
    Hits PT level     1:                   0
    Misses PT level   1:                   0
    Hits PT level     2:                   0
    Misses PT level   2:                   0
    Hits PT level     3:                   0
    Misses PT level   3:                   0
    Hits PT level     4:                   0
    Misses PT level   4:                   0
    Hits PT level     5:                   0
    Misses PT level   5:                   0
    Hits PT level     6:                   0
    Misses PT level   6:                   0
    Local miss rate:                 47.14%
    Child hits:                 2190784571
    Total miss rate:                  2.91%
~~~~~~~~~~~~~~~~~~~~~~~~~~~~~~~~~~~~~~~~~~
Cache simulation results:
Core #0 (1 thread(s))
  L1I stats:
    Warmup hits:                  41758157
    Warmup misses:                    1745
    Hits:                       2087487711
    Misses:                          63388
    Invalidations:                       0
    Hits PT level     1:                   0
    Misses PT level   1:                   0
    Hits PT level     2:                   0
    Misses PT level   2:                   0
    Hits PT level     3:                   0
    Misses PT level   3:                   0
    Hits PT level     4:                   0
    Misses PT level   4:                   0
    Hits PT level     5:                   0
    Misses PT level   5:                   0
    Hits PT level     6:                   0
    Misses PT level   6:                   0
    Miss rate:                        0.00%
  L1D stats:
    Warmup hits:                   9456424
    Warmup misses:                 4493215
    Hits:                        489312831
    Misses:                      235847832
    Invalidations:                       0
    Hits PT level     1:                8022
    Misses PT level   1:               39872
    Hits PT level     2:               55675
    Misses PT level   2:               86902
    Hits PT level     3:            34866374
    Misses PT level   3:             7486915
    Hits PT level     4:            20377654
    Misses PT level   4:            48989251
    Hits PT level     5:                   0
    Misses PT level   5:                   0
    Hits PT level     6:                   0
    Misses PT level   6:                   0
    Prefetch hits:                30372222
    Prefetch misses:             262078550
    Miss rate:                       32.52%
  L2 stats:
    Warmup hits:                    260348
    Warmup misses:                 4234612
    Hits:                         22713268
    Misses:                      213197952
    Invalidations:                       0
    Hits PT level     1:               24384
    Misses PT level   1:               15488
    Hits PT level     2:               69952
    Misses PT level   2:               16950
    Hits PT level     3:             7267895
    Misses PT level   3:              219020
    Hits PT level     4:            26046256
    Misses PT level   4:            22942995
    Hits PT level     5:                   0
    Misses PT level   5:                   0
    Hits PT level     6:                   0
    Misses PT level   6:                   0
    Prefetch hits:                43119166
    Prefetch misses:             218959384
    Local miss rate:                 90.37%
    Child hits:                 2662480489
    Total miss rate:                  7.36%
LLC stats:
    Warmup hits:                    371346
    Warmup misses:                 3863266
    Hits:                         34318669
    Misses:                      178879283
    Invalidations:                       0
    Hits PT level     1:               15296
    Misses PT level   1:                 192
    Hits PT level     2:               16605
    Misses PT level   2:                 345
    Hits PT level     3:              192195
    Misses PT level   3:               26825
    Hits PT level     4:            21114032
    Misses PT level   4:             1828963
    Hits PT level     5:                   0
    Misses PT level   5:                   0
    Hits PT level     6:                   0
    Misses PT level   6:                   0
    Prefetch hits:                54913346
    Prefetch misses:             164046038
    Local miss rate:                 83.90%
    Child hits:                   99240921
    Total miss rate:                 57.25%
 PWC 0 stats:
    Warmup hits:                         0
    Warmup misses:                       0
    Hits:                            94720
    Misses:                          48064
    Invalidations:                       0
    Hits PT level     1:                   0
    Misses PT level   1:                   0
    Hits PT level     2:                   0
    Misses PT level   2:                   0
    Hits PT level     3:                   0
    Misses PT level   3:                   0
    Hits PT level     4:                   0
    Misses PT level   4:                   0
    Hits PT level     5:                   0
    Misses PT level   5:                   0
    Hits PT level     6:                   0
    Misses PT level   6:                   0
    Miss rate:                       33.66%
 PWC 1 stats:
    Warmup hits:                         0
    Warmup misses:                       0
    Hits:                         42680416
    Misses:                         142784
    Invalidations:                       0
    Hits PT level     1:                   0
    Misses PT level   1:                   0
    Hits PT level     2:                   0
    Misses PT level   2:                   0
    Hits PT level     3:                   0
    Misses PT level   3:                   0
    Hits PT level     4:                   0
    Misses PT level   4:                   0
    Hits PT level     5:                   0
    Misses PT level   5:                   0
    Hits PT level     6:                   0
    Misses PT level   6:                   0
    Miss rate:                        0.33%
 PWC 2 stats:
    Warmup hits:                         0
    Warmup misses:                       0
    Hits:                         27505672
    Misses:                       42772048
    Invalidations:                       0
    Hits PT level     1:                   0
    Misses PT level   1:                   0
    Hits PT level     2:                   0
    Misses PT level   2:                   0
    Hits PT level     3:                   0
    Misses PT level   3:                   0
    Hits PT level     4:                   0
    Misses PT level   4:                   0
    Hits PT level     5:                   0
    Misses PT level   5:                   0
    Hits PT level     6:                   0
    Misses PT level   6:                   0
    Miss rate:                       60.86%
~~~~~~~~~~~~~~~~~~~~~~~~~~~~~~~~~~~~~~~~~~
num_requests : 2434891802
num_not_found : 0
kernel memory references: 
0,3263816
1,2011694
16,9164743
user memory references: 
0,672182270
1,61652519
16,1686616760
~~~~~~~~~~~~~~~~~~~~~~~~~~~~~~~~~~~~~~~~~~
num_range_found : 0
num_range_not_found : 0
~~~~~~~~~~~~~~~~~~~~~~~~~~~~~~~~~~~~~~~~~~
MEMORY,MEMORY,MEMORY,MEMORY,	11
MEMORY,MEMORY,MEMORY,L1,	2
MEMORY,MEMORY,MEMORY,LLC,	1
MEMORY,MEMORY,L2,MEMORY,	3
MEMORY,MEMORY,L2,LLC,	3
MEMORY,MEMORY,LLC,MEMORY,	1
MEMORY,MEMORY,LLC,LLC,	2
MEMORY,MEMORY,LLC,ZERO,	6
MEMORY,L1,L2,L1,	1
MEMORY,L2,L1,L1,	1
MEMORY,L2,L1,L2,	3
MEMORY,L2,L2,MEMORY,	1
MEMORY,L2,L2,L1,	3
MEMORY,L2,L2,LLC,	1
MEMORY,L2,L2,ZERO,	1
MEMORY,L2,LLC,MEMORY,	1
MEMORY,LLC,MEMORY,LLC,	1
MEMORY,LLC,MEMORY,ZERO,	4
MEMORY,LLC,L1,L1,	2
MEMORY,LLC,L1,L2,	10
MEMORY,LLC,L1,LLC,	2
MEMORY,LLC,L2,L1,	1
MEMORY,LLC,L2,L2,	9
MEMORY,LLC,L2,LLC,	3
MEMORY,LLC,LLC,MEMORY,	4
MEMORY,LLC,LLC,L2,	2
MEMORY,LLC,LLC,LLC,	57
MEMORY,LLC,LLC,ZERO,	56
L1,MEMORY,LLC,ZERO,	17
L1,L1,MEMORY,MEMORY,	57
L1,L1,MEMORY,L1,	1
L1,L1,MEMORY,L2,	3
L1,L1,MEMORY,LLC,	28
L1,L1,L1,MEMORY,	15
L1,L1,L1,L1,	216
L1,L1,L1,L2,	500
L1,L1,L1,LLC,	180
L1,L1,L1,ZERO,	257
L1,L1,L2,MEMORY,	50
L1,L1,L2,L1,	251
L1,L1,L2,L2,	534
L1,L1,L2,LLC,	319
L1,L1,LLC,MEMORY,	208
L1,L1,LLC,L1,	4
L1,L1,LLC,L2,	3
L1,L1,LLC,LLC,	1557
L1,L2,MEMORY,MEMORY,	37
L1,L2,L1,MEMORY,	3
L1,L2,L1,L1,	93
L1,L2,L1,L2,	384
L1,L2,L1,LLC,	117
L1,L2,L1,ZERO,	1348
L1,L2,L2,MEMORY,	48
L1,L2,L2,L1,	176
L1,L2,L2,L2,	317
L1,L2,L2,LLC,	147
L1,L2,LLC,MEMORY,	144
L1,L2,LLC,L1,	4
L1,L2,LLC,L2,	2
L1,LLC,MEMORY,ZERO,	22
L1,LLC,LLC,MEMORY,	1
L1,LLC,LLC,L2,	1
L1,LLC,LLC,LLC,	2
L1,LLC,LLC,ZERO,	976
L2,MEMORY,MEMORY,ZERO,	1
L2,MEMORY,LLC,ZERO,	16
L2,L1,MEMORY,MEMORY,	293
L2,L1,MEMORY,LLC,	1
L2,L1,L1,MEMORY,	87
L2,L1,L1,L1,	683
L2,L1,L1,L2,	971
L2,L1,L1,LLC,	641
L2,L1,L2,MEMORY,	252
L2,L1,L2,L1,	726
L2,L1,L2,L2,	832
L2,L1,L2,LLC,	451
L2,L1,LLC,MEMORY,	912
L2,L1,LLC,L1,	4
L2,L1,LLC,L2,	3
L2,L1,LLC,LLC,	7
L2,L2,MEMORY,MEMORY,	541
L2,L2,MEMORY,L1,	3
L2,L2,MEMORY,L2,	8
L2,L2,MEMORY,LLC,	4
L2,L2,L1,MEMORY,	63
L2,L2,L1,L1,	750
L2,L2,L1,L2,	4354
L2,L2,L1,LLC,	1257
L2,L2,L1,ZERO,	1
L2,L2,L2,MEMORY,	478
L2,L2,L2,L1,	1443
L2,L2,L2,L2,	4117
L2,L2,L2,LLC,	1176
L2,L2,L2,ZERO,	2
L2,L2,LLC,MEMORY,	1929
L2,L2,LLC,L1,	26
L2,L2,LLC,L2,	26
L2,L2,LLC,LLC,	25
L2,L2,LLC,ZERO,	5
L2,LLC,MEMORY,MEMORY,	34
L2,LLC,MEMORY,L1,	1
L2,LLC,MEMORY,L2,	5
L2,LLC,MEMORY,ZERO,	15
L2,LLC,L1,MEMORY,	1
L2,LLC,L1,L1,	45
L2,LLC,L1,L2,	661
L2,LLC,L1,LLC,	142
L2,LLC,L2,MEMORY,	5
L2,LLC,L2,L1,	44
L2,LLC,L2,L2,	575
L2,LLC,L2,LLC,	128
L2,LLC,L2,ZERO,	1
L2,LLC,LLC,MEMORY,	64
L2,LLC,LLC,L1,	8
L2,LLC,LLC,L2,	9
L2,LLC,LLC,LLC,	2
L2,LLC,LLC,ZERO,	556
LLC,MEMORY,MEMORY,MEMORY,	4
LLC,MEMORY,MEMORY,LLC,	3
LLC,MEMORY,MEMORY,ZERO,	2
LLC,MEMORY,L1,MEMORY,	1
LLC,MEMORY,L1,L2,	8
LLC,MEMORY,L1,LLC,	2
LLC,MEMORY,L2,MEMORY,	1
LLC,MEMORY,L2,L2,	4
LLC,MEMORY,L2,LLC,	4
LLC,MEMORY,LLC,MEMORY,	6
LLC,MEMORY,LLC,LLC,	21
LLC,MEMORY,LLC,ZERO,	71
LLC,L1,MEMORY,MEMORY,	160
LLC,L1,L1,MEMORY,	22
LLC,L1,L1,L1,	224
LLC,L1,L1,L2,	257
LLC,L1,L1,LLC,	209
LLC,L1,L2,MEMORY,	72
LLC,L1,L2,L1,	256
LLC,L1,L2,L2,	186
LLC,L1,L2,LLC,	143
LLC,L1,LLC,MEMORY,	349
LLC,L1,LLC,L2,	2
LLC,L1,LLC,LLC,	6
LLC,L2,MEMORY,MEMORY,	383
LLC,L2,MEMORY,L1,	2
LLC,L2,MEMORY,LLC,	7
LLC,L2,L1,MEMORY,	31
LLC,L2,L1,L1,	202
LLC,L2,L1,L2,	976
LLC,L2,L1,LLC,	356
LLC,L2,L2,MEMORY,	164
LLC,L2,L2,L1,	537
LLC,L2,L2,L2,	943
LLC,L2,L2,LLC,	299
LLC,L2,L2,ZERO,	6
LLC,L2,LLC,MEMORY,	1034
LLC,L2,LLC,L1,	32
LLC,L2,LLC,L2,	22
LLC,L2,LLC,LLC,	16
LLC,L2,LLC,ZERO,	18
LLC,LLC,MEMORY,MEMORY,	112
LLC,LLC,MEMORY,L2,	1
LLC,LLC,MEMORY,LLC,	12
LLC,LLC,MEMORY,ZERO,	48
LLC,LLC,L1,MEMORY,	14
LLC,LLC,L1,L1,	154
LLC,LLC,L1,L2,	2027
LLC,LLC,L1,LLC,	530
LLC,LLC,L2,MEMORY,	15
LLC,LLC,L2,L1,	117
LLC,LLC,L2,L2,	1692
LLC,LLC,L2,LLC,	408
LLC,LLC,LLC,MEMORY,	205
LLC,LLC,LLC,L1,	15
LLC,LLC,LLC,L2,	26
LLC,LLC,LLC,LLC,	1459
LLC,LLC,LLC,ZERO,	1420
PWC,MEMORY,MEMORY,MEMORY,	7
PWC,MEMORY,MEMORY,L1,	1
PWC,MEMORY,MEMORY,ZERO,	2
PWC,MEMORY,L2,MEMORY,	3
PWC,MEMORY,L2,L2,	3
PWC,MEMORY,LLC,MEMORY,	43
PWC,MEMORY,LLC,L1,	6
PWC,MEMORY,LLC,L2,	4
PWC,MEMORY,LLC,LLC,	1
PWC,MEMORY,LLC,ZERO,	85
PWC,L1,MEMORY,MEMORY,	3803
PWC,L1,MEMORY,L1,	6
PWC,L1,MEMORY,L2,	5
PWC,L1,MEMORY,LLC,	10
PWC,L1,L1,MEMORY,	422
PWC,L1,L1,L1,	4324
PWC,L1,L1,L2,	4031
PWC,L1,L1,LLC,	2829
PWC,L1,L2,MEMORY,	2299
PWC,L1,L2,L1,	7976
PWC,L1,L2,L2,	5015
PWC,L1,L2,LLC,	3360
PWC,L1,LLC,MEMORY,	9516
PWC,L1,LLC,L1,	57
PWC,L1,LLC,L2,	54
PWC,L1,LLC,LLC,	35
PWC,L2,MEMORY,MEMORY,	6093
PWC,L2,MEMORY,L1,	39
PWC,L2,MEMORY,L2,	53
PWC,L2,MEMORY,LLC,	8
PWC,L2,L1,MEMORY,	160
PWC,L2,L1,L1,	1649
PWC,L2,L1,L2,	1410
PWC,L2,L1,LLC,	1047
PWC,L2,L2,MEMORY,	3441
PWC,L2,L2,L1,	7850
PWC,L2,L2,L2,	3728
PWC,L2,L2,LLC,	1892
PWC,L2,L2,ZERO,	1
PWC,L2,LLC,MEMORY,	17411
PWC,L2,LLC,L1,	556
PWC,L2,LLC,L2,	404
PWC,L2,LLC,LLC,	134
PWC,L2,LLC,ZERO,	9
PWC,LLC,MEMORY,MEMORY,	998
PWC,LLC,MEMORY,L1,	17
PWC,LLC,MEMORY,L2,	17
PWC,LLC,MEMORY,ZERO,	18
PWC,LLC,L1,L1,	2
PWC,LLC,L1,L2,	8
PWC,LLC,L2,MEMORY,	111
PWC,LLC,L2,L1,	101
PWC,LLC,L2,L2,	60
PWC,LLC,L2,LLC,	8
PWC,LLC,LLC,MEMORY,	1775
PWC,LLC,LLC,L1,	153
PWC,LLC,LLC,L2,	119
PWC,LLC,LLC,LLC,	15
PWC,LLC,LLC,ZERO,	1499
ZERO,PWC,MEMORY,MEMORY,	8943
ZERO,PWC,MEMORY,L1,	181
ZERO,PWC,MEMORY,L2,	2558
ZERO,PWC,MEMORY,LLC,	2118
ZERO,PWC,MEMORY,ZERO,	141
ZERO,PWC,L1,MEMORY,	1202682
ZERO,PWC,L1,L1,	1487439
ZERO,PWC,L1,L2,	16893440
ZERO,PWC,L1,LLC,	15212074
ZERO,PWC,L1,ZERO,	37057
ZERO,PWC,L2,MEMORY,	254863
ZERO,PWC,L2,L1,	361333
ZERO,PWC,L2,L2,	3508758
ZERO,PWC,L2,LLC,	3088621
ZERO,PWC,L2,ZERO,	1527
ZERO,PWC,LLC,MEMORY,	37174
ZERO,PWC,LLC,L1,	3901
ZERO,PWC,LLC,L2,	55049
ZERO,PWC,LLC,LLC,	47991
ZERO,PWC,LLC,ZERO,	4862
ZERO,ZERO,PWC,MEMORY,	271403
ZERO,ZERO,PWC,L1,	18496036
ZERO,ZERO,PWC,L2,	5552067
ZERO,ZERO,PWC,LLC,	2744160
