Initialising a TLB with size: 128
Initialising a TLB with size: 64
Initialising a TLB with size: 2048
Initialising PT from file: 
Initialising memory references from file: /start_point/data1/collect_trace_fast/radix/radix_always_graphbig_pagerank_walk_log.bin
Initialising a cache with size: 25165824 with assoc: 12 with line size: 64
Initialising for core 0
Initialising L2 cache with size: 1310720 with assoc: 20 with line size: 64
Initialising L1 I cache with size: 32768 with assoc: 8 with line size: 64
Initialising L1 D cache with size: 49152 with assoc: 12 with line size: 64
Initialising a cache with size: 1310720 with assoc: 20 with line size: 64
Initialising a cache with size: 32768 with assoc: 8 with line size: 64
Initialising a cache with size: 49152 with assoc: 12 with line size: 64
Initialising PW cache with size: 2 with assoc: 1 with line size: 64
Initialising a cache with size: 2 with assoc: 1 with line size: 1
Initialising PW cache with size: 4 with assoc: 4 with line size: 64
Initialising a cache with size: 4 with assoc: 4 with line size: 1
Initialising PW cache with size: 32 with assoc: 4 with line size: 64
Initialising a cache with size: 32 with assoc: 4 with line size: 1
op_qemu_mem_trace=/start_point/data1/collect_trace_fast/radix/radix_always_graphbig_pagerank_walk_log.bin
creating qemu_file_reader_t for /start_point/data1/collect_trace_fast/radix/radix_always_graphbig_pagerank_walk_log.bin with verbosity 0 and arch 0
Done with qemu tracer
Heartbeat. 4194304 references processed.
Heartbeat. 8388608 references processed.
Heartbeat. 12582912 references processed.
Heartbeat. 16777216 references processed.
Heartbeat. 20971520 references processed.
Heartbeat. 25165824 references processed.
Heartbeat. 29360128 references processed.
Heartbeat. 33554432 references processed.
Heartbeat. 37748736 references processed.
Heartbeat. 41943040 references processed.
Heartbeat. 46137344 references processed.
Cache simulation warmed up
Heartbeat. 50331648 references processed.
Heartbeat. 54525952 references processed.
Heartbeat. 58720256 references processed.
Heartbeat. 62914560 references processed.
Heartbeat. 67108864 references processed.
Heartbeat. 71303168 references processed.
Heartbeat. 75497472 references processed.
Heartbeat. 79691776 references processed.
Heartbeat. 83886080 references processed.
Heartbeat. 88080384 references processed.
Heartbeat. 92274688 references processed.
Heartbeat. 96468992 references processed.
Finished warmup of TLB
Heartbeat. 100663296 references processed.
Heartbeat. 104857600 references processed.
Heartbeat. 109051904 references processed.
Heartbeat. 113246208 references processed.
Heartbeat. 117440512 references processed.
Heartbeat. 121634816 references processed.
Heartbeat. 125829120 references processed.
Heartbeat. 130023424 references processed.
Heartbeat. 134217728 references processed.
Heartbeat. 138412032 references processed.
Heartbeat. 142606336 references processed.
Heartbeat. 146800640 references processed.
Heartbeat. 150994944 references processed.
Heartbeat. 155189248 references processed.
Heartbeat. 159383552 references processed.
Heartbeat. 163577856 references processed.
Heartbeat. 167772160 references processed.
Heartbeat. 171966464 references processed.
Heartbeat. 176160768 references processed.
Heartbeat. 180355072 references processed.
Heartbeat. 184549376 references processed.
Heartbeat. 188743680 references processed.
Heartbeat. 192937984 references processed.
Heartbeat. 197132288 references processed.
Heartbeat. 201326592 references processed.
Heartbeat. 205520896 references processed.
Heartbeat. 209715200 references processed.
Heartbeat. 213909504 references processed.
Heartbeat. 218103808 references processed.
Heartbeat. 222298112 references processed.
Heartbeat. 226492416 references processed.
Heartbeat. 230686720 references processed.
Heartbeat. 234881024 references processed.
Heartbeat. 239075328 references processed.
Heartbeat. 243269632 references processed.
Heartbeat. 247463936 references processed.
Heartbeat. 251658240 references processed.
Heartbeat. 255852544 references processed.
Heartbeat. 260046848 references processed.
Heartbeat. 264241152 references processed.
Heartbeat. 268435456 references processed.
Heartbeat. 272629760 references processed.
Heartbeat. 276824064 references processed.
Heartbeat. 281018368 references processed.
Heartbeat. 285212672 references processed.
Heartbeat. 289406976 references processed.
Heartbeat. 293601280 references processed.
Heartbeat. 297795584 references processed.
Heartbeat. 301989888 references processed.
Heartbeat. 306184192 references processed.
Heartbeat. 310378496 references processed.
Heartbeat. 314572800 references processed.
Heartbeat. 318767104 references processed.
Heartbeat. 322961408 references processed.
Heartbeat. 327155712 references processed.
Heartbeat. 331350016 references processed.
Heartbeat. 335544320 references processed.
Heartbeat. 339738624 references processed.
Heartbeat. 343932928 references processed.
Heartbeat. 348127232 references processed.
Heartbeat. 352321536 references processed.
Heartbeat. 356515840 references processed.
Heartbeat. 360710144 references processed.
Heartbeat. 364904448 references processed.
Heartbeat. 369098752 references processed.
Heartbeat. 373293056 references processed.
Heartbeat. 377487360 references processed.
Heartbeat. 381681664 references processed.
Heartbeat. 385875968 references processed.
Heartbeat. 390070272 references processed.
Heartbeat. 394264576 references processed.
Heartbeat. 398458880 references processed.
Heartbeat. 402653184 references processed.
Heartbeat. 406847488 references processed.
Heartbeat. 411041792 references processed.
Heartbeat. 415236096 references processed.
Heartbeat. 419430400 references processed.
Heartbeat. 423624704 references processed.
Heartbeat. 427819008 references processed.
Heartbeat. 432013312 references processed.
Heartbeat. 436207616 references processed.
Heartbeat. 440401920 references processed.
Heartbeat. 444596224 references processed.
Heartbeat. 448790528 references processed.
Heartbeat. 452984832 references processed.
Heartbeat. 457179136 references processed.
Heartbeat. 461373440 references processed.
Heartbeat. 465567744 references processed.
Heartbeat. 469762048 references processed.
Heartbeat. 473956352 references processed.
Heartbeat. 478150656 references processed.
Heartbeat. 482344960 references processed.
Heartbeat. 486539264 references processed.
Heartbeat. 490733568 references processed.
Heartbeat. 494927872 references processed.
Heartbeat. 499122176 references processed.
Heartbeat. 503316480 references processed.
Heartbeat. 507510784 references processed.
Heartbeat. 511705088 references processed.
Heartbeat. 515899392 references processed.
Heartbeat. 520093696 references processed.
Heartbeat. 524288000 references processed.
Heartbeat. 528482304 references processed.
Heartbeat. 532676608 references processed.
Heartbeat. 536870912 references processed.
Heartbeat. 541065216 references processed.
Heartbeat. 545259520 references processed.
Heartbeat. 549453824 references processed.
Heartbeat. 553648128 references processed.
Heartbeat. 557842432 references processed.
Heartbeat. 562036736 references processed.
Heartbeat. 566231040 references processed.
Heartbeat. 570425344 references processed.
Heartbeat. 574619648 references processed.
Heartbeat. 578813952 references processed.
Heartbeat. 583008256 references processed.
Heartbeat. 587202560 references processed.
Heartbeat. 591396864 references processed.
Heartbeat. 595591168 references processed.
Heartbeat. 599785472 references processed.
Heartbeat. 603979776 references processed.
Heartbeat. 608174080 references processed.
Heartbeat. 612368384 references processed.
Heartbeat. 616562688 references processed.
Heartbeat. 620756992 references processed.
Heartbeat. 624951296 references processed.
Heartbeat. 629145600 references processed.
Heartbeat. 633339904 references processed.
Heartbeat. 637534208 references processed.
Heartbeat. 641728512 references processed.
Heartbeat. 645922816 references processed.
Heartbeat. 650117120 references processed.
Heartbeat. 654311424 references processed.
Heartbeat. 658505728 references processed.
Heartbeat. 662700032 references processed.
Heartbeat. 666894336 references processed.
Heartbeat. 671088640 references processed.
Heartbeat. 675282944 references processed.
Heartbeat. 679477248 references processed.
Heartbeat. 683671552 references processed.
Heartbeat. 687865856 references processed.
Heartbeat. 692060160 references processed.
Heartbeat. 696254464 references processed.
Heartbeat. 700448768 references processed.
Heartbeat. 704643072 references processed.
Heartbeat. 708837376 references processed.
Heartbeat. 713031680 references processed.
Heartbeat. 717225984 references processed.
Heartbeat. 721420288 references processed.
Heartbeat. 725614592 references processed.
Heartbeat. 729808896 references processed.
Heartbeat. 734003200 references processed.
Heartbeat. 738197504 references processed.
Heartbeat. 742391808 references processed.
Heartbeat. 746586112 references processed.
Heartbeat. 750780416 references processed.
Heartbeat. 754974720 references processed.
Heartbeat. 759169024 references processed.
Heartbeat. 763363328 references processed.
Heartbeat. 767557632 references processed.
Heartbeat. 771751936 references processed.
Heartbeat. 775946240 references processed.
Heartbeat. 780140544 references processed.
Heartbeat. 784334848 references processed.
Heartbeat. 788529152 references processed.
Heartbeat. 792723456 references processed.
Heartbeat. 796917760 references processed.
Heartbeat. 801112064 references processed.
Heartbeat. 805306368 references processed.
Heartbeat. 809500672 references processed.
Heartbeat. 813694976 references processed.
Heartbeat. 817889280 references processed.
Heartbeat. 822083584 references processed.
Heartbeat. 826277888 references processed.
Heartbeat. 830472192 references processed.
Heartbeat. 834666496 references processed.
Heartbeat. 838860800 references processed.
Heartbeat. 843055104 references processed.
Heartbeat. 847249408 references processed.
Heartbeat. 851443712 references processed.
Heartbeat. 855638016 references processed.
Heartbeat. 859832320 references processed.
Heartbeat. 864026624 references processed.
Heartbeat. 868220928 references processed.
Heartbeat. 872415232 references processed.
Heartbeat. 876609536 references processed.
Heartbeat. 880803840 references processed.
Heartbeat. 884998144 references processed.
Heartbeat. 889192448 references processed.
Heartbeat. 893386752 references processed.
Heartbeat. 897581056 references processed.
Heartbeat. 901775360 references processed.
Heartbeat. 905969664 references processed.
Heartbeat. 910163968 references processed.
Heartbeat. 914358272 references processed.
Heartbeat. 918552576 references processed.
Heartbeat. 922746880 references processed.
Heartbeat. 926941184 references processed.
Heartbeat. 931135488 references processed.
Heartbeat. 935329792 references processed.
Heartbeat. 939524096 references processed.
Heartbeat. 943718400 references processed.
Heartbeat. 947912704 references processed.
Heartbeat. 952107008 references processed.
Heartbeat. 956301312 references processed.
Heartbeat. 960495616 references processed.
Heartbeat. 964689920 references processed.
Heartbeat. 968884224 references processed.
Heartbeat. 973078528 references processed.
Heartbeat. 977272832 references processed.
Heartbeat. 981467136 references processed.
Heartbeat. 985661440 references processed.
Heartbeat. 989855744 references processed.
Heartbeat. 994050048 references processed.
Heartbeat. 998244352 references processed.
Heartbeat. 1002438656 references processed.
Heartbeat. 1006632960 references processed.
Heartbeat. 1010827264 references processed.
Heartbeat. 1015021568 references processed.
Heartbeat. 1019215872 references processed.
Heartbeat. 1023410176 references processed.
Heartbeat. 1027604480 references processed.
Heartbeat. 1031798784 references processed.
Heartbeat. 1035993088 references processed.
Heartbeat. 1040187392 references processed.
Heartbeat. 1044381696 references processed.
Heartbeat. 1048576000 references processed.
Heartbeat. 1052770304 references processed.
Heartbeat. 1056964608 references processed.
Heartbeat. 1061158912 references processed.
Heartbeat. 1065353216 references processed.
Heartbeat. 1069547520 references processed.
Heartbeat. 1073741824 references processed.
Heartbeat. 1077936128 references processed.
Heartbeat. 1082130432 references processed.
Heartbeat. 1086324736 references processed.
Heartbeat. 1090519040 references processed.
Heartbeat. 1094713344 references processed.
Heartbeat. 1098907648 references processed.
Heartbeat. 1103101952 references processed.
Heartbeat. 1107296256 references processed.
Heartbeat. 1111490560 references processed.
Heartbeat. 1115684864 references processed.
Heartbeat. 1119879168 references processed.
Heartbeat. 1124073472 references processed.
Heartbeat. 1128267776 references processed.
Heartbeat. 1132462080 references processed.
Heartbeat. 1136656384 references processed.
Heartbeat. 1140850688 references processed.
Heartbeat. 1145044992 references processed.
Heartbeat. 1149239296 references processed.
Heartbeat. 1153433600 references processed.
Heartbeat. 1157627904 references processed.
Heartbeat. 1161822208 references processed.
Heartbeat. 1166016512 references processed.
Heartbeat. 1170210816 references processed.
Heartbeat. 1174405120 references processed.
Heartbeat. 1178599424 references processed.
Heartbeat. 1182793728 references processed.
Heartbeat. 1186988032 references processed.
Heartbeat. 1191182336 references processed.
Heartbeat. 1195376640 references processed.
Heartbeat. 1199570944 references processed.
Heartbeat. 1203765248 references processed.
Heartbeat. 1207959552 references processed.
Heartbeat. 1212153856 references processed.
Heartbeat. 1216348160 references processed.
Heartbeat. 1220542464 references processed.
Heartbeat. 1224736768 references processed.
Heartbeat. 1228931072 references processed.
Heartbeat. 1233125376 references processed.
Heartbeat. 1237319680 references processed.
Heartbeat. 1241513984 references processed.
Heartbeat. 1245708288 references processed.
Heartbeat. 1249902592 references processed.
Heartbeat. 1254096896 references processed.
Heartbeat. 1258291200 references processed.
Heartbeat. 1262485504 references processed.
Heartbeat. 1266679808 references processed.
Heartbeat. 1270874112 references processed.
Heartbeat. 1275068416 references processed.
Heartbeat. 1279262720 references processed.
Heartbeat. 1283457024 references processed.
Heartbeat. 1287651328 references processed.
Heartbeat. 1291845632 references processed.
Heartbeat. 1296039936 references processed.
Heartbeat. 1300234240 references processed.
Heartbeat. 1304428544 references processed.
Heartbeat. 1308622848 references processed.
Heartbeat. 1312817152 references processed.
Heartbeat. 1317011456 references processed.
Heartbeat. 1321205760 references processed.
Heartbeat. 1325400064 references processed.
Heartbeat. 1329594368 references processed.
Heartbeat. 1333788672 references processed.
Heartbeat. 1337982976 references processed.
Heartbeat. 1342177280 references processed.
Heartbeat. 1346371584 references processed.
Heartbeat. 1350565888 references processed.
Heartbeat. 1354760192 references processed.
Heartbeat. 1358954496 references processed.
Heartbeat. 1363148800 references processed.
Heartbeat. 1367343104 references processed.
Heartbeat. 1371537408 references processed.
Heartbeat. 1375731712 references processed.
Heartbeat. 1379926016 references processed.
Heartbeat. 1384120320 references processed.
Heartbeat. 1388314624 references processed.
Heartbeat. 1392508928 references processed.
Heartbeat. 1396703232 references processed.
Heartbeat. 1400897536 references processed.
Heartbeat. 1405091840 references processed.
Heartbeat. 1409286144 references processed.
Heartbeat. 1413480448 references processed.
Heartbeat. 1417674752 references processed.
Heartbeat. 1421869056 references processed.
Heartbeat. 1426063360 references processed.
Heartbeat. 1430257664 references processed.
Heartbeat. 1434451968 references processed.
Heartbeat. 1438646272 references processed.
Heartbeat. 1442840576 references processed.
Heartbeat. 1447034880 references processed.
Heartbeat. 1451229184 references processed.
Heartbeat. 1455423488 references processed.
Heartbeat. 1459617792 references processed.
Heartbeat. 1463812096 references processed.
Heartbeat. 1468006400 references processed.
Heartbeat. 1472200704 references processed.
Heartbeat. 1476395008 references processed.
Heartbeat. 1480589312 references processed.
Heartbeat. 1484783616 references processed.
Heartbeat. 1488977920 references processed.
Heartbeat. 1493172224 references processed.
Heartbeat. 1497366528 references processed.
Heartbeat. 1501560832 references processed.
Heartbeat. 1505755136 references processed.
Heartbeat. 1509949440 references processed.
Heartbeat. 1514143744 references processed.
Heartbeat. 1518338048 references processed.
Heartbeat. 1522532352 references processed.
Heartbeat. 1526726656 references processed.
Heartbeat. 1530920960 references processed.
Heartbeat. 1535115264 references processed.
Heartbeat. 1539309568 references processed.
Heartbeat. 1543503872 references processed.
Heartbeat. 1547698176 references processed.
Heartbeat. 1551892480 references processed.
Heartbeat. 1556086784 references processed.
Heartbeat. 1560281088 references processed.
Heartbeat. 1564475392 references processed.
Heartbeat. 1568669696 references processed.
Heartbeat. 1572864000 references processed.
Heartbeat. 1577058304 references processed.
Heartbeat. 1581252608 references processed.
Heartbeat. 1585446912 references processed.
Heartbeat. 1589641216 references processed.
Heartbeat. 1593835520 references processed.
Heartbeat. 1598029824 references processed.
Heartbeat. 1602224128 references processed.
Heartbeat. 1606418432 references processed.
Heartbeat. 1610612736 references processed.
Heartbeat. 1614807040 references processed.
Heartbeat. 1619001344 references processed.
Heartbeat. 1623195648 references processed.
Heartbeat. 1627389952 references processed.
Heartbeat. 1631584256 references processed.
Heartbeat. 1635778560 references processed.
Heartbeat. 1639972864 references processed.
Heartbeat. 1644167168 references processed.
Heartbeat. 1648361472 references processed.
Heartbeat. 1652555776 references processed.
Heartbeat. 1656750080 references processed.
Heartbeat. 1660944384 references processed.
Heartbeat. 1665138688 references processed.
Heartbeat. 1669332992 references processed.
Heartbeat. 1673527296 references processed.
Heartbeat. 1677721600 references processed.
Heartbeat. 1681915904 references processed.
Heartbeat. 1686110208 references processed.
Heartbeat. 1690304512 references processed.
Heartbeat. 1694498816 references processed.
Heartbeat. 1698693120 references processed.
Heartbeat. 1702887424 references processed.
Heartbeat. 1707081728 references processed.
Heartbeat. 1711276032 references processed.
Heartbeat. 1715470336 references processed.
Heartbeat. 1719664640 references processed.
Heartbeat. 1723858944 references processed.
Heartbeat. 1728053248 references processed.
Heartbeat. 1732247552 references processed.
Heartbeat. 1736441856 references processed.
Heartbeat. 1740636160 references processed.
Heartbeat. 1744830464 references processed.
Heartbeat. 1749024768 references processed.
Heartbeat. 1753219072 references processed.
Heartbeat. 1757413376 references processed.
Heartbeat. 1761607680 references processed.
Heartbeat. 1765801984 references processed.
Heartbeat. 1769996288 references processed.
Heartbeat. 1774190592 references processed.
Heartbeat. 1778384896 references processed.
Heartbeat. 1782579200 references processed.
Heartbeat. 1786773504 references processed.
Heartbeat. 1790967808 references processed.
Heartbeat. 1795162112 references processed.
Heartbeat. 1799356416 references processed.
Heartbeat. 1803550720 references processed.
Heartbeat. 1807745024 references processed.
Heartbeat. 1811939328 references processed.
Heartbeat. 1816133632 references processed.
Heartbeat. 1820327936 references processed.
Heartbeat. 1824522240 references processed.
Heartbeat. 1828716544 references processed.
Heartbeat. 1832910848 references processed.
Heartbeat. 1837105152 references processed.
Heartbeat. 1841299456 references processed.
Heartbeat. 1845493760 references processed.
Heartbeat. 1849688064 references processed.
Heartbeat. 1853882368 references processed.
Heartbeat. 1858076672 references processed.
Heartbeat. 1862270976 references processed.
Heartbeat. 1866465280 references processed.
Heartbeat. 1870659584 references processed.
Heartbeat. 1874853888 references processed.
Heartbeat. 1879048192 references processed.
Heartbeat. 1883242496 references processed.
Heartbeat. 1887436800 references processed.
Heartbeat. 1891631104 references processed.
Heartbeat. 1895825408 references processed.
Heartbeat. 1900019712 references processed.
Heartbeat. 1904214016 references processed.
Heartbeat. 1908408320 references processed.
Heartbeat. 1912602624 references processed.
Heartbeat. 1916796928 references processed.
Heartbeat. 1920991232 references processed.
Heartbeat. 1925185536 references processed.
Heartbeat. 1929379840 references processed.
Heartbeat. 1933574144 references processed.
Heartbeat. 1937768448 references processed.
Heartbeat. 1941962752 references processed.
Heartbeat. 1946157056 references processed.
Heartbeat. 1950351360 references processed.
Heartbeat. 1954545664 references processed.
Heartbeat. 1958739968 references processed.
Heartbeat. 1962934272 references processed.
Heartbeat. 1967128576 references processed.
Heartbeat. 1971322880 references processed.
Heartbeat. 1975517184 references processed.
Heartbeat. 1979711488 references processed.
Heartbeat. 1983905792 references processed.
Heartbeat. 1988100096 references processed.
Heartbeat. 1992294400 references processed.
Heartbeat. 1996488704 references processed.
Heartbeat. 2000683008 references processed.
Heartbeat. 2004877312 references processed.
Heartbeat. 2009071616 references processed.
Heartbeat. 2013265920 references processed.
Heartbeat. 2017460224 references processed.
Heartbeat. 2021654528 references processed.
Heartbeat. 2025848832 references processed.
Heartbeat. 2030043136 references processed.
Heartbeat. 2034237440 references processed.
Heartbeat. 2038431744 references processed.
Heartbeat. 2042626048 references processed.
Heartbeat. 2046820352 references processed.
Heartbeat. 2051014656 references processed.
Heartbeat. 2055208960 references processed.
Heartbeat. 2059403264 references processed.
Heartbeat. 2063597568 references processed.
Heartbeat. 2067791872 references processed.
Heartbeat. 2071986176 references processed.
Heartbeat. 2076180480 references processed.
Heartbeat. 2080374784 references processed.
Heartbeat. 2084569088 references processed.
Heartbeat. 2088763392 references processed.
Heartbeat. 2092957696 references processed.
Heartbeat. 2097152000 references processed.
Heartbeat. 2101346304 references processed.
Heartbeat. 2105540608 references processed.
Heartbeat. 2109734912 references processed.
Heartbeat. 2113929216 references processed.
Heartbeat. 2118123520 references processed.
Heartbeat. 2122317824 references processed.
Heartbeat. 2126512128 references processed.
Heartbeat. 2130706432 references processed.
Heartbeat. 2134900736 references processed.
Heartbeat. 2139095040 references processed.
Heartbeat. 2143289344 references processed.
Heartbeat. 2147483648 references processed.
Heartbeat. 2151677952 references processed.
Heartbeat. 2155872256 references processed.
Heartbeat. 2160066560 references processed.
Heartbeat. 2164260864 references processed.
Heartbeat. 2168455168 references processed.
Heartbeat. 2172649472 references processed.
Heartbeat. 2176843776 references processed.
Heartbeat. 2181038080 references processed.
Heartbeat. 2185232384 references processed.
Heartbeat. 2189426688 references processed.
Heartbeat. 2193620992 references processed.
Heartbeat. 2197815296 references processed.
Heartbeat. 2202009600 references processed.
Heartbeat. 2206203904 references processed.
Heartbeat. 2210398208 references processed.
Heartbeat. 2214592512 references processed.
Heartbeat. 2218786816 references processed.
Heartbeat. 2222981120 references processed.
Heartbeat. 2227175424 references processed.
Heartbeat. 2231369728 references processed.
Heartbeat. 2235564032 references processed.
Heartbeat. 2239758336 references processed.
Heartbeat. 2243952640 references processed.
Heartbeat. 2248146944 references processed.
Heartbeat. 2252341248 references processed.
Heartbeat. 2256535552 references processed.
Heartbeat. 2260729856 references processed.
Heartbeat. 2264924160 references processed.
Heartbeat. 2269118464 references processed.
Heartbeat. 2273312768 references processed.
Heartbeat. 2277507072 references processed.
Heartbeat. 2281701376 references processed.
Heartbeat. 2285895680 references processed.
Heartbeat. 2290089984 references processed.
Heartbeat. 2294284288 references processed.
Heartbeat. 2298478592 references processed.
Heartbeat. 2302672896 references processed.
Heartbeat. 2306867200 references processed.
Heartbeat. 2311061504 references processed.
Heartbeat. 2315255808 references processed.
Heartbeat. 2319450112 references processed.
Heartbeat. 2323644416 references processed.
Heartbeat. 2327838720 references processed.
Heartbeat. 2332033024 references processed.
Heartbeat. 2336227328 references processed.
Heartbeat. 2340421632 references processed.
Heartbeat. 2344615936 references processed.
Heartbeat. 2348810240 references processed.
Heartbeat. 2353004544 references processed.
Heartbeat. 2357198848 references processed.
Heartbeat. 2361393152 references processed.
Heartbeat. 2365587456 references processed.
Heartbeat. 2369781760 references processed.
Heartbeat. 2373976064 references processed.
Heartbeat. 2378170368 references processed.
Heartbeat. 2382364672 references processed.
Heartbeat. 2386558976 references processed.
Heartbeat. 2390753280 references processed.
Heartbeat. 2394947584 references processed.
Heartbeat. 2399141888 references processed.
Heartbeat. 2403336192 references processed.
Heartbeat. 2407530496 references processed.
Heartbeat. 2411724800 references processed.
Heartbeat. 2415919104 references processed.
Heartbeat. 2420113408 references processed.
Heartbeat. 2424307712 references processed.
Heartbeat. 2428502016 references processed.
Heartbeat. 2432696320 references processed.
Trace is truncated
TLB simulation results:
Core #0 (1 thread(s))
  TLB-L1I stats:
    Hits:                       1625028852
    Misses:                            136
    Invalidations:                       0
    Hits PT level     1:                   0
    Misses PT level   1:                   0
    Hits PT level     2:                   0
    Misses PT level   2:                   0
    Hits PT level     3:                   0
    Misses PT level   3:                   0
    Hits PT level     4:                   0
    Misses PT level   4:                   0
    Hits PT level     5:                   0
    Misses PT level   5:                   0
    Hits PT level     6:                   0
    Misses PT level   6:                   0
    Miss rate:                        0.00%
  TLB-L1D stats:
    Hits:                        580788727
    Misses:                      129116022
    Invalidations:                       0
    Hits PT level     1:                   0
    Misses PT level   1:                   0
    Hits PT level     2:                   0
    Misses PT level   2:                   0
    Hits PT level     3:                   0
    Misses PT level   3:                   0
    Hits PT level     4:                   0
    Misses PT level   4:                   0
    Hits PT level     5:                   0
    Misses PT level   5:                   0
    Hits PT level     6:                   0
    Misses PT level   6:                   0
    Miss rate:                       18.19%
  TLB-LL stats:
    Hits:                         61147670
    Misses:                       67968488
    Invalidations:                       0
    Hits PT level     1:                   0
    Misses PT level   1:                   0
    Hits PT level     2:                   0
    Misses PT level   2:                   0
    Hits PT level     3:                   0
    Misses PT level   3:                   0
    Hits PT level     4:                   0
    Misses PT level   4:                   0
    Hits PT level     5:                   0
    Misses PT level   5:                   0
    Hits PT level     6:                   0
    Misses PT level   6:                   0
    Local miss rate:                 52.64%
    Child hits:                 2205817579
    Total miss rate:                  2.91%
~~~~~~~~~~~~~~~~~~~~~~~~~~~~~~~~~~~~~~~~~~
Cache simulation results:
Core #0 (1 thread(s))
  L1I stats:
    Warmup hits:                  41758164
    Warmup misses:                    1768
    Hits:                       2087521664
    Misses:                          63309
    Invalidations:                       0
    Hits PT level     1:                   0
    Misses PT level   1:                   0
    Hits PT level     2:                   0
    Misses PT level   2:                   0
    Hits PT level     3:                   0
    Misses PT level   3:                   0
    Hits PT level     4:                   0
    Misses PT level   4:                   0
    Hits PT level     5:                   0
    Misses PT level   5:                   0
    Hits PT level     6:                   0
    Misses PT level   6:                   0
    Miss rate:                        0.00%
  L1D stats:
    Warmup hits:                   9459590
    Warmup misses:                 4490026
    Hits:                        489572467
    Misses:                      235602033
    Invalidations:                       0
    Hits PT level     1:                4213
    Misses PT level   1:               40110
    Hits PT level     2:               32555
    Misses PT level   2:              101199
    Hits PT level     3:            40362746
    Misses PT level   3:             6556169
    Hits PT level     4:            15084386
    Misses PT level   4:            32522786
    Hits PT level     5:                   0
    Misses PT level   5:                   0
    Hits PT level     6:                   0
    Misses PT level   6:                   0
    Prefetch hits:                29182554
    Prefetch misses:             245639743
    Miss rate:                       32.49%
  L2 stats:
    Warmup hits:                    256819
    Warmup misses:                 4234975
    Hits:                         22449398
    Misses:                      213215944
    Invalidations:                       0
    Hits PT level     1:               24529
    Misses PT level   1:               15581
    Hits PT level     2:               80322
    Misses PT level   2:               20877
    Hits PT level     3:             6331126
    Misses PT level   3:              225043
    Hits PT level     4:            17023666
    Misses PT level   4:            15499120
    Hits PT level     5:                   0
    Misses PT level   5:                   0
    Hits PT level     6:                   0
    Misses PT level   6:                   0
    Prefetch hits:                34128422
    Prefetch misses:             211511321
    Local miss rate:                 90.47%
    Child hits:                 2661760585
    Total miss rate:                  7.36%
LLC stats:
    Warmup hits:                    372805
    Warmup misses:                 3862170
    Hits:                         34572991
    Misses:                      178642953
    Invalidations:                       0
    Hits PT level     1:               15493
    Misses PT level   1:                  88
    Hits PT level     2:               20585
    Misses PT level   2:                 292
    Hits PT level     3:              199329
    Misses PT level   3:               25714
    Hits PT level     4:            14168808
    Misses PT level   4:             1330312
    Hits PT level     5:                   0
    Misses PT level   5:                   0
    Hits PT level     6:                   0
    Misses PT level   6:                   0
    Prefetch hits:                48219096
    Prefetch misses:             163292225
    Local miss rate:                 83.78%
    Child hits:                   80037463
    Total miss rate:                 60.92%
 PWC 0 stats:
    Warmup hits:                         0
    Warmup misses:                       0
    Hits:                            89503
    Misses:                          44463
    Invalidations:                       0
    Hits PT level     1:                   0
    Misses PT level   1:                   0
    Hits PT level     2:                   0
    Misses PT level   2:                   0
    Hits PT level     3:                   0
    Misses PT level   3:                   0
    Hits PT level     4:                   0
    Misses PT level   4:                   0
    Hits PT level     5:                   0
    Misses PT level   5:                   0
    Hits PT level     6:                   0
    Misses PT level   6:                   0
    Miss rate:                       33.19%
 PWC 1 stats:
    Warmup hits:                         0
    Warmup misses:                       0
    Hits:                         47356665
    Misses:                         133966
    Invalidations:                       0
    Hits PT level     1:                   0
    Misses PT level   1:                   0
    Hits PT level     2:                   0
    Misses PT level   2:                   0
    Hits PT level     3:                   0
    Misses PT level   3:                   0
    Hits PT level     4:                   0
    Misses PT level   4:                   0
    Hits PT level     5:                   0
    Misses PT level   5:                   0
    Hits PT level     6:                   0
    Misses PT level   6:                   0
    Miss rate:                        0.28%
 PWC 2 stats:
    Warmup hits:                         0
    Warmup misses:                       0
    Hits:                         22873862
    Misses:                       25348297
    Invalidations:                       0
    Hits PT level     1:                   0
    Misses PT level   1:                   0
    Hits PT level     2:                   0
    Misses PT level   2:                   0
    Hits PT level     3:                   0
    Misses PT level   3:                   0
    Hits PT level     4:                   0
    Misses PT level   4:                   0
    Hits PT level     5:                   0
    Misses PT level   5:                   0
    Hits PT level     6:                   0
    Misses PT level   6:                   0
    Miss rate:                       52.57%
~~~~~~~~~~~~~~~~~~~~~~~~~~~~~~~~~~~~~~~~~~
num_requests : 2434933737
num_not_found : 0
kernel memory references: 
0,3272272
1,2017041
16,9192867
user memory references: 
0,672182272
1,61652525
16,1686616760
~~~~~~~~~~~~~~~~~~~~~~~~~~~~~~~~~~~~~~~~~~
num_range_found : 0
num_range_not_found : 0
~~~~~~~~~~~~~~~~~~~~~~~~~~~~~~~~~~~~~~~~~~
MEMORY,MEMORY,MEMORY,MEMORY,	11
MEMORY,MEMORY,MEMORY,L1,	2
MEMORY,LLC,L1,L2,	8
MEMORY,LLC,L1,LLC,	2
MEMORY,LLC,L1,ZERO,	14
MEMORY,LLC,L2,MEMORY,	1
MEMORY,LLC,L2,L2,	1
MEMORY,LLC,L2,LLC,	2
MEMORY,LLC,L2,ZERO,	14
MEMORY,LLC,LLC,MEMORY,	1
MEMORY,LLC,LLC,LLC,	25
MEMORY,LLC,LLC,ZERO,	7
L1,MEMORY,MEMORY,ZERO,	1
L1,MEMORY,L2,ZERO,	1
L1,MEMORY,LLC,ZERO,	7
L1,L1,MEMORY,MEMORY,	76
L1,L1,L1,MEMORY,	12
L1,L1,L1,L1,	66
L1,L1,L1,L2,	71
L1,L1,L1,LLC,	28
L1,L1,L1,ZERO,	345
L1,L1,L2,MEMORY,	51
L1,L1,L2,L1,	131
L1,L1,L2,L2,	44
L1,L1,L2,LLC,	1
L1,L1,L2,ZERO,	42
L1,L1,LLC,MEMORY,	209
L1,L1,LLC,L1,	1
L1,L1,LLC,L2,	1
L1,L1,LLC,ZERO,	2
L1,L2,MEMORY,MEMORY,	62
L1,L2,L1,MEMORY,	9
L1,L2,L1,L1,	41
L1,L2,L1,L2,	114
L1,L2,L1,LLC,	15
L1,L2,L1,ZERO,	707
L1,L2,L2,MEMORY,	45
L1,L2,L2,L1,	198
L1,L2,L2,L2,	57
L1,L2,L2,LLC,	8
L1,L2,L2,ZERO,	195
L1,L2,LLC,MEMORY,	223
L1,L2,LLC,L1,	3
L1,L2,LLC,L2,	4
L1,L2,LLC,ZERO,	7
L1,LLC,MEMORY,ZERO,	22
L1,LLC,L1,L2,	2
L1,LLC,L1,LLC,	4
L1,LLC,L1,ZERO,	287
L1,LLC,L2,L1,	1
L1,LLC,L2,L2,	1
L1,LLC,L2,ZERO,	88
L1,LLC,LLC,MEMORY,	2
L1,LLC,LLC,LLC,	2
L1,LLC,LLC,ZERO,	1027
L2,MEMORY,L2,MEMORY,	1
L2,MEMORY,LLC,MEMORY,	4
L2,MEMORY,LLC,L2,	2
L2,MEMORY,LLC,LLC,	1
L2,MEMORY,LLC,ZERO,	2
L2,L1,MEMORY,MEMORY,	265
L2,L1,MEMORY,L1,	2
L2,L1,L1,MEMORY,	21
L2,L1,L1,L1,	216
L2,L1,L1,L2,	173
L2,L1,L1,LLC,	79
L2,L1,L1,ZERO,	696
L2,L1,L2,MEMORY,	306
L2,L1,L2,L1,	663
L2,L1,L2,L2,	183
L2,L1,L2,LLC,	29
L2,L1,L2,ZERO,	106
L2,L1,LLC,MEMORY,	944
L2,L1,LLC,L1,	5
L2,L1,LLC,L2,	8
L2,L1,LLC,LLC,	6
L2,L1,LLC,ZERO,	3
L2,L2,MEMORY,MEMORY,	781
L2,L2,MEMORY,L1,	7
L2,L2,MEMORY,L2,	6
L2,L2,MEMORY,LLC,	2
L2,L2,MEMORY,ZERO,	1
L2,L2,L1,MEMORY,	48
L2,L2,L1,L1,	365
L2,L2,L1,L2,	1091
L2,L2,L1,LLC,	285
L2,L2,L1,ZERO,	6391
L2,L2,L2,MEMORY,	720
L2,L2,L2,L1,	2575
L2,L2,L2,L2,	858
L2,L2,L2,LLC,	101
L2,L2,L2,ZERO,	1809
L2,L2,LLC,MEMORY,	2701
L2,L2,LLC,L1,	57
L2,L2,LLC,L2,	51
L2,L2,LLC,LLC,	29
L2,L2,LLC,ZERO,	63
L2,LLC,MEMORY,MEMORY,	24
L2,LLC,MEMORY,L1,	1
L2,LLC,MEMORY,ZERO,	9
L2,LLC,L1,MEMORY,	1
L2,LLC,L1,L1,	7
L2,LLC,L1,L2,	174
L2,LLC,L1,LLC,	33
L2,LLC,L1,ZERO,	1455
L2,LLC,L2,MEMORY,	5
L2,LLC,L2,L1,	37
L2,LLC,L2,L2,	65
L2,LLC,L2,LLC,	17
L2,LLC,L2,ZERO,	388
L2,LLC,LLC,MEMORY,	49
L2,LLC,LLC,L1,	3
L2,LLC,LLC,L2,	7
L2,LLC,LLC,LLC,	2
L2,LLC,LLC,ZERO,	596
LLC,MEMORY,MEMORY,MEMORY,	3
LLC,MEMORY,MEMORY,L2,	1
LLC,MEMORY,MEMORY,ZERO,	1
LLC,MEMORY,L1,L2,	4
LLC,MEMORY,L1,LLC,	6
LLC,MEMORY,L1,ZERO,	6
LLC,MEMORY,L2,MEMORY,	1
LLC,MEMORY,L2,L1,	1
LLC,MEMORY,L2,L2,	3
LLC,MEMORY,L2,LLC,	1
LLC,MEMORY,L2,ZERO,	2
LLC,MEMORY,LLC,MEMORY,	11
LLC,MEMORY,LLC,L1,	1
LLC,MEMORY,LLC,L2,	5
LLC,MEMORY,LLC,LLC,	54
LLC,MEMORY,LLC,ZERO,	40
LLC,L1,MEMORY,MEMORY,	134
LLC,L1,L1,MEMORY,	11
LLC,L1,L1,L1,	68
LLC,L1,L1,L2,	34
LLC,L1,L1,LLC,	24
LLC,L1,L1,ZERO,	21
LLC,L1,L2,MEMORY,	56
LLC,L1,L2,L1,	209
LLC,L1,L2,L2,	68
LLC,L1,L2,LLC,	10
LLC,L1,L2,ZERO,	7
LLC,L1,LLC,MEMORY,	322
LLC,L1,LLC,LLC,	3
LLC,L2,MEMORY,MEMORY,	487
LLC,L2,MEMORY,L1,	6
LLC,L2,MEMORY,L2,	8
LLC,L2,L1,MEMORY,	14
LLC,L2,L1,L1,	107
LLC,L2,L1,L2,	267
LLC,L2,L1,LLC,	122
LLC,L2,L1,ZERO,	1208
LLC,L2,L2,MEMORY,	248
LLC,L2,L2,L1,	1023
LLC,L2,L2,L2,	300
LLC,L2,L2,LLC,	62
LLC,L2,L2,ZERO,	406
LLC,L2,LLC,MEMORY,	1299
LLC,L2,LLC,L1,	50
LLC,L2,LLC,L2,	38
LLC,L2,LLC,LLC,	16
LLC,L2,LLC,ZERO,	28
LLC,LLC,MEMORY,MEMORY,	66
LLC,LLC,MEMORY,L1,	2
LLC,LLC,MEMORY,L2,	2
LLC,LLC,MEMORY,LLC,	33
LLC,LLC,MEMORY,ZERO,	78
LLC,LLC,L1,MEMORY,	5
LLC,LLC,L1,L1,	32
LLC,LLC,L1,L2,	557
LLC,LLC,L1,LLC,	176
LLC,LLC,L1,ZERO,	3166
LLC,LLC,L2,MEMORY,	21
LLC,LLC,L2,L1,	39
LLC,LLC,L2,L2,	210
LLC,LLC,L2,LLC,	82
LLC,LLC,L2,ZERO,	1052
LLC,LLC,LLC,MEMORY,	144
LLC,LLC,LLC,L1,	11
LLC,LLC,LLC,L2,	34
LLC,LLC,LLC,LLC,	1449
LLC,LLC,LLC,ZERO,	1538
PWC,MEMORY,MEMORY,MEMORY,	20
PWC,MEMORY,MEMORY,ZERO,	4
PWC,MEMORY,L1,ZERO,	1
PWC,MEMORY,L2,MEMORY,	9
PWC,MEMORY,L2,L1,	4
PWC,MEMORY,L2,L2,	1
PWC,MEMORY,L2,ZERO,	1
PWC,MEMORY,LLC,MEMORY,	58
PWC,MEMORY,LLC,LLC,	2
PWC,MEMORY,LLC,ZERO,	20
PWC,L1,MEMORY,MEMORY,	3417
PWC,L1,MEMORY,L1,	10
PWC,L1,MEMORY,L2,	8
PWC,L1,MEMORY,LLC,	23
PWC,L1,L1,MEMORY,	193
PWC,L1,L1,L1,	1098
PWC,L1,L1,L2,	380
PWC,L1,L1,LLC,	157
PWC,L1,L1,ZERO,	205
PWC,L1,L2,MEMORY,	2170
PWC,L1,L2,L1,	5558
PWC,L1,L2,L2,	1177
PWC,L1,L2,LLC,	88
PWC,L1,L2,ZERO,	85
PWC,L1,LLC,MEMORY,	10512
PWC,L1,LLC,L1,	53
PWC,L1,LLC,L2,	48
PWC,L1,LLC,LLC,	1615
PWC,L1,LLC,ZERO,	6
PWC,L2,MEMORY,MEMORY,	7353
PWC,L2,MEMORY,L1,	63
PWC,L2,MEMORY,L2,	49
PWC,L2,MEMORY,LLC,	5
PWC,L2,MEMORY,ZERO,	4
PWC,L2,L1,MEMORY,	136
PWC,L2,L1,L1,	1120
PWC,L2,L1,L2,	219
PWC,L2,L1,LLC,	6
PWC,L2,L1,ZERO,	1491
PWC,L2,L2,MEMORY,	4298
PWC,L2,L2,L1,	13313
PWC,L2,L2,L2,	2764
PWC,L2,L2,LLC,	68
PWC,L2,L2,ZERO,	351
PWC,L2,LLC,MEMORY,	22920
PWC,L2,LLC,L1,	367
PWC,L2,LLC,L2,	321
PWC,L2,LLC,LLC,	145
PWC,L2,LLC,ZERO,	11
PWC,LLC,MEMORY,MEMORY,	932
PWC,LLC,MEMORY,L1,	3
PWC,LLC,MEMORY,L2,	15
PWC,LLC,MEMORY,LLC,	2
PWC,LLC,MEMORY,ZERO,	56
PWC,LLC,L1,MEMORY,	4
PWC,LLC,L1,L1,	6
PWC,LLC,L1,L2,	4
PWC,LLC,L1,LLC,	12
PWC,LLC,L1,ZERO,	2492
PWC,LLC,L2,MEMORY,	82
PWC,LLC,L2,L1,	138
PWC,LLC,L2,L2,	46
PWC,LLC,L2,LLC,	7
PWC,LLC,L2,ZERO,	582
PWC,LLC,LLC,MEMORY,	1444
PWC,LLC,LLC,L1,	38
PWC,LLC,LLC,L2,	67
PWC,LLC,LLC,LLC,	10
PWC,LLC,LLC,ZERO,	1564
ZERO,PWC,MEMORY,MEMORY,	7038
ZERO,PWC,MEMORY,L1,	105
ZERO,PWC,MEMORY,L2,	1525
ZERO,PWC,MEMORY,LLC,	1402
ZERO,PWC,MEMORY,ZERO,	1587
ZERO,PWC,L1,MEMORY,	775039
ZERO,PWC,L1,L1,	686487
ZERO,PWC,L1,L2,	9601424
ZERO,PWC,L1,LLC,	9413733
ZERO,PWC,L1,ZERO,	19859951
ZERO,PWC,L2,MEMORY,	174009
ZERO,PWC,L2,L1,	198092
ZERO,PWC,L2,L2,	2004581
ZERO,PWC,L2,LLC,	2003659
ZERO,PWC,L2,ZERO,	1907498
ZERO,PWC,LLC,MEMORY,	28810
ZERO,PWC,LLC,L1,	2285
ZERO,PWC,LLC,L2,	36933
ZERO,PWC,LLC,LLC,	33606
ZERO,PWC,LLC,ZERO,	47397
ZERO,ZERO,PWC,MEMORY,	282474
ZERO,ZERO,PWC,L1,	14169716
ZERO,ZERO,PWC,L2,	5369652
ZERO,ZERO,PWC,LLC,	2711559
