Initialising a TLB with size: 128
Initialising a TLB with size: 64
Initialising a TLB with size: 2048
Initialising PT from file: 
Initialising memory references from file: /start_point/data1/collect_trace_fast/radix/radix_never_graphbig_dfs_walk_log.bin
Initialising a cache with size: 25165824 with assoc: 12 with line size: 64
Initialising for core 0
Initialising L2 cache with size: 1310720 with assoc: 20 with line size: 64
Initialising L1 I cache with size: 32768 with assoc: 8 with line size: 64
Initialising L1 D cache with size: 49152 with assoc: 12 with line size: 64
Initialising a cache with size: 1310720 with assoc: 20 with line size: 64
Initialising a cache with size: 32768 with assoc: 8 with line size: 64
Initialising a cache with size: 49152 with assoc: 12 with line size: 64
Initialising PW cache with size: 2 with assoc: 1 with line size: 64
Initialising a cache with size: 2 with assoc: 1 with line size: 1
Initialising PW cache with size: 4 with assoc: 4 with line size: 64
Initialising a cache with size: 4 with assoc: 4 with line size: 1
Initialising PW cache with size: 32 with assoc: 4 with line size: 64
Initialising a cache with size: 32 with assoc: 4 with line size: 1
op_qemu_mem_trace=/start_point/data1/collect_trace_fast/radix/radix_never_graphbig_dfs_walk_log.bin
creating qemu_file_reader_t for /start_point/data1/collect_trace_fast/radix/radix_never_graphbig_dfs_walk_log.bin with verbosity 0 and arch 0
Done with qemu tracer
Heartbeat. 4194304 references processed.
Heartbeat. 8388608 references processed.
Heartbeat. 12582912 references processed.
Heartbeat. 16777216 references processed.
Heartbeat. 20971520 references processed.
Heartbeat. 25165824 references processed.
Heartbeat. 29360128 references processed.
Heartbeat. 33554432 references processed.
Heartbeat. 37748736 references processed.
Heartbeat. 41943040 references processed.
Heartbeat. 46137344 references processed.
Cache simulation warmed up
Heartbeat. 50331648 references processed.
Heartbeat. 54525952 references processed.
Heartbeat. 58720256 references processed.
Heartbeat. 62914560 references processed.
Heartbeat. 67108864 references processed.
Heartbeat. 71303168 references processed.
Heartbeat. 75497472 references processed.
Heartbeat. 79691776 references processed.
Heartbeat. 83886080 references processed.
Heartbeat. 88080384 references processed.
Heartbeat. 92274688 references processed.
Heartbeat. 96468992 references processed.
Finished warmup of TLB
Heartbeat. 100663296 references processed.
Heartbeat. 104857600 references processed.
Heartbeat. 109051904 references processed.
Heartbeat. 113246208 references processed.
Heartbeat. 117440512 references processed.
Heartbeat. 121634816 references processed.
Heartbeat. 125829120 references processed.
Heartbeat. 130023424 references processed.
Heartbeat. 134217728 references processed.
Heartbeat. 138412032 references processed.
Heartbeat. 142606336 references processed.
Heartbeat. 146800640 references processed.
Heartbeat. 150994944 references processed.
Heartbeat. 155189248 references processed.
Heartbeat. 159383552 references processed.
Heartbeat. 163577856 references processed.
Heartbeat. 167772160 references processed.
Heartbeat. 171966464 references processed.
Heartbeat. 176160768 references processed.
Heartbeat. 180355072 references processed.
Heartbeat. 184549376 references processed.
Heartbeat. 188743680 references processed.
Heartbeat. 192937984 references processed.
Heartbeat. 197132288 references processed.
Heartbeat. 201326592 references processed.
Heartbeat. 205520896 references processed.
Heartbeat. 209715200 references processed.
Heartbeat. 213909504 references processed.
Heartbeat. 218103808 references processed.
Heartbeat. 222298112 references processed.
Heartbeat. 226492416 references processed.
Heartbeat. 230686720 references processed.
Heartbeat. 234881024 references processed.
Heartbeat. 239075328 references processed.
Heartbeat. 243269632 references processed.
Heartbeat. 247463936 references processed.
Heartbeat. 251658240 references processed.
Heartbeat. 255852544 references processed.
Heartbeat. 260046848 references processed.
Heartbeat. 264241152 references processed.
Heartbeat. 268435456 references processed.
Heartbeat. 272629760 references processed.
Heartbeat. 276824064 references processed.
Heartbeat. 281018368 references processed.
Heartbeat. 285212672 references processed.
Heartbeat. 289406976 references processed.
Heartbeat. 293601280 references processed.
Heartbeat. 297795584 references processed.
Heartbeat. 301989888 references processed.
Heartbeat. 306184192 references processed.
Heartbeat. 310378496 references processed.
Heartbeat. 314572800 references processed.
Heartbeat. 318767104 references processed.
Heartbeat. 322961408 references processed.
Heartbeat. 327155712 references processed.
Heartbeat. 331350016 references processed.
Heartbeat. 335544320 references processed.
Heartbeat. 339738624 references processed.
Heartbeat. 343932928 references processed.
Heartbeat. 348127232 references processed.
Heartbeat. 352321536 references processed.
Heartbeat. 356515840 references processed.
Heartbeat. 360710144 references processed.
Heartbeat. 364904448 references processed.
Heartbeat. 369098752 references processed.
Heartbeat. 373293056 references processed.
Heartbeat. 377487360 references processed.
Heartbeat. 381681664 references processed.
Heartbeat. 385875968 references processed.
Heartbeat. 390070272 references processed.
Heartbeat. 394264576 references processed.
Heartbeat. 398458880 references processed.
Heartbeat. 402653184 references processed.
Heartbeat. 406847488 references processed.
Heartbeat. 411041792 references processed.
Heartbeat. 415236096 references processed.
Heartbeat. 419430400 references processed.
Heartbeat. 423624704 references processed.
Heartbeat. 427819008 references processed.
Heartbeat. 432013312 references processed.
Heartbeat. 436207616 references processed.
Heartbeat. 440401920 references processed.
Heartbeat. 444596224 references processed.
Heartbeat. 448790528 references processed.
Heartbeat. 452984832 references processed.
Heartbeat. 457179136 references processed.
Heartbeat. 461373440 references processed.
Heartbeat. 465567744 references processed.
Heartbeat. 469762048 references processed.
Heartbeat. 473956352 references processed.
Heartbeat. 478150656 references processed.
Heartbeat. 482344960 references processed.
Heartbeat. 486539264 references processed.
Heartbeat. 490733568 references processed.
Heartbeat. 494927872 references processed.
Heartbeat. 499122176 references processed.
Heartbeat. 503316480 references processed.
Heartbeat. 507510784 references processed.
Heartbeat. 511705088 references processed.
Heartbeat. 515899392 references processed.
Heartbeat. 520093696 references processed.
Heartbeat. 524288000 references processed.
Heartbeat. 528482304 references processed.
Heartbeat. 532676608 references processed.
Heartbeat. 536870912 references processed.
Heartbeat. 541065216 references processed.
Heartbeat. 545259520 references processed.
Heartbeat. 549453824 references processed.
Heartbeat. 553648128 references processed.
Heartbeat. 557842432 references processed.
Heartbeat. 562036736 references processed.
Heartbeat. 566231040 references processed.
Heartbeat. 570425344 references processed.
Heartbeat. 574619648 references processed.
Heartbeat. 578813952 references processed.
Heartbeat. 583008256 references processed.
Heartbeat. 587202560 references processed.
Heartbeat. 591396864 references processed.
Heartbeat. 595591168 references processed.
Heartbeat. 599785472 references processed.
Heartbeat. 603979776 references processed.
Heartbeat. 608174080 references processed.
Heartbeat. 612368384 references processed.
Heartbeat. 616562688 references processed.
Heartbeat. 620756992 references processed.
Heartbeat. 624951296 references processed.
Heartbeat. 629145600 references processed.
Heartbeat. 633339904 references processed.
Heartbeat. 637534208 references processed.
Heartbeat. 641728512 references processed.
Heartbeat. 645922816 references processed.
Heartbeat. 650117120 references processed.
Heartbeat. 654311424 references processed.
Heartbeat. 658505728 references processed.
Heartbeat. 662700032 references processed.
Heartbeat. 666894336 references processed.
Heartbeat. 671088640 references processed.
Heartbeat. 675282944 references processed.
Heartbeat. 679477248 references processed.
Heartbeat. 683671552 references processed.
Heartbeat. 687865856 references processed.
Heartbeat. 692060160 references processed.
Heartbeat. 696254464 references processed.
Heartbeat. 700448768 references processed.
Heartbeat. 704643072 references processed.
Heartbeat. 708837376 references processed.
Heartbeat. 713031680 references processed.
Heartbeat. 717225984 references processed.
Heartbeat. 721420288 references processed.
Heartbeat. 725614592 references processed.
Heartbeat. 729808896 references processed.
Heartbeat. 734003200 references processed.
Heartbeat. 738197504 references processed.
Heartbeat. 742391808 references processed.
Heartbeat. 746586112 references processed.
Heartbeat. 750780416 references processed.
Heartbeat. 754974720 references processed.
Heartbeat. 759169024 references processed.
Heartbeat. 763363328 references processed.
Heartbeat. 767557632 references processed.
Heartbeat. 771751936 references processed.
Heartbeat. 775946240 references processed.
Heartbeat. 780140544 references processed.
Heartbeat. 784334848 references processed.
Heartbeat. 788529152 references processed.
Heartbeat. 792723456 references processed.
Heartbeat. 796917760 references processed.
Heartbeat. 801112064 references processed.
Heartbeat. 805306368 references processed.
Heartbeat. 809500672 references processed.
Heartbeat. 813694976 references processed.
Heartbeat. 817889280 references processed.
Heartbeat. 822083584 references processed.
Heartbeat. 826277888 references processed.
Heartbeat. 830472192 references processed.
Heartbeat. 834666496 references processed.
Heartbeat. 838860800 references processed.
Heartbeat. 843055104 references processed.
Heartbeat. 847249408 references processed.
Heartbeat. 851443712 references processed.
Heartbeat. 855638016 references processed.
Heartbeat. 859832320 references processed.
Heartbeat. 864026624 references processed.
Heartbeat. 868220928 references processed.
Heartbeat. 872415232 references processed.
Heartbeat. 876609536 references processed.
Heartbeat. 880803840 references processed.
Heartbeat. 884998144 references processed.
Heartbeat. 889192448 references processed.
Heartbeat. 893386752 references processed.
Heartbeat. 897581056 references processed.
Heartbeat. 901775360 references processed.
Heartbeat. 905969664 references processed.
Heartbeat. 910163968 references processed.
Heartbeat. 914358272 references processed.
Heartbeat. 918552576 references processed.
Heartbeat. 922746880 references processed.
Heartbeat. 926941184 references processed.
Heartbeat. 931135488 references processed.
Heartbeat. 935329792 references processed.
Heartbeat. 939524096 references processed.
Heartbeat. 943718400 references processed.
Heartbeat. 947912704 references processed.
Heartbeat. 952107008 references processed.
Heartbeat. 956301312 references processed.
Heartbeat. 960495616 references processed.
Heartbeat. 964689920 references processed.
Heartbeat. 968884224 references processed.
Heartbeat. 973078528 references processed.
Heartbeat. 977272832 references processed.
Heartbeat. 981467136 references processed.
Heartbeat. 985661440 references processed.
Heartbeat. 989855744 references processed.
Heartbeat. 994050048 references processed.
Heartbeat. 998244352 references processed.
Heartbeat. 1002438656 references processed.
Heartbeat. 1006632960 references processed.
Heartbeat. 1010827264 references processed.
Heartbeat. 1015021568 references processed.
Heartbeat. 1019215872 references processed.
Heartbeat. 1023410176 references processed.
Heartbeat. 1027604480 references processed.
Heartbeat. 1031798784 references processed.
Heartbeat. 1035993088 references processed.
Heartbeat. 1040187392 references processed.
Heartbeat. 1044381696 references processed.
Heartbeat. 1048576000 references processed.
Heartbeat. 1052770304 references processed.
Heartbeat. 1056964608 references processed.
Heartbeat. 1061158912 references processed.
Heartbeat. 1065353216 references processed.
Heartbeat. 1069547520 references processed.
Heartbeat. 1073741824 references processed.
Heartbeat. 1077936128 references processed.
Heartbeat. 1082130432 references processed.
Heartbeat. 1086324736 references processed.
Heartbeat. 1090519040 references processed.
Heartbeat. 1094713344 references processed.
Heartbeat. 1098907648 references processed.
Heartbeat. 1103101952 references processed.
Heartbeat. 1107296256 references processed.
Heartbeat. 1111490560 references processed.
Heartbeat. 1115684864 references processed.
Trace is truncated
TLB simulation results:
Core #0 (1 thread(s))
  TLB-L1I stats:
    Hits:                        681702820
    Misses:                          17356
    Invalidations:                       0
    Hits PT level     1:                   0
    Misses PT level   1:                   0
    Hits PT level     2:                   0
    Misses PT level   2:                   0
    Hits PT level     3:                   0
    Misses PT level   3:                   0
    Hits PT level     4:                   0
    Misses PT level   4:                   0
    Hits PT level     5:                   0
    Misses PT level   5:                   0
    Hits PT level     6:                   0
    Misses PT level   6:                   0
    Miss rate:                        0.00%
  TLB-L1D stats:
    Hits:                        272408965
    Misses:                       63841935
    Invalidations:                       0
    Hits PT level     1:                   0
    Misses PT level   1:                   0
    Hits PT level     2:                   0
    Misses PT level   2:                   0
    Hits PT level     3:                   0
    Misses PT level   3:                   0
    Hits PT level     4:                   0
    Misses PT level   4:                   0
    Hits PT level     5:                   0
    Misses PT level   5:                   0
    Hits PT level     6:                   0
    Misses PT level   6:                   0
    Miss rate:                       18.99%
  TLB-LL stats:
    Hits:                         25389900
    Misses:                       38469391
    Invalidations:                       0
    Hits PT level     1:                   0
    Misses PT level   1:                   0
    Hits PT level     2:                   0
    Misses PT level   2:                   0
    Hits PT level     3:                   0
    Misses PT level   3:                   0
    Hits PT level     4:                   0
    Misses PT level   4:                   0
    Hits PT level     5:                   0
    Misses PT level   5:                   0
    Hits PT level     6:                   0
    Misses PT level   6:                   0
    Local miss rate:                 60.24%
    Child hits:                  954111785
    Total miss rate:                  3.78%
~~~~~~~~~~~~~~~~~~~~~~~~~~~~~~~~~~~~~~~~~~
Cache simulation results:
Core #0 (1 thread(s))
  L1I stats:
    Warmup hits:                  39800359
    Warmup misses:                   53028
    Hits:                        835822273
    Misses:                          64334
    Invalidations:                       0
    Hits PT level     1:                   0
    Misses PT level   1:                   0
    Hits PT level     2:                   0
    Misses PT level   2:                   0
    Hits PT level     3:                   0
    Misses PT level   3:                   0
    Hits PT level     4:                   0
    Misses PT level   4:                   0
    Hits PT level     5:                   0
    Misses PT level   5:                   0
    Hits PT level     6:                   0
    Misses PT level   6:                   0
    Miss rate:                        0.01%
  L1D stats:
    Warmup hits:                  13122422
    Warmup misses:                 3824203
    Hits:                        242398901
    Misses:                      110345579
    Invalidations:                       0
    Hits PT level     1:                 212
    Misses PT level   1:                2704
    Hits PT level     2:              344520
    Misses PT level   2:              282634
    Hits PT level     3:            16014831
    Misses PT level   3:             4446973
    Hits PT level     4:            11349750
    Misses PT level   4:            28868916
    Hits PT level     5:                   0
    Misses PT level   5:                   0
    Hits PT level     6:                   0
    Misses PT level   6:                   0
    Prefetch hits:                16237187
    Prefetch misses:             127709619
    Miss rate:                       31.28%
  L2 stats:
    Warmup hits:                    421936
    Warmup misses:                 3455295
    Hits:                         16972970
    Misses:                       93436943
    Invalidations:                       0
    Hits PT level     1:                 312
    Misses PT level   1:                2392
    Hits PT level     2:              278624
    Misses PT level   2:                4010
    Hits PT level     3:             3924133
    Misses PT level   3:              522840
    Hits PT level     4:            15750485
    Misses PT level   4:            13118431
    Hits PT level     5:                   0
    Misses PT level   5:                   0
    Hits PT level     6:                   0
    Misses PT level   6:                   0
    Prefetch hits:                29018906
    Prefetch misses:              98690713
    Local miss rate:                 84.63%
    Child hits:                 1122167674
    Total miss rate:                  7.58%
LLC stats:
    Warmup hits:                    520293
    Warmup misses:                 2935002
    Hits:                         15274880
    Misses:                       78162063
    Invalidations:                       0
    Hits PT level     1:                2270
    Misses PT level   1:                 122
    Hits PT level     2:                3653
    Misses PT level   2:                 357
    Hits PT level     3:              506756
    Misses PT level   3:               16084
    Hits PT level     4:            11727376
    Misses PT level   4:             1391055
    Hits PT level     5:                   0
    Misses PT level   5:                   0
    Hits PT level     6:                   0
    Misses PT level   6:                   0
    Prefetch hits:                26945580
    Prefetch misses:              71745133
    Local miss rate:                 83.65%
    Child hits:                   65945430
    Total miss rate:                 49.04%
 PWC 0 stats:
    Warmup hits:                         0
    Warmup misses:                       0
    Hits:                           635636
    Misses:                           6800
    Invalidations:                       0
    Hits PT level     1:                   0
    Misses PT level   1:                   0
    Hits PT level     2:                   0
    Misses PT level   2:                   0
    Hits PT level     3:                   0
    Misses PT level   3:                   0
    Hits PT level     4:                   0
    Misses PT level   4:                   0
    Hits PT level     5:                   0
    Misses PT level   5:                   0
    Hits PT level     6:                   0
    Misses PT level   6:                   0
    Miss rate:                        1.06%
 PWC 1 stats:
    Warmup hits:                         0
    Warmup misses:                       0
    Hits:                         20519111
    Misses:                         642436
    Invalidations:                       0
    Hits PT level     1:                   0
    Misses PT level   1:                   0
    Hits PT level     2:                   0
    Misses PT level   2:                   0
    Hits PT level     3:                   0
    Misses PT level   3:                   0
    Hits PT level     4:                   0
    Misses PT level   4:                   0
    Hits PT level     5:                   0
    Misses PT level   5:                   0
    Hits PT level     6:                   0
    Misses PT level   6:                   0
    Miss rate:                        3.04%
 PWC 2 stats:
    Warmup hits:                         0
    Warmup misses:                       0
    Hits:                         20479331
    Misses:                       21127214
    Invalidations:                       0
    Hits PT level     1:                   0
    Misses PT level   1:                   0
    Hits PT level     2:                   0
    Misses PT level   2:                   0
    Hits PT level     3:                   0
    Misses PT level   3:                   0
    Hits PT level     4:                   0
    Misses PT level   4:                   0
    Hits PT level     5:                   0
    Misses PT level   5:                   0
    Hits PT level     6:                   0
    Misses PT level   6:                   0
    Miss rate:                       50.78%
~~~~~~~~~~~~~~~~~~~~~~~~~~~~~~~~~~~~~~~~~~
num_requests : 1117971076
num_not_found : 0
kernel memory references: 
0,3075469
1,2398382
16,9498066
user memory references: 
0,298698252
1,65518998
16,738781909
~~~~~~~~~~~~~~~~~~~~~~~~~~~~~~~~~~~~~~~~~~
num_range_found : 0
num_range_not_found : 0
~~~~~~~~~~~~~~~~~~~~~~~~~~~~~~~~~~~~~~~~~~
MEMORY,MEMORY,MEMORY,MEMORY,	6
MEMORY,MEMORY,MEMORY,ZERO,	3
MEMORY,MEMORY,LLC,MEMORY,	1
MEMORY,MEMORY,LLC,LLC,	3
MEMORY,MEMORY,LLC,ZERO,	4
MEMORY,L1,L1,L1,	2
MEMORY,L1,L1,LLC,	1
MEMORY,L1,L2,MEMORY,	4
MEMORY,L1,L2,L1,	1
MEMORY,L1,L2,L2,	5
MEMORY,L1,LLC,MEMORY,	6
MEMORY,L2,MEMORY,MEMORY,	1
MEMORY,L2,L1,L1,	1
MEMORY,L2,L1,L2,	6
MEMORY,L2,L2,MEMORY,	1
MEMORY,L2,L2,L1,	2
MEMORY,L2,L2,L2,	5
MEMORY,L2,L2,LLC,	2
MEMORY,L2,L2,ZERO,	1
MEMORY,L2,LLC,MEMORY,	6
MEMORY,L2,LLC,ZERO,	2
MEMORY,LLC,MEMORY,LLC,	1
MEMORY,LLC,MEMORY,ZERO,	2
MEMORY,LLC,L2,L2,	1
MEMORY,LLC,LLC,MEMORY,	3
MEMORY,LLC,LLC,LLC,	26
MEMORY,LLC,LLC,ZERO,	26
L1,MEMORY,LLC,LLC,	1
L1,L1,L1,L1,	48
L1,L1,L1,L2,	1
L1,L1,LLC,MEMORY,	1
L1,L1,LLC,ZERO,	7
L1,L2,MEMORY,ZERO,	1
L1,L2,L1,L1,	32
L1,L2,L1,L2,	3
L1,L2,L2,ZERO,	11
L1,L2,LLC,ZERO,	37
L1,LLC,L2,ZERO,	25
L1,LLC,LLC,ZERO,	45
L2,L1,L1,MEMORY,	2
L2,L1,L1,L1,	45
L2,L1,L1,L2,	4
L2,L1,L1,LLC,	1
L2,L1,L2,L1,	2
L2,L1,L2,L2,	1
L2,L1,L2,ZERO,	2
L2,L1,LLC,MEMORY,	2
L2,L2,L1,L1,	29
L2,L2,L1,L2,	4
L2,L2,L1,LLC,	5
L2,L2,L2,MEMORY,	3
L2,L2,L2,L1,	2
L2,L2,L2,L2,	5
L2,L2,L2,LLC,	4
L2,L2,L2,ZERO,	50
L2,L2,LLC,MEMORY,	3
L2,L2,LLC,ZERO,	50
L2,LLC,MEMORY,LLC,	1
L2,LLC,MEMORY,ZERO,	1
L2,LLC,L2,ZERO,	24
L2,LLC,LLC,LLC,	1
L2,LLC,LLC,ZERO,	71
LLC,MEMORY,MEMORY,MEMORY,	5
LLC,MEMORY,MEMORY,LLC,	5
LLC,MEMORY,MEMORY,ZERO,	5
LLC,MEMORY,L2,ZERO,	2
LLC,MEMORY,LLC,MEMORY,	11
LLC,MEMORY,LLC,LLC,	66
LLC,MEMORY,LLC,ZERO,	62
LLC,L1,MEMORY,MEMORY,	4
LLC,L1,L1,MEMORY,	2
LLC,L1,L1,L1,	27
LLC,L1,L1,L2,	17
LLC,L1,L1,LLC,	11
LLC,L1,L2,MEMORY,	28
LLC,L1,L2,L1,	36
LLC,L1,L2,L2,	33
LLC,L1,L2,LLC,	5
LLC,L1,LLC,MEMORY,	99
LLC,L1,LLC,LLC,	5
LLC,L2,MEMORY,MEMORY,	2
LLC,L2,L1,MEMORY,	3
LLC,L2,L1,L1,	19
LLC,L2,L1,L2,	54
LLC,L2,L1,LLC,	38
LLC,L2,L2,MEMORY,	53
LLC,L2,L2,L1,	35
LLC,L2,L2,L2,	39
LLC,L2,L2,LLC,	20
LLC,L2,L2,ZERO,	26
LLC,L2,LLC,MEMORY,	135
LLC,L2,LLC,L2,	4
LLC,L2,LLC,LLC,	4
LLC,L2,LLC,ZERO,	43
LLC,LLC,MEMORY,MEMORY,	8
LLC,LLC,MEMORY,LLC,	40
LLC,LLC,MEMORY,ZERO,	38
LLC,LLC,L2,ZERO,	38
LLC,LLC,LLC,MEMORY,	43
LLC,LLC,LLC,LLC,	463
LLC,LLC,LLC,ZERO,	742
PWC,MEMORY,MEMORY,MEMORY,	1
PWC,MEMORY,MEMORY,ZERO,	2
PWC,MEMORY,L1,L1,	10
PWC,MEMORY,L1,L2,	45
PWC,MEMORY,L2,MEMORY,	8
PWC,MEMORY,L2,L1,	6
PWC,MEMORY,L2,L2,	29
PWC,MEMORY,L2,LLC,	1
PWC,MEMORY,LLC,MEMORY,	43
PWC,MEMORY,LLC,L2,	4
PWC,MEMORY,LLC,LLC,	1
PWC,MEMORY,LLC,ZERO,	33
PWC,L1,MEMORY,MEMORY,	5040
PWC,L1,MEMORY,L2,	25
PWC,L1,MEMORY,LLC,	51
PWC,L1,MEMORY,ZERO,	63
PWC,L1,L1,MEMORY,	1894
PWC,L1,L1,L1,	4473
PWC,L1,L1,L2,	13439
PWC,L1,L1,LLC,	439
PWC,L1,L2,MEMORY,	82310
PWC,L1,L2,L1,	4222
PWC,L1,L2,L2,	20608
PWC,L1,L2,LLC,	4732
PWC,L1,L2,ZERO,	43
PWC,L1,LLC,MEMORY,	198547
PWC,L1,LLC,L1,	19
PWC,L1,LLC,L2,	1048
PWC,L1,LLC,LLC,	6455
PWC,L1,LLC,ZERO,	710
PWC,L2,MEMORY,MEMORY,	3756
PWC,L2,MEMORY,L1,	5
PWC,L2,MEMORY,L2,	13
PWC,L2,MEMORY,LLC,	32
PWC,L2,MEMORY,ZERO,	1
PWC,L2,L1,MEMORY,	930
PWC,L2,L1,L1,	7335
PWC,L2,L1,L2,	40245
PWC,L2,L1,LLC,	774
PWC,L2,L1,ZERO,	1
PWC,L2,L2,MEMORY,	56443
PWC,L2,L2,L1,	2779
PWC,L2,L2,L2,	18560
PWC,L2,L2,LLC,	3350
PWC,L2,L2,ZERO,	18
PWC,L2,LLC,MEMORY,	137424
PWC,L2,LLC,L1,	128
PWC,L2,LLC,L2,	1298
PWC,L2,LLC,LLC,	4783
PWC,L2,LLC,ZERO,	8
PWC,LLC,MEMORY,MEMORY,	3
PWC,LLC,MEMORY,L2,	2
PWC,LLC,MEMORY,ZERO,	32
PWC,LLC,L1,MEMORY,	4
PWC,LLC,L1,L1,	123
PWC,LLC,L1,L2,	679
PWC,LLC,L1,LLC,	14
PWC,LLC,L2,MEMORY,	63
PWC,LLC,L2,L1,	41
PWC,LLC,L2,L2,	259
PWC,LLC,L2,LLC,	5
PWC,LLC,L2,ZERO,	13
PWC,LLC,LLC,MEMORY,	137
PWC,LLC,LLC,L1,	4
PWC,LLC,LLC,L2,	17
PWC,LLC,LLC,LLC,	5
PWC,LLC,LLC,ZERO,	653
ZERO,PWC,MEMORY,MEMORY,	3430
ZERO,PWC,MEMORY,L1,	71
ZERO,PWC,MEMORY,L2,	1328
ZERO,PWC,MEMORY,LLC,	1894
ZERO,PWC,MEMORY,ZERO,	212
ZERO,PWC,L1,MEMORY,	416871
ZERO,PWC,L1,L1,	1003023
ZERO,PWC,L1,L2,	6348617
ZERO,PWC,L1,LLC,	8156569
ZERO,PWC,L1,ZERO,	18991
ZERO,PWC,L2,MEMORY,	160419
ZERO,PWC,L2,L1,	184557
ZERO,PWC,L2,L2,	1363865
ZERO,PWC,L2,LLC,	2020784
ZERO,PWC,L2,ZERO,	552
ZERO,PWC,LLC,MEMORY,	131607
ZERO,PWC,LLC,L1,	617
ZERO,PWC,LLC,L2,	6641
ZERO,PWC,LLC,LLC,	11708
ZERO,PWC,LLC,ZERO,	2894
ZERO,ZERO,PWC,MEMORY,	191693
ZERO,ZERO,PWC,L1,	10142056
ZERO,ZERO,PWC,L2,	7933581
ZERO,ZERO,PWC,LLC,	1515076
