Initialising a TLB with size: 128
Initialising a TLB with size: 64
Initialising a TLB with size: 2048
Initialising PT from file: 
Initialising memory references from file: /start_point/data2/collect_trace_fast/radix/radix_always_graphbig_cc_walk_log.bin
Initialising a cache with size: 25165824 with assoc: 12 with line size: 64
Initialising for core 0
Initialising L2 cache with size: 1310720 with assoc: 20 with line size: 64
Initialising L1 I cache with size: 32768 with assoc: 8 with line size: 64
Initialising L1 D cache with size: 49152 with assoc: 12 with line size: 64
Initialising a cache with size: 1310720 with assoc: 20 with line size: 64
Initialising a cache with size: 32768 with assoc: 8 with line size: 64
Initialising a cache with size: 49152 with assoc: 12 with line size: 64
Initialising PW cache with size: 2 with assoc: 1 with line size: 64
Initialising a cache with size: 2 with assoc: 1 with line size: 1
Initialising PW cache with size: 4 with assoc: 4 with line size: 64
Initialising a cache with size: 4 with assoc: 4 with line size: 1
Initialising PW cache with size: 32 with assoc: 4 with line size: 64
Initialising a cache with size: 32 with assoc: 4 with line size: 1
op_qemu_mem_trace=/start_point/data2/collect_trace_fast/radix/radix_always_graphbig_cc_walk_log.bin
creating qemu_file_reader_t for /start_point/data2/collect_trace_fast/radix/radix_always_graphbig_cc_walk_log.bin with verbosity 0 and arch 0
Done with qemu tracer
Heartbeat. 4194304 references processed.
Heartbeat. 8388608 references processed.
Heartbeat. 12582912 references processed.
Heartbeat. 16777216 references processed.
Heartbeat. 20971520 references processed.
Heartbeat. 25165824 references processed.
Heartbeat. 29360128 references processed.
Heartbeat. 33554432 references processed.
Heartbeat. 37748736 references processed.
Heartbeat. 41943040 references processed.
Heartbeat. 46137344 references processed.
Cache simulation warmed up
Heartbeat. 50331648 references processed.
Heartbeat. 54525952 references processed.
Heartbeat. 58720256 references processed.
Heartbeat. 62914560 references processed.
Heartbeat. 67108864 references processed.
Heartbeat. 71303168 references processed.
Heartbeat. 75497472 references processed.
Heartbeat. 79691776 references processed.
Heartbeat. 83886080 references processed.
Heartbeat. 88080384 references processed.
Heartbeat. 92274688 references processed.
Heartbeat. 96468992 references processed.
Finished warmup of TLB
Heartbeat. 100663296 references processed.
Heartbeat. 104857600 references processed.
Heartbeat. 109051904 references processed.
Heartbeat. 113246208 references processed.
Heartbeat. 117440512 references processed.
Heartbeat. 121634816 references processed.
Heartbeat. 125829120 references processed.
Heartbeat. 130023424 references processed.
Heartbeat. 134217728 references processed.
Heartbeat. 138412032 references processed.
Heartbeat. 142606336 references processed.
Heartbeat. 146800640 references processed.
Heartbeat. 150994944 references processed.
Heartbeat. 155189248 references processed.
Heartbeat. 159383552 references processed.
Heartbeat. 163577856 references processed.
Heartbeat. 167772160 references processed.
Heartbeat. 171966464 references processed.
Heartbeat. 176160768 references processed.
Heartbeat. 180355072 references processed.
Heartbeat. 184549376 references processed.
Heartbeat. 188743680 references processed.
Heartbeat. 192937984 references processed.
Heartbeat. 197132288 references processed.
Heartbeat. 201326592 references processed.
Heartbeat. 205520896 references processed.
Heartbeat. 209715200 references processed.
Heartbeat. 213909504 references processed.
Heartbeat. 218103808 references processed.
Heartbeat. 222298112 references processed.
Heartbeat. 226492416 references processed.
Heartbeat. 230686720 references processed.
Heartbeat. 234881024 references processed.
Heartbeat. 239075328 references processed.
Heartbeat. 243269632 references processed.
Heartbeat. 247463936 references processed.
Heartbeat. 251658240 references processed.
Heartbeat. 255852544 references processed.
Heartbeat. 260046848 references processed.
Heartbeat. 264241152 references processed.
Heartbeat. 268435456 references processed.
Heartbeat. 272629760 references processed.
Heartbeat. 276824064 references processed.
Heartbeat. 281018368 references processed.
Heartbeat. 285212672 references processed.
Heartbeat. 289406976 references processed.
Heartbeat. 293601280 references processed.
Heartbeat. 297795584 references processed.
Heartbeat. 301989888 references processed.
Heartbeat. 306184192 references processed.
Heartbeat. 310378496 references processed.
Heartbeat. 314572800 references processed.
Heartbeat. 318767104 references processed.
Heartbeat. 322961408 references processed.
Heartbeat. 327155712 references processed.
Heartbeat. 331350016 references processed.
Heartbeat. 335544320 references processed.
Heartbeat. 339738624 references processed.
Heartbeat. 343932928 references processed.
Heartbeat. 348127232 references processed.
Heartbeat. 352321536 references processed.
Heartbeat. 356515840 references processed.
Heartbeat. 360710144 references processed.
Heartbeat. 364904448 references processed.
Heartbeat. 369098752 references processed.
Heartbeat. 373293056 references processed.
Heartbeat. 377487360 references processed.
Heartbeat. 381681664 references processed.
Heartbeat. 385875968 references processed.
Heartbeat. 390070272 references processed.
Heartbeat. 394264576 references processed.
Heartbeat. 398458880 references processed.
Heartbeat. 402653184 references processed.
Heartbeat. 406847488 references processed.
Heartbeat. 411041792 references processed.
Heartbeat. 415236096 references processed.
Heartbeat. 419430400 references processed.
Heartbeat. 423624704 references processed.
Heartbeat. 427819008 references processed.
Heartbeat. 432013312 references processed.
Heartbeat. 436207616 references processed.
Heartbeat. 440401920 references processed.
Heartbeat. 444596224 references processed.
Heartbeat. 448790528 references processed.
Heartbeat. 452984832 references processed.
Heartbeat. 457179136 references processed.
Heartbeat. 461373440 references processed.
Heartbeat. 465567744 references processed.
Heartbeat. 469762048 references processed.
Heartbeat. 473956352 references processed.
Heartbeat. 478150656 references processed.
Heartbeat. 482344960 references processed.
Heartbeat. 486539264 references processed.
Heartbeat. 490733568 references processed.
Heartbeat. 494927872 references processed.
Heartbeat. 499122176 references processed.
Heartbeat. 503316480 references processed.
Heartbeat. 507510784 references processed.
Heartbeat. 511705088 references processed.
Heartbeat. 515899392 references processed.
Heartbeat. 520093696 references processed.
Heartbeat. 524288000 references processed.
Heartbeat. 528482304 references processed.
Heartbeat. 532676608 references processed.
Heartbeat. 536870912 references processed.
Heartbeat. 541065216 references processed.
Heartbeat. 545259520 references processed.
Heartbeat. 549453824 references processed.
Heartbeat. 553648128 references processed.
Heartbeat. 557842432 references processed.
Heartbeat. 562036736 references processed.
Heartbeat. 566231040 references processed.
Heartbeat. 570425344 references processed.
Heartbeat. 574619648 references processed.
Heartbeat. 578813952 references processed.
Heartbeat. 583008256 references processed.
Heartbeat. 587202560 references processed.
Heartbeat. 591396864 references processed.
Heartbeat. 595591168 references processed.
Heartbeat. 599785472 references processed.
Heartbeat. 603979776 references processed.
Heartbeat. 608174080 references processed.
Heartbeat. 612368384 references processed.
Heartbeat. 616562688 references processed.
Heartbeat. 620756992 references processed.
Heartbeat. 624951296 references processed.
Heartbeat. 629145600 references processed.
Heartbeat. 633339904 references processed.
Heartbeat. 637534208 references processed.
Heartbeat. 641728512 references processed.
Heartbeat. 645922816 references processed.
Heartbeat. 650117120 references processed.
Heartbeat. 654311424 references processed.
Heartbeat. 658505728 references processed.
Heartbeat. 662700032 references processed.
Heartbeat. 666894336 references processed.
Heartbeat. 671088640 references processed.
Heartbeat. 675282944 references processed.
Heartbeat. 679477248 references processed.
Heartbeat. 683671552 references processed.
Heartbeat. 687865856 references processed.
Heartbeat. 692060160 references processed.
Heartbeat. 696254464 references processed.
Heartbeat. 700448768 references processed.
Heartbeat. 704643072 references processed.
Heartbeat. 708837376 references processed.
Heartbeat. 713031680 references processed.
Heartbeat. 717225984 references processed.
Heartbeat. 721420288 references processed.
Heartbeat. 725614592 references processed.
Heartbeat. 729808896 references processed.
Heartbeat. 734003200 references processed.
Heartbeat. 738197504 references processed.
Heartbeat. 742391808 references processed.
Heartbeat. 746586112 references processed.
Heartbeat. 750780416 references processed.
Heartbeat. 754974720 references processed.
Heartbeat. 759169024 references processed.
Heartbeat. 763363328 references processed.
Heartbeat. 767557632 references processed.
Heartbeat. 771751936 references processed.
Heartbeat. 775946240 references processed.
Heartbeat. 780140544 references processed.
Heartbeat. 784334848 references processed.
Heartbeat. 788529152 references processed.
Heartbeat. 792723456 references processed.
Heartbeat. 796917760 references processed.
Heartbeat. 801112064 references processed.
Heartbeat. 805306368 references processed.
Heartbeat. 809500672 references processed.
Heartbeat. 813694976 references processed.
Heartbeat. 817889280 references processed.
Heartbeat. 822083584 references processed.
Heartbeat. 826277888 references processed.
Heartbeat. 830472192 references processed.
Heartbeat. 834666496 references processed.
Heartbeat. 838860800 references processed.
Heartbeat. 843055104 references processed.
Heartbeat. 847249408 references processed.
Heartbeat. 851443712 references processed.
Heartbeat. 855638016 references processed.
Heartbeat. 859832320 references processed.
Heartbeat. 864026624 references processed.
Heartbeat. 868220928 references processed.
Heartbeat. 872415232 references processed.
Heartbeat. 876609536 references processed.
Heartbeat. 880803840 references processed.
Heartbeat. 884998144 references processed.
Heartbeat. 889192448 references processed.
Heartbeat. 893386752 references processed.
Heartbeat. 897581056 references processed.
Heartbeat. 901775360 references processed.
Heartbeat. 905969664 references processed.
Heartbeat. 910163968 references processed.
Heartbeat. 914358272 references processed.
Heartbeat. 918552576 references processed.
Heartbeat. 922746880 references processed.
Heartbeat. 926941184 references processed.
Heartbeat. 931135488 references processed.
Heartbeat. 935329792 references processed.
Trace is truncated
TLB simulation results:
Core #0 (1 thread(s))
  TLB-L1I stats:
    Hits:                        559674356
    Misses:                          16122
    Invalidations:                       0
    Hits PT level     1:                   0
    Misses PT level   1:                   0
    Hits PT level     2:                   0
    Misses PT level   2:                   0
    Hits PT level     3:                   0
    Misses PT level   3:                   0
    Hits PT level     4:                   0
    Misses PT level   4:                   0
    Hits PT level     5:                   0
    Misses PT level   5:                   0
    Hits PT level     6:                   0
    Misses PT level   6:                   0
    Miss rate:                        0.00%
  TLB-L1D stats:
    Hits:                        213928320
    Misses:                       63635758
    Invalidations:                       0
    Hits PT level     1:                   0
    Misses PT level   1:                   0
    Hits PT level     2:                   0
    Misses PT level   2:                   0
    Hits PT level     3:                   0
    Misses PT level   3:                   0
    Hits PT level     4:                   0
    Misses PT level   4:                   0
    Hits PT level     5:                   0
    Misses PT level   5:                   0
    Hits PT level     6:                   0
    Misses PT level   6:                   0
    Miss rate:                       22.93%
  TLB-LL stats:
    Hits:                         20566622
    Misses:                       43085258
    Invalidations:                       0
    Hits PT level     1:                   0
    Misses PT level   1:                   0
    Hits PT level     2:                   0
    Misses PT level   2:                   0
    Hits PT level     3:                   0
    Misses PT level   3:                   0
    Hits PT level     4:                   0
    Misses PT level   4:                   0
    Hits PT level     5:                   0
    Misses PT level   5:                   0
    Hits PT level     6:                   0
    Misses PT level   6:                   0
    Local miss rate:                 67.69%
    Child hits:                  773602676
    Total miss rate:                  5.15%
~~~~~~~~~~~~~~~~~~~~~~~~~~~~~~~~~~~~~~~~~~
Cache simulation results:
Core #0 (1 thread(s))
  L1I stats:
    Warmup hits:                  45619856
    Warmup misses:                   47131
    Hits:                        848332631
    Misses:                          90467
    Invalidations:                       0
    Hits PT level     1:                   0
    Misses PT level   1:                   0
    Hits PT level     2:                   0
    Misses PT level   2:                   0
    Hits PT level     3:                   0
    Misses PT level   3:                   0
    Hits PT level     4:                   0
    Misses PT level   4:                   0
    Hits PT level     5:                   0
    Misses PT level   5:                   0
    Hits PT level     6:                   0
    Misses PT level   6:                   0
    Miss rate:                        0.01%
  L1D stats:
    Warmup hits:                  12069853
    Warmup misses:                 4653101
    Hits:                        181643453
    Misses:                      112596802
    Invalidations:                       0
    Hits PT level     1:                 777
    Misses PT level   1:                4887
    Hits PT level     2:              513839
    Misses PT level   2:              233000
    Hits PT level     3:            28148696
    Misses PT level   3:             4201248
    Hits PT level     4:             8237997
    Misses PT level   4:            17563989
    Hits PT level     5:                   0
    Misses PT level   5:                   0
    Hits PT level     6:                   0
    Misses PT level   6:                   0
    Prefetch hits:                15446413
    Prefetch misses:             119153513
    Miss rate:                       38.27%
  L2 stats:
    Warmup hits:                    968426
    Warmup misses:                 3731806
    Hits:                         14840320
    Misses:                       97846949
    Invalidations:                       0
    Hits PT level     1:                 961
    Misses PT level   1:                3926
    Hits PT level     2:              226357
    Misses PT level   2:                6643
    Hits PT level     3:             3650584
    Misses PT level   3:              550664
    Hits PT level     4:             7879775
    Misses PT level   4:             9684214
    Hits PT level     5:                   0
    Misses PT level   5:                   0
    Hits PT level     6:                   0
    Misses PT level   6:                   0
    Prefetch hits:                20131311
    Prefetch misses:              99022202
    Local miss rate:                 86.83%
    Child hits:                 1082323806
    Total miss rate:                  8.19%
LLC stats:
    Warmup hits:                    696640
    Warmup misses:                 3035166
    Hits:                         17476814
    Misses:                       80370135
    Invalidations:                       0
    Hits PT level     1:                3566
    Misses PT level   1:                 360
    Hits PT level     2:                6317
    Misses PT level   2:                 326
    Hits PT level     3:              537931
    Misses PT level   3:               12733
    Hits PT level     4:             8450665
    Misses PT level   4:             1233549
    Hits PT level     5:                   0
    Misses PT level   5:                   0
    Hits PT level     6:                   0
    Misses PT level   6:                   0
    Prefetch hits:                25922329
    Prefetch misses:              73099873
    Local miss rate:                 82.14%
    Child hits:                   46729308
    Total miss rate:                 55.59%
 PWC 0 stats:
    Warmup hits:                         0
    Warmup misses:                       0
    Hits:                           762198
    Misses:                           9399
    Invalidations:                       0
    Hits PT level     1:                   0
    Misses PT level   1:                   0
    Hits PT level     2:                   0
    Misses PT level   2:                   0
    Hits PT level     3:                   0
    Misses PT level   3:                   0
    Hits PT level     4:                   0
    Misses PT level   4:                   0
    Hits PT level     5:                   0
    Misses PT level   5:                   0
    Hits PT level     6:                   0
    Misses PT level   6:                   0
    Miss rate:                        1.22%
 PWC 1 stats:
    Warmup hits:                         0
    Warmup misses:                       0
    Hits:                         32753014
    Misses:                         771597
    Invalidations:                       0
    Hits PT level     1:                   0
    Misses PT level   1:                   0
    Hits PT level     2:                   0
    Misses PT level   2:                   0
    Hits PT level     3:                   0
    Misses PT level   3:                   0
    Hits PT level     4:                   0
    Misses PT level   4:                   0
    Hits PT level     5:                   0
    Misses PT level   5:                   0
    Hits PT level     6:                   0
    Misses PT level   6:                   0
    Miss rate:                        2.30%
 PWC 2 stats:
    Warmup hits:                         0
    Warmup misses:                       0
    Hits:                         13353673
    Misses:                       13417263
    Invalidations:                       0
    Hits PT level     1:                   0
    Misses PT level   1:                   0
    Hits PT level     2:                   0
    Misses PT level   2:                   0
    Hits PT level     3:                   0
    Misses PT level   3:                   0
    Hits PT level     4:                   0
    Misses PT level   4:                   0
    Hits PT level     5:                   0
    Misses PT level   5:                   0
    Hits PT level     6:                   0
    Misses PT level   6:                   0
    Miss rate:                       50.12%
~~~~~~~~~~~~~~~~~~~~~~~~~~~~~~~~~~~~~~~~~~
num_requests : 937254556
num_not_found : 0
kernel memory references: 
0,3231362
1,2618025
16,10139481
user memory references: 
0,270203328
1,34910492
16,616151868
~~~~~~~~~~~~~~~~~~~~~~~~~~~~~~~~~~~~~~~~~~
num_range_found : 0
num_range_not_found : 0
~~~~~~~~~~~~~~~~~~~~~~~~~~~~~~~~~~~~~~~~~~
MEMORY,MEMORY,MEMORY,MEMORY,	5
MEMORY,MEMORY,MEMORY,ZERO,	10
MEMORY,MEMORY,L1,ZERO,	2
MEMORY,MEMORY,LLC,LLC,	3
MEMORY,MEMORY,LLC,ZERO,	15
MEMORY,L1,L1,L1,	2
MEMORY,L1,L1,L2,	1
MEMORY,L1,L1,LLC,	4
MEMORY,L1,L1,ZERO,	11
MEMORY,L1,L2,LLC,	2
MEMORY,L1,L2,ZERO,	3
MEMORY,L1,LLC,MEMORY,	1
MEMORY,L2,L1,L1,	1
MEMORY,L2,L1,L2,	7
MEMORY,L2,L1,LLC,	3
MEMORY,L2,L1,ZERO,	34
MEMORY,L2,L2,MEMORY,	1
MEMORY,L2,L2,L2,	3
MEMORY,L2,L2,ZERO,	2
MEMORY,LLC,MEMORY,LLC,	2
MEMORY,LLC,MEMORY,ZERO,	32
MEMORY,LLC,L1,ZERO,	54
MEMORY,LLC,LLC,MEMORY,	4
MEMORY,LLC,LLC,LLC,	25
MEMORY,LLC,LLC,ZERO,	133
L1,MEMORY,LLC,LLC,	2
L1,L1,L1,L1,	93
L1,L1,L1,L2,	54
L1,L1,L1,LLC,	2
L1,L1,L1,ZERO,	4
L1,L1,L2,MEMORY,	2
L1,L1,L2,L2,	2
L1,L1,L2,LLC,	2
L1,L1,L2,ZERO,	2
L1,L1,LLC,ZERO,	6
L1,L2,L1,L1,	32
L1,L2,L1,L2,	16
L1,L2,L1,LLC,	9
L1,L2,L1,ZERO,	8
L1,L2,L2,MEMORY,	1
L1,L2,L2,L1,	3
L1,L2,L2,L2,	63
L1,L2,L2,LLC,	45
L1,L2,L2,ZERO,	8
L1,L2,LLC,MEMORY,	2
L1,L2,LLC,L2,	25
L1,L2,LLC,LLC,	44
L1,L2,LLC,ZERO,	2
L1,LLC,MEMORY,LLC,	2
L1,LLC,L1,LLC,	1
L1,LLC,L1,ZERO,	1
L1,LLC,L2,L2,	15
L1,LLC,L2,LLC,	37
L1,LLC,L2,ZERO,	1
L1,LLC,LLC,L2,	32
L1,LLC,LLC,LLC,	261
L2,MEMORY,MEMORY,ZERO,	1
L2,MEMORY,L2,MEMORY,	2
L2,MEMORY,L2,ZERO,	1
L2,MEMORY,LLC,MEMORY,	1
L2,MEMORY,LLC,L2,	1
L2,MEMORY,LLC,LLC,	1
L2,MEMORY,LLC,ZERO,	1
L2,L1,L1,L1,	106
L2,L1,L1,L2,	72
L2,L1,L1,LLC,	9
L2,L1,L1,ZERO,	12
L2,L1,L2,MEMORY,	2
L2,L1,L2,L1,	2
L2,L1,L2,L2,	10
L2,L1,L2,LLC,	3
L2,L1,L2,ZERO,	3
L2,L1,LLC,MEMORY,	8
L2,L1,LLC,ZERO,	1
L2,L2,L1,MEMORY,	1
L2,L2,L1,L1,	46
L2,L2,L1,L2,	23
L2,L2,L1,LLC,	15
L2,L2,L1,ZERO,	149
L2,L2,L2,MEMORY,	6
L2,L2,L2,L1,	2
L2,L2,L2,L2,	18
L2,L2,L2,LLC,	17
L2,L2,L2,ZERO,	175
L2,L2,LLC,MEMORY,	5
L2,L2,LLC,L2,	4
L2,L2,LLC,LLC,	5
L2,L2,LLC,ZERO,	60
L2,LLC,MEMORY,ZERO,	1
L2,LLC,L1,L2,	1
L2,LLC,L1,ZERO,	15
L2,LLC,L2,L2,	1
L2,LLC,L2,LLC,	1
L2,LLC,L2,ZERO,	71
L2,LLC,LLC,L2,	7
L2,LLC,LLC,LLC,	20
L2,LLC,LLC,ZERO,	82
LLC,MEMORY,MEMORY,LLC,	5
LLC,MEMORY,MEMORY,ZERO,	16
LLC,MEMORY,L1,L2,	1
LLC,MEMORY,L1,ZERO,	4
LLC,MEMORY,LLC,MEMORY,	7
LLC,MEMORY,LLC,LLC,	35
LLC,MEMORY,LLC,ZERO,	77
LLC,L1,L1,MEMORY,	3
LLC,L1,L1,L1,	8
LLC,L1,L1,L2,	37
LLC,L1,L1,LLC,	56
LLC,L1,L1,ZERO,	79
LLC,L1,L2,MEMORY,	5
LLC,L1,L2,L1,	4
LLC,L1,L2,L2,	28
LLC,L1,L2,LLC,	27
LLC,L1,L2,ZERO,	18
LLC,L1,LLC,MEMORY,	1
LLC,L1,LLC,L2,	1
LLC,L1,LLC,LLC,	1
LLC,L1,LLC,ZERO,	1
LLC,L2,MEMORY,MEMORY,	1
LLC,L2,MEMORY,ZERO,	2
LLC,L2,L1,MEMORY,	3
LLC,L2,L1,L1,	8
LLC,L2,L1,L2,	51
LLC,L2,L1,LLC,	49
LLC,L2,L1,ZERO,	395
LLC,L2,L2,MEMORY,	5
LLC,L2,L2,L1,	3
LLC,L2,L2,L2,	12
LLC,L2,L2,LLC,	28
LLC,L2,L2,ZERO,	106
LLC,L2,LLC,MEMORY,	14
LLC,L2,LLC,L2,	3
LLC,L2,LLC,LLC,	3
LLC,L2,LLC,ZERO,	75
LLC,LLC,MEMORY,MEMORY,	6
LLC,LLC,MEMORY,LLC,	32
LLC,LLC,MEMORY,ZERO,	124
LLC,LLC,L1,L1,	3
LLC,LLC,L1,L2,	10
LLC,LLC,L1,ZERO,	376
LLC,LLC,L2,L2,	4
LLC,LLC,L2,LLC,	7
LLC,LLC,L2,ZERO,	104
LLC,LLC,LLC,MEMORY,	59
LLC,LLC,LLC,L2,	3
LLC,LLC,LLC,LLC,	374
LLC,LLC,LLC,ZERO,	1292
PWC,MEMORY,MEMORY,MEMORY,	3
PWC,MEMORY,MEMORY,ZERO,	3
PWC,MEMORY,L1,L2,	1
PWC,MEMORY,L1,ZERO,	10
PWC,MEMORY,L2,MEMORY,	17
PWC,MEMORY,L2,L2,	4
PWC,MEMORY,L2,ZERO,	1
PWC,MEMORY,LLC,MEMORY,	35
PWC,MEMORY,LLC,LLC,	3
PWC,MEMORY,LLC,ZERO,	59
PWC,L1,MEMORY,MEMORY,	3643
PWC,L1,MEMORY,L2,	10
PWC,L1,MEMORY,LLC,	143
PWC,L1,MEMORY,ZERO,	14
PWC,L1,L1,MEMORY,	10967
PWC,L1,L1,L1,	3321
PWC,L1,L1,L2,	6233
PWC,L1,L1,LLC,	2747
PWC,L1,L1,ZERO,	14886
PWC,L1,L2,MEMORY,	172753
PWC,L1,L2,L1,	5567
PWC,L1,L2,L2,	29592
PWC,L1,L2,LLC,	18991
PWC,L1,L2,ZERO,	328
PWC,L1,LLC,MEMORY,	235242
PWC,L1,LLC,L1,	19
PWC,L1,LLC,L2,	604
PWC,L1,LLC,LLC,	7688
PWC,L1,LLC,ZERO,	403
PWC,L2,MEMORY,MEMORY,	2485
PWC,L2,MEMORY,L2,	10
PWC,L2,MEMORY,LLC,	38
PWC,L2,MEMORY,ZERO,	3
PWC,L2,L1,MEMORY,	847
PWC,L2,L1,L1,	840
PWC,L2,L1,L2,	2101
PWC,L2,L1,LLC,	278
PWC,L2,L1,ZERO,	14259
PWC,L2,L2,MEMORY,	47139
PWC,L2,L2,L1,	2662
PWC,L2,L2,L2,	16344
PWC,L2,L2,LLC,	3006
PWC,L2,L2,ZERO,	145
PWC,L2,LLC,MEMORY,	131055
PWC,L2,LLC,L1,	8
PWC,L2,LLC,L2,	321
PWC,L2,LLC,LLC,	3132
PWC,L2,LLC,ZERO,	91
PWC,LLC,MEMORY,MEMORY,	1
PWC,LLC,MEMORY,LLC,	7
PWC,LLC,MEMORY,ZERO,	44
PWC,LLC,L1,MEMORY,	2
PWC,LLC,L1,L1,	11
PWC,LLC,L1,L2,	53
PWC,LLC,L1,ZERO,	1924
PWC,LLC,L2,MEMORY,	82
PWC,LLC,L2,L1,	1
PWC,LLC,L2,L2,	9
PWC,LLC,L2,LLC,	12
PWC,LLC,L2,ZERO,	71
PWC,LLC,LLC,MEMORY,	37
PWC,LLC,LLC,LLC,	17
PWC,LLC,LLC,ZERO,	853
ZERO,PWC,MEMORY,MEMORY,	2238
ZERO,PWC,MEMORY,L1,	83
ZERO,PWC,MEMORY,L2,	947
ZERO,PWC,MEMORY,LLC,	1634
ZERO,PWC,MEMORY,ZERO,	1188
ZERO,PWC,L1,MEMORY,	257438
ZERO,PWC,L1,L1,	439377
ZERO,PWC,L1,L2,	3518712
ZERO,PWC,L1,LLC,	5473409
ZERO,PWC,L1,ZERO,	18399409
ZERO,PWC,L2,MEMORY,	137952
ZERO,PWC,L2,L1,	92381
ZERO,PWC,L2,L2,	803400
ZERO,PWC,L2,LLC,	1351145
ZERO,PWC,L2,ZERO,	968125
ZERO,PWC,LLC,MEMORY,	120920
ZERO,PWC,LLC,L1,	639
ZERO,PWC,LLC,L2,	6109
ZERO,PWC,LLC,LLC,	13868
ZERO,PWC,LLC,ZERO,	14131
ZERO,ZERO,PWC,MEMORY,	110548
ZERO,ZERO,PWC,L1,	7692775
ZERO,ZERO,PWC,L2,	3494820
ZERO,ZERO,PWC,LLC,	1573415
