Initialising a TLB with size: 128
Initialising a TLB with size: 64
Initialising a TLB with size: 2048
Initialising PT from file: 
Initialising memory references from file: /start_point/data1/collect_trace_fast/radix/radix_never_graphbig_dc_walk_log.bin
Initialising a cache with size: 16777216 with assoc: 16 with line size: 64
Initialising for core 0
Initialising L2 cache with size: 524288 with assoc: 8 with line size: 64
Initialising L1 I cache with size: 32768 with assoc: 8 with line size: 64
Initialising L1 D cache with size: 32768 with assoc: 8 with line size: 64
Initialising a cache with size: 524288 with assoc: 8 with line size: 64
Initialising a cache with size: 32768 with assoc: 8 with line size: 64
Initialising a cache with size: 32768 with assoc: 8 with line size: 64
Initialising PW cache with size: 32 with assoc: 4 with line size: 64
Initialising a cache with size: 32 with assoc: 4 with line size: 1
Initialising PW cache with size: 32 with assoc: 4 with line size: 64
Initialising a cache with size: 32 with assoc: 4 with line size: 1
Initialising PW cache with size: 32 with assoc: 4 with line size: 64
Initialising a cache with size: 32 with assoc: 4 with line size: 1
op_qemu_mem_trace=/start_point/data1/collect_trace_fast/radix/radix_never_graphbig_dc_walk_log.bin
creating qemu_file_reader_t for /start_point/data1/collect_trace_fast/radix/radix_never_graphbig_dc_walk_log.bin with verbosity 0 and arch 0 and max_ref -1
Done with qemu tracer
Heartbeat. 4194304 references processed.
Heartbeat. 8388608 references processed.
Heartbeat. 12582912 references processed.
Heartbeat. 16777216 references processed.
Heartbeat. 20971520 references processed.
Heartbeat. 25165824 references processed.
Heartbeat. 29360128 references processed.
Heartbeat. 33554432 references processed.
Heartbeat. 37748736 references processed.
Heartbeat. 41943040 references processed.
Heartbeat. 46137344 references processed.
Cache simulation warmed up
Heartbeat. 50331648 references processed.
Heartbeat. 54525952 references processed.
Heartbeat. 58720256 references processed.
Heartbeat. 62914560 references processed.
Heartbeat. 67108864 references processed.
Heartbeat. 71303168 references processed.
Heartbeat. 75497472 references processed.
Heartbeat. 79691776 references processed.
Heartbeat. 83886080 references processed.
Heartbeat. 88080384 references processed.
Heartbeat. 92274688 references processed.
Heartbeat. 96468992 references processed.
Finished warmup of TLB
Heartbeat. 100663296 references processed.
Heartbeat. 104857600 references processed.
Heartbeat. 109051904 references processed.
Heartbeat. 113246208 references processed.
Heartbeat. 117440512 references processed.
Heartbeat. 121634816 references processed.
Heartbeat. 125829120 references processed.
Heartbeat. 130023424 references processed.
Heartbeat. 134217728 references processed.
Heartbeat. 138412032 references processed.
Heartbeat. 142606336 references processed.
Heartbeat. 146800640 references processed.
Heartbeat. 150994944 references processed.
Heartbeat. 155189248 references processed.
Heartbeat. 159383552 references processed.
Heartbeat. 163577856 references processed.
Heartbeat. 167772160 references processed.
Heartbeat. 171966464 references processed.
Heartbeat. 176160768 references processed.
Heartbeat. 180355072 references processed.
Heartbeat. 184549376 references processed.
Heartbeat. 188743680 references processed.
Heartbeat. 192937984 references processed.
Heartbeat. 197132288 references processed.
Heartbeat. 201326592 references processed.
Heartbeat. 205520896 references processed.
Heartbeat. 209715200 references processed.
Heartbeat. 213909504 references processed.
Heartbeat. 218103808 references processed.
Heartbeat. 222298112 references processed.
Heartbeat. 226492416 references processed.
Heartbeat. 230686720 references processed.
Heartbeat. 234881024 references processed.
Heartbeat. 239075328 references processed.
Heartbeat. 243269632 references processed.
Heartbeat. 247463936 references processed.
Heartbeat. 251658240 references processed.
Heartbeat. 255852544 references processed.
Heartbeat. 260046848 references processed.
Heartbeat. 264241152 references processed.
Heartbeat. 268435456 references processed.
Heartbeat. 272629760 references processed.
Heartbeat. 276824064 references processed.
Heartbeat. 281018368 references processed.
Heartbeat. 285212672 references processed.
Heartbeat. 289406976 references processed.
Heartbeat. 293601280 references processed.
Heartbeat. 297795584 references processed.
Heartbeat. 301989888 references processed.
Heartbeat. 306184192 references processed.
Heartbeat. 310378496 references processed.
Heartbeat. 314572800 references processed.
Heartbeat. 318767104 references processed.
Heartbeat. 322961408 references processed.
Heartbeat. 327155712 references processed.
Heartbeat. 331350016 references processed.
Heartbeat. 335544320 references processed.
Heartbeat. 339738624 references processed.
Heartbeat. 343932928 references processed.
Heartbeat. 348127232 references processed.
Heartbeat. 352321536 references processed.
Heartbeat. 356515840 references processed.
Heartbeat. 360710144 references processed.
Heartbeat. 364904448 references processed.
Heartbeat. 369098752 references processed.
Heartbeat. 373293056 references processed.
Heartbeat. 377487360 references processed.
Heartbeat. 381681664 references processed.
Heartbeat. 385875968 references processed.
Heartbeat. 390070272 references processed.
Heartbeat. 394264576 references processed.
Heartbeat. 398458880 references processed.
Heartbeat. 402653184 references processed.
Heartbeat. 406847488 references processed.
Heartbeat. 411041792 references processed.
Heartbeat. 415236096 references processed.
Heartbeat. 419430400 references processed.
Heartbeat. 423624704 references processed.
Heartbeat. 427819008 references processed.
Heartbeat. 432013312 references processed.
Heartbeat. 436207616 references processed.
Heartbeat. 440401920 references processed.
Heartbeat. 444596224 references processed.
Heartbeat. 448790528 references processed.
Heartbeat. 452984832 references processed.
Heartbeat. 457179136 references processed.
Heartbeat. 461373440 references processed.
Heartbeat. 465567744 references processed.
Heartbeat. 469762048 references processed.
Heartbeat. 473956352 references processed.
Heartbeat. 478150656 references processed.
Heartbeat. 482344960 references processed.
Heartbeat. 486539264 references processed.
Heartbeat. 490733568 references processed.
Heartbeat. 494927872 references processed.
Heartbeat. 499122176 references processed.
Heartbeat. 503316480 references processed.
Heartbeat. 507510784 references processed.
Heartbeat. 511705088 references processed.
Heartbeat. 515899392 references processed.
Heartbeat. 520093696 references processed.
Heartbeat. 524288000 references processed.
Heartbeat. 528482304 references processed.
Heartbeat. 532676608 references processed.
Heartbeat. 536870912 references processed.
Heartbeat. 541065216 references processed.
Heartbeat. 545259520 references processed.
Heartbeat. 549453824 references processed.
Heartbeat. 553648128 references processed.
Heartbeat. 557842432 references processed.
Heartbeat. 562036736 references processed.
Heartbeat. 566231040 references processed.
Heartbeat. 570425344 references processed.
Heartbeat. 574619648 references processed.
Heartbeat. 578813952 references processed.
Heartbeat. 583008256 references processed.
Heartbeat. 587202560 references processed.
Heartbeat. 591396864 references processed.
Heartbeat. 595591168 references processed.
Heartbeat. 599785472 references processed.
Heartbeat. 603979776 references processed.
Heartbeat. 608174080 references processed.
Heartbeat. 612368384 references processed.
Heartbeat. 616562688 references processed.
Heartbeat. 620756992 references processed.
Heartbeat. 624951296 references processed.
Heartbeat. 629145600 references processed.
Heartbeat. 633339904 references processed.
Heartbeat. 637534208 references processed.
Heartbeat. 641728512 references processed.
Heartbeat. 645922816 references processed.
Heartbeat. 650117120 references processed.
Heartbeat. 654311424 references processed.
Heartbeat. 658505728 references processed.
Heartbeat. 662700032 references processed.
Heartbeat. 666894336 references processed.
Heartbeat. 671088640 references processed.
Heartbeat. 675282944 references processed.
Heartbeat. 679477248 references processed.
Heartbeat. 683671552 references processed.
Heartbeat. 687865856 references processed.
Heartbeat. 692060160 references processed.
Heartbeat. 696254464 references processed.
Heartbeat. 700448768 references processed.
Heartbeat. 704643072 references processed.
Heartbeat. 708837376 references processed.
Heartbeat. 713031680 references processed.
Trace is truncated
TLB simulation results:
Core #0 (1 thread(s))
  TLB-L1I stats:
    Hits:                        410132804
    Misses:                            866
    Invalidations:                       0
    Hits PT level     1:                   0
    Misses PT level   1:                   0
    Hits PT level     2:                   0
    Misses PT level   2:                   0
    Hits PT level     3:                   0
    Misses PT level   3:                   0
    Hits PT level     4:                   0
    Misses PT level   4:                   0
    Hits PT level     5:                   0
    Misses PT level   5:                   0
    Hits PT level     6:                   0
    Misses PT level   6:                   0
    Miss rate:                        0.00%
  TLB-L1D stats:
    Hits:                        145744069
    Misses:                       59061109
    Invalidations:                       0
    Hits PT level     1:                   0
    Misses PT level   1:                   0
    Hits PT level     2:                   0
    Misses PT level   2:                   0
    Hits PT level     3:                   0
    Misses PT level   3:                   0
    Hits PT level     4:                   0
    Misses PT level   4:                   0
    Hits PT level     5:                   0
    Misses PT level   5:                   0
    Hits PT level     6:                   0
    Misses PT level   6:                   0
    Miss rate:                       28.84%
  TLB-LL stats:
    Hits:                         20342308
    Misses:                       38719667
    Invalidations:                       0
    Hits PT level     1:                   0
    Misses PT level   1:                   0
    Hits PT level     2:                   0
    Misses PT level   2:                   0
    Hits PT level     3:                   0
    Misses PT level   3:                   0
    Hits PT level     4:                   0
    Misses PT level   4:                   0
    Hits PT level     5:                   0
    Misses PT level   5:                   0
    Hits PT level     6:                   0
    Misses PT level   6:                   0
    Local miss rate:                 65.56%
    Child hits:                  555876873
    Total miss rate:                  6.30%
~~~~~~~~~~~~~~~~~~~~~~~~~~~~~~~~~~~~~~~~~~
Cache simulation results:
Core #0 (1 thread(s))
  L1I stats:
    Warmup hits:                  47561572
    Warmup misses:                    2674
    Hits:                        632589907
    Misses:                          15805
    Invalidations:                       0
    Hits PT level     1:                   0
    Misses PT level   1:                   0
    Hits PT level     2:                   0
    Misses PT level   2:                   0
    Hits PT level     3:                   0
    Misses PT level   3:                   0
    Hits PT level     4:                   0
    Misses PT level   4:                   0
    Hits PT level     5:                   0
    Misses PT level   5:                   0
    Hits PT level     6:                   0
    Misses PT level   6:                   0
    Miss rate:                        0.00%
  L1D stats:
    Warmup hits:                   8371431
    Warmup misses:                 8281780
    Hits:                        111147294
    Misses:                      110310401
    Invalidations:                       0
    Hits PT level     1:                   0
    Misses PT level   1:                   0
    Hits PT level     2:                   0
    Misses PT level   2:                   0
    Hits PT level     3:                   0
    Misses PT level   3:                   0
    Hits PT level     4:                   0
    Misses PT level   4:                   0
    Hits PT level     5:                   0
    Misses PT level   5:                   0
    Hits PT level     6:                   0
    Misses PT level   6:                   0
    Prefetch hits:                 9438658
    Prefetch misses:             100871743
    Miss rate:                       49.81%
  L2 stats:
    Warmup hits:                    696232
    Warmup misses:                 7588222
    Hits:                          9035604
    Misses:                      101290602
    Invalidations:                       0
    Hits PT level     1:                   0
    Misses PT level   1:                   1
    Hits PT level     2:                   0
    Misses PT level   2:                  68
    Hits PT level     3:            20254485
    Misses PT level   3:               63051
    Hits PT level     4:            21599176
    Misses PT level   4:            20285493
    Hits PT level     5:                   0
    Misses PT level   5:                   0
    Hits PT level     6:                   0
    Misses PT level   6:                   0
    Prefetch hits:                 6813456
    Prefetch misses:              94058287
    Local miss rate:                 91.81%
    Child hits:                  753175859
    Total miss rate:                 11.73%
LLC stats:
    Warmup hits:                   1186722
    Warmup misses:                 6401500
    Hits:                         16130265
    Misses:                       85160337
    Invalidations:                       0
    Hits PT level     1:                   0
    Misses PT level   1:                   1
    Hits PT level     2:                   9
    Misses PT level   2:                  59
    Hits PT level     3:               34859
    Misses PT level   3:               28192
    Hits PT level     4:            15771545
    Misses PT level   4:             4513948
    Hits PT level     5:                   0
    Misses PT level   5:                   0
    Hits PT level     6:                   0
    Misses PT level   6:                   0
    Prefetch hits:                15844752
    Prefetch misses:              78213535
    Local miss rate:                 84.08%
    Child hits:                   57702721
    Total miss rate:                 53.56%
 PWC 0 stats:
    Warmup hits:                         0
    Warmup misses:                       0
    Hits:                               77
    Misses:                              8
    Invalidations:                       0
    Hits PT level     1:                   0
    Misses PT level   1:                   0
    Hits PT level     2:                   0
    Misses PT level   2:                   0
    Hits PT level     3:                   0
    Misses PT level   3:                   0
    Hits PT level     4:                   0
    Misses PT level   4:                   0
    Hits PT level     5:                   0
    Misses PT level   5:                   0
    Hits PT level     6:                   0
    Misses PT level   6:                   0
    Miss rate:                        9.41%
 PWC 1 stats:
    Warmup hits:                         0
    Warmup misses:                       0
    Hits:                         21846514
    Misses:                             85
    Invalidations:                       0
    Hits PT level     1:                   0
    Misses PT level   1:                   0
    Hits PT level     2:                   0
    Misses PT level   2:                   0
    Hits PT level     3:                   0
    Misses PT level   3:                   0
    Hits PT level     4:                   0
    Misses PT level   4:                   0
    Hits PT level     5:                   0
    Misses PT level   5:                   0
    Hits PT level     6:                   0
    Misses PT level   6:                   0
    Miss rate:                        0.00%
 PWC 2 stats:
    Warmup hits:                         0
    Warmup misses:                       0
    Hits:                         23269009
    Misses:                       21834888
    Invalidations:                       0
    Hits PT level     1:                   0
    Misses PT level   1:                   0
    Hits PT level     2:                   0
    Misses PT level   2:                   0
    Hits PT level     3:                   0
    Misses PT level   3:                   0
    Hits PT level     4:                   0
    Misses PT level   4:                   0
    Hits PT level     5:                   0
    Misses PT level   5:                   0
    Hits PT level     6:                   0
    Misses PT level   6:                   0
    Miss rate:                       48.41%
~~~~~~~~~~~~~~~~~~~~~~~~~~~~~~~~~~~~~~~~~~
num_requests : 714938848
num_not_found : 0
kernel memory references: 
0,931488
1,574227
16,2617608
user memory references: 
0,206779140
1,29826048
16,474210337
~~~~~~~~~~~~~~~~~~~~~~~~~~~~~~~~~~~~~~~~~~
num_range_found : 0
num_range_not_found : 0
~~~~~~~~~~~~~~~~~~~~~~~~~~~~~~~~~~~~~~~~~~
MEMORY,MEMORY,MEMORY,MEMORY,	1
PWC,MEMORY,MEMORY,MEMORY,	21
PWC,MEMORY,MEMORY,LLC,	2
PWC,MEMORY,MEMORY,ZERO,	10
PWC,MEMORY,L2,L2,	16
PWC,MEMORY,L2,LLC,	5
PWC,MEMORY,LLC,MEMORY,	3
PWC,MEMORY,LLC,L2,	1
PWC,LLC,MEMORY,MEMORY,	3
PWC,LLC,MEMORY,ZERO,	1
PWC,LLC,L2,L2,	2
PWC,LLC,LLC,MEMORY,	1
PWC,LLC,LLC,ZERO,	2
ZERO,PWC,MEMORY,MEMORY,	25151
ZERO,PWC,MEMORY,L2,	336
ZERO,PWC,MEMORY,LLC,	475
ZERO,PWC,MEMORY,ZERO,	2192
ZERO,PWC,L2,MEMORY,	3629428
ZERO,PWC,L2,L2,	4972439
ZERO,PWC,L2,LLC,	11644507
ZERO,PWC,L2,ZERO,	8088
ZERO,PWC,LLC,MEMORY,	26964
ZERO,PWC,LLC,L2,	5952
ZERO,PWC,LLC,LLC,	1468
ZERO,PWC,LLC,ZERO,	468
ZERO,ZERO,PWC,MEMORY,	832376
ZERO,ZERO,PWC,L2,	16620430
ZERO,ZERO,PWC,LLC,	4125088
