Initialising a TLB with size: 128
Initialising a TLB with size: 64
Initialising a TLB with size: 2048
Initialising PT from file: 
Initialising memory references from file: /start_point/data1/collect_trace_fast/ecpt/ecpt_never_graphbig_pagerank_walk_log.bin
Initialising a cache with size: 25165824 with assoc: 12 with line size: 64
Initialising for core 0
Initialising L2 cache with size: 1310720 with assoc: 20 with line size: 64
Initialising L1 I cache with size: 32768 with assoc: 8 with line size: 64
Initialising L1 D cache with size: 49152 with assoc: 12 with line size: 64
Initialising a cache with size: 1310720 with assoc: 20 with line size: 64
Initialising a cache with size: 32768 with assoc: 8 with line size: 64
Initialising a cache with size: 49152 with assoc: 12 with line size: 64
Initialising CWC cache with size: 2 with assoc: 2
Initialising a cache with size: 2 with assoc: 2 with line size: 1
Initialising CWC cache with size: 16 with assoc: 16
Initialising a cache with size: 16 with assoc: 16 with line size: 1
op_qemu_mem_trace=/start_point/data1/collect_trace_fast/ecpt/ecpt_never_graphbig_pagerank_walk_log.bin
creating qemu_file_reader_t for /start_point/data1/collect_trace_fast/ecpt/ecpt_never_graphbig_pagerank_walk_log.bin with verbosity 0 and arch 1
Done with qemu tracer
Heartbeat. 4194304 references processed.
Heartbeat. 8388608 references processed.
Heartbeat. 12582912 references processed.
Heartbeat. 16777216 references processed.
Heartbeat. 20971520 references processed.
Heartbeat. 25165824 references processed.
Heartbeat. 29360128 references processed.
Heartbeat. 33554432 references processed.
Heartbeat. 37748736 references processed.
Heartbeat. 41943040 references processed.
Heartbeat. 46137344 references processed.
Cache simulation warmed up
Heartbeat. 50331648 references processed.
Heartbeat. 54525952 references processed.
Heartbeat. 58720256 references processed.
Heartbeat. 62914560 references processed.
Heartbeat. 67108864 references processed.
Heartbeat. 71303168 references processed.
Heartbeat. 75497472 references processed.
Heartbeat. 79691776 references processed.
Heartbeat. 83886080 references processed.
Heartbeat. 88080384 references processed.
Heartbeat. 92274688 references processed.
Heartbeat. 96468992 references processed.
Finished warmup of TLB
Heartbeat. 100663296 references processed.
Heartbeat. 104857600 references processed.
Heartbeat. 109051904 references processed.
Heartbeat. 113246208 references processed.
Heartbeat. 117440512 references processed.
Heartbeat. 121634816 references processed.
Heartbeat. 125829120 references processed.
Heartbeat. 130023424 references processed.
Heartbeat. 134217728 references processed.
Heartbeat. 138412032 references processed.
Heartbeat. 142606336 references processed.
Heartbeat. 146800640 references processed.
Heartbeat. 150994944 references processed.
Heartbeat. 155189248 references processed.
Heartbeat. 159383552 references processed.
Heartbeat. 163577856 references processed.
Heartbeat. 167772160 references processed.
Heartbeat. 171966464 references processed.
Heartbeat. 176160768 references processed.
Heartbeat. 180355072 references processed.
Heartbeat. 184549376 references processed.
Heartbeat. 188743680 references processed.
Heartbeat. 192937984 references processed.
Heartbeat. 197132288 references processed.
Heartbeat. 201326592 references processed.
Heartbeat. 205520896 references processed.
Heartbeat. 209715200 references processed.
Heartbeat. 213909504 references processed.
Heartbeat. 218103808 references processed.
Heartbeat. 222298112 references processed.
Heartbeat. 226492416 references processed.
Heartbeat. 230686720 references processed.
Heartbeat. 234881024 references processed.
Heartbeat. 239075328 references processed.
Heartbeat. 243269632 references processed.
Heartbeat. 247463936 references processed.
Heartbeat. 251658240 references processed.
Heartbeat. 255852544 references processed.
Heartbeat. 260046848 references processed.
Heartbeat. 264241152 references processed.
Heartbeat. 268435456 references processed.
Heartbeat. 272629760 references processed.
Heartbeat. 276824064 references processed.
Heartbeat. 281018368 references processed.
Heartbeat. 285212672 references processed.
Heartbeat. 289406976 references processed.
Heartbeat. 293601280 references processed.
Heartbeat. 297795584 references processed.
Heartbeat. 301989888 references processed.
Heartbeat. 306184192 references processed.
Heartbeat. 310378496 references processed.
Heartbeat. 314572800 references processed.
Heartbeat. 318767104 references processed.
Heartbeat. 322961408 references processed.
Heartbeat. 327155712 references processed.
Heartbeat. 331350016 references processed.
Heartbeat. 335544320 references processed.
Heartbeat. 339738624 references processed.
Heartbeat. 343932928 references processed.
Heartbeat. 348127232 references processed.
Heartbeat. 352321536 references processed.
Heartbeat. 356515840 references processed.
Heartbeat. 360710144 references processed.
Heartbeat. 364904448 references processed.
Heartbeat. 369098752 references processed.
Heartbeat. 373293056 references processed.
Heartbeat. 377487360 references processed.
Heartbeat. 381681664 references processed.
Heartbeat. 385875968 references processed.
Heartbeat. 390070272 references processed.
Heartbeat. 394264576 references processed.
Heartbeat. 398458880 references processed.
Heartbeat. 402653184 references processed.
Heartbeat. 406847488 references processed.
Heartbeat. 411041792 references processed.
Heartbeat. 415236096 references processed.
Heartbeat. 419430400 references processed.
Heartbeat. 423624704 references processed.
Heartbeat. 427819008 references processed.
Heartbeat. 432013312 references processed.
Heartbeat. 436207616 references processed.
Heartbeat. 440401920 references processed.
Heartbeat. 444596224 references processed.
Heartbeat. 448790528 references processed.
Heartbeat. 452984832 references processed.
Heartbeat. 457179136 references processed.
Heartbeat. 461373440 references processed.
Heartbeat. 465567744 references processed.
Heartbeat. 469762048 references processed.
Heartbeat. 473956352 references processed.
Heartbeat. 478150656 references processed.
Heartbeat. 482344960 references processed.
Heartbeat. 486539264 references processed.
Heartbeat. 490733568 references processed.
Heartbeat. 494927872 references processed.
Heartbeat. 499122176 references processed.
Heartbeat. 503316480 references processed.
Heartbeat. 507510784 references processed.
Heartbeat. 511705088 references processed.
Heartbeat. 515899392 references processed.
Heartbeat. 520093696 references processed.
Heartbeat. 524288000 references processed.
Heartbeat. 528482304 references processed.
Heartbeat. 532676608 references processed.
Heartbeat. 536870912 references processed.
Heartbeat. 541065216 references processed.
Heartbeat. 545259520 references processed.
Heartbeat. 549453824 references processed.
Heartbeat. 553648128 references processed.
Heartbeat. 557842432 references processed.
Heartbeat. 562036736 references processed.
Heartbeat. 566231040 references processed.
Heartbeat. 570425344 references processed.
Heartbeat. 574619648 references processed.
Heartbeat. 578813952 references processed.
Heartbeat. 583008256 references processed.
Heartbeat. 587202560 references processed.
Heartbeat. 591396864 references processed.
Heartbeat. 595591168 references processed.
Heartbeat. 599785472 references processed.
Heartbeat. 603979776 references processed.
Heartbeat. 608174080 references processed.
Heartbeat. 612368384 references processed.
Heartbeat. 616562688 references processed.
Heartbeat. 620756992 references processed.
Heartbeat. 624951296 references processed.
Heartbeat. 629145600 references processed.
Heartbeat. 633339904 references processed.
Heartbeat. 637534208 references processed.
Heartbeat. 641728512 references processed.
Heartbeat. 645922816 references processed.
Heartbeat. 650117120 references processed.
Heartbeat. 654311424 references processed.
Heartbeat. 658505728 references processed.
Heartbeat. 662700032 references processed.
Heartbeat. 666894336 references processed.
Heartbeat. 671088640 references processed.
Heartbeat. 675282944 references processed.
Heartbeat. 679477248 references processed.
Heartbeat. 683671552 references processed.
Heartbeat. 687865856 references processed.
Heartbeat. 692060160 references processed.
Heartbeat. 696254464 references processed.
Heartbeat. 700448768 references processed.
Heartbeat. 704643072 references processed.
Heartbeat. 708837376 references processed.
Heartbeat. 713031680 references processed.
Heartbeat. 717225984 references processed.
Heartbeat. 721420288 references processed.
Heartbeat. 725614592 references processed.
Heartbeat. 729808896 references processed.
Heartbeat. 734003200 references processed.
Heartbeat. 738197504 references processed.
Heartbeat. 742391808 references processed.
Heartbeat. 746586112 references processed.
Heartbeat. 750780416 references processed.
Heartbeat. 754974720 references processed.
Heartbeat. 759169024 references processed.
Heartbeat. 763363328 references processed.
Heartbeat. 767557632 references processed.
Heartbeat. 771751936 references processed.
Heartbeat. 775946240 references processed.
Heartbeat. 780140544 references processed.
Heartbeat. 784334848 references processed.
Heartbeat. 788529152 references processed.
Heartbeat. 792723456 references processed.
Heartbeat. 796917760 references processed.
Heartbeat. 801112064 references processed.
Heartbeat. 805306368 references processed.
Heartbeat. 809500672 references processed.
Heartbeat. 813694976 references processed.
Heartbeat. 817889280 references processed.
Heartbeat. 822083584 references processed.
Heartbeat. 826277888 references processed.
Heartbeat. 830472192 references processed.
Heartbeat. 834666496 references processed.
Heartbeat. 838860800 references processed.
Heartbeat. 843055104 references processed.
Heartbeat. 847249408 references processed.
Heartbeat. 851443712 references processed.
Heartbeat. 855638016 references processed.
Heartbeat. 859832320 references processed.
Heartbeat. 864026624 references processed.
Heartbeat. 868220928 references processed.
Heartbeat. 872415232 references processed.
Heartbeat. 876609536 references processed.
Heartbeat. 880803840 references processed.
Heartbeat. 884998144 references processed.
Heartbeat. 889192448 references processed.
Heartbeat. 893386752 references processed.
Heartbeat. 897581056 references processed.
Heartbeat. 901775360 references processed.
Heartbeat. 905969664 references processed.
Heartbeat. 910163968 references processed.
Heartbeat. 914358272 references processed.
Heartbeat. 918552576 references processed.
Heartbeat. 922746880 references processed.
Heartbeat. 926941184 references processed.
Heartbeat. 931135488 references processed.
Heartbeat. 935329792 references processed.
Heartbeat. 939524096 references processed.
Heartbeat. 943718400 references processed.
Heartbeat. 947912704 references processed.
Heartbeat. 952107008 references processed.
Heartbeat. 956301312 references processed.
Heartbeat. 960495616 references processed.
Heartbeat. 964689920 references processed.
Heartbeat. 968884224 references processed.
Heartbeat. 973078528 references processed.
Heartbeat. 977272832 references processed.
Heartbeat. 981467136 references processed.
Heartbeat. 985661440 references processed.
Heartbeat. 989855744 references processed.
Heartbeat. 994050048 references processed.
Heartbeat. 998244352 references processed.
Heartbeat. 1002438656 references processed.
Heartbeat. 1006632960 references processed.
Heartbeat. 1010827264 references processed.
Heartbeat. 1015021568 references processed.
Heartbeat. 1019215872 references processed.
Heartbeat. 1023410176 references processed.
Heartbeat. 1027604480 references processed.
Heartbeat. 1031798784 references processed.
Heartbeat. 1035993088 references processed.
Heartbeat. 1040187392 references processed.
Heartbeat. 1044381696 references processed.
Heartbeat. 1048576000 references processed.
Heartbeat. 1052770304 references processed.
Heartbeat. 1056964608 references processed.
Heartbeat. 1061158912 references processed.
Heartbeat. 1065353216 references processed.
Heartbeat. 1069547520 references processed.
Heartbeat. 1073741824 references processed.
Heartbeat. 1077936128 references processed.
Heartbeat. 1082130432 references processed.
Heartbeat. 1086324736 references processed.
Heartbeat. 1090519040 references processed.
Heartbeat. 1094713344 references processed.
Heartbeat. 1098907648 references processed.
Heartbeat. 1103101952 references processed.
Heartbeat. 1107296256 references processed.
Heartbeat. 1111490560 references processed.
Heartbeat. 1115684864 references processed.
Heartbeat. 1119879168 references processed.
Heartbeat. 1124073472 references processed.
Heartbeat. 1128267776 references processed.
Heartbeat. 1132462080 references processed.
Heartbeat. 1136656384 references processed.
Heartbeat. 1140850688 references processed.
Heartbeat. 1145044992 references processed.
Heartbeat. 1149239296 references processed.
Heartbeat. 1153433600 references processed.
Heartbeat. 1157627904 references processed.
Heartbeat. 1161822208 references processed.
Heartbeat. 1166016512 references processed.
Heartbeat. 1170210816 references processed.
Heartbeat. 1174405120 references processed.
Heartbeat. 1178599424 references processed.
Heartbeat. 1182793728 references processed.
Heartbeat. 1186988032 references processed.
Heartbeat. 1191182336 references processed.
Heartbeat. 1195376640 references processed.
Heartbeat. 1199570944 references processed.
Heartbeat. 1203765248 references processed.
Heartbeat. 1207959552 references processed.
Heartbeat. 1212153856 references processed.
Heartbeat. 1216348160 references processed.
Heartbeat. 1220542464 references processed.
Heartbeat. 1224736768 references processed.
Heartbeat. 1228931072 references processed.
Heartbeat. 1233125376 references processed.
Heartbeat. 1237319680 references processed.
Heartbeat. 1241513984 references processed.
Heartbeat. 1245708288 references processed.
Heartbeat. 1249902592 references processed.
Heartbeat. 1254096896 references processed.
Heartbeat. 1258291200 references processed.
Heartbeat. 1262485504 references processed.
Heartbeat. 1266679808 references processed.
Heartbeat. 1270874112 references processed.
Heartbeat. 1275068416 references processed.
Heartbeat. 1279262720 references processed.
Heartbeat. 1283457024 references processed.
Heartbeat. 1287651328 references processed.
Heartbeat. 1291845632 references processed.
Heartbeat. 1296039936 references processed.
Heartbeat. 1300234240 references processed.
Heartbeat. 1304428544 references processed.
Heartbeat. 1308622848 references processed.
Heartbeat. 1312817152 references processed.
Heartbeat. 1317011456 references processed.
Heartbeat. 1321205760 references processed.
Heartbeat. 1325400064 references processed.
Heartbeat. 1329594368 references processed.
Heartbeat. 1333788672 references processed.
Heartbeat. 1337982976 references processed.
Heartbeat. 1342177280 references processed.
Heartbeat. 1346371584 references processed.
Heartbeat. 1350565888 references processed.
Heartbeat. 1354760192 references processed.
Heartbeat. 1358954496 references processed.
Heartbeat. 1363148800 references processed.
Heartbeat. 1367343104 references processed.
Heartbeat. 1371537408 references processed.
Heartbeat. 1375731712 references processed.
Heartbeat. 1379926016 references processed.
Heartbeat. 1384120320 references processed.
Heartbeat. 1388314624 references processed.
Heartbeat. 1392508928 references processed.
Heartbeat. 1396703232 references processed.
Heartbeat. 1400897536 references processed.
Heartbeat. 1405091840 references processed.
Heartbeat. 1409286144 references processed.
Heartbeat. 1413480448 references processed.
Heartbeat. 1417674752 references processed.
Heartbeat. 1421869056 references processed.
Heartbeat. 1426063360 references processed.
Heartbeat. 1430257664 references processed.
Heartbeat. 1434451968 references processed.
Heartbeat. 1438646272 references processed.
Heartbeat. 1442840576 references processed.
Heartbeat. 1447034880 references processed.
Heartbeat. 1451229184 references processed.
Heartbeat. 1455423488 references processed.
Heartbeat. 1459617792 references processed.
Heartbeat. 1463812096 references processed.
Heartbeat. 1468006400 references processed.
Heartbeat. 1472200704 references processed.
Heartbeat. 1476395008 references processed.
Heartbeat. 1480589312 references processed.
Heartbeat. 1484783616 references processed.
Heartbeat. 1488977920 references processed.
Heartbeat. 1493172224 references processed.
Heartbeat. 1497366528 references processed.
Heartbeat. 1501560832 references processed.
Heartbeat. 1505755136 references processed.
Heartbeat. 1509949440 references processed.
Heartbeat. 1514143744 references processed.
Heartbeat. 1518338048 references processed.
Heartbeat. 1522532352 references processed.
Heartbeat. 1526726656 references processed.
Heartbeat. 1530920960 references processed.
Heartbeat. 1535115264 references processed.
Heartbeat. 1539309568 references processed.
Heartbeat. 1543503872 references processed.
Heartbeat. 1547698176 references processed.
Heartbeat. 1551892480 references processed.
Heartbeat. 1556086784 references processed.
Heartbeat. 1560281088 references processed.
Heartbeat. 1564475392 references processed.
Heartbeat. 1568669696 references processed.
Heartbeat. 1572864000 references processed.
Heartbeat. 1577058304 references processed.
Heartbeat. 1581252608 references processed.
Heartbeat. 1585446912 references processed.
Heartbeat. 1589641216 references processed.
Heartbeat. 1593835520 references processed.
Heartbeat. 1598029824 references processed.
Heartbeat. 1602224128 references processed.
Heartbeat. 1606418432 references processed.
Heartbeat. 1610612736 references processed.
Heartbeat. 1614807040 references processed.
Heartbeat. 1619001344 references processed.
Heartbeat. 1623195648 references processed.
Heartbeat. 1627389952 references processed.
Heartbeat. 1631584256 references processed.
Heartbeat. 1635778560 references processed.
Heartbeat. 1639972864 references processed.
Heartbeat. 1644167168 references processed.
Heartbeat. 1648361472 references processed.
Heartbeat. 1652555776 references processed.
Heartbeat. 1656750080 references processed.
Heartbeat. 1660944384 references processed.
Heartbeat. 1665138688 references processed.
Heartbeat. 1669332992 references processed.
Heartbeat. 1673527296 references processed.
Heartbeat. 1677721600 references processed.
Heartbeat. 1681915904 references processed.
Heartbeat. 1686110208 references processed.
Heartbeat. 1690304512 references processed.
Heartbeat. 1694498816 references processed.
Heartbeat. 1698693120 references processed.
Heartbeat. 1702887424 references processed.
Heartbeat. 1707081728 references processed.
Heartbeat. 1711276032 references processed.
Heartbeat. 1715470336 references processed.
Heartbeat. 1719664640 references processed.
Heartbeat. 1723858944 references processed.
Heartbeat. 1728053248 references processed.
Heartbeat. 1732247552 references processed.
Heartbeat. 1736441856 references processed.
Heartbeat. 1740636160 references processed.
Heartbeat. 1744830464 references processed.
Heartbeat. 1749024768 references processed.
Heartbeat. 1753219072 references processed.
Heartbeat. 1757413376 references processed.
Heartbeat. 1761607680 references processed.
Heartbeat. 1765801984 references processed.
Heartbeat. 1769996288 references processed.
Heartbeat. 1774190592 references processed.
Heartbeat. 1778384896 references processed.
Heartbeat. 1782579200 references processed.
Heartbeat. 1786773504 references processed.
Heartbeat. 1790967808 references processed.
Heartbeat. 1795162112 references processed.
Heartbeat. 1799356416 references processed.
Heartbeat. 1803550720 references processed.
Heartbeat. 1807745024 references processed.
Heartbeat. 1811939328 references processed.
Heartbeat. 1816133632 references processed.
Heartbeat. 1820327936 references processed.
Heartbeat. 1824522240 references processed.
Heartbeat. 1828716544 references processed.
Heartbeat. 1832910848 references processed.
Heartbeat. 1837105152 references processed.
Heartbeat. 1841299456 references processed.
Heartbeat. 1845493760 references processed.
Heartbeat. 1849688064 references processed.
Heartbeat. 1853882368 references processed.
Heartbeat. 1858076672 references processed.
Heartbeat. 1862270976 references processed.
Heartbeat. 1866465280 references processed.
Heartbeat. 1870659584 references processed.
Heartbeat. 1874853888 references processed.
Heartbeat. 1879048192 references processed.
Heartbeat. 1883242496 references processed.
Heartbeat. 1887436800 references processed.
Heartbeat. 1891631104 references processed.
Heartbeat. 1895825408 references processed.
Heartbeat. 1900019712 references processed.
Heartbeat. 1904214016 references processed.
Heartbeat. 1908408320 references processed.
Heartbeat. 1912602624 references processed.
Heartbeat. 1916796928 references processed.
Heartbeat. 1920991232 references processed.
Heartbeat. 1925185536 references processed.
Heartbeat. 1929379840 references processed.
Heartbeat. 1933574144 references processed.
Heartbeat. 1937768448 references processed.
Heartbeat. 1941962752 references processed.
Heartbeat. 1946157056 references processed.
Heartbeat. 1950351360 references processed.
Heartbeat. 1954545664 references processed.
Heartbeat. 1958739968 references processed.
Heartbeat. 1962934272 references processed.
Heartbeat. 1967128576 references processed.
Heartbeat. 1971322880 references processed.
Heartbeat. 1975517184 references processed.
Heartbeat. 1979711488 references processed.
Heartbeat. 1983905792 references processed.
Heartbeat. 1988100096 references processed.
Heartbeat. 1992294400 references processed.
Heartbeat. 1996488704 references processed.
Heartbeat. 2000683008 references processed.
Heartbeat. 2004877312 references processed.
Heartbeat. 2009071616 references processed.
Heartbeat. 2013265920 references processed.
Heartbeat. 2017460224 references processed.
Heartbeat. 2021654528 references processed.
Heartbeat. 2025848832 references processed.
Heartbeat. 2030043136 references processed.
Heartbeat. 2034237440 references processed.
Heartbeat. 2038431744 references processed.
Heartbeat. 2042626048 references processed.
Heartbeat. 2046820352 references processed.
Heartbeat. 2051014656 references processed.
Heartbeat. 2055208960 references processed.
Heartbeat. 2059403264 references processed.
Heartbeat. 2063597568 references processed.
Heartbeat. 2067791872 references processed.
Heartbeat. 2071986176 references processed.
Heartbeat. 2076180480 references processed.
Heartbeat. 2080374784 references processed.
Heartbeat. 2084569088 references processed.
Heartbeat. 2088763392 references processed.
Heartbeat. 2092957696 references processed.
Heartbeat. 2097152000 references processed.
Heartbeat. 2101346304 references processed.
Heartbeat. 2105540608 references processed.
Heartbeat. 2109734912 references processed.
Heartbeat. 2113929216 references processed.
Heartbeat. 2118123520 references processed.
Heartbeat. 2122317824 references processed.
Heartbeat. 2126512128 references processed.
Heartbeat. 2130706432 references processed.
Heartbeat. 2134900736 references processed.
Heartbeat. 2139095040 references processed.
Heartbeat. 2143289344 references processed.
Heartbeat. 2147483648 references processed.
Heartbeat. 2151677952 references processed.
Heartbeat. 2155872256 references processed.
Heartbeat. 2160066560 references processed.
Heartbeat. 2164260864 references processed.
Heartbeat. 2168455168 references processed.
Heartbeat. 2172649472 references processed.
Heartbeat. 2176843776 references processed.
Heartbeat. 2181038080 references processed.
Heartbeat. 2185232384 references processed.
Heartbeat. 2189426688 references processed.
Heartbeat. 2193620992 references processed.
Heartbeat. 2197815296 references processed.
Heartbeat. 2202009600 references processed.
Heartbeat. 2206203904 references processed.
Heartbeat. 2210398208 references processed.
Heartbeat. 2214592512 references processed.
Heartbeat. 2218786816 references processed.
Heartbeat. 2222981120 references processed.
Heartbeat. 2227175424 references processed.
Heartbeat. 2231369728 references processed.
Heartbeat. 2235564032 references processed.
Heartbeat. 2239758336 references processed.
Heartbeat. 2243952640 references processed.
Heartbeat. 2248146944 references processed.
Heartbeat. 2252341248 references processed.
Heartbeat. 2256535552 references processed.
Heartbeat. 2260729856 references processed.
Heartbeat. 2264924160 references processed.
Heartbeat. 2269118464 references processed.
Heartbeat. 2273312768 references processed.
Heartbeat. 2277507072 references processed.
Heartbeat. 2281701376 references processed.
Heartbeat. 2285895680 references processed.
Heartbeat. 2290089984 references processed.
Heartbeat. 2294284288 references processed.
Heartbeat. 2298478592 references processed.
Heartbeat. 2302672896 references processed.
Heartbeat. 2306867200 references processed.
Heartbeat. 2311061504 references processed.
Heartbeat. 2315255808 references processed.
Heartbeat. 2319450112 references processed.
Heartbeat. 2323644416 references processed.
Heartbeat. 2327838720 references processed.
Heartbeat. 2332033024 references processed.
Heartbeat. 2336227328 references processed.
Heartbeat. 2340421632 references processed.
Heartbeat. 2344615936 references processed.
Heartbeat. 2348810240 references processed.
Heartbeat. 2353004544 references processed.
Heartbeat. 2357198848 references processed.
Heartbeat. 2361393152 references processed.
Heartbeat. 2365587456 references processed.
Heartbeat. 2369781760 references processed.
Heartbeat. 2373976064 references processed.
Heartbeat. 2378170368 references processed.
Heartbeat. 2382364672 references processed.
Heartbeat. 2386558976 references processed.
Heartbeat. 2390753280 references processed.
Heartbeat. 2394947584 references processed.
Heartbeat. 2399141888 references processed.
Heartbeat. 2403336192 references processed.
Heartbeat. 2407530496 references processed.
Heartbeat. 2411724800 references processed.
Heartbeat. 2415919104 references processed.
Heartbeat. 2420113408 references processed.
Heartbeat. 2424307712 references processed.
Heartbeat. 2428502016 references processed.
Heartbeat. 2432696320 references processed.
Trace is truncated
TLB simulation results:
Core #0 (1 thread(s))
  TLB-L1I stats:
    Hits:                       1625014709
    Misses:                            220
    Invalidations:                       0
    Hits PT level     1:                   0
    Misses PT level   1:                   0
    Hits PT level     2:                   0
    Misses PT level   2:                   0
    Hits PT level     3:                   0
    Misses PT level   3:                   0
    Hits PT level     4:                   0
    Misses PT level   4:                   0
    Hits PT level     5:                   0
    Misses PT level   5:                   0
    Hits PT level     6:                   0
    Misses PT level   6:                   0
    Miss rate:                        0.00%
  TLB-L1D stats:
    Hits:                        565444554
    Misses:                      144451761
    Invalidations:                       0
    Hits PT level     1:                   0
    Misses PT level   1:                   0
    Hits PT level     2:                   0
    Misses PT level   2:                   0
    Hits PT level     3:                   0
    Misses PT level   3:                   0
    Hits PT level     4:                   0
    Misses PT level   4:                   0
    Hits PT level     5:                   0
    Misses PT level   5:                   0
    Hits PT level     6:                   0
    Misses PT level   6:                   0
    Miss rate:                       20.35%
  TLB-LL stats:
    Hits:                         76470636
    Misses:                       67981345
    Invalidations:                       0
    Hits PT level     1:                   0
    Misses PT level   1:                   0
    Hits PT level     2:                   0
    Misses PT level   2:                   0
    Hits PT level     3:                   0
    Misses PT level   3:                   0
    Hits PT level     4:                   0
    Misses PT level   4:                   0
    Hits PT level     5:                   0
    Misses PT level   5:                   0
    Hits PT level     6:                   0
    Misses PT level   6:                   0
    Local miss rate:                 47.06%
    Child hits:                 2190459263
    Total miss rate:                  2.91%
~~~~~~~~~~~~~~~~~~~~~~~~~~~~~~~~~~~~~~~~~~
Cache simulation results:
Core #0 (1 thread(s))
  L1I stats:
    Warmup hits:                  41766025
    Warmup misses:                    1564
    Hits:                       2087862849
    Misses:                          54709
    Invalidations:                       0
    Hits PT level     1:                   0
    Misses PT level   1:                   0
    Hits PT level     2:                   0
    Misses PT level   2:                   0
    Hits PT level     3:                   0
    Misses PT level   3:                   0
    Hits PT level     4:                   0
    Misses PT level   4:                   0
    Hits PT level     5:                   0
    Misses PT level   5:                   0
    Hits PT level     6:                   0
    Misses PT level   6:                   0
    Miss rate:                        0.00%
  L1D stats:
    Warmup hits:                   9424360
    Warmup misses:                 4525107
    Hits:                        486512275
    Misses:                      238653664
    Invalidations:                       0
    Hits PT level     1:            49660221
    Misses PT level   1:           158822754
    Hits PT level     2:           138209809
    Misses PT level   2:              642965
    Hits PT level     3:                   0
    Misses PT level   3:                   0
    Hits PT level     4:                   0
    Misses PT level   4:                   0
    Hits PT level     5:                   0
    Misses PT level   5:                   0
    Hits PT level     6:                   0
    Misses PT level   6:                   0
    Prefetch hits:                26630473
    Prefetch misses:             371488910
    Miss rate:                       32.91%
  L2 stats:
    Warmup hits:                    271475
    Warmup misses:                 4255196
    Hits:                         23561227
    Misses:                      215147146
    Invalidations:                       0
    Hits PT level     1:            60668947
    Misses PT level   1:            98153807
    Hits PT level     2:              560892
    Misses PT level   2:               82073
    Hits PT level     3:                   0
    Misses PT level   3:                   0
    Hits PT level     4:                   0
    Misses PT level   4:                   0
    Hits PT level     5:                   0
    Misses PT level   5:                   0
    Hits PT level     6:                   0
    Misses PT level   6:                   0
    Prefetch hits:                75419227
    Prefetch misses:             296069683
    Local miss rate:                 90.13%
    Child hits:                 2788875627
    Total miss rate:                  7.11%
LLC stats:
    Warmup hits:                    363465
    Warmup misses:                 3891731
    Hits:                         33376387
    Misses:                      181770759
    Invalidations:                       0
    Hits PT level     1:            77027732
    Misses PT level   1:            21126075
    Hits PT level     2:               77507
    Misses PT level   2:                4566
    Hits PT level     3:                   0
    Misses PT level   3:                   0
    Hits PT level     4:                   0
    Misses PT level   4:                   0
    Hits PT level     5:                   0
    Misses PT level   5:                   0
    Hits PT level     6:                   0
    Misses PT level   6:                   0
    Prefetch hits:               110122358
    Prefetch misses:             185947325
    Local miss rate:                 84.49%
    Child hits:                  160210293
    Total miss rate:                 48.43%
 CWC 0 stats:
    Warmup hits:                         0
    Warmup misses:                       0
    Hits:                         70369233
    Misses:                          10240
    Invalidations:                       0
    Hits PT level     1:                   0
    Misses PT level   1:                   0
    Hits PT level     2:                   0
    Misses PT level   2:                   0
    Hits PT level     3:                   0
    Misses PT level   3:                   0
    Hits PT level     4:                   0
    Misses PT level   4:                   0
    Hits PT level     5:                   0
    Misses PT level   5:                   0
    Hits PT level     6:                   0
    Misses PT level   6:                   0
    Miss rate:                        0.01%
 CWC 1 stats:
    Warmup hits:                         0
    Warmup misses:                       0
    Hits:                            51221
    Misses:                             17
    Invalidations:                       0
    Hits PT level     1:                   0
    Misses PT level   1:                   0
    Hits PT level     2:                   0
    Misses PT level   2:                   0
    Hits PT level     3:                   0
    Misses PT level   3:                   0
    Hits PT level     4:                   0
    Misses PT level   4:                   0
    Hits PT level     5:                   0
    Misses PT level   5:                   0
    Hits PT level     6:                   0
    Misses PT level   6:                   0
    Miss rate:                        0.03%
~~~~~~~~~~~~~~~~~~~~~~~~~~~~~~~~~~~~~~~~~~
num_requests : 2434911244
num_not_found : 0
kernel memory references: 
0,3266092
1,2014518
16,9179084
user memory references: 
0,672182271
1,61652519
16,1686616760
~~~~~~~~~~~~~~~~~~~~~~~~~~~~~~~~~~~~~~~~~~
num_range_found : 0
num_range_not_found : 0
~~~~~~~~~~~~~~~~~~~~~~~~~~~~~~~~~~~~~~~~~~
MEMORY,MEMORY,MEMORY,MEMORY,MEMORY,MEMORY,	16
MEMORY,MEMORY,MEMORY,MEMORY,ZERO,ZERO,	8
MEMORY,MEMORY,MEMORY,L1,MEMORY,MEMORY,	2
MEMORY,MEMORY,MEMORY,L1,L1,L1,	124
MEMORY,MEMORY,MEMORY,L1,L1,L2,	9
MEMORY,MEMORY,MEMORY,L1,L2,L1,	12
MEMORY,MEMORY,MEMORY,L1,L2,L2,	10
MEMORY,MEMORY,MEMORY,L1,ZERO,ZERO,	60
MEMORY,MEMORY,MEMORY,L2,MEMORY,MEMORY,	2
MEMORY,MEMORY,MEMORY,L2,MEMORY,LLC,	1
MEMORY,MEMORY,MEMORY,L2,L1,L2,	1
MEMORY,MEMORY,MEMORY,L2,L2,L1,	8
MEMORY,MEMORY,MEMORY,L2,L2,LLC,	1
MEMORY,MEMORY,MEMORY,L2,LLC,LLC,	2
MEMORY,MEMORY,MEMORY,L2,ZERO,ZERO,	3
MEMORY,MEMORY,MEMORY,LLC,MEMORY,LLC,	1
MEMORY,MEMORY,MEMORY,LLC,LLC,MEMORY,	1
MEMORY,MEMORY,MEMORY,LLC,LLC,LLC,	6
MEMORY,MEMORY,MEMORY,LLC,ZERO,ZERO,	5
MEMORY,MEMORY,MEMORY,ZERO,ZERO,ZERO,	3303275
MEMORY,MEMORY,L1,ZERO,ZERO,ZERO,	1627
MEMORY,MEMORY,L2,ZERO,ZERO,ZERO,	38616
MEMORY,MEMORY,LLC,MEMORY,MEMORY,LLC,	1
MEMORY,MEMORY,LLC,MEMORY,LLC,LLC,	5
MEMORY,MEMORY,LLC,MEMORY,ZERO,ZERO,	4
MEMORY,MEMORY,LLC,L1,L1,L1,	26
MEMORY,MEMORY,LLC,L1,L1,L2,	14
MEMORY,MEMORY,LLC,L1,L2,L1,	7
MEMORY,MEMORY,LLC,L1,L2,L2,	9
MEMORY,MEMORY,LLC,L1,LLC,MEMORY,	1
MEMORY,MEMORY,LLC,L1,ZERO,ZERO,	217
MEMORY,MEMORY,LLC,L2,MEMORY,LLC,	1
MEMORY,MEMORY,LLC,L2,L1,L1,	2
MEMORY,MEMORY,LLC,L2,LLC,LLC,	2
MEMORY,MEMORY,LLC,LLC,MEMORY,LLC,	11
MEMORY,MEMORY,LLC,LLC,LLC,MEMORY,	4
MEMORY,MEMORY,LLC,LLC,LLC,LLC,	30
MEMORY,MEMORY,LLC,LLC,ZERO,ZERO,	7
MEMORY,MEMORY,LLC,ZERO,ZERO,ZERO,	1112144
MEMORY,L1,MEMORY,L1,L1,L1,	1
MEMORY,L1,MEMORY,ZERO,ZERO,ZERO,	1624
MEMORY,L1,L2,ZERO,ZERO,ZERO,	20
MEMORY,L1,LLC,ZERO,ZERO,ZERO,	922
MEMORY,L2,MEMORY,ZERO,ZERO,ZERO,	39861
MEMORY,L2,L1,ZERO,ZERO,ZERO,	37
MEMORY,L2,L2,ZERO,ZERO,ZERO,	1957
MEMORY,L2,LLC,ZERO,ZERO,ZERO,	24182
MEMORY,LLC,MEMORY,MEMORY,LLC,LLC,	3
MEMORY,LLC,MEMORY,MEMORY,ZERO,ZERO,	6
MEMORY,LLC,MEMORY,L1,L1,L1,	19
MEMORY,LLC,MEMORY,L1,L1,L2,	21
MEMORY,LLC,MEMORY,L1,L2,L1,	16
MEMORY,LLC,MEMORY,L1,L2,L2,	48
MEMORY,LLC,MEMORY,L1,LLC,MEMORY,	6
MEMORY,LLC,MEMORY,L1,LLC,LLC,	6
MEMORY,LLC,MEMORY,L1,ZERO,ZERO,	113
MEMORY,LLC,MEMORY,L2,MEMORY,MEMORY,	2
MEMORY,LLC,MEMORY,L2,MEMORY,LLC,	3
MEMORY,LLC,MEMORY,L2,L1,L1,	1
MEMORY,LLC,MEMORY,L2,LLC,MEMORY,	12
MEMORY,LLC,MEMORY,L2,LLC,LLC,	28
MEMORY,LLC,MEMORY,LLC,MEMORY,MEMORY,	1
MEMORY,LLC,MEMORY,LLC,MEMORY,LLC,	9
MEMORY,LLC,MEMORY,LLC,LLC,MEMORY,	1
MEMORY,LLC,MEMORY,LLC,LLC,LLC,	41
MEMORY,LLC,MEMORY,LLC,ZERO,ZERO,	28
MEMORY,LLC,MEMORY,ZERO,ZERO,ZERO,	1129263
MEMORY,LLC,L1,ZERO,ZERO,ZERO,	937
MEMORY,LLC,L2,ZERO,ZERO,ZERO,	24100
MEMORY,LLC,LLC,MEMORY,MEMORY,LLC,	14
MEMORY,LLC,LLC,MEMORY,LLC,MEMORY,	4
MEMORY,LLC,LLC,MEMORY,LLC,LLC,	49
MEMORY,LLC,LLC,MEMORY,ZERO,ZERO,	25
MEMORY,LLC,LLC,L1,MEMORY,MEMORY,	3
MEMORY,LLC,LLC,L1,MEMORY,LLC,	2
MEMORY,LLC,LLC,L1,L1,L1,	121
MEMORY,LLC,LLC,L1,L1,L2,	50
MEMORY,LLC,LLC,L1,L2,L1,	78
MEMORY,LLC,LLC,L1,L2,L2,	77
MEMORY,LLC,LLC,L1,LLC,MEMORY,	11
MEMORY,LLC,LLC,L1,LLC,LLC,	12
MEMORY,LLC,LLC,L1,ZERO,ZERO,	1059
MEMORY,LLC,LLC,L2,MEMORY,MEMORY,	6
MEMORY,LLC,LLC,L2,MEMORY,LLC,	20
MEMORY,LLC,LLC,L2,L1,L1,	3
MEMORY,LLC,LLC,L2,L2,L1,	6
MEMORY,LLC,LLC,L2,LLC,MEMORY,	51
MEMORY,LLC,LLC,L2,LLC,LLC,	90
MEMORY,LLC,LLC,LLC,MEMORY,MEMORY,	10
MEMORY,LLC,LLC,LLC,MEMORY,LLC,	116
MEMORY,LLC,LLC,LLC,LLC,MEMORY,	38
MEMORY,LLC,LLC,LLC,LLC,LLC,	566
MEMORY,LLC,LLC,LLC,ZERO,ZERO,	86
MEMORY,LLC,LLC,ZERO,ZERO,ZERO,	1339914
L1,MEMORY,MEMORY,ZERO,ZERO,ZERO,	1768
L1,MEMORY,L2,ZERO,ZERO,ZERO,	28
L1,MEMORY,LLC,ZERO,ZERO,ZERO,	1020
L1,L1,MEMORY,ZERO,ZERO,ZERO,	6
L1,L1,L1,L1,L1,L1,	3379
L1,L1,L1,L1,L1,L2,	184
L1,L1,L1,L1,L2,L1,	2
L1,L1,L1,L1,L2,L2,	1
L1,L1,L1,L1,ZERO,ZERO,	6649
L1,L1,L1,ZERO,ZERO,ZERO,	14533547
L1,L1,L2,L1,L1,L1,	6
L1,L1,L2,L1,L1,L2,	2
L1,L1,L2,L1,L2,L2,	1
L1,L1,L2,L1,ZERO,ZERO,	4
L1,L1,L2,L2,L2,L1,	1
L1,L1,L2,ZERO,ZERO,ZERO,	576169
L1,L1,LLC,ZERO,ZERO,ZERO,	1025
L1,L2,MEMORY,ZERO,ZERO,ZERO,	30
L1,L2,L1,L1,L1,L1,	175
L1,L2,L1,L1,L1,L2,	784
L1,L2,L1,L1,L2,L1,	2
L1,L2,L1,L1,ZERO,ZERO,	1
L1,L2,L1,ZERO,ZERO,ZERO,	571936
L1,L2,L2,L1,L1,L1,	3
L1,L2,L2,L1,ZERO,ZERO,	8
L1,L2,L2,L2,L1,L1,	1
L1,L2,L2,ZERO,ZERO,ZERO,	789982
L1,L2,LLC,ZERO,ZERO,ZERO,	16075
L1,LLC,MEMORY,ZERO,ZERO,ZERO,	1034
L1,LLC,L1,ZERO,ZERO,ZERO,	951
L1,LLC,L2,ZERO,ZERO,ZERO,	16219
L1,LLC,LLC,L2,LLC,L1,	1
L1,LLC,LLC,ZERO,ZERO,ZERO,	12053
L2,MEMORY,MEMORY,ZERO,ZERO,ZERO,	41113
L2,MEMORY,L1,ZERO,ZERO,ZERO,	41
L2,MEMORY,L2,ZERO,ZERO,ZERO,	1777
L2,MEMORY,LLC,ZERO,ZERO,ZERO,	25403
L2,L1,MEMORY,ZERO,ZERO,ZERO,	39
L2,L1,L1,L1,L1,L1,	30
L2,L1,L1,L1,L1,L2,	83
L2,L1,L1,L1,L2,L1,	1
L2,L1,L1,L1,L2,L2,	2
L2,L1,L1,L1,ZERO,ZERO,	2
L2,L1,L1,ZERO,ZERO,ZERO,	572861
L2,L1,L2,L1,L1,L1,	8
L2,L1,L2,L1,L1,L2,	1
L2,L1,L2,L1,ZERO,ZERO,	2
L2,L1,L2,ZERO,ZERO,ZERO,	794445
L2,L1,LLC,ZERO,ZERO,ZERO,	16523
L2,L2,MEMORY,ZERO,ZERO,ZERO,	1853
L2,L2,L1,L1,L1,L1,	65
L2,L2,L1,L1,L1,L2,	314
L2,L2,L1,L1,L2,L1,	2
L2,L2,L1,L1,ZERO,ZERO,	4
L2,L2,L1,ZERO,ZERO,ZERO,	802045
L2,L2,L2,L1,L1,L1,	4
L2,L2,L2,L1,L1,L2,	1
L2,L2,L2,L1,L2,L1,	1
L2,L2,L2,L1,ZERO,ZERO,	16
L2,L2,L2,ZERO,ZERO,ZERO,	13450148
L2,L2,LLC,L1,L1,L1,	1
L2,L2,LLC,L2,L2,L2,	2
L2,L2,LLC,L2,L2,LLC,	1
L2,L2,LLC,L2,LLC,L2,	1
L2,L2,LLC,L2,LLC,LLC,	25
L2,L2,LLC,ZERO,ZERO,ZERO,	1526484
L2,LLC,MEMORY,ZERO,ZERO,ZERO,	25534
L2,LLC,L1,ZERO,ZERO,ZERO,	16342
L2,LLC,L2,ZERO,ZERO,ZERO,	1532226
L2,LLC,LLC,L1,L1,L1,	3
L2,LLC,LLC,L1,ZERO,ZERO,	38
L2,LLC,LLC,ZERO,ZERO,ZERO,	1429645
LLC,MEMORY,MEMORY,MEMORY,LLC,LLC,	4
LLC,MEMORY,MEMORY,MEMORY,ZERO,ZERO,	36
LLC,MEMORY,MEMORY,L1,L1,L1,	28
LLC,MEMORY,MEMORY,L1,L1,L2,	73
LLC,MEMORY,MEMORY,L1,L2,L1,	12
LLC,MEMORY,MEMORY,L1,L2,L2,	11
LLC,MEMORY,MEMORY,L1,LLC,LLC,	1
LLC,MEMORY,MEMORY,L1,ZERO,ZERO,	110
LLC,MEMORY,MEMORY,L2,MEMORY,LLC,	1
LLC,MEMORY,MEMORY,L2,L1,L1,	11
LLC,MEMORY,MEMORY,L2,L2,L1,	2
LLC,MEMORY,MEMORY,L2,LLC,MEMORY,	5
LLC,MEMORY,MEMORY,L2,LLC,LLC,	2
LLC,MEMORY,MEMORY,LLC,MEMORY,LLC,	5
LLC,MEMORY,MEMORY,LLC,LLC,MEMORY,	3
LLC,MEMORY,MEMORY,LLC,LLC,LLC,	34
LLC,MEMORY,MEMORY,LLC,ZERO,ZERO,	118
LLC,MEMORY,MEMORY,ZERO,ZERO,ZERO,	1138747
LLC,MEMORY,L1,ZERO,ZERO,ZERO,	935
LLC,MEMORY,L2,ZERO,ZERO,ZERO,	23841
LLC,MEMORY,LLC,MEMORY,MEMORY,LLC,	1
LLC,MEMORY,LLC,MEMORY,LLC,LLC,	20
LLC,MEMORY,LLC,MEMORY,ZERO,ZERO,	130
LLC,MEMORY,LLC,L1,L1,L1,	252
LLC,MEMORY,LLC,L1,L1,L2,	237
LLC,MEMORY,LLC,L1,L2,L1,	83
LLC,MEMORY,LLC,L1,L2,L2,	38
LLC,MEMORY,LLC,L1,LLC,MEMORY,	1
LLC,MEMORY,LLC,L1,LLC,LLC,	1
LLC,MEMORY,LLC,L1,ZERO,ZERO,	1393
LLC,MEMORY,LLC,L2,MEMORY,MEMORY,	3
LLC,MEMORY,LLC,L2,MEMORY,LLC,	1
LLC,MEMORY,LLC,L2,L1,L1,	47
LLC,MEMORY,LLC,L2,L2,L1,	3
LLC,MEMORY,LLC,L2,LLC,MEMORY,	8
LLC,MEMORY,LLC,L2,LLC,LLC,	9
LLC,MEMORY,LLC,L2,ZERO,ZERO,	3
LLC,MEMORY,LLC,LLC,MEMORY,MEMORY,	3
LLC,MEMORY,LLC,LLC,MEMORY,LLC,	47
LLC,MEMORY,LLC,LLC,LLC,MEMORY,	16
LLC,MEMORY,LLC,LLC,LLC,LLC,	262
LLC,MEMORY,LLC,LLC,ZERO,ZERO,	391
LLC,MEMORY,LLC,ZERO,ZERO,ZERO,	1339169
LLC,L1,MEMORY,ZERO,ZERO,ZERO,	878
LLC,L1,L1,ZERO,ZERO,ZERO,	891
LLC,L1,L2,ZERO,ZERO,ZERO,	16542
LLC,L1,LLC,ZERO,ZERO,ZERO,	11477
LLC,L2,MEMORY,ZERO,ZERO,ZERO,	24579
LLC,L2,L1,ZERO,ZERO,ZERO,	16866
LLC,L2,L2,L2,MEMORY,LLC,	10
LLC,L2,L2,L2,L2,MEMORY,	6
LLC,L2,L2,L2,L2,LLC,	2
LLC,L2,L2,L2,ZERO,ZERO,	15
LLC,L2,L2,LLC,LLC,L2,	6
LLC,L2,L2,LLC,LLC,LLC,	6
LLC,L2,L2,ZERO,ZERO,ZERO,	1527880
LLC,L2,LLC,L1,L1,L1,	11
LLC,L2,LLC,L1,LLC,LLC,	1
LLC,L2,LLC,L1,ZERO,ZERO,	7
LLC,L2,LLC,L2,LLC,L2,	9
LLC,L2,LLC,L2,LLC,LLC,	37
LLC,L2,LLC,L2,ZERO,ZERO,	39
LLC,L2,LLC,LLC,LLC,MEMORY,	10
LLC,L2,LLC,LLC,LLC,L2,	6
LLC,L2,LLC,LLC,LLC,LLC,	10
LLC,L2,LLC,LLC,ZERO,ZERO,	19
LLC,L2,LLC,ZERO,ZERO,ZERO,	1412172
LLC,LLC,MEMORY,MEMORY,MEMORY,MEMORY,	1
LLC,LLC,MEMORY,MEMORY,MEMORY,LLC,	7
LLC,LLC,MEMORY,MEMORY,LLC,MEMORY,	1
LLC,LLC,MEMORY,MEMORY,LLC,LLC,	19
LLC,LLC,MEMORY,MEMORY,ZERO,ZERO,	149
LLC,LLC,MEMORY,L1,MEMORY,MEMORY,	3
LLC,LLC,MEMORY,L1,MEMORY,LLC,	9
LLC,LLC,MEMORY,L1,L1,L1,	155
LLC,LLC,MEMORY,L1,L1,L2,	299
LLC,LLC,MEMORY,L1,L2,L1,	224
LLC,LLC,MEMORY,L1,L2,L2,	213
LLC,LLC,MEMORY,L1,LLC,MEMORY,	12
LLC,LLC,MEMORY,L1,LLC,LLC,	22
LLC,LLC,MEMORY,L1,ZERO,ZERO,	736
LLC,LLC,MEMORY,L2,MEMORY,MEMORY,	17
LLC,LLC,MEMORY,L2,MEMORY,LLC,	25
LLC,LLC,MEMORY,L2,L1,L1,	31
LLC,LLC,MEMORY,L2,L2,L1,	7
LLC,LLC,MEMORY,L2,LLC,MEMORY,	81
LLC,LLC,MEMORY,L2,LLC,LLC,	120
LLC,LLC,MEMORY,LLC,MEMORY,MEMORY,	9
LLC,LLC,MEMORY,LLC,MEMORY,LLC,	74
LLC,LLC,MEMORY,LLC,LLC,MEMORY,	41
LLC,LLC,MEMORY,LLC,LLC,LLC,	266
LLC,LLC,MEMORY,LLC,ZERO,ZERO,	485
LLC,LLC,MEMORY,ZERO,ZERO,ZERO,	1352685
LLC,LLC,L1,ZERO,ZERO,ZERO,	12175
LLC,LLC,L2,L1,L1,L1,	2
LLC,LLC,L2,L1,L1,L2,	49
LLC,LLC,L2,L1,L2,L1,	32
LLC,LLC,L2,L1,L2,L2,	1
LLC,LLC,L2,L1,ZERO,ZERO,	55
LLC,LLC,L2,L2,MEMORY,L2,	4
LLC,LLC,L2,L2,L1,L1,	1
LLC,LLC,L2,L2,L2,MEMORY,	1
LLC,LLC,L2,L2,L2,L2,	9
LLC,LLC,L2,L2,L2,LLC,	1
LLC,LLC,L2,L2,LLC,L2,	1
LLC,LLC,L2,L2,LLC,LLC,	1
LLC,LLC,L2,L2,ZERO,ZERO,	15
LLC,LLC,L2,LLC,LLC,L2,	6
LLC,LLC,L2,LLC,LLC,LLC,	12
LLC,LLC,L2,ZERO,ZERO,ZERO,	1421228
LLC,LLC,LLC,MEMORY,MEMORY,MEMORY,	2
LLC,LLC,LLC,MEMORY,MEMORY,LLC,	59
LLC,LLC,LLC,MEMORY,LLC,MEMORY,	15
LLC,LLC,LLC,MEMORY,LLC,LLC,	257
LLC,LLC,LLC,MEMORY,ZERO,ZERO,	725
LLC,LLC,LLC,L1,MEMORY,MEMORY,	8
LLC,LLC,LLC,L1,MEMORY,LLC,	13
LLC,LLC,LLC,L1,L1,L1,	1437
LLC,LLC,LLC,L1,L1,L2,	955
LLC,LLC,LLC,L1,L2,L1,	1092
LLC,LLC,LLC,L1,L2,L2,	559
LLC,LLC,LLC,L1,L2,LLC,	2
LLC,LLC,LLC,L1,LLC,MEMORY,	55
LLC,LLC,LLC,L1,LLC,LLC,	101
LLC,LLC,LLC,L1,ZERO,ZERO,	7870
LLC,LLC,LLC,L2,MEMORY,MEMORY,	65
LLC,LLC,LLC,L2,MEMORY,LLC,	98
LLC,LLC,LLC,L2,L1,L1,	146
LLC,LLC,LLC,L2,L2,L1,	34
LLC,LLC,LLC,L2,L2,L2,	4
LLC,LLC,LLC,L2,L2,LLC,	25
LLC,LLC,LLC,L2,LLC,MEMORY,	258
LLC,LLC,LLC,L2,LLC,LLC,	460
LLC,LLC,LLC,L2,ZERO,ZERO,	34
LLC,LLC,LLC,LLC,MEMORY,MEMORY,	69
LLC,LLC,LLC,LLC,MEMORY,LLC,	774
LLC,LLC,LLC,LLC,L2,LLC,	7
LLC,LLC,LLC,LLC,LLC,MEMORY,	252
LLC,LLC,LLC,LLC,LLC,L2,	18
LLC,LLC,LLC,LLC,LLC,LLC,	3293
LLC,LLC,LLC,LLC,ZERO,ZERO,	2662
LLC,LLC,LLC,ZERO,ZERO,ZERO,	17346152
ZERO,ZERO,ZERO,MEMORY,ZERO,ZERO,	5
ZERO,ZERO,ZERO,L1,ZERO,ZERO,	10
~~~~~~ full stats with way ~~~~~~
MEMORY,MEMORY,MEMORY,MEMORY,MEMORY,MEMORY,2	1
MEMORY,MEMORY,MEMORY,MEMORY,MEMORY,MEMORY,4	15
MEMORY,MEMORY,MEMORY,MEMORY,ZERO,ZERO,3	8
MEMORY,MEMORY,MEMORY,L1,MEMORY,MEMORY,4	2
MEMORY,MEMORY,MEMORY,L1,L1,L1,4	109
MEMORY,MEMORY,MEMORY,L1,L1,L1,5	15
MEMORY,MEMORY,MEMORY,L1,L1,L2,4	6
MEMORY,MEMORY,MEMORY,L1,L1,L2,5	3
MEMORY,MEMORY,MEMORY,L1,L2,L1,4	7
MEMORY,MEMORY,MEMORY,L1,L2,L1,5	5
MEMORY,MEMORY,MEMORY,L1,L2,L2,4	2
MEMORY,MEMORY,MEMORY,L1,L2,L2,5	8
MEMORY,MEMORY,MEMORY,L1,ZERO,ZERO,0	2
MEMORY,MEMORY,MEMORY,L1,ZERO,ZERO,1	6
MEMORY,MEMORY,MEMORY,L1,ZERO,ZERO,2	7
MEMORY,MEMORY,MEMORY,L1,ZERO,ZERO,3	45
MEMORY,MEMORY,MEMORY,L2,MEMORY,MEMORY,4	1
MEMORY,MEMORY,MEMORY,L2,MEMORY,MEMORY,5	1
MEMORY,MEMORY,MEMORY,L2,MEMORY,LLC,5	1
MEMORY,MEMORY,MEMORY,L2,L1,L2,4	1
MEMORY,MEMORY,MEMORY,L2,L2,L1,4	8
MEMORY,MEMORY,MEMORY,L2,L2,LLC,4	1
MEMORY,MEMORY,MEMORY,L2,LLC,LLC,4	2
MEMORY,MEMORY,MEMORY,L2,ZERO,ZERO,0	2
MEMORY,MEMORY,MEMORY,L2,ZERO,ZERO,3	1
MEMORY,MEMORY,MEMORY,LLC,MEMORY,LLC,5	1
MEMORY,MEMORY,MEMORY,LLC,LLC,MEMORY,4	1
MEMORY,MEMORY,MEMORY,LLC,LLC,LLC,4	3
MEMORY,MEMORY,MEMORY,LLC,LLC,LLC,5	3
MEMORY,MEMORY,MEMORY,LLC,ZERO,ZERO,2	2
MEMORY,MEMORY,MEMORY,LLC,ZERO,ZERO,3	3
MEMORY,MEMORY,MEMORY,ZERO,ZERO,ZERO,0	1157053
MEMORY,MEMORY,MEMORY,ZERO,ZERO,ZERO,1	1080942
MEMORY,MEMORY,MEMORY,ZERO,ZERO,ZERO,2	1065280
MEMORY,MEMORY,L1,ZERO,ZERO,ZERO,0	552
MEMORY,MEMORY,L1,ZERO,ZERO,ZERO,1	608
MEMORY,MEMORY,L1,ZERO,ZERO,ZERO,2	467
MEMORY,MEMORY,L2,ZERO,ZERO,ZERO,0	13453
MEMORY,MEMORY,L2,ZERO,ZERO,ZERO,1	13925
MEMORY,MEMORY,L2,ZERO,ZERO,ZERO,2	11238
MEMORY,MEMORY,LLC,MEMORY,MEMORY,LLC,4	1
MEMORY,MEMORY,LLC,MEMORY,LLC,LLC,4	5
MEMORY,MEMORY,LLC,MEMORY,ZERO,ZERO,2	1
MEMORY,MEMORY,LLC,MEMORY,ZERO,ZERO,3	3
MEMORY,MEMORY,LLC,L1,L1,L1,4	25
MEMORY,MEMORY,LLC,L1,L1,L1,5	1
MEMORY,MEMORY,LLC,L1,L1,L2,4	11
MEMORY,MEMORY,LLC,L1,L1,L2,5	3
MEMORY,MEMORY,LLC,L1,L2,L1,4	6
MEMORY,MEMORY,LLC,L1,L2,L1,5	1
MEMORY,MEMORY,LLC,L1,L2,L2,5	9
MEMORY,MEMORY,LLC,L1,LLC,MEMORY,5	1
MEMORY,MEMORY,LLC,L1,ZERO,ZERO,1	16
MEMORY,MEMORY,LLC,L1,ZERO,ZERO,2	13
MEMORY,MEMORY,LLC,L1,ZERO,ZERO,3	188
MEMORY,MEMORY,LLC,L2,MEMORY,LLC,5	1
MEMORY,MEMORY,LLC,L2,L1,L1,4	2
MEMORY,MEMORY,LLC,L2,LLC,LLC,5	2
MEMORY,MEMORY,LLC,LLC,MEMORY,LLC,4	11
MEMORY,MEMORY,LLC,LLC,LLC,MEMORY,4	4
MEMORY,MEMORY,LLC,LLC,LLC,LLC,4	29
MEMORY,MEMORY,LLC,LLC,LLC,LLC,5	1
MEMORY,MEMORY,LLC,LLC,ZERO,ZERO,2	2
MEMORY,MEMORY,LLC,LLC,ZERO,ZERO,3	5
MEMORY,MEMORY,LLC,ZERO,ZERO,ZERO,0	394040
MEMORY,MEMORY,LLC,ZERO,ZERO,ZERO,1	370610
MEMORY,MEMORY,LLC,ZERO,ZERO,ZERO,2	347494
MEMORY,L1,MEMORY,L1,L1,L1,4	1
MEMORY,L1,MEMORY,ZERO,ZERO,ZERO,0	605
MEMORY,L1,MEMORY,ZERO,ZERO,ZERO,1	499
MEMORY,L1,MEMORY,ZERO,ZERO,ZERO,2	520
MEMORY,L1,L2,ZERO,ZERO,ZERO,0	8
MEMORY,L1,L2,ZERO,ZERO,ZERO,1	7
MEMORY,L1,L2,ZERO,ZERO,ZERO,2	5
MEMORY,L1,LLC,ZERO,ZERO,ZERO,0	341
MEMORY,L1,LLC,ZERO,ZERO,ZERO,1	288
MEMORY,L1,LLC,ZERO,ZERO,ZERO,2	293
MEMORY,L2,MEMORY,ZERO,ZERO,ZERO,0	14422
MEMORY,L2,MEMORY,ZERO,ZERO,ZERO,1	11793
MEMORY,L2,MEMORY,ZERO,ZERO,ZERO,2	13646
MEMORY,L2,L1,ZERO,ZERO,ZERO,0	20
MEMORY,L2,L1,ZERO,ZERO,ZERO,1	10
MEMORY,L2,L1,ZERO,ZERO,ZERO,2	7
MEMORY,L2,L2,ZERO,ZERO,ZERO,0	741
MEMORY,L2,L2,ZERO,ZERO,ZERO,1	625
MEMORY,L2,L2,ZERO,ZERO,ZERO,2	591
MEMORY,L2,LLC,ZERO,ZERO,ZERO,0	8864
MEMORY,L2,LLC,ZERO,ZERO,ZERO,1	7183
MEMORY,L2,LLC,ZERO,ZERO,ZERO,2	8135
MEMORY,LLC,MEMORY,MEMORY,LLC,LLC,4	3
MEMORY,LLC,MEMORY,MEMORY,ZERO,ZERO,2	2
MEMORY,LLC,MEMORY,MEMORY,ZERO,ZERO,3	4
MEMORY,LLC,MEMORY,L1,L1,L1,4	14
MEMORY,LLC,MEMORY,L1,L1,L1,5	5
MEMORY,LLC,MEMORY,L1,L1,L2,4	6
MEMORY,LLC,MEMORY,L1,L1,L2,5	15
MEMORY,LLC,MEMORY,L1,L2,L1,4	9
MEMORY,LLC,MEMORY,L1,L2,L1,5	7
MEMORY,LLC,MEMORY,L1,L2,L2,5	48
MEMORY,LLC,MEMORY,L1,LLC,MEMORY,5	6
MEMORY,LLC,MEMORY,L1,LLC,LLC,5	6
MEMORY,LLC,MEMORY,L1,ZERO,ZERO,1	13
MEMORY,LLC,MEMORY,L1,ZERO,ZERO,2	4
MEMORY,LLC,MEMORY,L1,ZERO,ZERO,3	96
MEMORY,LLC,MEMORY,L2,MEMORY,MEMORY,5	2
MEMORY,LLC,MEMORY,L2,MEMORY,LLC,5	3
MEMORY,LLC,MEMORY,L2,L1,L1,4	1
MEMORY,LLC,MEMORY,L2,LLC,MEMORY,5	12
MEMORY,LLC,MEMORY,L2,LLC,LLC,5	28
MEMORY,LLC,MEMORY,LLC,MEMORY,MEMORY,5	1
MEMORY,LLC,MEMORY,LLC,MEMORY,LLC,4	6
MEMORY,LLC,MEMORY,LLC,MEMORY,LLC,5	3
MEMORY,LLC,MEMORY,LLC,LLC,MEMORY,5	1
MEMORY,LLC,MEMORY,LLC,LLC,LLC,4	36
MEMORY,LLC,MEMORY,LLC,LLC,LLC,5	5
MEMORY,LLC,MEMORY,LLC,ZERO,ZERO,2	11
MEMORY,LLC,MEMORY,LLC,ZERO,ZERO,3	17
MEMORY,LLC,MEMORY,ZERO,ZERO,ZERO,0	402146
MEMORY,LLC,MEMORY,ZERO,ZERO,ZERO,1	356408
MEMORY,LLC,MEMORY,ZERO,ZERO,ZERO,2	370709
MEMORY,LLC,L1,ZERO,ZERO,ZERO,0	328
MEMORY,LLC,L1,ZERO,ZERO,ZERO,1	337
MEMORY,LLC,L1,ZERO,ZERO,ZERO,2	272
MEMORY,LLC,L2,ZERO,ZERO,ZERO,0	8832
MEMORY,LLC,L2,ZERO,ZERO,ZERO,1	8462
MEMORY,LLC,L2,ZERO,ZERO,ZERO,2	6806
MEMORY,LLC,LLC,MEMORY,MEMORY,LLC,4	12
MEMORY,LLC,LLC,MEMORY,MEMORY,LLC,5	2
MEMORY,LLC,LLC,MEMORY,LLC,MEMORY,4	2
MEMORY,LLC,LLC,MEMORY,LLC,MEMORY,5	2
MEMORY,LLC,LLC,MEMORY,LLC,LLC,4	48
MEMORY,LLC,LLC,MEMORY,LLC,LLC,5	1
MEMORY,LLC,LLC,MEMORY,ZERO,ZERO,2	12
MEMORY,LLC,LLC,MEMORY,ZERO,ZERO,3	13
MEMORY,LLC,LLC,L1,MEMORY,MEMORY,5	3
MEMORY,LLC,LLC,L1,MEMORY,LLC,5	2
MEMORY,LLC,LLC,L1,L1,L1,4	117
MEMORY,LLC,LLC,L1,L1,L1,5	4
MEMORY,LLC,LLC,L1,L1,L2,4	26
MEMORY,LLC,LLC,L1,L1,L2,5	24
MEMORY,LLC,LLC,L1,L2,L1,4	55
MEMORY,LLC,LLC,L1,L2,L1,5	23
MEMORY,LLC,LLC,L1,L2,L2,5	77
MEMORY,LLC,LLC,L1,LLC,MEMORY,5	11
MEMORY,LLC,LLC,L1,LLC,LLC,5	12
MEMORY,LLC,LLC,L1,ZERO,ZERO,1	146
MEMORY,LLC,LLC,L1,ZERO,ZERO,2	21
MEMORY,LLC,LLC,L1,ZERO,ZERO,3	892
MEMORY,LLC,LLC,L2,MEMORY,MEMORY,5	6
MEMORY,LLC,LLC,L2,MEMORY,LLC,5	20
MEMORY,LLC,LLC,L2,L1,L1,4	3
MEMORY,LLC,LLC,L2,L2,L1,4	6
MEMORY,LLC,LLC,L2,LLC,MEMORY,5	51
MEMORY,LLC,LLC,L2,LLC,LLC,5	90
MEMORY,LLC,LLC,LLC,MEMORY,MEMORY,4	7
MEMORY,LLC,LLC,LLC,MEMORY,MEMORY,5	3
MEMORY,LLC,LLC,LLC,MEMORY,LLC,4	107
MEMORY,LLC,LLC,LLC,MEMORY,LLC,5	9
MEMORY,LLC,LLC,LLC,LLC,MEMORY,4	31
MEMORY,LLC,LLC,LLC,LLC,MEMORY,5	7
MEMORY,LLC,LLC,LLC,LLC,LLC,4	522
MEMORY,LLC,LLC,LLC,LLC,LLC,5	44
MEMORY,LLC,LLC,LLC,ZERO,ZERO,2	35
MEMORY,LLC,LLC,LLC,ZERO,ZERO,3	51
MEMORY,LLC,LLC,ZERO,ZERO,ZERO,0	476340
MEMORY,LLC,LLC,ZERO,ZERO,ZERO,1	435514
MEMORY,LLC,LLC,ZERO,ZERO,ZERO,2	428060
L1,MEMORY,MEMORY,ZERO,ZERO,ZERO,0	521
L1,MEMORY,MEMORY,ZERO,ZERO,ZERO,1	654
L1,MEMORY,MEMORY,ZERO,ZERO,ZERO,2	593
L1,MEMORY,L2,ZERO,ZERO,ZERO,0	14
L1,MEMORY,L2,ZERO,ZERO,ZERO,1	10
L1,MEMORY,L2,ZERO,ZERO,ZERO,2	4
L1,MEMORY,LLC,ZERO,ZERO,ZERO,0	311
L1,MEMORY,LLC,ZERO,ZERO,ZERO,1	370
L1,MEMORY,LLC,ZERO,ZERO,ZERO,2	339
L1,L1,MEMORY,ZERO,ZERO,ZERO,0	4
L1,L1,MEMORY,ZERO,ZERO,ZERO,2	2
L1,L1,L1,L1,L1,L1,4	3378
L1,L1,L1,L1,L1,L1,5	1
L1,L1,L1,L1,L1,L2,4	184
L1,L1,L1,L1,L2,L1,4	2
L1,L1,L1,L1,L2,L2,4	1
L1,L1,L1,L1,ZERO,ZERO,1	1
L1,L1,L1,L1,ZERO,ZERO,2	1
L1,L1,L1,L1,ZERO,ZERO,3	6647
L1,L1,L1,ZERO,ZERO,ZERO,0	5034122
L1,L1,L1,ZERO,ZERO,ZERO,1	4791939
L1,L1,L1,ZERO,ZERO,ZERO,2	4707486
L1,L1,L2,L1,L1,L1,4	6
L1,L1,L2,L1,L1,L2,4	2
L1,L1,L2,L1,L2,L2,4	1
L1,L1,L2,L1,ZERO,ZERO,3	4
L1,L1,L2,L2,L2,L1,4	1
L1,L1,L2,ZERO,ZERO,ZERO,0	197936
L1,L1,L2,ZERO,ZERO,ZERO,1	190265
L1,L1,L2,ZERO,ZERO,ZERO,2	187968
L1,L1,LLC,ZERO,ZERO,ZERO,0	356
L1,L1,LLC,ZERO,ZERO,ZERO,1	321
L1,L1,LLC,ZERO,ZERO,ZERO,2	348
L1,L2,MEMORY,ZERO,ZERO,ZERO,0	17
L1,L2,MEMORY,ZERO,ZERO,ZERO,1	6
L1,L2,MEMORY,ZERO,ZERO,ZERO,2	7
L1,L2,L1,L1,L1,L1,4	175
L1,L2,L1,L1,L1,L2,4	784
L1,L2,L1,L1,L2,L1,4	2
L1,L2,L1,L1,ZERO,ZERO,1	1
L1,L2,L1,ZERO,ZERO,ZERO,0	193813
L1,L2,L1,ZERO,ZERO,ZERO,1	190906
L1,L2,L1,ZERO,ZERO,ZERO,2	187217
L1,L2,L2,L1,L1,L1,4	3
L1,L2,L2,L1,ZERO,ZERO,3	8
L1,L2,L2,L2,L1,L1,4	1
L1,L2,L2,ZERO,ZERO,ZERO,0	270474
L1,L2,L2,ZERO,ZERO,ZERO,1	265105
L1,L2,L2,ZERO,ZERO,ZERO,2	254403
L1,L2,LLC,ZERO,ZERO,ZERO,0	5430
L1,L2,LLC,ZERO,ZERO,ZERO,1	5575
L1,L2,LLC,ZERO,ZERO,ZERO,2	5070
L1,LLC,MEMORY,ZERO,ZERO,ZERO,0	339
L1,LLC,MEMORY,ZERO,ZERO,ZERO,1	342
L1,LLC,MEMORY,ZERO,ZERO,ZERO,2	353
L1,LLC,L1,ZERO,ZERO,ZERO,0	289
L1,LLC,L1,ZERO,ZERO,ZERO,1	338
L1,LLC,L1,ZERO,ZERO,ZERO,2	324
L1,LLC,L2,ZERO,ZERO,ZERO,0	5686
L1,LLC,L2,ZERO,ZERO,ZERO,1	5376
L1,LLC,L2,ZERO,ZERO,ZERO,2	5157
L1,LLC,LLC,L2,LLC,L1,4	1
L1,LLC,LLC,ZERO,ZERO,ZERO,0	3680
L1,LLC,LLC,ZERO,ZERO,ZERO,1	4427
L1,LLC,LLC,ZERO,ZERO,ZERO,2	3946
L2,MEMORY,MEMORY,ZERO,ZERO,ZERO,0	12650
L2,MEMORY,MEMORY,ZERO,ZERO,ZERO,1	14997
L2,MEMORY,MEMORY,ZERO,ZERO,ZERO,2	13466
L2,MEMORY,L1,ZERO,ZERO,ZERO,0	10
L2,MEMORY,L1,ZERO,ZERO,ZERO,1	14
L2,MEMORY,L1,ZERO,ZERO,ZERO,2	17
L2,MEMORY,L2,ZERO,ZERO,ZERO,0	651
L2,MEMORY,L2,ZERO,ZERO,ZERO,1	663
L2,MEMORY,L2,ZERO,ZERO,ZERO,2	463
L2,MEMORY,LLC,ZERO,ZERO,ZERO,0	7982
L2,MEMORY,LLC,ZERO,ZERO,ZERO,1	9249
L2,MEMORY,LLC,ZERO,ZERO,ZERO,2	8172
L2,L1,MEMORY,ZERO,ZERO,ZERO,0	4
L2,L1,MEMORY,ZERO,ZERO,ZERO,1	28
L2,L1,MEMORY,ZERO,ZERO,ZERO,2	7
L2,L1,L1,L1,L1,L1,4	28
L2,L1,L1,L1,L1,L1,5	2
L2,L1,L1,L1,L1,L2,4	83
L2,L1,L1,L1,L2,L1,4	1
L2,L1,L1,L1,L2,L2,4	2
L2,L1,L1,L1,ZERO,ZERO,1	2
L2,L1,L1,ZERO,ZERO,ZERO,0	192980
L2,L1,L1,ZERO,ZERO,ZERO,1	192188
L2,L1,L1,ZERO,ZERO,ZERO,2	187693
L2,L1,L2,L1,L1,L1,4	7
L2,L1,L2,L1,L1,L1,5	1
L2,L1,L2,L1,L1,L2,4	1
L2,L1,L2,L1,ZERO,ZERO,0	1
L2,L1,L2,L1,ZERO,ZERO,3	1
L2,L1,L2,ZERO,ZERO,ZERO,0	270850
L2,L1,L2,ZERO,ZERO,ZERO,1	266828
L2,L1,L2,ZERO,ZERO,ZERO,2	256767
L2,L1,LLC,ZERO,ZERO,ZERO,0	5647
L2,L1,LLC,ZERO,ZERO,ZERO,1	5545
L2,L1,LLC,ZERO,ZERO,ZERO,2	5331
L2,L2,MEMORY,ZERO,ZERO,ZERO,0	602
L2,L2,MEMORY,ZERO,ZERO,ZERO,1	648
L2,L2,MEMORY,ZERO,ZERO,ZERO,2	603
L2,L2,L1,L1,L1,L1,4	65
L2,L2,L1,L1,L1,L2,4	314
L2,L2,L1,L1,L2,L1,4	1
L2,L2,L1,L1,L2,L1,5	1
L2,L2,L1,L1,ZERO,ZERO,1	3
L2,L2,L1,L1,ZERO,ZERO,3	1
L2,L2,L1,ZERO,ZERO,ZERO,0	274492
L2,L2,L1,ZERO,ZERO,ZERO,1	269379
L2,L2,L1,ZERO,ZERO,ZERO,2	258174
L2,L2,L2,L1,L1,L1,5	4
L2,L2,L2,L1,L1,L2,5	1
L2,L2,L2,L1,L2,L1,5	1
L2,L2,L2,L1,ZERO,ZERO,3	16
L2,L2,L2,ZERO,ZERO,ZERO,0	4624044
L2,L2,L2,ZERO,ZERO,ZERO,1	4508656
L2,L2,L2,ZERO,ZERO,ZERO,2	4317448
L2,L2,LLC,L1,L1,L1,4	1
L2,L2,LLC,L2,L2,L2,4	2
L2,L2,LLC,L2,L2,LLC,4	1
L2,L2,LLC,L2,LLC,L2,4	1
L2,L2,LLC,L2,LLC,LLC,4	25
L2,L2,LLC,ZERO,ZERO,ZERO,0	528459
L2,L2,LLC,ZERO,ZERO,ZERO,1	504478
L2,L2,LLC,ZERO,ZERO,ZERO,2	493547
L2,LLC,MEMORY,ZERO,ZERO,ZERO,0	8215
L2,LLC,MEMORY,ZERO,ZERO,ZERO,1	9014
L2,LLC,MEMORY,ZERO,ZERO,ZERO,2	8305
L2,LLC,L1,ZERO,ZERO,ZERO,0	5669
L2,LLC,L1,ZERO,ZERO,ZERO,1	5349
L2,LLC,L1,ZERO,ZERO,ZERO,2	5324
L2,LLC,L2,ZERO,ZERO,ZERO,0	531472
L2,LLC,L2,ZERO,ZERO,ZERO,1	510453
L2,LLC,L2,ZERO,ZERO,ZERO,2	490301
L2,LLC,LLC,L1,L1,L1,4	3
L2,LLC,LLC,L1,ZERO,ZERO,2	11
L2,LLC,LLC,L1,ZERO,ZERO,3	27
L2,LLC,LLC,ZERO,ZERO,ZERO,0	489395
L2,LLC,LLC,ZERO,ZERO,ZERO,1	479490
L2,LLC,LLC,ZERO,ZERO,ZERO,2	460760
LLC,MEMORY,MEMORY,MEMORY,LLC,LLC,4	3
LLC,MEMORY,MEMORY,MEMORY,LLC,LLC,5	1
LLC,MEMORY,MEMORY,MEMORY,ZERO,ZERO,2	15
LLC,MEMORY,MEMORY,MEMORY,ZERO,ZERO,3	21
LLC,MEMORY,MEMORY,L1,L1,L1,4	26
LLC,MEMORY,MEMORY,L1,L1,L1,5	2
LLC,MEMORY,MEMORY,L1,L1,L2,4	63
LLC,MEMORY,MEMORY,L1,L1,L2,5	10
LLC,MEMORY,MEMORY,L1,L2,L1,4	10
LLC,MEMORY,MEMORY,L1,L2,L1,5	2
LLC,MEMORY,MEMORY,L1,L2,L2,5	11
LLC,MEMORY,MEMORY,L1,LLC,LLC,5	1
LLC,MEMORY,MEMORY,L1,ZERO,ZERO,1	10
LLC,MEMORY,MEMORY,L1,ZERO,ZERO,2	49
LLC,MEMORY,MEMORY,L1,ZERO,ZERO,3	51
LLC,MEMORY,MEMORY,L2,MEMORY,LLC,5	1
LLC,MEMORY,MEMORY,L2,L1,L1,4	11
LLC,MEMORY,MEMORY,L2,L2,L1,4	2
LLC,MEMORY,MEMORY,L2,LLC,MEMORY,5	5
LLC,MEMORY,MEMORY,L2,LLC,LLC,5	2
LLC,MEMORY,MEMORY,LLC,MEMORY,LLC,4	3
LLC,MEMORY,MEMORY,LLC,MEMORY,LLC,5	2
LLC,MEMORY,MEMORY,LLC,LLC,MEMORY,5	3
LLC,MEMORY,MEMORY,LLC,LLC,LLC,4	24
LLC,MEMORY,MEMORY,LLC,LLC,LLC,5	10
LLC,MEMORY,MEMORY,LLC,ZERO,ZERO,2	46
LLC,MEMORY,MEMORY,LLC,ZERO,ZERO,3	72
LLC,MEMORY,MEMORY,ZERO,ZERO,ZERO,0	384717
LLC,MEMORY,MEMORY,ZERO,ZERO,ZERO,1	385769
LLC,MEMORY,MEMORY,ZERO,ZERO,ZERO,2	368261
LLC,MEMORY,L1,ZERO,ZERO,ZERO,0	321
LLC,MEMORY,L1,ZERO,ZERO,ZERO,1	358
LLC,MEMORY,L1,ZERO,ZERO,ZERO,2	256
LLC,MEMORY,L2,ZERO,ZERO,ZERO,0	8211
LLC,MEMORY,L2,ZERO,ZERO,ZERO,1	8480
LLC,MEMORY,L2,ZERO,ZERO,ZERO,2	7150
LLC,MEMORY,LLC,MEMORY,MEMORY,LLC,5	1
LLC,MEMORY,LLC,MEMORY,LLC,LLC,4	20
LLC,MEMORY,LLC,MEMORY,ZERO,ZERO,2	79
LLC,MEMORY,LLC,MEMORY,ZERO,ZERO,3	51
LLC,MEMORY,LLC,L1,L1,L1,4	248
LLC,MEMORY,LLC,L1,L1,L1,5	4
LLC,MEMORY,LLC,L1,L1,L2,4	225
LLC,MEMORY,LLC,L1,L1,L2,5	12
LLC,MEMORY,LLC,L1,L2,L1,4	75
LLC,MEMORY,LLC,L1,L2,L1,5	8
LLC,MEMORY,LLC,L1,L2,L2,5	38
LLC,MEMORY,LLC,L1,LLC,MEMORY,5	1
LLC,MEMORY,LLC,L1,LLC,LLC,5	1
LLC,MEMORY,LLC,L1,ZERO,ZERO,1	132
LLC,MEMORY,LLC,L1,ZERO,ZERO,2	404
LLC,MEMORY,LLC,L1,ZERO,ZERO,3	857
LLC,MEMORY,LLC,L2,MEMORY,MEMORY,5	3
LLC,MEMORY,LLC,L2,MEMORY,LLC,5	1
LLC,MEMORY,LLC,L2,L1,L1,4	47
LLC,MEMORY,LLC,L2,L2,L1,4	3
LLC,MEMORY,LLC,L2,LLC,MEMORY,5	8
LLC,MEMORY,LLC,L2,LLC,LLC,5	9
LLC,MEMORY,LLC,L2,ZERO,ZERO,3	3
LLC,MEMORY,LLC,LLC,MEMORY,MEMORY,4	2
LLC,MEMORY,LLC,LLC,MEMORY,MEMORY,5	1
LLC,MEMORY,LLC,LLC,MEMORY,LLC,4	39
LLC,MEMORY,LLC,LLC,MEMORY,LLC,5	8
LLC,MEMORY,LLC,LLC,LLC,MEMORY,4	13
LLC,MEMORY,LLC,LLC,LLC,MEMORY,5	3
LLC,MEMORY,LLC,LLC,LLC,LLC,4	234
LLC,MEMORY,LLC,LLC,LLC,LLC,5	28
LLC,MEMORY,LLC,LLC,ZERO,ZERO,2	188
LLC,MEMORY,LLC,LLC,ZERO,ZERO,3	203
LLC,MEMORY,LLC,ZERO,ZERO,ZERO,0	468100
LLC,MEMORY,LLC,ZERO,ZERO,ZERO,1	445199
LLC,MEMORY,LLC,ZERO,ZERO,ZERO,2	425870
LLC,L1,MEMORY,ZERO,ZERO,ZERO,0	310
LLC,L1,MEMORY,ZERO,ZERO,ZERO,1	251
LLC,L1,MEMORY,ZERO,ZERO,ZERO,2	317
LLC,L1,L1,ZERO,ZERO,ZERO,0	341
LLC,L1,L1,ZERO,ZERO,ZERO,1	330
LLC,L1,L1,ZERO,ZERO,ZERO,2	220
LLC,L1,L2,ZERO,ZERO,ZERO,0	6062
LLC,L1,L2,ZERO,ZERO,ZERO,1	5338
LLC,L1,L2,ZERO,ZERO,ZERO,2	5142
LLC,L1,LLC,ZERO,ZERO,ZERO,0	4103
LLC,L1,LLC,ZERO,ZERO,ZERO,1	3514
LLC,L1,LLC,ZERO,ZERO,ZERO,2	3860
LLC,L2,MEMORY,ZERO,ZERO,ZERO,0	8591
LLC,L2,MEMORY,ZERO,ZERO,ZERO,1	7709
LLC,L2,MEMORY,ZERO,ZERO,ZERO,2	8279
LLC,L2,L1,ZERO,ZERO,ZERO,0	5795
LLC,L2,L1,ZERO,ZERO,ZERO,1	5540
LLC,L2,L1,ZERO,ZERO,ZERO,2	5531
LLC,L2,L2,L2,MEMORY,LLC,5	10
LLC,L2,L2,L2,L2,MEMORY,5	6
LLC,L2,L2,L2,L2,LLC,5	2
LLC,L2,L2,L2,ZERO,ZERO,3	15
LLC,L2,L2,LLC,LLC,L2,4	6
LLC,L2,L2,LLC,LLC,LLC,4	6
LLC,L2,L2,ZERO,ZERO,ZERO,0	528478
LLC,L2,L2,ZERO,ZERO,ZERO,1	508852
LLC,L2,L2,ZERO,ZERO,ZERO,2	490550
LLC,L2,LLC,L1,L1,L1,4	11
LLC,L2,LLC,L1,LLC,LLC,5	1
LLC,L2,LLC,L1,ZERO,ZERO,1	2
LLC,L2,LLC,L1,ZERO,ZERO,3	5
LLC,L2,LLC,L2,LLC,L2,4	9
LLC,L2,LLC,L2,LLC,LLC,4	19
LLC,L2,LLC,L2,LLC,LLC,5	18
LLC,L2,LLC,L2,ZERO,ZERO,2	18
LLC,L2,LLC,L2,ZERO,ZERO,3	21
LLC,L2,LLC,LLC,LLC,MEMORY,5	10
LLC,L2,LLC,LLC,LLC,L2,5	6
LLC,L2,LLC,LLC,LLC,LLC,4	10
LLC,L2,LLC,LLC,ZERO,ZERO,2	19
LLC,L2,LLC,ZERO,ZERO,ZERO,0	491036
LLC,L2,LLC,ZERO,ZERO,ZERO,1	461615
LLC,L2,LLC,ZERO,ZERO,ZERO,2	459521
LLC,LLC,MEMORY,MEMORY,MEMORY,MEMORY,4	1
LLC,LLC,MEMORY,MEMORY,MEMORY,LLC,4	7
LLC,LLC,MEMORY,MEMORY,LLC,MEMORY,5	1
LLC,LLC,MEMORY,MEMORY,LLC,LLC,4	17
LLC,LLC,MEMORY,MEMORY,LLC,LLC,5	2
LLC,LLC,MEMORY,MEMORY,ZERO,ZERO,2	102
LLC,LLC,MEMORY,MEMORY,ZERO,ZERO,3	47
LLC,LLC,MEMORY,L1,MEMORY,MEMORY,5	3
LLC,LLC,MEMORY,L1,MEMORY,LLC,5	9
LLC,LLC,MEMORY,L1,L1,L1,4	133
LLC,LLC,MEMORY,L1,L1,L1,5	22
LLC,LLC,MEMORY,L1,L1,L2,4	233
LLC,LLC,MEMORY,L1,L1,L2,5	66
LLC,LLC,MEMORY,L1,L2,L1,4	182
LLC,LLC,MEMORY,L1,L2,L1,5	42
LLC,LLC,MEMORY,L1,L2,L2,5	213
LLC,LLC,MEMORY,L1,LLC,MEMORY,5	12
LLC,LLC,MEMORY,L1,LLC,LLC,5	22
LLC,LLC,MEMORY,L1,ZERO,ZERO,1	111
LLC,LLC,MEMORY,L1,ZERO,ZERO,2	123
LLC,LLC,MEMORY,L1,ZERO,ZERO,3	502
LLC,LLC,MEMORY,L2,MEMORY,MEMORY,5	17
LLC,LLC,MEMORY,L2,MEMORY,LLC,5	25
LLC,LLC,MEMORY,L2,L1,L1,4	31
LLC,LLC,MEMORY,L2,L2,L1,4	7
LLC,LLC,MEMORY,L2,LLC,MEMORY,5	81
LLC,LLC,MEMORY,L2,LLC,LLC,5	120
LLC,LLC,MEMORY,LLC,MEMORY,MEMORY,4	1
LLC,LLC,MEMORY,LLC,MEMORY,MEMORY,5	8
LLC,LLC,MEMORY,LLC,MEMORY,LLC,4	34
LLC,LLC,MEMORY,LLC,MEMORY,LLC,5	40
LLC,LLC,MEMORY,LLC,LLC,MEMORY,4	7
LLC,LLC,MEMORY,LLC,LLC,MEMORY,5	34
LLC,LLC,MEMORY,LLC,LLC,LLC,4	143
LLC,LLC,MEMORY,LLC,LLC,LLC,5	123
LLC,LLC,MEMORY,LLC,ZERO,ZERO,2	254
LLC,LLC,MEMORY,LLC,ZERO,ZERO,3	231
LLC,LLC,MEMORY,ZERO,ZERO,ZERO,0	471365
LLC,LLC,MEMORY,ZERO,ZERO,ZERO,1	446106
LLC,LLC,MEMORY,ZERO,ZERO,ZERO,2	435214
LLC,LLC,L1,ZERO,ZERO,ZERO,0	4137
LLC,LLC,L1,ZERO,ZERO,ZERO,1	4368
LLC,LLC,L1,ZERO,ZERO,ZERO,2	3670
LLC,LLC,L2,L1,L1,L1,4	2
LLC,LLC,L2,L1,L1,L2,4	49
LLC,LLC,L2,L1,L2,L1,4	32
LLC,LLC,L2,L1,L2,L2,5	1
LLC,LLC,L2,L1,ZERO,ZERO,3	55
LLC,LLC,L2,L2,MEMORY,L2,5	4
LLC,LLC,L2,L2,L1,L1,4	1
LLC,LLC,L2,L2,L2,MEMORY,5	1
LLC,LLC,L2,L2,L2,L2,5	9
LLC,LLC,L2,L2,L2,LLC,5	1
LLC,LLC,L2,L2,LLC,L2,4	1
LLC,LLC,L2,L2,LLC,LLC,4	1
LLC,LLC,L2,L2,ZERO,ZERO,3	15
LLC,LLC,L2,LLC,LLC,L2,4	6
LLC,LLC,L2,LLC,LLC,LLC,4	12
LLC,LLC,L2,ZERO,ZERO,ZERO,0	493705
LLC,LLC,L2,ZERO,ZERO,ZERO,1	480115
LLC,LLC,L2,ZERO,ZERO,ZERO,2	447408
LLC,LLC,LLC,MEMORY,MEMORY,MEMORY,5	2
LLC,LLC,LLC,MEMORY,MEMORY,LLC,4	50
LLC,LLC,LLC,MEMORY,MEMORY,LLC,5	9
LLC,LLC,LLC,MEMORY,LLC,MEMORY,4	8
LLC,LLC,LLC,MEMORY,LLC,MEMORY,5	7
LLC,LLC,LLC,MEMORY,LLC,LLC,4	239
LLC,LLC,LLC,MEMORY,LLC,LLC,5	18
LLC,LLC,LLC,MEMORY,ZERO,ZERO,2	582
LLC,LLC,LLC,MEMORY,ZERO,ZERO,3	143
LLC,LLC,LLC,L1,MEMORY,MEMORY,5	8
LLC,LLC,LLC,L1,MEMORY,LLC,5	13
LLC,LLC,LLC,L1,L1,L1,4	1397
LLC,LLC,LLC,L1,L1,L1,5	40
LLC,LLC,LLC,L1,L1,L2,4	740
LLC,LLC,LLC,L1,L1,L2,5	215
LLC,LLC,LLC,L1,L2,L1,4	984
LLC,LLC,LLC,L1,L2,L1,5	108
LLC,LLC,LLC,L1,L2,L2,5	559
LLC,LLC,LLC,L1,L2,LLC,4	2
LLC,LLC,LLC,L1,LLC,MEMORY,5	55
LLC,LLC,LLC,L1,LLC,LLC,4	2
LLC,LLC,LLC,L1,LLC,LLC,5	99
LLC,LLC,LLC,L1,ZERO,ZERO,1	1226
LLC,LLC,LLC,L1,ZERO,ZERO,2	1033
LLC,LLC,LLC,L1,ZERO,ZERO,3	5611
LLC,LLC,LLC,L2,MEMORY,MEMORY,5	65
LLC,LLC,LLC,L2,MEMORY,LLC,5	98
LLC,LLC,LLC,L2,L1,L1,4	146
LLC,LLC,LLC,L2,L2,L1,4	34
LLC,LLC,LLC,L2,L2,L2,5	4
LLC,LLC,LLC,L2,L2,LLC,4	25
LLC,LLC,LLC,L2,LLC,MEMORY,5	258
LLC,LLC,LLC,L2,LLC,LLC,4	28
LLC,LLC,LLC,L2,LLC,LLC,5	432
LLC,LLC,LLC,L2,ZERO,ZERO,2	28
LLC,LLC,LLC,L2,ZERO,ZERO,3	6
LLC,LLC,LLC,LLC,MEMORY,MEMORY,4	29
LLC,LLC,LLC,LLC,MEMORY,MEMORY,5	40
LLC,LLC,LLC,LLC,MEMORY,LLC,4	539
LLC,LLC,LLC,LLC,MEMORY,LLC,5	235
LLC,LLC,LLC,LLC,L2,LLC,5	7
LLC,LLC,LLC,LLC,LLC,MEMORY,4	143
LLC,LLC,LLC,LLC,LLC,MEMORY,5	109
LLC,LLC,LLC,LLC,LLC,L2,5	18
LLC,LLC,LLC,LLC,LLC,LLC,4	2443
LLC,LLC,LLC,LLC,LLC,LLC,5	850
LLC,LLC,LLC,LLC,ZERO,ZERO,2	1922
LLC,LLC,LLC,LLC,ZERO,ZERO,3	740
LLC,LLC,LLC,ZERO,ZERO,ZERO,0	6060554
LLC,LLC,LLC,ZERO,ZERO,ZERO,1	5727948
LLC,LLC,LLC,ZERO,ZERO,ZERO,2	5557650
ZERO,ZERO,ZERO,MEMORY,ZERO,ZERO,3	5
ZERO,ZERO,ZERO,L1,ZERO,ZERO,3	10
