Initialising a TLB with size: 128
Initialising a TLB with size: 64
Initialising a TLB with size: 2048
Initialising PT from file: 
Initialising memory references from file: /start_point/data2/collect_trace_fast/ecpt/ecpt_never_graphbig_cc_walk_log.bin
Initialising a cache with size: 25165824 with assoc: 12 with line size: 64
Initialising for core 0
Initialising L2 cache with size: 1310720 with assoc: 20 with line size: 64
Initialising L1 I cache with size: 32768 with assoc: 8 with line size: 64
Initialising L1 D cache with size: 49152 with assoc: 12 with line size: 64
Initialising a cache with size: 1310720 with assoc: 20 with line size: 64
Initialising a cache with size: 32768 with assoc: 8 with line size: 64
Initialising a cache with size: 49152 with assoc: 12 with line size: 64
Initialising CWC cache with size: 2 with assoc: 2
Initialising a cache with size: 2 with assoc: 2 with line size: 1
Initialising CWC cache with size: 16 with assoc: 16
Initialising a cache with size: 16 with assoc: 16 with line size: 1
op_qemu_mem_trace=/start_point/data2/collect_trace_fast/ecpt/ecpt_never_graphbig_cc_walk_log.bin
creating qemu_file_reader_t for /start_point/data2/collect_trace_fast/ecpt/ecpt_never_graphbig_cc_walk_log.bin with verbosity 0 and arch 1
Done with qemu tracer
Heartbeat. 4194304 references processed.
Heartbeat. 8388608 references processed.
Heartbeat. 12582912 references processed.
Heartbeat. 16777216 references processed.
Heartbeat. 20971520 references processed.
Heartbeat. 25165824 references processed.
Heartbeat. 29360128 references processed.
Heartbeat. 33554432 references processed.
Heartbeat. 37748736 references processed.
Heartbeat. 41943040 references processed.
Heartbeat. 46137344 references processed.
Cache simulation warmed up
Heartbeat. 50331648 references processed.
Heartbeat. 54525952 references processed.
Heartbeat. 58720256 references processed.
Heartbeat. 62914560 references processed.
Heartbeat. 67108864 references processed.
Heartbeat. 71303168 references processed.
Heartbeat. 75497472 references processed.
Heartbeat. 79691776 references processed.
Heartbeat. 83886080 references processed.
Heartbeat. 88080384 references processed.
Heartbeat. 92274688 references processed.
Heartbeat. 96468992 references processed.
Finished warmup of TLB
Heartbeat. 100663296 references processed.
Heartbeat. 104857600 references processed.
Heartbeat. 109051904 references processed.
Heartbeat. 113246208 references processed.
Heartbeat. 117440512 references processed.
Heartbeat. 121634816 references processed.
Heartbeat. 125829120 references processed.
Heartbeat. 130023424 references processed.
Heartbeat. 134217728 references processed.
Heartbeat. 138412032 references processed.
Heartbeat. 142606336 references processed.
Heartbeat. 146800640 references processed.
Heartbeat. 150994944 references processed.
Heartbeat. 155189248 references processed.
Heartbeat. 159383552 references processed.
Heartbeat. 163577856 references processed.
Heartbeat. 167772160 references processed.
Heartbeat. 171966464 references processed.
Heartbeat. 176160768 references processed.
Heartbeat. 180355072 references processed.
Heartbeat. 184549376 references processed.
Heartbeat. 188743680 references processed.
Heartbeat. 192937984 references processed.
Heartbeat. 197132288 references processed.
Heartbeat. 201326592 references processed.
Heartbeat. 205520896 references processed.
Heartbeat. 209715200 references processed.
Heartbeat. 213909504 references processed.
Heartbeat. 218103808 references processed.
Heartbeat. 222298112 references processed.
Heartbeat. 226492416 references processed.
Heartbeat. 230686720 references processed.
Heartbeat. 234881024 references processed.
Heartbeat. 239075328 references processed.
Heartbeat. 243269632 references processed.
Heartbeat. 247463936 references processed.
Heartbeat. 251658240 references processed.
Heartbeat. 255852544 references processed.
Heartbeat. 260046848 references processed.
Heartbeat. 264241152 references processed.
Heartbeat. 268435456 references processed.
Heartbeat. 272629760 references processed.
Heartbeat. 276824064 references processed.
Heartbeat. 281018368 references processed.
Heartbeat. 285212672 references processed.
Heartbeat. 289406976 references processed.
Heartbeat. 293601280 references processed.
Heartbeat. 297795584 references processed.
Heartbeat. 301989888 references processed.
Heartbeat. 306184192 references processed.
Heartbeat. 310378496 references processed.
Heartbeat. 314572800 references processed.
Heartbeat. 318767104 references processed.
Heartbeat. 322961408 references processed.
Heartbeat. 327155712 references processed.
Heartbeat. 331350016 references processed.
Heartbeat. 335544320 references processed.
Heartbeat. 339738624 references processed.
Heartbeat. 343932928 references processed.
Heartbeat. 348127232 references processed.
Heartbeat. 352321536 references processed.
Heartbeat. 356515840 references processed.
Heartbeat. 360710144 references processed.
Heartbeat. 364904448 references processed.
Heartbeat. 369098752 references processed.
Heartbeat. 373293056 references processed.
Heartbeat. 377487360 references processed.
Heartbeat. 381681664 references processed.
Heartbeat. 385875968 references processed.
Heartbeat. 390070272 references processed.
Heartbeat. 394264576 references processed.
Heartbeat. 398458880 references processed.
Heartbeat. 402653184 references processed.
Heartbeat. 406847488 references processed.
Heartbeat. 411041792 references processed.
Heartbeat. 415236096 references processed.
Heartbeat. 419430400 references processed.
Heartbeat. 423624704 references processed.
Heartbeat. 427819008 references processed.
Heartbeat. 432013312 references processed.
Heartbeat. 436207616 references processed.
Heartbeat. 440401920 references processed.
Heartbeat. 444596224 references processed.
Heartbeat. 448790528 references processed.
Heartbeat. 452984832 references processed.
Heartbeat. 457179136 references processed.
Heartbeat. 461373440 references processed.
Heartbeat. 465567744 references processed.
Heartbeat. 469762048 references processed.
Heartbeat. 473956352 references processed.
Heartbeat. 478150656 references processed.
Heartbeat. 482344960 references processed.
Heartbeat. 486539264 references processed.
Heartbeat. 490733568 references processed.
Heartbeat. 494927872 references processed.
Heartbeat. 499122176 references processed.
Heartbeat. 503316480 references processed.
Heartbeat. 507510784 references processed.
Heartbeat. 511705088 references processed.
Heartbeat. 515899392 references processed.
Heartbeat. 520093696 references processed.
Heartbeat. 524288000 references processed.
Heartbeat. 528482304 references processed.
Heartbeat. 532676608 references processed.
Heartbeat. 536870912 references processed.
Heartbeat. 541065216 references processed.
Heartbeat. 545259520 references processed.
Heartbeat. 549453824 references processed.
Heartbeat. 553648128 references processed.
Heartbeat. 557842432 references processed.
Heartbeat. 562036736 references processed.
Heartbeat. 566231040 references processed.
Heartbeat. 570425344 references processed.
Heartbeat. 574619648 references processed.
Heartbeat. 578813952 references processed.
Heartbeat. 583008256 references processed.
Heartbeat. 587202560 references processed.
Heartbeat. 591396864 references processed.
Heartbeat. 595591168 references processed.
Heartbeat. 599785472 references processed.
Heartbeat. 603979776 references processed.
Heartbeat. 608174080 references processed.
Heartbeat. 612368384 references processed.
Heartbeat. 616562688 references processed.
Heartbeat. 620756992 references processed.
Heartbeat. 624951296 references processed.
Heartbeat. 629145600 references processed.
Heartbeat. 633339904 references processed.
Heartbeat. 637534208 references processed.
Heartbeat. 641728512 references processed.
Heartbeat. 645922816 references processed.
Heartbeat. 650117120 references processed.
Heartbeat. 654311424 references processed.
Heartbeat. 658505728 references processed.
Heartbeat. 662700032 references processed.
Heartbeat. 666894336 references processed.
Heartbeat. 671088640 references processed.
Heartbeat. 675282944 references processed.
Heartbeat. 679477248 references processed.
Heartbeat. 683671552 references processed.
Heartbeat. 687865856 references processed.
Heartbeat. 692060160 references processed.
Heartbeat. 696254464 references processed.
Heartbeat. 700448768 references processed.
Heartbeat. 704643072 references processed.
Heartbeat. 708837376 references processed.
Heartbeat. 713031680 references processed.
Heartbeat. 717225984 references processed.
Heartbeat. 721420288 references processed.
Heartbeat. 725614592 references processed.
Heartbeat. 729808896 references processed.
Heartbeat. 734003200 references processed.
Heartbeat. 738197504 references processed.
Heartbeat. 742391808 references processed.
Heartbeat. 746586112 references processed.
Heartbeat. 750780416 references processed.
Heartbeat. 754974720 references processed.
Heartbeat. 759169024 references processed.
Heartbeat. 763363328 references processed.
Heartbeat. 767557632 references processed.
Heartbeat. 771751936 references processed.
Heartbeat. 775946240 references processed.
Heartbeat. 780140544 references processed.
Heartbeat. 784334848 references processed.
Heartbeat. 788529152 references processed.
Heartbeat. 792723456 references processed.
Heartbeat. 796917760 references processed.
Heartbeat. 801112064 references processed.
Heartbeat. 805306368 references processed.
Heartbeat. 809500672 references processed.
Heartbeat. 813694976 references processed.
Heartbeat. 817889280 references processed.
Heartbeat. 822083584 references processed.
Heartbeat. 826277888 references processed.
Heartbeat. 830472192 references processed.
Heartbeat. 834666496 references processed.
Heartbeat. 838860800 references processed.
Heartbeat. 843055104 references processed.
Heartbeat. 847249408 references processed.
Heartbeat. 851443712 references processed.
Heartbeat. 855638016 references processed.
Heartbeat. 859832320 references processed.
Heartbeat. 864026624 references processed.
Heartbeat. 868220928 references processed.
Heartbeat. 872415232 references processed.
Heartbeat. 876609536 references processed.
Heartbeat. 880803840 references processed.
Heartbeat. 884998144 references processed.
Heartbeat. 889192448 references processed.
Heartbeat. 893386752 references processed.
Heartbeat. 897581056 references processed.
Heartbeat. 901775360 references processed.
Heartbeat. 905969664 references processed.
Heartbeat. 910163968 references processed.
Heartbeat. 914358272 references processed.
Heartbeat. 918552576 references processed.
Heartbeat. 922746880 references processed.
Heartbeat. 926941184 references processed.
Heartbeat. 931135488 references processed.
Heartbeat. 935329792 references processed.
Heartbeat. 939524096 references processed.
Trace is truncated
TLB simulation results:
Core #0 (1 thread(s))
  TLB-L1I stats:
    Hits:                        563013081
    Misses:                          16180
    Invalidations:                       0
    Hits PT level     1:                   0
    Misses PT level   1:                   0
    Hits PT level     2:                   0
    Misses PT level   2:                   0
    Hits PT level     3:                   0
    Misses PT level   3:                   0
    Hits PT level     4:                   0
    Misses PT level   4:                   0
    Hits PT level     5:                   0
    Misses PT level   5:                   0
    Hits PT level     6:                   0
    Misses PT level   6:                   0
    Miss rate:                        0.00%
  TLB-L1D stats:
    Hits:                        215184694
    Misses:                       63857659
    Invalidations:                       0
    Hits PT level     1:                   0
    Misses PT level   1:                   0
    Hits PT level     2:                   0
    Misses PT level   2:                   0
    Hits PT level     3:                   0
    Misses PT level   3:                   0
    Hits PT level     4:                   0
    Misses PT level   4:                   0
    Hits PT level     5:                   0
    Misses PT level   5:                   0
    Hits PT level     6:                   0
    Misses PT level   6:                   0
    Miss rate:                       22.88%
  TLB-LL stats:
    Hits:                         20553218
    Misses:                       43320621
    Invalidations:                       0
    Hits PT level     1:                   0
    Misses PT level   1:                   0
    Hits PT level     2:                   0
    Misses PT level   2:                   0
    Hits PT level     3:                   0
    Misses PT level   3:                   0
    Hits PT level     4:                   0
    Misses PT level   4:                   0
    Hits PT level     5:                   0
    Misses PT level   5:                   0
    Hits PT level     6:                   0
    Misses PT level   6:                   0
    Local miss rate:                 67.82%
    Child hits:                  778197775
    Total miss rate:                  5.14%
~~~~~~~~~~~~~~~~~~~~~~~~~~~~~~~~~~~~~~~~~~
Cache simulation results:
Core #0 (1 thread(s))
  L1I stats:
    Warmup hits:                  46108347
    Warmup misses:                   48559
    Hits:                        853366594
    Misses:                         107195
    Invalidations:                       0
    Hits PT level     1:                   0
    Misses PT level   1:                   0
    Hits PT level     2:                   0
    Misses PT level   2:                   0
    Hits PT level     3:                   0
    Misses PT level   3:                   0
    Hits PT level     4:                   0
    Misses PT level   4:                   0
    Hits PT level     5:                   0
    Misses PT level   5:                   0
    Hits PT level     6:                   0
    Misses PT level   6:                   0
    Miss rate:                        0.01%
  L1D stats:
    Warmup hits:                  11797510
    Warmup misses:                 4522581
    Hits:                        180211077
    Misses:                      115253289
    Invalidations:                       0
    Hits PT level     1:            28427077
    Misses PT level   1:           107756170
    Hits PT level     2:            89096603
    Misses PT level   2:             1591167
    Hits PT level     3:                   0
    Misses PT level   3:                   0
    Hits PT level     4:                   0
    Misses PT level   4:                   0
    Hits PT level     5:                   0
    Misses PT level   5:                   0
    Hits PT level     6:                   0
    Misses PT level   6:                   0
    Prefetch hits:                15987078
    Prefetch misses:             208613548
    Miss rate:                       39.01%
  L2 stats:
    Warmup hits:                    994602
    Warmup misses:                 3576538
    Hits:                         16624224
    Misses:                       98736260
    Invalidations:                       0
    Hits PT level     1:            53117789
    Misses PT level   1:            54638381
    Hits PT level     2:             1561664
    Misses PT level   2:               29503
    Hits PT level     3:                   0
    Misses PT level   3:                   0
    Hits PT level     4:                   0
    Misses PT level   4:                   0
    Hits PT level     5:                   0
    Misses PT level   5:                   0
    Hits PT level     6:                   0
    Misses PT level   6:                   0
    Prefetch hits:                64127600
    Prefetch misses:             144485948
    Local miss rate:                 85.59%
    Child hits:                 1167088429
    Total miss rate:                  7.70%
LLC stats:
    Warmup hits:                    652432
    Warmup misses:                 2924106
    Hits:                         15960127
    Misses:                       82776133
    Invalidations:                       0
    Hits PT level     1:            43064139
    Misses PT level   1:            11574242
    Hits PT level     2:               25205
    Misses PT level   2:                4298
    Hits PT level     3:                   0
    Misses PT level   3:                   0
    Hits PT level     4:                   0
    Misses PT level   4:                   0
    Hits PT level     5:                   0
    Misses PT level   5:                   0
    Hits PT level     6:                   0
    Misses PT level   6:                   0
    Prefetch hits:                58743227
    Prefetch misses:              85742721
    Local miss rate:                 83.84%
    Child hits:                  135431277
    Total miss rate:                 35.35%
 CWC 0 stats:
    Warmup hits:                         0
    Warmup misses:                       0
    Hits:                         46925846
    Misses:                           8651
    Invalidations:                       0
    Hits PT level     1:                   0
    Misses PT level   1:                   0
    Hits PT level     2:                   0
    Misses PT level   2:                   0
    Hits PT level     3:                   0
    Misses PT level   3:                   0
    Hits PT level     4:                   0
    Misses PT level   4:                   0
    Hits PT level     5:                   0
    Misses PT level   5:                   0
    Hits PT level     6:                   0
    Misses PT level   6:                   0
    Miss rate:                        0.02%
 CWC 1 stats:
    Warmup hits:                         0
    Warmup misses:                       0
    Hits:                            42106
    Misses:                             29
    Invalidations:                       0
    Hits PT level     1:                   0
    Misses PT level   1:                   0
    Hits PT level     2:                   0
    Misses PT level   2:                   0
    Hits PT level     3:                   0
    Misses PT level   3:                   0
    Hits PT level     4:                   0
    Misses PT level   4:                   0
    Hits PT level     5:                   0
    Misses PT level   5:                   0
    Hits PT level     6:                   0
    Misses PT level   6:                   0
    Miss rate:                        0.07%
~~~~~~~~~~~~~~~~~~~~~~~~~~~~~~~~~~~~~~~~~~
num_requests : 942071614
num_not_found : 0
kernel memory references: 
0,3733402
1,2937242
16,14135289
user memory references: 
0,270203326
1,34910486
16,616151869
~~~~~~~~~~~~~~~~~~~~~~~~~~~~~~~~~~~~~~~~~~
num_range_found : 0
num_range_not_found : 0
~~~~~~~~~~~~~~~~~~~~~~~~~~~~~~~~~~~~~~~~~~
MEMORY,MEMORY,MEMORY,MEMORY,MEMORY,MEMORY,	81
MEMORY,MEMORY,MEMORY,MEMORY,MEMORY,LLC,	23
MEMORY,MEMORY,MEMORY,MEMORY,LLC,MEMORY,	20
MEMORY,MEMORY,MEMORY,MEMORY,LLC,LLC,	37
MEMORY,MEMORY,MEMORY,MEMORY,ZERO,ZERO,	32
MEMORY,MEMORY,MEMORY,L1,L1,L1,	742
MEMORY,MEMORY,MEMORY,L1,L1,L2,	1
MEMORY,MEMORY,MEMORY,L1,L2,L1,	8
MEMORY,MEMORY,MEMORY,L1,L2,L2,	2
MEMORY,MEMORY,MEMORY,L1,LLC,LLC,	1
MEMORY,MEMORY,MEMORY,L1,ZERO,ZERO,	281
MEMORY,MEMORY,MEMORY,L2,L1,L1,	3
MEMORY,MEMORY,MEMORY,L2,L1,L2,	2
MEMORY,MEMORY,MEMORY,L2,L2,L2,	9
MEMORY,MEMORY,MEMORY,L2,L2,LLC,	1
MEMORY,MEMORY,MEMORY,L2,LLC,L2,	1
MEMORY,MEMORY,MEMORY,L2,LLC,LLC,	4
MEMORY,MEMORY,MEMORY,L2,ZERO,ZERO,	32
MEMORY,MEMORY,MEMORY,LLC,MEMORY,MEMORY,	9
MEMORY,MEMORY,MEMORY,LLC,MEMORY,LLC,	12
MEMORY,MEMORY,MEMORY,LLC,L2,L2,	2
MEMORY,MEMORY,MEMORY,LLC,L2,LLC,	1
MEMORY,MEMORY,MEMORY,LLC,LLC,MEMORY,	18
MEMORY,MEMORY,MEMORY,LLC,LLC,L2,	3
MEMORY,MEMORY,MEMORY,LLC,LLC,LLC,	133
MEMORY,MEMORY,MEMORY,LLC,ZERO,ZERO,	101
MEMORY,MEMORY,MEMORY,ZERO,ZERO,ZERO,	1844304
MEMORY,MEMORY,L1,L1,ZERO,ZERO,	2
MEMORY,MEMORY,L1,ZERO,ZERO,ZERO,	1096
MEMORY,MEMORY,L2,L1,ZERO,ZERO,	2
MEMORY,MEMORY,L2,ZERO,ZERO,ZERO,	25660
MEMORY,MEMORY,LLC,MEMORY,MEMORY,MEMORY,	39
MEMORY,MEMORY,LLC,MEMORY,MEMORY,LLC,	40
MEMORY,MEMORY,LLC,MEMORY,LLC,MEMORY,	63
MEMORY,MEMORY,LLC,MEMORY,LLC,LLC,	52
MEMORY,MEMORY,LLC,MEMORY,ZERO,ZERO,	48
MEMORY,MEMORY,LLC,L1,L1,L1,	501
MEMORY,MEMORY,LLC,L1,ZERO,ZERO,	259
MEMORY,MEMORY,LLC,L2,L1,L2,	1
MEMORY,MEMORY,LLC,L2,LLC,LLC,	1
MEMORY,MEMORY,LLC,L2,ZERO,ZERO,	57
MEMORY,MEMORY,LLC,LLC,MEMORY,MEMORY,	28
MEMORY,MEMORY,LLC,LLC,MEMORY,LLC,	21
MEMORY,MEMORY,LLC,LLC,L2,L2,	1
MEMORY,MEMORY,LLC,LLC,LLC,MEMORY,	35
MEMORY,MEMORY,LLC,LLC,LLC,L2,	1
MEMORY,MEMORY,LLC,LLC,LLC,LLC,	65
MEMORY,MEMORY,LLC,LLC,ZERO,ZERO,	91
MEMORY,MEMORY,LLC,ZERO,ZERO,ZERO,	586939
MEMORY,L1,MEMORY,L1,L1,L1,	1
MEMORY,L1,MEMORY,ZERO,ZERO,ZERO,	1079
MEMORY,L1,L2,ZERO,ZERO,ZERO,	46
MEMORY,L1,LLC,ZERO,ZERO,ZERO,	557
MEMORY,L2,MEMORY,L1,L1,L1,	4
MEMORY,L2,MEMORY,ZERO,ZERO,ZERO,	25745
MEMORY,L2,L1,ZERO,ZERO,ZERO,	36
MEMORY,L2,L2,L1,L1,L1,	6
MEMORY,L2,L2,ZERO,ZERO,ZERO,	6342
MEMORY,L2,LLC,L1,L1,L1,	2
MEMORY,L2,LLC,ZERO,ZERO,ZERO,	16527
MEMORY,LLC,MEMORY,MEMORY,MEMORY,MEMORY,	19
MEMORY,LLC,MEMORY,MEMORY,MEMORY,LLC,	21
MEMORY,LLC,MEMORY,MEMORY,LLC,MEMORY,	38
MEMORY,LLC,MEMORY,MEMORY,LLC,LLC,	34
MEMORY,LLC,MEMORY,MEMORY,ZERO,ZERO,	32
MEMORY,LLC,MEMORY,L1,L1,L1,	537
MEMORY,LLC,MEMORY,L1,ZERO,ZERO,	189
MEMORY,LLC,MEMORY,L2,L2,L2,	2
MEMORY,LLC,MEMORY,L2,LLC,LLC,	2
MEMORY,LLC,MEMORY,L2,ZERO,ZERO,	28
MEMORY,LLC,MEMORY,LLC,MEMORY,MEMORY,	10
MEMORY,LLC,MEMORY,LLC,MEMORY,LLC,	8
MEMORY,LLC,MEMORY,LLC,L2,LLC,	1
MEMORY,LLC,MEMORY,LLC,LLC,MEMORY,	22
MEMORY,LLC,MEMORY,LLC,LLC,LLC,	53
MEMORY,LLC,MEMORY,LLC,ZERO,ZERO,	82
MEMORY,LLC,MEMORY,ZERO,ZERO,ZERO,	593009
MEMORY,LLC,L1,ZERO,ZERO,ZERO,	573
MEMORY,LLC,L2,L1,L1,L1,	5
MEMORY,LLC,L2,ZERO,ZERO,ZERO,	16631
MEMORY,LLC,LLC,MEMORY,MEMORY,MEMORY,	43
MEMORY,LLC,LLC,MEMORY,MEMORY,LLC,	38
MEMORY,LLC,LLC,MEMORY,LLC,MEMORY,	63
MEMORY,LLC,LLC,MEMORY,LLC,LLC,	86
MEMORY,LLC,LLC,MEMORY,ZERO,ZERO,	56
MEMORY,LLC,LLC,L1,L1,L1,	996
MEMORY,LLC,LLC,L1,L1,L2,	1
MEMORY,LLC,LLC,L1,ZERO,ZERO,	492
MEMORY,LLC,LLC,L2,L1,L2,	1
MEMORY,LLC,LLC,L2,L2,L2,	6
MEMORY,LLC,LLC,L2,L2,LLC,	1
MEMORY,LLC,LLC,L2,LLC,LLC,	1
MEMORY,LLC,LLC,L2,ZERO,ZERO,	87
MEMORY,LLC,LLC,LLC,MEMORY,MEMORY,	24
MEMORY,LLC,LLC,LLC,MEMORY,LLC,	30
MEMORY,LLC,LLC,LLC,L2,LLC,	1
MEMORY,LLC,LLC,LLC,LLC,MEMORY,	43
MEMORY,LLC,LLC,LLC,LLC,L2,	2
MEMORY,LLC,LLC,LLC,LLC,LLC,	153
MEMORY,LLC,LLC,LLC,ZERO,ZERO,	167
MEMORY,LLC,LLC,ZERO,ZERO,ZERO,	726789
L1,MEMORY,MEMORY,L1,ZERO,ZERO,	1
L1,MEMORY,MEMORY,ZERO,ZERO,ZERO,	1079
L1,MEMORY,L1,ZERO,ZERO,ZERO,	1
L1,MEMORY,L2,ZERO,ZERO,ZERO,	16
L1,MEMORY,LLC,ZERO,ZERO,ZERO,	601
L1,L1,MEMORY,ZERO,ZERO,ZERO,	1
L1,L1,L1,L1,L1,L1,	4150
L1,L1,L1,L1,ZERO,ZERO,	736
L1,L1,L1,L2,L1,L1,	24
L1,L1,L1,L2,ZERO,ZERO,	195
L1,L1,L1,ZERO,ZERO,ZERO,	7325308
L1,L1,L2,L1,L1,L1,	708
L1,L1,L2,L1,L2,L2,	1
L1,L1,L2,L1,ZERO,ZERO,	34
L1,L1,L2,L2,L1,L1,	44
L1,L1,L2,L2,L2,L2,	1
L1,L1,L2,ZERO,ZERO,ZERO,	560980
L1,L1,LLC,ZERO,ZERO,ZERO,	331
L1,L2,MEMORY,ZERO,ZERO,ZERO,	29
L1,L2,L1,L1,L1,L1,	324
L1,L2,L1,L1,L2,L1,	1
L1,L2,L1,L1,ZERO,ZERO,	108
L1,L2,L1,L2,ZERO,ZERO,	187
L1,L2,L1,ZERO,ZERO,ZERO,	552231
L1,L2,L2,L1,L1,L1,	626
L1,L2,L2,L1,L1,L2,	1
L1,L2,L2,L1,L2,L1,	1
L1,L2,L2,L1,ZERO,ZERO,	49
L1,L2,L2,L2,L1,L1,	1
L1,L2,L2,ZERO,ZERO,ZERO,	995561
L1,L2,LLC,ZERO,ZERO,ZERO,	3858
L1,LLC,MEMORY,ZERO,ZERO,ZERO,	552
L1,LLC,L1,ZERO,ZERO,ZERO,	259
L1,LLC,L2,ZERO,ZERO,ZERO,	3770
L1,LLC,LLC,ZERO,ZERO,ZERO,	5817
L2,MEMORY,MEMORY,LLC,ZERO,ZERO,	1
L2,MEMORY,MEMORY,ZERO,ZERO,ZERO,	26613
L2,MEMORY,L1,ZERO,ZERO,ZERO,	25
L2,MEMORY,L2,L1,ZERO,ZERO,	6
L2,MEMORY,L2,L2,ZERO,ZERO,	3
L2,MEMORY,L2,ZERO,ZERO,ZERO,	5945
L2,MEMORY,LLC,ZERO,ZERO,ZERO,	16792
L2,L1,MEMORY,ZERO,ZERO,ZERO,	36
L2,L1,L1,L1,L1,L1,	230
L2,L1,L1,L1,ZERO,ZERO,	42
L2,L1,L1,L2,L1,L1,	3
L2,L1,L1,L2,ZERO,ZERO,	3
L2,L1,L1,ZERO,ZERO,ZERO,	555530
L2,L1,L2,L1,L1,L1,	377
L2,L1,L2,L1,L1,L2,	1
L2,L1,L2,L1,L2,L2,	1
L2,L1,L2,L1,ZERO,ZERO,	124
L2,L1,L2,L2,L1,L1,	18
L2,L1,L2,L2,L2,L1,	1
L2,L1,L2,L2,L2,L2,	3
L2,L1,L2,ZERO,ZERO,ZERO,	991003
L2,L1,LLC,ZERO,ZERO,ZERO,	3752
L2,L2,MEMORY,LLC,ZERO,ZERO,	3
L2,L2,MEMORY,ZERO,ZERO,ZERO,	6123
L2,L2,L1,L1,L1,L1,	324
L2,L2,L1,L1,ZERO,ZERO,	58
L2,L2,L1,L2,L1,L2,	3
L2,L2,L1,L2,L2,L2,	1
L2,L2,L1,L2,ZERO,ZERO,	4
L2,L2,L1,ZERO,ZERO,ZERO,	1008454
L2,L2,L2,L1,L1,L1,	54
L2,L2,L2,L1,L2,L1,	2
L2,L2,L2,L1,L2,L2,	1
L2,L2,L2,L1,ZERO,ZERO,	284
L2,L2,L2,L2,L2,L2,	36
L2,L2,L2,L2,L2,LLC,	6
L2,L2,L2,L2,LLC,L2,	8
L2,L2,L2,L2,LLC,LLC,	6
L2,L2,L2,L2,ZERO,ZERO,	5
L2,L2,L2,LLC,L2,L2,	9
L2,L2,L2,LLC,L2,LLC,	4
L2,L2,L2,LLC,LLC,L2,	5
L2,L2,L2,LLC,LLC,LLC,	5
L2,L2,L2,LLC,ZERO,ZERO,	2
L2,L2,L2,ZERO,ZERO,ZERO,	13289706
L2,L2,LLC,L1,L1,L1,	23
L2,L2,LLC,L2,L2,L2,	4
L2,L2,LLC,L2,L2,LLC,	5
L2,L2,LLC,L2,LLC,L2,	8
L2,L2,LLC,L2,LLC,LLC,	5
L2,L2,LLC,L2,ZERO,ZERO,	1
L2,L2,LLC,LLC,L2,L2,	8
L2,L2,LLC,LLC,L2,LLC,	4
L2,L2,LLC,LLC,LLC,L2,	6
L2,L2,LLC,LLC,LLC,LLC,	13
L2,L2,LLC,LLC,ZERO,ZERO,	10
L2,L2,LLC,ZERO,ZERO,ZERO,	604954
L2,LLC,MEMORY,L2,ZERO,ZERO,	2
L2,LLC,MEMORY,ZERO,ZERO,ZERO,	16508
L2,LLC,L1,ZERO,ZERO,ZERO,	3761
L2,LLC,L2,MEMORY,LLC,MEMORY,	3
L2,LLC,L2,MEMORY,ZERO,ZERO,	3
L2,LLC,L2,L1,L1,L1,	24
L2,LLC,L2,L1,ZERO,ZERO,	2
L2,LLC,L2,L2,L1,L1,	1
L2,LLC,L2,L2,L2,L2,	9
L2,LLC,L2,L2,L2,LLC,	7
L2,LLC,L2,L2,LLC,L2,	5
L2,LLC,L2,L2,LLC,LLC,	6
L2,LLC,L2,L2,ZERO,ZERO,	4
L2,LLC,L2,LLC,L2,L2,	3
L2,LLC,L2,LLC,L2,LLC,	3
L2,LLC,L2,LLC,LLC,L2,	7
L2,LLC,L2,LLC,LLC,LLC,	13
L2,LLC,L2,LLC,ZERO,ZERO,	3
L2,LLC,L2,ZERO,ZERO,ZERO,	603741
L2,LLC,LLC,MEMORY,LLC,MEMORY,	1
L2,LLC,LLC,L1,L1,L1,	39
L2,LLC,LLC,L1,L2,L1,	1
L2,LLC,LLC,L1,L2,L2,	1
L2,LLC,LLC,L1,ZERO,ZERO,	7
L2,LLC,LLC,L2,L2,L2,	9
L2,LLC,LLC,L2,L2,LLC,	6
L2,LLC,LLC,L2,LLC,L2,	13
L2,LLC,LLC,L2,LLC,LLC,	15
L2,LLC,LLC,L2,ZERO,ZERO,	4
L2,LLC,LLC,LLC,L2,L2,	11
L2,LLC,LLC,LLC,L2,LLC,	16
L2,LLC,LLC,LLC,LLC,MEMORY,	1
L2,LLC,LLC,LLC,LLC,L2,	17
L2,LLC,LLC,LLC,LLC,LLC,	72
L2,LLC,LLC,LLC,ZERO,ZERO,	25
L2,LLC,LLC,ZERO,ZERO,ZERO,	574648
LLC,MEMORY,MEMORY,MEMORY,MEMORY,MEMORY,	27
LLC,MEMORY,MEMORY,MEMORY,MEMORY,LLC,	29
LLC,MEMORY,MEMORY,MEMORY,LLC,MEMORY,	34
LLC,MEMORY,MEMORY,MEMORY,LLC,LLC,	50
LLC,MEMORY,MEMORY,MEMORY,ZERO,ZERO,	48
LLC,MEMORY,MEMORY,L1,L1,L1,	451
LLC,MEMORY,MEMORY,L1,L2,L1,	1
LLC,MEMORY,MEMORY,L1,ZERO,ZERO,	157
LLC,MEMORY,MEMORY,L2,L2,L2,	1
LLC,MEMORY,MEMORY,L2,LLC,LLC,	2
LLC,MEMORY,MEMORY,L2,ZERO,ZERO,	19
LLC,MEMORY,MEMORY,LLC,MEMORY,MEMORY,	11
LLC,MEMORY,MEMORY,LLC,MEMORY,LLC,	18
LLC,MEMORY,MEMORY,LLC,L2,LLC,	1
LLC,MEMORY,MEMORY,LLC,LLC,MEMORY,	15
LLC,MEMORY,MEMORY,LLC,LLC,L2,	1
LLC,MEMORY,MEMORY,LLC,LLC,LLC,	44
LLC,MEMORY,MEMORY,LLC,ZERO,ZERO,	75
LLC,MEMORY,MEMORY,ZERO,ZERO,ZERO,	593276
LLC,MEMORY,L1,ZERO,ZERO,ZERO,	582
LLC,MEMORY,L2,MEMORY,L2,L2,	1
LLC,MEMORY,L2,LLC,L2,LLC,	4
LLC,MEMORY,L2,ZERO,ZERO,ZERO,	16158
LLC,MEMORY,LLC,MEMORY,MEMORY,MEMORY,	40
LLC,MEMORY,LLC,MEMORY,MEMORY,LLC,	56
LLC,MEMORY,LLC,MEMORY,LLC,MEMORY,	62
LLC,MEMORY,LLC,MEMORY,LLC,LLC,	86
LLC,MEMORY,LLC,MEMORY,ZERO,ZERO,	90
LLC,MEMORY,LLC,L1,L1,L1,	865
LLC,MEMORY,LLC,L1,L2,L1,	1
LLC,MEMORY,LLC,L1,ZERO,ZERO,	327
LLC,MEMORY,LLC,L2,L2,L2,	4
LLC,MEMORY,LLC,L2,L2,LLC,	2
LLC,MEMORY,LLC,L2,LLC,LLC,	1
LLC,MEMORY,LLC,L2,ZERO,ZERO,	55
LLC,MEMORY,LLC,LLC,MEMORY,MEMORY,	24
LLC,MEMORY,LLC,LLC,MEMORY,LLC,	35
LLC,MEMORY,LLC,LLC,L2,LLC,	1
LLC,MEMORY,LLC,LLC,LLC,MEMORY,	47
LLC,MEMORY,LLC,LLC,LLC,L2,	1
LLC,MEMORY,LLC,LLC,LLC,LLC,	112
LLC,MEMORY,LLC,LLC,ZERO,ZERO,	184
LLC,MEMORY,LLC,ZERO,ZERO,ZERO,	730550
LLC,L1,MEMORY,ZERO,ZERO,ZERO,	558
LLC,L1,L1,ZERO,ZERO,ZERO,	287
LLC,L1,L2,ZERO,ZERO,ZERO,	3805
LLC,L1,LLC,L1,L1,L1,	7
LLC,L1,LLC,ZERO,ZERO,ZERO,	5357
LLC,L2,MEMORY,L1,L1,L1,	1
LLC,L2,MEMORY,L1,ZERO,ZERO,	3
LLC,L2,MEMORY,L2,LLC,LLC,	1
LLC,L2,MEMORY,LLC,ZERO,ZERO,	1
LLC,L2,MEMORY,ZERO,ZERO,ZERO,	16019
LLC,L2,L1,ZERO,ZERO,ZERO,	3941
LLC,L2,L2,L1,L1,L1,	19
LLC,L2,L2,L2,L1,L2,	1
LLC,L2,L2,L2,L2,L2,	4
LLC,L2,L2,L2,L2,LLC,	4
LLC,L2,L2,L2,LLC,L2,	3
LLC,L2,L2,L2,LLC,LLC,	3
LLC,L2,L2,L2,ZERO,ZERO,	2
LLC,L2,L2,LLC,L2,L2,	5
LLC,L2,L2,LLC,L2,LLC,	3
LLC,L2,L2,LLC,LLC,L2,	5
LLC,L2,L2,LLC,LLC,LLC,	7
LLC,L2,L2,LLC,ZERO,ZERO,	3
LLC,L2,L2,ZERO,ZERO,ZERO,	604814
LLC,L2,LLC,L1,L1,L1,	37
LLC,L2,LLC,L1,ZERO,ZERO,	4
LLC,L2,LLC,L2,L2,L2,	2
LLC,L2,LLC,L2,L2,LLC,	6
LLC,L2,LLC,L2,LLC,L2,	10
LLC,L2,LLC,L2,LLC,LLC,	11
LLC,L2,LLC,L2,ZERO,ZERO,	4
LLC,L2,LLC,LLC,L2,L2,	5
LLC,L2,LLC,LLC,L2,LLC,	7
LLC,L2,LLC,LLC,LLC,L2,	12
LLC,L2,LLC,LLC,LLC,LLC,	46
LLC,L2,LLC,LLC,ZERO,ZERO,	19
LLC,L2,LLC,ZERO,ZERO,ZERO,	567235
LLC,LLC,MEMORY,MEMORY,MEMORY,MEMORY,	32
LLC,LLC,MEMORY,MEMORY,MEMORY,LLC,	29
LLC,LLC,MEMORY,MEMORY,LLC,MEMORY,	37
LLC,LLC,MEMORY,MEMORY,LLC,LLC,	57
LLC,LLC,MEMORY,MEMORY,ZERO,ZERO,	63
LLC,LLC,MEMORY,L1,L1,L1,	1108
LLC,LLC,MEMORY,L1,ZERO,ZERO,	370
LLC,LLC,MEMORY,L2,L1,LLC,	1
LLC,LLC,MEMORY,L2,L2,L2,	4
LLC,LLC,MEMORY,L2,L2,LLC,	1
LLC,LLC,MEMORY,L2,LLC,LLC,	4
LLC,LLC,MEMORY,L2,ZERO,ZERO,	35
LLC,LLC,MEMORY,LLC,MEMORY,MEMORY,	22
LLC,LLC,MEMORY,LLC,MEMORY,LLC,	17
LLC,LLC,MEMORY,LLC,L2,L2,	1
LLC,LLC,MEMORY,LLC,L2,LLC,	2
LLC,LLC,MEMORY,LLC,LLC,MEMORY,	28
LLC,LLC,MEMORY,LLC,LLC,L2,	1
LLC,LLC,MEMORY,LLC,LLC,LLC,	99
LLC,LLC,MEMORY,LLC,ZERO,ZERO,	132
LLC,LLC,MEMORY,ZERO,ZERO,ZERO,	732054
LLC,LLC,L1,L1,L1,L1,	1
LLC,LLC,L1,ZERO,ZERO,ZERO,	5463
LLC,LLC,L2,MEMORY,L2,MEMORY,	1
LLC,LLC,L2,L1,L1,L1,	60
LLC,LLC,L2,L1,ZERO,ZERO,	7
LLC,LLC,L2,L2,L2,L1,	1
LLC,LLC,L2,L2,L2,L2,	5
LLC,LLC,L2,L2,L2,LLC,	8
LLC,LLC,L2,L2,LLC,L2,	5
LLC,LLC,L2,L2,LLC,LLC,	6
LLC,LLC,L2,L2,ZERO,ZERO,	9
LLC,LLC,L2,LLC,L2,MEMORY,	2
LLC,LLC,L2,LLC,L2,L2,	9
LLC,LLC,L2,LLC,L2,LLC,	18
LLC,LLC,L2,LLC,LLC,MEMORY,	2
LLC,LLC,L2,LLC,LLC,L2,	12
LLC,LLC,L2,LLC,LLC,LLC,	26
LLC,LLC,L2,LLC,ZERO,ZERO,	16
LLC,LLC,L2,ZERO,ZERO,ZERO,	574722
LLC,LLC,LLC,MEMORY,MEMORY,MEMORY,	51
LLC,LLC,LLC,MEMORY,MEMORY,LLC,	65
LLC,LLC,LLC,MEMORY,LLC,MEMORY,	103
LLC,LLC,LLC,MEMORY,LLC,L2,	1
LLC,LLC,LLC,MEMORY,LLC,LLC,	165
LLC,LLC,LLC,MEMORY,ZERO,ZERO,	212
LLC,LLC,LLC,L1,L1,L1,	2931
LLC,LLC,LLC,L1,L1,L2,	9
LLC,LLC,LLC,L1,L2,L1,	11
LLC,LLC,LLC,L1,L2,L2,	11
LLC,LLC,LLC,L1,ZERO,ZERO,	884
LLC,LLC,LLC,L2,L1,L1,	4
LLC,LLC,LLC,L2,L1,L2,	2
LLC,LLC,LLC,L2,L2,L1,	7
LLC,LLC,LLC,L2,L2,L2,	56
LLC,LLC,LLC,L2,L2,LLC,	24
LLC,LLC,LLC,L2,LLC,L2,	12
LLC,LLC,LLC,L2,LLC,LLC,	52
LLC,LLC,LLC,L2,ZERO,ZERO,	114
LLC,LLC,LLC,LLC,MEMORY,MEMORY,	35
LLC,LLC,LLC,LLC,MEMORY,LLC,	75
LLC,LLC,LLC,LLC,L2,L2,	22
LLC,LLC,LLC,LLC,L2,LLC,	97
LLC,LLC,LLC,LLC,LLC,MEMORY,	102
LLC,LLC,LLC,LLC,LLC,L2,	67
LLC,LLC,LLC,LLC,LLC,LLC,	2266
LLC,LLC,LLC,LLC,ZERO,ZERO,	824
LLC,LLC,LLC,ZERO,ZERO,ZERO,	10482846
ZERO,ZERO,ZERO,MEMORY,ZERO,ZERO,	35
ZERO,ZERO,ZERO,L1,ZERO,ZERO,	15
ZERO,ZERO,ZERO,L2,ZERO,ZERO,	60
ZERO,ZERO,ZERO,LLC,ZERO,ZERO,	496
~~~~~~ full stats with way ~~~~~~
MEMORY,MEMORY,MEMORY,MEMORY,MEMORY,MEMORY,0	1
MEMORY,MEMORY,MEMORY,MEMORY,MEMORY,MEMORY,2	2
MEMORY,MEMORY,MEMORY,MEMORY,MEMORY,MEMORY,4	37
MEMORY,MEMORY,MEMORY,MEMORY,MEMORY,MEMORY,5	41
MEMORY,MEMORY,MEMORY,MEMORY,MEMORY,LLC,4	18
MEMORY,MEMORY,MEMORY,MEMORY,MEMORY,LLC,5	5
MEMORY,MEMORY,MEMORY,MEMORY,LLC,MEMORY,4	15
MEMORY,MEMORY,MEMORY,MEMORY,LLC,MEMORY,5	5
MEMORY,MEMORY,MEMORY,MEMORY,LLC,LLC,4	28
MEMORY,MEMORY,MEMORY,MEMORY,LLC,LLC,5	9
MEMORY,MEMORY,MEMORY,MEMORY,ZERO,ZERO,0	3
MEMORY,MEMORY,MEMORY,MEMORY,ZERO,ZERO,3	29
MEMORY,MEMORY,MEMORY,L1,L1,L1,4	566
MEMORY,MEMORY,MEMORY,L1,L1,L1,5	176
MEMORY,MEMORY,MEMORY,L1,L1,L2,4	1
MEMORY,MEMORY,MEMORY,L1,L2,L1,4	2
MEMORY,MEMORY,MEMORY,L1,L2,L1,5	6
MEMORY,MEMORY,MEMORY,L1,L2,L2,4	1
MEMORY,MEMORY,MEMORY,L1,L2,L2,5	1
MEMORY,MEMORY,MEMORY,L1,LLC,LLC,5	1
MEMORY,MEMORY,MEMORY,L1,ZERO,ZERO,0	3
MEMORY,MEMORY,MEMORY,L1,ZERO,ZERO,1	14
MEMORY,MEMORY,MEMORY,L1,ZERO,ZERO,2	13
MEMORY,MEMORY,MEMORY,L1,ZERO,ZERO,3	251
MEMORY,MEMORY,MEMORY,L2,L1,L1,4	1
MEMORY,MEMORY,MEMORY,L2,L1,L1,5	2
MEMORY,MEMORY,MEMORY,L2,L1,L2,4	1
MEMORY,MEMORY,MEMORY,L2,L1,L2,5	1
MEMORY,MEMORY,MEMORY,L2,L2,L2,4	2
MEMORY,MEMORY,MEMORY,L2,L2,L2,5	7
MEMORY,MEMORY,MEMORY,L2,L2,LLC,4	1
MEMORY,MEMORY,MEMORY,L2,LLC,L2,4	1
MEMORY,MEMORY,MEMORY,L2,LLC,LLC,4	4
MEMORY,MEMORY,MEMORY,L2,ZERO,ZERO,1	1
MEMORY,MEMORY,MEMORY,L2,ZERO,ZERO,2	20
MEMORY,MEMORY,MEMORY,L2,ZERO,ZERO,3	11
MEMORY,MEMORY,MEMORY,LLC,MEMORY,MEMORY,4	6
MEMORY,MEMORY,MEMORY,LLC,MEMORY,MEMORY,5	3
MEMORY,MEMORY,MEMORY,LLC,MEMORY,LLC,4	8
MEMORY,MEMORY,MEMORY,LLC,MEMORY,LLC,5	4
MEMORY,MEMORY,MEMORY,LLC,L2,L2,4	1
MEMORY,MEMORY,MEMORY,LLC,L2,L2,5	1
MEMORY,MEMORY,MEMORY,LLC,L2,LLC,4	1
MEMORY,MEMORY,MEMORY,LLC,LLC,MEMORY,4	12
MEMORY,MEMORY,MEMORY,LLC,LLC,MEMORY,5	6
MEMORY,MEMORY,MEMORY,LLC,LLC,L2,4	2
MEMORY,MEMORY,MEMORY,LLC,LLC,L2,5	1
MEMORY,MEMORY,MEMORY,LLC,LLC,LLC,4	92
MEMORY,MEMORY,MEMORY,LLC,LLC,LLC,5	41
MEMORY,MEMORY,MEMORY,LLC,ZERO,ZERO,0	25
MEMORY,MEMORY,MEMORY,LLC,ZERO,ZERO,3	76
MEMORY,MEMORY,MEMORY,ZERO,ZERO,ZERO,0	604574
MEMORY,MEMORY,MEMORY,ZERO,ZERO,ZERO,1	628220
MEMORY,MEMORY,MEMORY,ZERO,ZERO,ZERO,2	611510
MEMORY,MEMORY,L1,L1,ZERO,ZERO,3	2
MEMORY,MEMORY,L1,ZERO,ZERO,ZERO,0	355
MEMORY,MEMORY,L1,ZERO,ZERO,ZERO,1	413
MEMORY,MEMORY,L1,ZERO,ZERO,ZERO,2	328
MEMORY,MEMORY,L2,L1,ZERO,ZERO,3	2
MEMORY,MEMORY,L2,ZERO,ZERO,ZERO,0	8905
MEMORY,MEMORY,L2,ZERO,ZERO,ZERO,1	9400
MEMORY,MEMORY,L2,ZERO,ZERO,ZERO,2	7355
MEMORY,MEMORY,LLC,MEMORY,MEMORY,MEMORY,4	32
MEMORY,MEMORY,LLC,MEMORY,MEMORY,MEMORY,5	7
MEMORY,MEMORY,LLC,MEMORY,MEMORY,LLC,4	38
MEMORY,MEMORY,LLC,MEMORY,MEMORY,LLC,5	2
MEMORY,MEMORY,LLC,MEMORY,LLC,MEMORY,4	53
MEMORY,MEMORY,LLC,MEMORY,LLC,MEMORY,5	10
MEMORY,MEMORY,LLC,MEMORY,LLC,LLC,4	43
MEMORY,MEMORY,LLC,MEMORY,LLC,LLC,5	9
MEMORY,MEMORY,LLC,MEMORY,ZERO,ZERO,0	8
MEMORY,MEMORY,LLC,MEMORY,ZERO,ZERO,3	40
MEMORY,MEMORY,LLC,L1,L1,L1,4	500
MEMORY,MEMORY,LLC,L1,L1,L1,5	1
MEMORY,MEMORY,LLC,L1,ZERO,ZERO,1	2
MEMORY,MEMORY,LLC,L1,ZERO,ZERO,2	49
MEMORY,MEMORY,LLC,L1,ZERO,ZERO,3	208
MEMORY,MEMORY,LLC,L2,L1,L2,4	1
MEMORY,MEMORY,LLC,L2,LLC,LLC,4	1
MEMORY,MEMORY,LLC,L2,ZERO,ZERO,2	57
MEMORY,MEMORY,LLC,LLC,MEMORY,MEMORY,4	23
MEMORY,MEMORY,LLC,LLC,MEMORY,MEMORY,5	5
MEMORY,MEMORY,LLC,LLC,MEMORY,LLC,4	20
MEMORY,MEMORY,LLC,LLC,MEMORY,LLC,5	1
MEMORY,MEMORY,LLC,LLC,L2,L2,4	1
MEMORY,MEMORY,LLC,LLC,LLC,MEMORY,4	30
MEMORY,MEMORY,LLC,LLC,LLC,MEMORY,5	5
MEMORY,MEMORY,LLC,LLC,LLC,L2,4	1
MEMORY,MEMORY,LLC,LLC,LLC,LLC,4	49
MEMORY,MEMORY,LLC,LLC,LLC,LLC,5	16
MEMORY,MEMORY,LLC,LLC,ZERO,ZERO,0	29
MEMORY,MEMORY,LLC,LLC,ZERO,ZERO,3	62
MEMORY,MEMORY,LLC,ZERO,ZERO,ZERO,0	195271
MEMORY,MEMORY,LLC,ZERO,ZERO,ZERO,1	205357
MEMORY,MEMORY,LLC,ZERO,ZERO,ZERO,2	186311
MEMORY,L1,MEMORY,L1,L1,L1,5	1
MEMORY,L1,MEMORY,ZERO,ZERO,ZERO,0	310
MEMORY,L1,MEMORY,ZERO,ZERO,ZERO,1	339
MEMORY,L1,MEMORY,ZERO,ZERO,ZERO,2	430
MEMORY,L1,L2,ZERO,ZERO,ZERO,0	18
MEMORY,L1,L2,ZERO,ZERO,ZERO,1	17
MEMORY,L1,L2,ZERO,ZERO,ZERO,2	11
MEMORY,L1,LLC,ZERO,ZERO,ZERO,0	188
MEMORY,L1,LLC,ZERO,ZERO,ZERO,1	184
MEMORY,L1,LLC,ZERO,ZERO,ZERO,2	185
MEMORY,L2,MEMORY,L1,L1,L1,4	2
MEMORY,L2,MEMORY,L1,L1,L1,5	2
MEMORY,L2,MEMORY,ZERO,ZERO,ZERO,0	8553
MEMORY,L2,MEMORY,ZERO,ZERO,ZERO,1	7792
MEMORY,L2,MEMORY,ZERO,ZERO,ZERO,2	9400
MEMORY,L2,L1,ZERO,ZERO,ZERO,0	9
MEMORY,L2,L1,ZERO,ZERO,ZERO,1	20
MEMORY,L2,L1,ZERO,ZERO,ZERO,2	7
MEMORY,L2,L2,L1,L1,L1,4	6
MEMORY,L2,L2,ZERO,ZERO,ZERO,0	1981
MEMORY,L2,L2,ZERO,ZERO,ZERO,1	2283
MEMORY,L2,L2,ZERO,ZERO,ZERO,2	2078
MEMORY,L2,LLC,L1,L1,L1,4	2
MEMORY,L2,LLC,ZERO,ZERO,ZERO,0	5415
MEMORY,L2,LLC,ZERO,ZERO,ZERO,1	5413
MEMORY,L2,LLC,ZERO,ZERO,ZERO,2	5699
MEMORY,LLC,MEMORY,MEMORY,MEMORY,MEMORY,4	14
MEMORY,LLC,MEMORY,MEMORY,MEMORY,MEMORY,5	5
MEMORY,LLC,MEMORY,MEMORY,MEMORY,LLC,4	17
MEMORY,LLC,MEMORY,MEMORY,MEMORY,LLC,5	4
MEMORY,LLC,MEMORY,MEMORY,LLC,MEMORY,4	31
MEMORY,LLC,MEMORY,MEMORY,LLC,MEMORY,5	7
MEMORY,LLC,MEMORY,MEMORY,LLC,LLC,4	23
MEMORY,LLC,MEMORY,MEMORY,LLC,LLC,5	11
MEMORY,LLC,MEMORY,MEMORY,ZERO,ZERO,0	13
MEMORY,LLC,MEMORY,MEMORY,ZERO,ZERO,3	19
MEMORY,LLC,MEMORY,L1,L1,L1,4	535
MEMORY,LLC,MEMORY,L1,L1,L1,5	2
MEMORY,LLC,MEMORY,L1,ZERO,ZERO,2	43
MEMORY,LLC,MEMORY,L1,ZERO,ZERO,3	146
MEMORY,LLC,MEMORY,L2,L2,L2,4	2
MEMORY,LLC,MEMORY,L2,LLC,LLC,4	2
MEMORY,LLC,MEMORY,L2,ZERO,ZERO,2	28
MEMORY,LLC,MEMORY,LLC,MEMORY,MEMORY,4	8
MEMORY,LLC,MEMORY,LLC,MEMORY,MEMORY,5	2
MEMORY,LLC,MEMORY,LLC,MEMORY,LLC,4	7
MEMORY,LLC,MEMORY,LLC,MEMORY,LLC,5	1
MEMORY,LLC,MEMORY,LLC,L2,LLC,5	1
MEMORY,LLC,MEMORY,LLC,LLC,MEMORY,4	19
MEMORY,LLC,MEMORY,LLC,LLC,MEMORY,5	3
MEMORY,LLC,MEMORY,LLC,LLC,LLC,4	33
MEMORY,LLC,MEMORY,LLC,LLC,LLC,5	20
MEMORY,LLC,MEMORY,LLC,ZERO,ZERO,0	52
MEMORY,LLC,MEMORY,LLC,ZERO,ZERO,3	30
MEMORY,LLC,MEMORY,ZERO,ZERO,ZERO,0	197609
MEMORY,LLC,MEMORY,ZERO,ZERO,ZERO,1	192272
MEMORY,LLC,MEMORY,ZERO,ZERO,ZERO,2	203128
MEMORY,LLC,L1,ZERO,ZERO,ZERO,0	196
MEMORY,LLC,L1,ZERO,ZERO,ZERO,1	202
MEMORY,LLC,L1,ZERO,ZERO,ZERO,2	175
MEMORY,LLC,L2,L1,L1,L1,4	5
MEMORY,LLC,L2,ZERO,ZERO,ZERO,0	5640
MEMORY,LLC,L2,ZERO,ZERO,ZERO,1	5994
MEMORY,LLC,L2,ZERO,ZERO,ZERO,2	4997
MEMORY,LLC,LLC,MEMORY,MEMORY,MEMORY,4	37
MEMORY,LLC,LLC,MEMORY,MEMORY,MEMORY,5	6
MEMORY,LLC,LLC,MEMORY,MEMORY,LLC,4	36
MEMORY,LLC,LLC,MEMORY,MEMORY,LLC,5	2
MEMORY,LLC,LLC,MEMORY,LLC,MEMORY,4	51
MEMORY,LLC,LLC,MEMORY,LLC,MEMORY,5	12
MEMORY,LLC,LLC,MEMORY,LLC,LLC,4	62
MEMORY,LLC,LLC,MEMORY,LLC,LLC,5	24
MEMORY,LLC,LLC,MEMORY,ZERO,ZERO,0	15
MEMORY,LLC,LLC,MEMORY,ZERO,ZERO,3	41
MEMORY,LLC,LLC,L1,L1,L1,4	992
MEMORY,LLC,LLC,L1,L1,L1,5	4
MEMORY,LLC,LLC,L1,L1,L2,4	1
MEMORY,LLC,LLC,L1,ZERO,ZERO,2	83
MEMORY,LLC,LLC,L1,ZERO,ZERO,3	409
MEMORY,LLC,LLC,L2,L1,L2,5	1
MEMORY,LLC,LLC,L2,L2,L2,4	6
MEMORY,LLC,LLC,L2,L2,LLC,4	1
MEMORY,LLC,LLC,L2,LLC,LLC,4	1
MEMORY,LLC,LLC,L2,ZERO,ZERO,2	86
MEMORY,LLC,LLC,L2,ZERO,ZERO,3	1
MEMORY,LLC,LLC,LLC,MEMORY,MEMORY,4	24
MEMORY,LLC,LLC,LLC,MEMORY,LLC,4	24
MEMORY,LLC,LLC,LLC,MEMORY,LLC,5	6
MEMORY,LLC,LLC,LLC,L2,LLC,4	1
MEMORY,LLC,LLC,LLC,LLC,MEMORY,4	33
MEMORY,LLC,LLC,LLC,LLC,MEMORY,5	10
MEMORY,LLC,LLC,LLC,LLC,L2,4	1
MEMORY,LLC,LLC,LLC,LLC,L2,5	1
MEMORY,LLC,LLC,LLC,LLC,LLC,4	80
MEMORY,LLC,LLC,LLC,LLC,LLC,5	73
MEMORY,LLC,LLC,LLC,ZERO,ZERO,0	80
MEMORY,LLC,LLC,LLC,ZERO,ZERO,3	87
MEMORY,LLC,LLC,ZERO,ZERO,ZERO,0	239128
MEMORY,LLC,LLC,ZERO,ZERO,ZERO,1	247526
MEMORY,LLC,LLC,ZERO,ZERO,ZERO,2	240135
L1,MEMORY,MEMORY,L1,ZERO,ZERO,3	1
L1,MEMORY,MEMORY,ZERO,ZERO,ZERO,0	329
L1,MEMORY,MEMORY,ZERO,ZERO,ZERO,1	370
L1,MEMORY,MEMORY,ZERO,ZERO,ZERO,2	380
L1,MEMORY,L1,ZERO,ZERO,ZERO,1	1
L1,MEMORY,L2,ZERO,ZERO,ZERO,0	8
L1,MEMORY,L2,ZERO,ZERO,ZERO,1	7
L1,MEMORY,L2,ZERO,ZERO,ZERO,2	1
L1,MEMORY,LLC,ZERO,ZERO,ZERO,0	179
L1,MEMORY,LLC,ZERO,ZERO,ZERO,1	196
L1,MEMORY,LLC,ZERO,ZERO,ZERO,2	226
L1,L1,MEMORY,ZERO,ZERO,ZERO,0	1
L1,L1,L1,L1,L1,L1,4	4127
L1,L1,L1,L1,L1,L1,5	23
L1,L1,L1,L1,ZERO,ZERO,3	736
L1,L1,L1,L2,L1,L1,4	24
L1,L1,L1,L2,ZERO,ZERO,3	195
L1,L1,L1,ZERO,ZERO,ZERO,0	2396039
L1,L1,L1,ZERO,ZERO,ZERO,1	2508112
L1,L1,L1,ZERO,ZERO,ZERO,2	2421157
L1,L1,L2,L1,L1,L1,4	707
L1,L1,L2,L1,L1,L1,5	1
L1,L1,L2,L1,L2,L2,4	1
L1,L1,L2,L1,ZERO,ZERO,3	34
L1,L1,L2,L2,L1,L1,4	44
L1,L1,L2,L2,L2,L2,4	1
L1,L1,L2,ZERO,ZERO,ZERO,0	177007
L1,L1,L2,ZERO,ZERO,ZERO,1	195344
L1,L1,L2,ZERO,ZERO,ZERO,2	188629
L1,L1,LLC,ZERO,ZERO,ZERO,0	98
L1,L1,LLC,ZERO,ZERO,ZERO,1	127
L1,L1,LLC,ZERO,ZERO,ZERO,2	106
L1,L2,MEMORY,ZERO,ZERO,ZERO,0	10
L1,L2,MEMORY,ZERO,ZERO,ZERO,1	10
L1,L2,MEMORY,ZERO,ZERO,ZERO,2	9
L1,L2,L1,L1,L1,L1,4	324
L1,L2,L1,L1,L2,L1,5	1
L1,L2,L1,L1,ZERO,ZERO,3	108
L1,L2,L1,L2,ZERO,ZERO,3	187
L1,L2,L1,ZERO,ZERO,ZERO,0	177031
L1,L2,L1,ZERO,ZERO,ZERO,1	192736
L1,L2,L1,ZERO,ZERO,ZERO,2	182464
L1,L2,L2,L1,L1,L1,4	625
L1,L2,L2,L1,L1,L1,5	1
L1,L2,L2,L1,L1,L2,5	1
L1,L2,L2,L1,L2,L1,4	1
L1,L2,L2,L1,ZERO,ZERO,3	49
L1,L2,L2,L2,L1,L1,5	1
L1,L2,L2,ZERO,ZERO,ZERO,0	308487
L1,L2,L2,ZERO,ZERO,ZERO,1	358227
L1,L2,L2,ZERO,ZERO,ZERO,2	328847
L1,L2,LLC,ZERO,ZERO,ZERO,0	1197
L1,L2,LLC,ZERO,ZERO,ZERO,1	1359
L1,L2,LLC,ZERO,ZERO,ZERO,2	1302
L1,LLC,MEMORY,ZERO,ZERO,ZERO,0	181
L1,LLC,MEMORY,ZERO,ZERO,ZERO,1	161
L1,LLC,MEMORY,ZERO,ZERO,ZERO,2	210
L1,LLC,L1,ZERO,ZERO,ZERO,0	70
L1,LLC,L1,ZERO,ZERO,ZERO,1	101
L1,LLC,L1,ZERO,ZERO,ZERO,2	88
L1,LLC,L2,ZERO,ZERO,ZERO,0	1208
L1,LLC,L2,ZERO,ZERO,ZERO,1	1316
L1,LLC,L2,ZERO,ZERO,ZERO,2	1246
L1,LLC,LLC,ZERO,ZERO,ZERO,0	1867
L1,LLC,LLC,ZERO,ZERO,ZERO,1	1976
L1,LLC,LLC,ZERO,ZERO,ZERO,2	1974
L2,MEMORY,MEMORY,LLC,ZERO,ZERO,3	1
L2,MEMORY,MEMORY,ZERO,ZERO,ZERO,0	8092
L2,MEMORY,MEMORY,ZERO,ZERO,ZERO,1	9278
L2,MEMORY,MEMORY,ZERO,ZERO,ZERO,2	9243
L2,MEMORY,L1,ZERO,ZERO,ZERO,0	6
L2,MEMORY,L1,ZERO,ZERO,ZERO,1	11
L2,MEMORY,L1,ZERO,ZERO,ZERO,2	8
L2,MEMORY,L2,L1,ZERO,ZERO,3	6
L2,MEMORY,L2,L2,ZERO,ZERO,2	3
L2,MEMORY,L2,ZERO,ZERO,ZERO,0	1825
L2,MEMORY,L2,ZERO,ZERO,ZERO,1	2143
L2,MEMORY,L2,ZERO,ZERO,ZERO,2	1977
L2,MEMORY,LLC,ZERO,ZERO,ZERO,0	5216
L2,MEMORY,LLC,ZERO,ZERO,ZERO,1	5981
L2,MEMORY,LLC,ZERO,ZERO,ZERO,2	5595
L2,L1,MEMORY,ZERO,ZERO,ZERO,0	16
L2,L1,MEMORY,ZERO,ZERO,ZERO,1	10
L2,L1,MEMORY,ZERO,ZERO,ZERO,2	10
L2,L1,L1,L1,L1,L1,4	230
L2,L1,L1,L1,ZERO,ZERO,3	42
L2,L1,L1,L2,L1,L1,4	2
L2,L1,L1,L2,L1,L1,5	1
L2,L1,L1,L2,ZERO,ZERO,3	3
L2,L1,L1,ZERO,ZERO,ZERO,0	175951
L2,L1,L1,ZERO,ZERO,ZERO,1	195573
L2,L1,L1,ZERO,ZERO,ZERO,2	184006
L2,L1,L2,L1,L1,L1,4	377
L2,L1,L2,L1,L1,L2,4	1
L2,L1,L2,L1,L2,L2,4	1
L2,L1,L2,L1,ZERO,ZERO,3	124
L2,L1,L2,L2,L1,L1,4	17
L2,L1,L2,L2,L1,L1,5	1
L2,L1,L2,L2,L2,L1,4	1
L2,L1,L2,L2,L2,L2,4	3
L2,L1,L2,ZERO,ZERO,ZERO,0	312405
L2,L1,L2,ZERO,ZERO,ZERO,1	352649
L2,L1,L2,ZERO,ZERO,ZERO,2	325949
L2,L1,LLC,ZERO,ZERO,ZERO,0	1214
L2,L1,LLC,ZERO,ZERO,ZERO,1	1281
L2,L1,LLC,ZERO,ZERO,ZERO,2	1257
L2,L2,MEMORY,LLC,ZERO,ZERO,3	3
L2,L2,MEMORY,ZERO,ZERO,ZERO,0	1774
L2,L2,MEMORY,ZERO,ZERO,ZERO,1	2273
L2,L2,MEMORY,ZERO,ZERO,ZERO,2	2076
L2,L2,L1,L1,L1,L1,4	323
L2,L2,L1,L1,L1,L1,5	1
L2,L2,L1,L1,ZERO,ZERO,3	58
L2,L2,L1,L2,L1,L2,4	3
L2,L2,L1,L2,L2,L2,4	1
L2,L2,L1,L2,ZERO,ZERO,3	4
L2,L2,L1,ZERO,ZERO,ZERO,0	313360
L2,L2,L1,ZERO,ZERO,ZERO,1	356208
L2,L2,L1,ZERO,ZERO,ZERO,2	338886
L2,L2,L2,L1,L1,L1,4	45
L2,L2,L2,L1,L1,L1,5	9
L2,L2,L2,L1,L2,L1,4	2
L2,L2,L2,L1,L2,L2,5	1
L2,L2,L2,L1,ZERO,ZERO,3	284
L2,L2,L2,L2,L2,L2,4	31
L2,L2,L2,L2,L2,L2,5	5
L2,L2,L2,L2,L2,LLC,4	4
L2,L2,L2,L2,L2,LLC,5	2
L2,L2,L2,L2,LLC,L2,4	3
L2,L2,L2,L2,LLC,L2,5	5
L2,L2,L2,L2,LLC,LLC,4	6
L2,L2,L2,L2,ZERO,ZERO,0	1
L2,L2,L2,L2,ZERO,ZERO,3	4
L2,L2,L2,LLC,L2,L2,4	6
L2,L2,L2,LLC,L2,L2,5	3
L2,L2,L2,LLC,L2,LLC,4	3
L2,L2,L2,LLC,L2,LLC,5	1
L2,L2,L2,LLC,LLC,L2,4	1
L2,L2,L2,LLC,LLC,L2,5	4
L2,L2,L2,LLC,LLC,LLC,4	4
L2,L2,L2,LLC,LLC,LLC,5	1
L2,L2,L2,LLC,ZERO,ZERO,3	2
L2,L2,L2,ZERO,ZERO,ZERO,0	4082706
L2,L2,L2,ZERO,ZERO,ZERO,1	4722294
L2,L2,L2,ZERO,ZERO,ZERO,2	4484706
L2,L2,LLC,L1,L1,L1,4	18
L2,L2,LLC,L1,L1,L1,5	5
L2,L2,LLC,L2,L2,L2,4	4
L2,L2,LLC,L2,L2,LLC,4	5
L2,L2,LLC,L2,LLC,L2,4	6
L2,L2,LLC,L2,LLC,L2,5	2
L2,L2,LLC,L2,LLC,LLC,4	1
L2,L2,LLC,L2,LLC,LLC,5	4
L2,L2,LLC,L2,ZERO,ZERO,3	1
L2,L2,LLC,LLC,L2,L2,4	5
L2,L2,LLC,LLC,L2,L2,5	3
L2,L2,LLC,LLC,L2,LLC,4	4
L2,L2,LLC,LLC,LLC,L2,4	3
L2,L2,LLC,LLC,LLC,L2,5	3
L2,L2,LLC,LLC,LLC,LLC,4	8
L2,L2,LLC,LLC,LLC,LLC,5	5
L2,L2,LLC,LLC,ZERO,ZERO,3	10
L2,L2,LLC,ZERO,ZERO,ZERO,0	184424
L2,L2,LLC,ZERO,ZERO,ZERO,1	215558
L2,L2,LLC,ZERO,ZERO,ZERO,2	204972
L2,LLC,MEMORY,L2,ZERO,ZERO,2	2
L2,LLC,MEMORY,ZERO,ZERO,ZERO,0	5298
L2,LLC,MEMORY,ZERO,ZERO,ZERO,1	5496
L2,LLC,MEMORY,ZERO,ZERO,ZERO,2	5714
L2,LLC,L1,ZERO,ZERO,ZERO,0	1110
L2,LLC,L1,ZERO,ZERO,ZERO,1	1452
L2,LLC,L1,ZERO,ZERO,ZERO,2	1199
L2,LLC,L2,MEMORY,LLC,MEMORY,5	3
L2,LLC,L2,MEMORY,ZERO,ZERO,0	3
L2,LLC,L2,L1,L1,L1,4	10
L2,LLC,L2,L1,L1,L1,5	14
L2,LLC,L2,L1,ZERO,ZERO,3	2
L2,LLC,L2,L2,L1,L1,4	1
L2,LLC,L2,L2,L2,L2,4	7
L2,LLC,L2,L2,L2,L2,5	2
L2,LLC,L2,L2,L2,LLC,4	7
L2,LLC,L2,L2,LLC,L2,4	3
L2,LLC,L2,L2,LLC,L2,5	2
L2,LLC,L2,L2,LLC,LLC,4	4
L2,LLC,L2,L2,LLC,LLC,5	2
L2,LLC,L2,L2,ZERO,ZERO,0	1
L2,LLC,L2,L2,ZERO,ZERO,3	3
L2,LLC,L2,LLC,L2,L2,5	3
L2,LLC,L2,LLC,L2,LLC,4	2
L2,LLC,L2,LLC,L2,LLC,5	1
L2,LLC,L2,LLC,LLC,L2,4	4
L2,LLC,L2,LLC,LLC,L2,5	3
L2,LLC,L2,LLC,LLC,LLC,4	9
L2,LLC,L2,LLC,LLC,LLC,5	4
L2,LLC,L2,LLC,ZERO,ZERO,3	3
L2,LLC,L2,ZERO,ZERO,ZERO,0	192539
L2,LLC,L2,ZERO,ZERO,ZERO,1	210687
L2,LLC,L2,ZERO,ZERO,ZERO,2	200515
L2,LLC,LLC,MEMORY,LLC,MEMORY,5	1
L2,LLC,LLC,L1,L1,L1,4	29
L2,LLC,LLC,L1,L1,L1,5	10
L2,LLC,LLC,L1,L2,L1,4	1
L2,LLC,LLC,L1,L2,L2,4	1
L2,LLC,LLC,L1,ZERO,ZERO,3	7
L2,LLC,LLC,L2,L2,L2,4	8
L2,LLC,LLC,L2,L2,L2,5	1
L2,LLC,LLC,L2,L2,LLC,4	5
L2,LLC,LLC,L2,L2,LLC,5	1
L2,LLC,LLC,L2,LLC,L2,4	9
L2,LLC,LLC,L2,LLC,L2,5	4
L2,LLC,LLC,L2,LLC,LLC,4	11
L2,LLC,LLC,L2,LLC,LLC,5	4
L2,LLC,LLC,L2,ZERO,ZERO,0	1
L2,LLC,LLC,L2,ZERO,ZERO,3	3
L2,LLC,LLC,LLC,L2,L2,4	9
L2,LLC,LLC,LLC,L2,L2,5	2
L2,LLC,LLC,LLC,L2,LLC,4	11
L2,LLC,LLC,LLC,L2,LLC,5	5
L2,LLC,LLC,LLC,LLC,MEMORY,4	1
L2,LLC,LLC,LLC,LLC,L2,4	15
L2,LLC,LLC,LLC,LLC,L2,5	2
L2,LLC,LLC,LLC,LLC,LLC,4	42
L2,LLC,LLC,LLC,LLC,LLC,5	30
L2,LLC,LLC,LLC,ZERO,ZERO,3	25
L2,LLC,LLC,ZERO,ZERO,ZERO,0	183966
L2,LLC,LLC,ZERO,ZERO,ZERO,1	199573
L2,LLC,LLC,ZERO,ZERO,ZERO,2	191109
LLC,MEMORY,MEMORY,MEMORY,MEMORY,MEMORY,4	26
LLC,MEMORY,MEMORY,MEMORY,MEMORY,MEMORY,5	1
LLC,MEMORY,MEMORY,MEMORY,MEMORY,LLC,4	22
LLC,MEMORY,MEMORY,MEMORY,MEMORY,LLC,5	7
LLC,MEMORY,MEMORY,MEMORY,LLC,MEMORY,4	30
LLC,MEMORY,MEMORY,MEMORY,LLC,MEMORY,5	4
LLC,MEMORY,MEMORY,MEMORY,LLC,LLC,4	39
LLC,MEMORY,MEMORY,MEMORY,LLC,LLC,5	11
LLC,MEMORY,MEMORY,MEMORY,ZERO,ZERO,0	10
LLC,MEMORY,MEMORY,MEMORY,ZERO,ZERO,3	38
LLC,MEMORY,MEMORY,L1,L1,L1,4	443
LLC,MEMORY,MEMORY,L1,L1,L1,5	8
LLC,MEMORY,MEMORY,L1,L2,L1,4	1
LLC,MEMORY,MEMORY,L1,ZERO,ZERO,1	1
LLC,MEMORY,MEMORY,L1,ZERO,ZERO,2	64
LLC,MEMORY,MEMORY,L1,ZERO,ZERO,3	92
LLC,MEMORY,MEMORY,L2,L2,L2,4	1
LLC,MEMORY,MEMORY,L2,LLC,LLC,4	2
LLC,MEMORY,MEMORY,L2,ZERO,ZERO,2	19
LLC,MEMORY,MEMORY,LLC,MEMORY,MEMORY,4	10
LLC,MEMORY,MEMORY,LLC,MEMORY,MEMORY,5	1
LLC,MEMORY,MEMORY,LLC,MEMORY,LLC,4	15
LLC,MEMORY,MEMORY,LLC,MEMORY,LLC,5	3
LLC,MEMORY,MEMORY,LLC,L2,LLC,4	1
LLC,MEMORY,MEMORY,LLC,LLC,MEMORY,4	13
LLC,MEMORY,MEMORY,LLC,LLC,MEMORY,5	2
LLC,MEMORY,MEMORY,LLC,LLC,L2,4	1
LLC,MEMORY,MEMORY,LLC,LLC,LLC,4	32
LLC,MEMORY,MEMORY,LLC,LLC,LLC,5	12
LLC,MEMORY,MEMORY,LLC,ZERO,ZERO,0	38
LLC,MEMORY,MEMORY,LLC,ZERO,ZERO,3	37
LLC,MEMORY,MEMORY,ZERO,ZERO,ZERO,0	187552
LLC,MEMORY,MEMORY,ZERO,ZERO,ZERO,1	205607
LLC,MEMORY,MEMORY,ZERO,ZERO,ZERO,2	200117
LLC,MEMORY,L1,ZERO,ZERO,ZERO,0	208
LLC,MEMORY,L1,ZERO,ZERO,ZERO,1	213
LLC,MEMORY,L1,ZERO,ZERO,ZERO,2	161
LLC,MEMORY,L2,MEMORY,L2,L2,4	1
LLC,MEMORY,L2,LLC,L2,LLC,4	4
LLC,MEMORY,L2,ZERO,ZERO,ZERO,0	5438
LLC,MEMORY,L2,ZERO,ZERO,ZERO,1	5917
LLC,MEMORY,L2,ZERO,ZERO,ZERO,2	4803
LLC,MEMORY,LLC,MEMORY,MEMORY,MEMORY,4	38
LLC,MEMORY,LLC,MEMORY,MEMORY,MEMORY,5	2
LLC,MEMORY,LLC,MEMORY,MEMORY,LLC,4	50
LLC,MEMORY,LLC,MEMORY,MEMORY,LLC,5	6
LLC,MEMORY,LLC,MEMORY,LLC,MEMORY,4	56
LLC,MEMORY,LLC,MEMORY,LLC,MEMORY,5	6
LLC,MEMORY,LLC,MEMORY,LLC,LLC,4	76
LLC,MEMORY,LLC,MEMORY,LLC,LLC,5	10
LLC,MEMORY,LLC,MEMORY,ZERO,ZERO,0	11
LLC,MEMORY,LLC,MEMORY,ZERO,ZERO,3	79
LLC,MEMORY,LLC,L1,L1,L1,4	847
LLC,MEMORY,LLC,L1,L1,L1,5	18
LLC,MEMORY,LLC,L1,L2,L1,4	1
LLC,MEMORY,LLC,L1,ZERO,ZERO,2	77
LLC,MEMORY,LLC,L1,ZERO,ZERO,3	250
LLC,MEMORY,LLC,L2,L2,L2,4	4
LLC,MEMORY,LLC,L2,L2,LLC,4	2
LLC,MEMORY,LLC,L2,LLC,LLC,4	1
LLC,MEMORY,LLC,L2,ZERO,ZERO,2	54
LLC,MEMORY,LLC,L2,ZERO,ZERO,3	1
LLC,MEMORY,LLC,LLC,MEMORY,MEMORY,4	23
LLC,MEMORY,LLC,LLC,MEMORY,MEMORY,5	1
LLC,MEMORY,LLC,LLC,MEMORY,LLC,4	26
LLC,MEMORY,LLC,LLC,MEMORY,LLC,5	9
LLC,MEMORY,LLC,LLC,L2,LLC,4	1
LLC,MEMORY,LLC,LLC,LLC,MEMORY,4	35
LLC,MEMORY,LLC,LLC,LLC,MEMORY,5	12
LLC,MEMORY,LLC,LLC,LLC,L2,4	1
LLC,MEMORY,LLC,LLC,LLC,LLC,4	80
LLC,MEMORY,LLC,LLC,LLC,LLC,5	32
LLC,MEMORY,LLC,LLC,ZERO,ZERO,0	36
LLC,MEMORY,LLC,LLC,ZERO,ZERO,3	148
LLC,MEMORY,LLC,ZERO,ZERO,ZERO,0	237622
LLC,MEMORY,LLC,ZERO,ZERO,ZERO,1	253855
LLC,MEMORY,LLC,ZERO,ZERO,ZERO,2	239073
LLC,L1,MEMORY,ZERO,ZERO,ZERO,0	215
LLC,L1,MEMORY,ZERO,ZERO,ZERO,1	154
LLC,L1,MEMORY,ZERO,ZERO,ZERO,2	189
LLC,L1,L1,ZERO,ZERO,ZERO,0	92
LLC,L1,L1,ZERO,ZERO,ZERO,1	92
LLC,L1,L1,ZERO,ZERO,ZERO,2	103
LLC,L1,L2,ZERO,ZERO,ZERO,0	1224
LLC,L1,L2,ZERO,ZERO,ZERO,1	1326
LLC,L1,L2,ZERO,ZERO,ZERO,2	1255
LLC,L1,LLC,L1,L1,L1,5	7
LLC,L1,LLC,ZERO,ZERO,ZERO,0	1845
LLC,L1,LLC,ZERO,ZERO,ZERO,1	1668
LLC,L1,LLC,ZERO,ZERO,ZERO,2	1844
LLC,L2,MEMORY,L1,L1,L1,4	1
LLC,L2,MEMORY,L1,ZERO,ZERO,2	3
LLC,L2,MEMORY,L2,LLC,LLC,4	1
LLC,L2,MEMORY,LLC,ZERO,ZERO,3	1
LLC,L2,MEMORY,ZERO,ZERO,ZERO,0	5257
LLC,L2,MEMORY,ZERO,ZERO,ZERO,1	5015
LLC,L2,MEMORY,ZERO,ZERO,ZERO,2	5747
LLC,L2,L1,ZERO,ZERO,ZERO,0	1224
LLC,L2,L1,ZERO,ZERO,ZERO,1	1404
LLC,L2,L1,ZERO,ZERO,ZERO,2	1313
LLC,L2,L2,L1,L1,L1,4	9
LLC,L2,L2,L1,L1,L1,5	10
LLC,L2,L2,L2,L1,L2,4	1
LLC,L2,L2,L2,L2,L2,4	2
LLC,L2,L2,L2,L2,L2,5	2
LLC,L2,L2,L2,L2,LLC,4	3
LLC,L2,L2,L2,L2,LLC,5	1
LLC,L2,L2,L2,LLC,L2,4	2
LLC,L2,L2,L2,LLC,L2,5	1
LLC,L2,L2,L2,LLC,LLC,4	2
LLC,L2,L2,L2,LLC,LLC,5	1
LLC,L2,L2,L2,ZERO,ZERO,3	2
LLC,L2,L2,LLC,L2,L2,4	5
LLC,L2,L2,LLC,L2,LLC,4	3
LLC,L2,L2,LLC,LLC,L2,4	3
LLC,L2,L2,LLC,LLC,L2,5	2
LLC,L2,L2,LLC,LLC,LLC,4	5
LLC,L2,L2,LLC,LLC,LLC,5	2
LLC,L2,L2,LLC,ZERO,ZERO,3	3
LLC,L2,L2,ZERO,ZERO,ZERO,0	189750
LLC,L2,L2,ZERO,ZERO,ZERO,1	208348
LLC,L2,L2,ZERO,ZERO,ZERO,2	206716
LLC,L2,LLC,L1,L1,L1,4	16
LLC,L2,LLC,L1,L1,L1,5	21
LLC,L2,LLC,L1,ZERO,ZERO,3	4
LLC,L2,LLC,L2,L2,L2,4	2
LLC,L2,LLC,L2,L2,LLC,4	6
LLC,L2,LLC,L2,LLC,L2,4	7
LLC,L2,LLC,L2,LLC,L2,5	3
LLC,L2,LLC,L2,LLC,LLC,4	7
LLC,L2,LLC,L2,LLC,LLC,5	4
LLC,L2,LLC,L2,ZERO,ZERO,3	4
LLC,L2,LLC,LLC,L2,L2,4	4
LLC,L2,LLC,LLC,L2,L2,5	1
LLC,L2,LLC,LLC,L2,LLC,4	6
LLC,L2,LLC,LLC,L2,LLC,5	1
LLC,L2,LLC,LLC,LLC,L2,4	9
LLC,L2,LLC,LLC,LLC,L2,5	3
LLC,L2,LLC,LLC,LLC,LLC,4	31
LLC,L2,LLC,LLC,LLC,LLC,5	15
LLC,L2,LLC,LLC,ZERO,ZERO,3	19
LLC,L2,LLC,ZERO,ZERO,ZERO,0	178464
LLC,L2,LLC,ZERO,ZERO,ZERO,1	192554
LLC,L2,LLC,ZERO,ZERO,ZERO,2	196217
LLC,LLC,MEMORY,MEMORY,MEMORY,MEMORY,4	27
LLC,LLC,MEMORY,MEMORY,MEMORY,MEMORY,5	5
LLC,LLC,MEMORY,MEMORY,MEMORY,LLC,4	28
LLC,LLC,MEMORY,MEMORY,MEMORY,LLC,5	1
LLC,LLC,MEMORY,MEMORY,LLC,MEMORY,4	29
LLC,LLC,MEMORY,MEMORY,LLC,MEMORY,5	8
LLC,LLC,MEMORY,MEMORY,LLC,LLC,4	47
LLC,LLC,MEMORY,MEMORY,LLC,LLC,5	10
LLC,LLC,MEMORY,MEMORY,ZERO,ZERO,0	18
LLC,LLC,MEMORY,MEMORY,ZERO,ZERO,3	45
LLC,LLC,MEMORY,L1,L1,L1,4	1093
LLC,LLC,MEMORY,L1,L1,L1,5	15
LLC,LLC,MEMORY,L1,ZERO,ZERO,2	197
LLC,LLC,MEMORY,L1,ZERO,ZERO,3	173
LLC,LLC,MEMORY,L2,L1,LLC,4	1
LLC,LLC,MEMORY,L2,L2,L2,4	4
LLC,LLC,MEMORY,L2,L2,LLC,4	1
LLC,LLC,MEMORY,L2,LLC,LLC,4	4
LLC,LLC,MEMORY,L2,ZERO,ZERO,2	35
LLC,LLC,MEMORY,LLC,MEMORY,MEMORY,4	19
LLC,LLC,MEMORY,LLC,MEMORY,MEMORY,5	3
LLC,LLC,MEMORY,LLC,MEMORY,LLC,4	14
LLC,LLC,MEMORY,LLC,MEMORY,LLC,5	3
LLC,LLC,MEMORY,LLC,L2,L2,4	1
LLC,LLC,MEMORY,LLC,L2,LLC,4	2
LLC,LLC,MEMORY,LLC,LLC,MEMORY,4	19
LLC,LLC,MEMORY,LLC,LLC,MEMORY,5	9
LLC,LLC,MEMORY,LLC,LLC,L2,5	1
LLC,LLC,MEMORY,LLC,LLC,LLC,4	58
LLC,LLC,MEMORY,LLC,LLC,LLC,5	41
LLC,LLC,MEMORY,LLC,ZERO,ZERO,0	74
LLC,LLC,MEMORY,LLC,ZERO,ZERO,3	58
LLC,LLC,MEMORY,ZERO,ZERO,ZERO,0	237700
LLC,LLC,MEMORY,ZERO,ZERO,ZERO,1	249349
LLC,LLC,MEMORY,ZERO,ZERO,ZERO,2	245005
LLC,LLC,L1,L1,L1,L1,5	1
LLC,LLC,L1,ZERO,ZERO,ZERO,0	1865
LLC,LLC,L1,ZERO,ZERO,ZERO,1	2072
LLC,LLC,L1,ZERO,ZERO,ZERO,2	1526
LLC,LLC,L2,MEMORY,L2,MEMORY,4	1
LLC,LLC,L2,L1,L1,L1,4	35
LLC,LLC,L2,L1,L1,L1,5	25
LLC,LLC,L2,L1,ZERO,ZERO,3	7
LLC,LLC,L2,L2,L2,L1,4	1
LLC,LLC,L2,L2,L2,L2,4	4
LLC,LLC,L2,L2,L2,L2,5	1
LLC,LLC,L2,L2,L2,LLC,4	6
LLC,LLC,L2,L2,L2,LLC,5	2
LLC,LLC,L2,L2,LLC,L2,4	5
LLC,LLC,L2,L2,LLC,LLC,4	3
LLC,LLC,L2,L2,LLC,LLC,5	3
LLC,LLC,L2,L2,ZERO,ZERO,3	9
LLC,LLC,L2,LLC,L2,MEMORY,4	2
LLC,LLC,L2,LLC,L2,L2,4	7
LLC,LLC,L2,LLC,L2,L2,5	2
LLC,LLC,L2,LLC,L2,LLC,4	12
LLC,LLC,L2,LLC,L2,LLC,5	6
LLC,LLC,L2,LLC,LLC,MEMORY,4	2
LLC,LLC,L2,LLC,LLC,L2,4	10
LLC,LLC,L2,LLC,LLC,L2,5	2
LLC,LLC,L2,LLC,LLC,LLC,4	18
LLC,LLC,L2,LLC,LLC,LLC,5	8
LLC,LLC,L2,LLC,ZERO,ZERO,3	16
LLC,LLC,L2,ZERO,ZERO,ZERO,0	187804
LLC,LLC,L2,ZERO,ZERO,ZERO,1	199821
LLC,LLC,L2,ZERO,ZERO,ZERO,2	187097
LLC,LLC,LLC,MEMORY,MEMORY,MEMORY,4	48
LLC,LLC,LLC,MEMORY,MEMORY,MEMORY,5	3
LLC,LLC,LLC,MEMORY,MEMORY,LLC,4	56
LLC,LLC,LLC,MEMORY,MEMORY,LLC,5	9
LLC,LLC,LLC,MEMORY,LLC,MEMORY,4	86
LLC,LLC,LLC,MEMORY,LLC,MEMORY,5	17
LLC,LLC,LLC,MEMORY,LLC,L2,4	1
LLC,LLC,LLC,MEMORY,LLC,LLC,4	112
LLC,LLC,LLC,MEMORY,LLC,LLC,5	53
LLC,LLC,LLC,MEMORY,ZERO,ZERO,0	35
LLC,LLC,LLC,MEMORY,ZERO,ZERO,3	177
LLC,LLC,LLC,L1,L1,L1,4	2546
LLC,LLC,LLC,L1,L1,L1,5	385
LLC,LLC,LLC,L1,L1,L2,4	9
LLC,LLC,LLC,L1,L2,L1,4	11
LLC,LLC,LLC,L1,L2,L2,4	9
LLC,LLC,LLC,L1,L2,L2,5	2
LLC,LLC,LLC,L1,ZERO,ZERO,1	1
LLC,LLC,LLC,L1,ZERO,ZERO,2	258
LLC,LLC,LLC,L1,ZERO,ZERO,3	625
LLC,LLC,LLC,L2,L1,L1,4	4
LLC,LLC,LLC,L2,L1,L2,4	2
LLC,LLC,LLC,L2,L2,L1,4	6
LLC,LLC,LLC,L2,L2,L1,5	1
LLC,LLC,LLC,L2,L2,L2,4	48
LLC,LLC,LLC,L2,L2,L2,5	8
LLC,LLC,LLC,L2,L2,LLC,4	17
LLC,LLC,LLC,L2,L2,LLC,5	7
LLC,LLC,LLC,L2,LLC,L2,4	9
LLC,LLC,LLC,L2,LLC,L2,5	3
LLC,LLC,LLC,L2,LLC,LLC,4	37
LLC,LLC,LLC,L2,LLC,LLC,5	15
LLC,LLC,LLC,L2,ZERO,ZERO,2	102
LLC,LLC,LLC,L2,ZERO,ZERO,3	12
LLC,LLC,LLC,LLC,MEMORY,MEMORY,4	33
LLC,LLC,LLC,LLC,MEMORY,MEMORY,5	2
LLC,LLC,LLC,LLC,MEMORY,LLC,4	56
LLC,LLC,LLC,LLC,MEMORY,LLC,5	19
LLC,LLC,LLC,LLC,L2,L2,4	19
LLC,LLC,LLC,LLC,L2,L2,5	3
LLC,LLC,LLC,LLC,L2,LLC,4	75
LLC,LLC,LLC,LLC,L2,LLC,5	22
LLC,LLC,LLC,LLC,LLC,MEMORY,4	66
LLC,LLC,LLC,LLC,LLC,MEMORY,5	36
LLC,LLC,LLC,LLC,LLC,L2,4	52
LLC,LLC,LLC,LLC,LLC,L2,5	15
LLC,LLC,LLC,LLC,LLC,LLC,4	1613
LLC,LLC,LLC,LLC,LLC,LLC,5	653
LLC,LLC,LLC,LLC,ZERO,ZERO,0	145
LLC,LLC,LLC,LLC,ZERO,ZERO,3	679
LLC,LLC,LLC,ZERO,ZERO,ZERO,0	3405484
LLC,LLC,LLC,ZERO,ZERO,ZERO,1	3597740
LLC,LLC,LLC,ZERO,ZERO,ZERO,2	3479622
ZERO,ZERO,ZERO,MEMORY,ZERO,ZERO,3	35
ZERO,ZERO,ZERO,L1,ZERO,ZERO,3	15
ZERO,ZERO,ZERO,L2,ZERO,ZERO,3	60
ZERO,ZERO,ZERO,LLC,ZERO,ZERO,3	496
