Initialising a TLB with size: 128
Initialising a TLB with size: 64
Initialising a TLB with size: 2048
Initialising PT from file: 
Initialising memory references from file: /start_point/data1/collect_trace_fast/ecpt/ecpt_never_graphbig_dfs_walk_log.bin
Initialising a cache with size: 25165824 with assoc: 12 with line size: 64
Initialising for core 0
Initialising L2 cache with size: 1310720 with assoc: 20 with line size: 64
Initialising L1 I cache with size: 32768 with assoc: 8 with line size: 64
Initialising L1 D cache with size: 49152 with assoc: 12 with line size: 64
Initialising a cache with size: 1310720 with assoc: 20 with line size: 64
Initialising a cache with size: 32768 with assoc: 8 with line size: 64
Initialising a cache with size: 49152 with assoc: 12 with line size: 64
Initialising CWC cache with size: 2 with assoc: 2
Initialising a cache with size: 2 with assoc: 2 with line size: 1
Initialising CWC cache with size: 16 with assoc: 16
Initialising a cache with size: 16 with assoc: 16 with line size: 1
op_qemu_mem_trace=/start_point/data1/collect_trace_fast/ecpt/ecpt_never_graphbig_dfs_walk_log.bin
creating qemu_file_reader_t for /start_point/data1/collect_trace_fast/ecpt/ecpt_never_graphbig_dfs_walk_log.bin with verbosity 0 and arch 1
Done with qemu tracer
Heartbeat. 4194304 references processed.
Heartbeat. 8388608 references processed.
Heartbeat. 12582912 references processed.
Heartbeat. 16777216 references processed.
Heartbeat. 20971520 references processed.
Heartbeat. 25165824 references processed.
Heartbeat. 29360128 references processed.
Heartbeat. 33554432 references processed.
Heartbeat. 37748736 references processed.
Heartbeat. 41943040 references processed.
Heartbeat. 46137344 references processed.
Cache simulation warmed up
Heartbeat. 50331648 references processed.
Heartbeat. 54525952 references processed.
Heartbeat. 58720256 references processed.
Heartbeat. 62914560 references processed.
Heartbeat. 67108864 references processed.
Heartbeat. 71303168 references processed.
Heartbeat. 75497472 references processed.
Heartbeat. 79691776 references processed.
Heartbeat. 83886080 references processed.
Heartbeat. 88080384 references processed.
Heartbeat. 92274688 references processed.
Heartbeat. 96468992 references processed.
Finished warmup of TLB
Heartbeat. 100663296 references processed.
Heartbeat. 104857600 references processed.
Heartbeat. 109051904 references processed.
Heartbeat. 113246208 references processed.
Heartbeat. 117440512 references processed.
Heartbeat. 121634816 references processed.
Heartbeat. 125829120 references processed.
Heartbeat. 130023424 references processed.
Heartbeat. 134217728 references processed.
Heartbeat. 138412032 references processed.
Heartbeat. 142606336 references processed.
Heartbeat. 146800640 references processed.
Heartbeat. 150994944 references processed.
Heartbeat. 155189248 references processed.
Heartbeat. 159383552 references processed.
Heartbeat. 163577856 references processed.
Heartbeat. 167772160 references processed.
Heartbeat. 171966464 references processed.
Heartbeat. 176160768 references processed.
Heartbeat. 180355072 references processed.
Heartbeat. 184549376 references processed.
Heartbeat. 188743680 references processed.
Heartbeat. 192937984 references processed.
Heartbeat. 197132288 references processed.
Heartbeat. 201326592 references processed.
Heartbeat. 205520896 references processed.
Heartbeat. 209715200 references processed.
Heartbeat. 213909504 references processed.
Heartbeat. 218103808 references processed.
Heartbeat. 222298112 references processed.
Heartbeat. 226492416 references processed.
Heartbeat. 230686720 references processed.
Heartbeat. 234881024 references processed.
Heartbeat. 239075328 references processed.
Heartbeat. 243269632 references processed.
Heartbeat. 247463936 references processed.
Heartbeat. 251658240 references processed.
Heartbeat. 255852544 references processed.
Heartbeat. 260046848 references processed.
Heartbeat. 264241152 references processed.
Heartbeat. 268435456 references processed.
Heartbeat. 272629760 references processed.
Heartbeat. 276824064 references processed.
Heartbeat. 281018368 references processed.
Heartbeat. 285212672 references processed.
Heartbeat. 289406976 references processed.
Heartbeat. 293601280 references processed.
Heartbeat. 297795584 references processed.
Heartbeat. 301989888 references processed.
Heartbeat. 306184192 references processed.
Heartbeat. 310378496 references processed.
Heartbeat. 314572800 references processed.
Heartbeat. 318767104 references processed.
Heartbeat. 322961408 references processed.
Heartbeat. 327155712 references processed.
Heartbeat. 331350016 references processed.
Heartbeat. 335544320 references processed.
Heartbeat. 339738624 references processed.
Heartbeat. 343932928 references processed.
Heartbeat. 348127232 references processed.
Heartbeat. 352321536 references processed.
Heartbeat. 356515840 references processed.
Heartbeat. 360710144 references processed.
Heartbeat. 364904448 references processed.
Heartbeat. 369098752 references processed.
Heartbeat. 373293056 references processed.
Heartbeat. 377487360 references processed.
Heartbeat. 381681664 references processed.
Heartbeat. 385875968 references processed.
Heartbeat. 390070272 references processed.
Heartbeat. 394264576 references processed.
Heartbeat. 398458880 references processed.
Heartbeat. 402653184 references processed.
Heartbeat. 406847488 references processed.
Heartbeat. 411041792 references processed.
Heartbeat. 415236096 references processed.
Heartbeat. 419430400 references processed.
Heartbeat. 423624704 references processed.
Heartbeat. 427819008 references processed.
Heartbeat. 432013312 references processed.
Heartbeat. 436207616 references processed.
Heartbeat. 440401920 references processed.
Heartbeat. 444596224 references processed.
Heartbeat. 448790528 references processed.
Heartbeat. 452984832 references processed.
Heartbeat. 457179136 references processed.
Heartbeat. 461373440 references processed.
Heartbeat. 465567744 references processed.
Heartbeat. 469762048 references processed.
Heartbeat. 473956352 references processed.
Heartbeat. 478150656 references processed.
Heartbeat. 482344960 references processed.
Heartbeat. 486539264 references processed.
Heartbeat. 490733568 references processed.
Heartbeat. 494927872 references processed.
Heartbeat. 499122176 references processed.
Heartbeat. 503316480 references processed.
Heartbeat. 507510784 references processed.
Heartbeat. 511705088 references processed.
Heartbeat. 515899392 references processed.
Heartbeat. 520093696 references processed.
Heartbeat. 524288000 references processed.
Heartbeat. 528482304 references processed.
Heartbeat. 532676608 references processed.
Heartbeat. 536870912 references processed.
Heartbeat. 541065216 references processed.
Heartbeat. 545259520 references processed.
Heartbeat. 549453824 references processed.
Heartbeat. 553648128 references processed.
Heartbeat. 557842432 references processed.
Heartbeat. 562036736 references processed.
Heartbeat. 566231040 references processed.
Heartbeat. 570425344 references processed.
Heartbeat. 574619648 references processed.
Heartbeat. 578813952 references processed.
Heartbeat. 583008256 references processed.
Heartbeat. 587202560 references processed.
Heartbeat. 591396864 references processed.
Heartbeat. 595591168 references processed.
Heartbeat. 599785472 references processed.
Heartbeat. 603979776 references processed.
Heartbeat. 608174080 references processed.
Heartbeat. 612368384 references processed.
Heartbeat. 616562688 references processed.
Heartbeat. 620756992 references processed.
Heartbeat. 624951296 references processed.
Heartbeat. 629145600 references processed.
Heartbeat. 633339904 references processed.
Heartbeat. 637534208 references processed.
Heartbeat. 641728512 references processed.
Heartbeat. 645922816 references processed.
Heartbeat. 650117120 references processed.
Heartbeat. 654311424 references processed.
Heartbeat. 658505728 references processed.
Heartbeat. 662700032 references processed.
Heartbeat. 666894336 references processed.
Heartbeat. 671088640 references processed.
Heartbeat. 675282944 references processed.
Heartbeat. 679477248 references processed.
Heartbeat. 683671552 references processed.
Heartbeat. 687865856 references processed.
Heartbeat. 692060160 references processed.
Heartbeat. 696254464 references processed.
Heartbeat. 700448768 references processed.
Heartbeat. 704643072 references processed.
Heartbeat. 708837376 references processed.
Heartbeat. 713031680 references processed.
Heartbeat. 717225984 references processed.
Heartbeat. 721420288 references processed.
Heartbeat. 725614592 references processed.
Heartbeat. 729808896 references processed.
Heartbeat. 734003200 references processed.
Heartbeat. 738197504 references processed.
Heartbeat. 742391808 references processed.
Heartbeat. 746586112 references processed.
Heartbeat. 750780416 references processed.
Heartbeat. 754974720 references processed.
Heartbeat. 759169024 references processed.
Heartbeat. 763363328 references processed.
Heartbeat. 767557632 references processed.
Heartbeat. 771751936 references processed.
Heartbeat. 775946240 references processed.
Heartbeat. 780140544 references processed.
Heartbeat. 784334848 references processed.
Heartbeat. 788529152 references processed.
Heartbeat. 792723456 references processed.
Heartbeat. 796917760 references processed.
Heartbeat. 801112064 references processed.
Heartbeat. 805306368 references processed.
Heartbeat. 809500672 references processed.
Heartbeat. 813694976 references processed.
Heartbeat. 817889280 references processed.
Heartbeat. 822083584 references processed.
Heartbeat. 826277888 references processed.
Heartbeat. 830472192 references processed.
Heartbeat. 834666496 references processed.
Heartbeat. 838860800 references processed.
Heartbeat. 843055104 references processed.
Heartbeat. 847249408 references processed.
Heartbeat. 851443712 references processed.
Heartbeat. 855638016 references processed.
Heartbeat. 859832320 references processed.
Heartbeat. 864026624 references processed.
Heartbeat. 868220928 references processed.
Heartbeat. 872415232 references processed.
Heartbeat. 876609536 references processed.
Heartbeat. 880803840 references processed.
Heartbeat. 884998144 references processed.
Heartbeat. 889192448 references processed.
Heartbeat. 893386752 references processed.
Heartbeat. 897581056 references processed.
Heartbeat. 901775360 references processed.
Heartbeat. 905969664 references processed.
Heartbeat. 910163968 references processed.
Heartbeat. 914358272 references processed.
Heartbeat. 918552576 references processed.
Heartbeat. 922746880 references processed.
Heartbeat. 926941184 references processed.
Heartbeat. 931135488 references processed.
Heartbeat. 935329792 references processed.
Heartbeat. 939524096 references processed.
Heartbeat. 943718400 references processed.
Heartbeat. 947912704 references processed.
Heartbeat. 952107008 references processed.
Heartbeat. 956301312 references processed.
Heartbeat. 960495616 references processed.
Heartbeat. 964689920 references processed.
Heartbeat. 968884224 references processed.
Heartbeat. 973078528 references processed.
Heartbeat. 977272832 references processed.
Heartbeat. 981467136 references processed.
Heartbeat. 985661440 references processed.
Heartbeat. 989855744 references processed.
Heartbeat. 994050048 references processed.
Heartbeat. 998244352 references processed.
Heartbeat. 1002438656 references processed.
Heartbeat. 1006632960 references processed.
Heartbeat. 1010827264 references processed.
Heartbeat. 1015021568 references processed.
Heartbeat. 1019215872 references processed.
Heartbeat. 1023410176 references processed.
Heartbeat. 1027604480 references processed.
Heartbeat. 1031798784 references processed.
Heartbeat. 1035993088 references processed.
Heartbeat. 1040187392 references processed.
Heartbeat. 1044381696 references processed.
Heartbeat. 1048576000 references processed.
Heartbeat. 1052770304 references processed.
Heartbeat. 1056964608 references processed.
Heartbeat. 1061158912 references processed.
Heartbeat. 1065353216 references processed.
Heartbeat. 1069547520 references processed.
Heartbeat. 1073741824 references processed.
Heartbeat. 1077936128 references processed.
Heartbeat. 1082130432 references processed.
Heartbeat. 1086324736 references processed.
Heartbeat. 1090519040 references processed.
Heartbeat. 1094713344 references processed.
Heartbeat. 1098907648 references processed.
Heartbeat. 1103101952 references processed.
Heartbeat. 1107296256 references processed.
Heartbeat. 1111490560 references processed.
Heartbeat. 1115684864 references processed.
Heartbeat. 1119879168 references processed.
Trace is truncated
TLB simulation results:
Core #0 (1 thread(s))
  TLB-L1I stats:
    Hits:                        684706027
    Misses:                          19424
    Invalidations:                       0
    Hits PT level     1:                   0
    Misses PT level   1:                   0
    Hits PT level     2:                   0
    Misses PT level   2:                   0
    Hits PT level     3:                   0
    Misses PT level   3:                   0
    Hits PT level     4:                   0
    Misses PT level   4:                   0
    Hits PT level     5:                   0
    Misses PT level   5:                   0
    Hits PT level     6:                   0
    Misses PT level   6:                   0
    Miss rate:                        0.00%
  TLB-L1D stats:
    Hits:                        273535840
    Misses:                       64179143
    Invalidations:                       0
    Hits PT level     1:                   0
    Misses PT level   1:                   0
    Hits PT level     2:                   0
    Misses PT level   2:                   0
    Hits PT level     3:                   0
    Misses PT level   3:                   0
    Hits PT level     4:                   0
    Misses PT level   4:                   0
    Hits PT level     5:                   0
    Misses PT level   5:                   0
    Hits PT level     6:                   0
    Misses PT level   6:                   0
    Miss rate:                       19.00%
  TLB-LL stats:
    Hits:                         25400065
    Misses:                       38798502
    Invalidations:                       0
    Hits PT level     1:                   0
    Misses PT level   1:                   0
    Hits PT level     2:                   0
    Misses PT level   2:                   0
    Hits PT level     3:                   0
    Misses PT level   3:                   0
    Hits PT level     4:                   0
    Misses PT level   4:                   0
    Hits PT level     5:                   0
    Misses PT level   5:                   0
    Hits PT level     6:                   0
    Misses PT level   6:                   0
    Local miss rate:                 60.44%
    Child hits:                  958241867
    Total miss rate:                  3.79%
~~~~~~~~~~~~~~~~~~~~~~~~~~~~~~~~~~~~~~~~~~
Cache simulation results:
Core #0 (1 thread(s))
  L1I stats:
    Warmup hits:                  40619104
    Warmup misses:                   60342
    Hits:                        839663417
    Misses:                          77954
    Invalidations:                       0
    Hits PT level     1:                   0
    Misses PT level   1:                   0
    Hits PT level     2:                   0
    Misses PT level   2:                   0
    Hits PT level     3:                   0
    Misses PT level   3:                   0
    Hits PT level     4:                   0
    Misses PT level   4:                   0
    Hits PT level     5:                   0
    Misses PT level   5:                   0
    Hits PT level     6:                   0
    Misses PT level   6:                   0
    Miss rate:                        0.01%
  L1D stats:
    Warmup hits:                  12825673
    Warmup misses:                 3545835
    Hits:                        241004951
    Misses:                      113138822
    Invalidations:                       0
    Hits PT level     1:            25868786
    Misses PT level   1:            95830454
    Hits PT level     2:            79548037
    Misses PT level   2:             1459871
    Hits PT level     3:                   0
    Misses PT level   3:                   0
    Hits PT level     4:                   0
    Misses PT level   4:                   0
    Hits PT level     5:                   0
    Misses PT level   5:                   0
    Hits PT level     6:                   0
    Misses PT level   6:                   0
    Prefetch hits:                14947381
    Prefetch misses:             195481766
    Miss rate:                       31.95%
  L2 stats:
    Warmup hits:                    432828
    Warmup misses:                 3173349
    Hits:                         19021568
    Misses:                       94195208
    Invalidations:                       0
    Hits PT level     1:            44077257
    Misses PT level   1:            51753197
    Hits PT level     2:             1431153
    Misses PT level   2:               28718
    Hits PT level     3:                   0
    Misses PT level   3:                   0
    Hits PT level     4:                   0
    Misses PT level   4:                   0
    Hits PT level     5:                   0
    Misses PT level   5:                   0
    Hits PT level     6:                   0
    Misses PT level   6:                   0
    Prefetch hits:                57710886
    Prefetch misses:             137770880
    Local miss rate:                 83.20%
    Child hits:                 1201032572
    Total miss rate:                  7.17%
LLC stats:
    Warmup hits:                    429433
    Warmup misses:                 2743916
    Hits:                         13940226
    Misses:                       80254982
    Invalidations:                       0
    Hits PT level     1:            40230933
    Misses PT level   1:            11522264
    Hits PT level     2:               25705
    Misses PT level   2:                3013
    Hits PT level     3:                   0
    Misses PT level   3:                   0
    Hits PT level     4:                   0
    Misses PT level   4:                   0
    Hits PT level     5:                   0
    Misses PT level   5:                   0
    Hits PT level     6:                   0
    Misses PT level   6:                   0
    Prefetch hits:                53868199
    Prefetch misses:              83902681
    Local miss rate:                 85.20%
    Child hits:                  122240864
    Total miss rate:                 37.08%
 CWC 0 stats:
    Warmup hits:                         0
    Warmup misses:                       0
    Hits:                         41807612
    Misses:                           7540
    Invalidations:                       0
    Hits PT level     1:                   0
    Misses PT level   1:                   0
    Hits PT level     2:                   0
    Misses PT level   2:                   0
    Hits PT level     3:                   0
    Misses PT level   3:                   0
    Hits PT level     4:                   0
    Misses PT level   4:                   0
    Hits PT level     5:                   0
    Misses PT level   5:                   0
    Hits PT level     6:                   0
    Misses PT level   6:                   0
    Miss rate:                        0.02%
 CWC 1 stats:
    Warmup hits:                         0
    Warmup misses:                       0
    Hits:                            47877
    Misses:                             21
    Invalidations:                       0
    Hits PT level     1:                   0
    Misses PT level   1:                   0
    Hits PT level     2:                   0
    Misses PT level   2:                   0
    Hits PT level     3:                   0
    Misses PT level   3:                   0
    Hits PT level     4:                   0
    Misses PT level   4:                   0
    Hits PT level     5:                   0
    Misses PT level   5:                   0
    Hits PT level     6:                   0
    Misses PT level   6:                   0
    Miss rate:                        0.04%
~~~~~~~~~~~~~~~~~~~~~~~~~~~~~~~~~~~~~~~~~~
num_requests : 1122440434
num_not_found : 0
kernel memory references: 
0,3586719
1,2711317
16,13143246
user memory references: 
0,298698251
1,65518992
16,738781909
~~~~~~~~~~~~~~~~~~~~~~~~~~~~~~~~~~~~~~~~~~
num_range_found : 0
num_range_not_found : 0
~~~~~~~~~~~~~~~~~~~~~~~~~~~~~~~~~~~~~~~~~~
MEMORY,MEMORY,MEMORY,MEMORY,MEMORY,MEMORY,	17
MEMORY,MEMORY,MEMORY,MEMORY,MEMORY,LLC,	2
MEMORY,MEMORY,MEMORY,MEMORY,LLC,MEMORY,	3
MEMORY,MEMORY,MEMORY,MEMORY,LLC,LLC,	7
MEMORY,MEMORY,MEMORY,MEMORY,ZERO,ZERO,	9
MEMORY,MEMORY,MEMORY,L1,L1,L1,	226
MEMORY,MEMORY,MEMORY,L1,L1,L2,	14
MEMORY,MEMORY,MEMORY,L1,L2,L1,	3
MEMORY,MEMORY,MEMORY,L1,L2,L2,	1
MEMORY,MEMORY,MEMORY,L1,ZERO,ZERO,	107
MEMORY,MEMORY,MEMORY,L2,L1,L1,	4
MEMORY,MEMORY,MEMORY,L2,L2,L1,	9
MEMORY,MEMORY,MEMORY,L2,L2,L2,	4
MEMORY,MEMORY,MEMORY,L2,LLC,L2,	3
MEMORY,MEMORY,MEMORY,L2,LLC,LLC,	7
MEMORY,MEMORY,MEMORY,L2,ZERO,ZERO,	10
MEMORY,MEMORY,MEMORY,LLC,MEMORY,MEMORY,	2
MEMORY,MEMORY,MEMORY,LLC,MEMORY,LLC,	5
MEMORY,MEMORY,MEMORY,LLC,L2,LLC,	2
MEMORY,MEMORY,MEMORY,LLC,LLC,MEMORY,	4
MEMORY,MEMORY,MEMORY,LLC,LLC,L2,	1
MEMORY,MEMORY,MEMORY,LLC,LLC,LLC,	66
MEMORY,MEMORY,MEMORY,LLC,ZERO,ZERO,	22
MEMORY,MEMORY,MEMORY,ZERO,ZERO,ZERO,	1854439
MEMORY,MEMORY,L1,L1,L1,L1,	2
MEMORY,MEMORY,L1,ZERO,ZERO,ZERO,	1034
MEMORY,MEMORY,L2,ZERO,ZERO,ZERO,	24293
MEMORY,MEMORY,LLC,MEMORY,MEMORY,LLC,	1
MEMORY,MEMORY,LLC,MEMORY,LLC,MEMORY,	10
MEMORY,MEMORY,LLC,MEMORY,LLC,LLC,	22
MEMORY,MEMORY,LLC,MEMORY,ZERO,ZERO,	16
MEMORY,MEMORY,LLC,L1,L1,L1,	318
MEMORY,MEMORY,LLC,L1,L1,L2,	6
MEMORY,MEMORY,LLC,L1,ZERO,ZERO,	176
MEMORY,MEMORY,LLC,L2,L1,L1,	17
MEMORY,MEMORY,LLC,L2,L2,L2,	1
MEMORY,MEMORY,LLC,L2,LLC,L2,	1
MEMORY,MEMORY,LLC,LLC,MEMORY,MEMORY,	4
MEMORY,MEMORY,LLC,LLC,MEMORY,LLC,	10
MEMORY,MEMORY,LLC,LLC,LLC,MEMORY,	29
MEMORY,MEMORY,LLC,LLC,LLC,LLC,	120
MEMORY,MEMORY,LLC,LLC,ZERO,ZERO,	40
MEMORY,MEMORY,LLC,ZERO,ZERO,ZERO,	580162
MEMORY,L1,MEMORY,L1,L1,L1,	1
MEMORY,L1,MEMORY,ZERO,ZERO,ZERO,	1022
MEMORY,L1,L1,ZERO,ZERO,ZERO,	2
MEMORY,L1,L2,ZERO,ZERO,ZERO,	22
MEMORY,L1,LLC,ZERO,ZERO,ZERO,	559
MEMORY,L2,MEMORY,L1,L1,L1,	1
MEMORY,L2,MEMORY,ZERO,ZERO,ZERO,	24604
MEMORY,L2,L1,ZERO,ZERO,ZERO,	27
MEMORY,L2,L2,ZERO,ZERO,ZERO,	3578
MEMORY,L2,LLC,ZERO,ZERO,ZERO,	14538
MEMORY,LLC,MEMORY,MEMORY,LLC,MEMORY,	2
MEMORY,LLC,MEMORY,MEMORY,LLC,LLC,	8
MEMORY,LLC,MEMORY,MEMORY,ZERO,ZERO,	21
MEMORY,LLC,MEMORY,L1,L1,L1,	254
MEMORY,LLC,MEMORY,L1,L1,L2,	16
MEMORY,LLC,MEMORY,L1,L2,L2,	1
MEMORY,LLC,MEMORY,L1,ZERO,ZERO,	83
MEMORY,LLC,MEMORY,L2,L1,L1,	2
MEMORY,LLC,MEMORY,LLC,MEMORY,MEMORY,	1
MEMORY,LLC,MEMORY,LLC,MEMORY,LLC,	4
MEMORY,LLC,MEMORY,LLC,LLC,MEMORY,	8
MEMORY,LLC,MEMORY,LLC,LLC,LLC,	35
MEMORY,LLC,MEMORY,LLC,ZERO,ZERO,	35
MEMORY,LLC,MEMORY,ZERO,ZERO,ZERO,	592596
MEMORY,LLC,L1,ZERO,ZERO,ZERO,	507
MEMORY,LLC,L2,ZERO,ZERO,ZERO,	14326
MEMORY,LLC,LLC,MEMORY,MEMORY,MEMORY,	5
MEMORY,LLC,LLC,MEMORY,MEMORY,LLC,	17
MEMORY,LLC,LLC,MEMORY,LLC,MEMORY,	32
MEMORY,LLC,LLC,MEMORY,LLC,LLC,	89
MEMORY,LLC,LLC,MEMORY,ZERO,ZERO,	58
MEMORY,LLC,LLC,L1,L1,L1,	1010
MEMORY,LLC,LLC,L1,L1,L2,	22
MEMORY,LLC,LLC,L1,L2,L1,	1
MEMORY,LLC,LLC,L1,ZERO,ZERO,	554
MEMORY,LLC,LLC,L2,L1,L1,	47
MEMORY,LLC,LLC,L2,ZERO,ZERO,	1
MEMORY,LLC,LLC,LLC,MEMORY,MEMORY,	18
MEMORY,LLC,LLC,LLC,MEMORY,LLC,	60
MEMORY,LLC,LLC,LLC,L2,L2,	1
MEMORY,LLC,LLC,LLC,LLC,MEMORY,	96
MEMORY,LLC,LLC,LLC,LLC,LLC,	423
MEMORY,LLC,LLC,LLC,ZERO,ZERO,	170
MEMORY,LLC,LLC,ZERO,ZERO,ZERO,	717258
L1,MEMORY,MEMORY,ZERO,ZERO,ZERO,	1047
L1,MEMORY,L1,ZERO,ZERO,ZERO,	2
L1,MEMORY,L2,ZERO,ZERO,ZERO,	40
L1,MEMORY,LLC,ZERO,ZERO,ZERO,	622
L1,L1,MEMORY,ZERO,ZERO,ZERO,	3
L1,L1,L1,L1,L1,L1,	5606
L1,L1,L1,L1,L1,L2,	77
L1,L1,L1,L1,L2,L1,	4
L1,L1,L1,L1,ZERO,ZERO,	1634
L1,L1,L1,L2,L1,L1,	211
L1,L1,L1,L2,L1,L2,	227
L1,L1,L1,L2,L2,L1,	2
L1,L1,L1,ZERO,ZERO,ZERO,	6829142
L1,L1,L2,L1,L1,L1,	731
L1,L1,L2,L1,L1,L2,	1
L1,L1,L2,L1,ZERO,ZERO,	126
L1,L1,L2,ZERO,ZERO,ZERO,	466115
L1,L1,LLC,ZERO,ZERO,ZERO,	356
L1,L2,MEMORY,ZERO,ZERO,ZERO,	27
L1,L2,L1,L1,L1,L1,	133
L1,L2,L1,L1,L1,L2,	17
L1,L2,L1,L1,ZERO,ZERO,	395
L1,L2,L1,L2,L1,L1,	44
L1,L2,L1,L2,L1,L2,	54
L1,L2,L1,L2,ZERO,ZERO,	3
L1,L2,L1,ZERO,ZERO,ZERO,	474833
L1,L2,L2,L1,L1,L1,	948
L1,L2,L2,L1,ZERO,ZERO,	178
L1,L2,L2,L2,L1,L2,	1
L1,L2,L2,L2,ZERO,ZERO,	1
L1,L2,L2,ZERO,ZERO,ZERO,	805354
L1,L2,LLC,ZERO,ZERO,ZERO,	4281
L1,LLC,MEMORY,ZERO,ZERO,ZERO,	574
L1,LLC,L1,ZERO,ZERO,ZERO,	341
L1,LLC,L2,ZERO,ZERO,ZERO,	4393
L1,LLC,LLC,ZERO,ZERO,ZERO,	5482
L2,MEMORY,MEMORY,ZERO,ZERO,ZERO,	25001
L2,MEMORY,L1,ZERO,ZERO,ZERO,	24
L2,MEMORY,L2,ZERO,ZERO,ZERO,	3447
L2,MEMORY,LLC,ZERO,ZERO,ZERO,	15325
L2,L1,MEMORY,ZERO,ZERO,ZERO,	26
L2,L1,L1,L1,L1,L1,	7
L2,L1,L1,L1,L2,L1,	3
L2,L1,L1,L1,ZERO,ZERO,	236
L2,L1,L1,ZERO,ZERO,ZERO,	482158
L2,L1,L2,L1,L1,L1,	10
L2,L1,L2,L1,ZERO,ZERO,	154
L2,L1,L2,ZERO,ZERO,ZERO,	793650
L2,L1,LLC,ZERO,ZERO,ZERO,	4202
L2,L2,MEMORY,ZERO,ZERO,ZERO,	3651
L2,L2,L1,L1,L1,L1,	12
L2,L2,L1,L1,ZERO,ZERO,	131
L2,L2,L1,L2,L2,L1,	3
L2,L2,L1,L2,L2,L2,	1
L2,L2,L1,ZERO,ZERO,ZERO,	789509
L2,L2,L2,L1,L1,L1,	10
L2,L2,L2,L1,L1,L2,	5
L2,L2,L2,L1,ZERO,ZERO,	84
L2,L2,L2,L2,L2,L2,	4
L2,L2,L2,L2,ZERO,ZERO,	4
L2,L2,L2,LLC,L2,LLC,	1
L2,L2,L2,LLC,ZERO,ZERO,	1
L2,L2,L2,ZERO,ZERO,ZERO,	10836780
L2,L2,LLC,L1,L1,L1,	4
L2,L2,LLC,L1,L1,L2,	3
L2,L2,LLC,L1,ZERO,ZERO,	1
L2,L2,LLC,L2,L2,L2,	1
L2,L2,LLC,L2,L2,LLC,	2
L2,L2,LLC,L2,LLC,LLC,	2
L2,L2,LLC,LLC,L2,LLC,	4
L2,L2,LLC,LLC,LLC,LLC,	9
L2,L2,LLC,LLC,ZERO,ZERO,	3
L2,L2,LLC,ZERO,ZERO,ZERO,	583986
L2,LLC,MEMORY,ZERO,ZERO,ZERO,	15081
L2,LLC,L1,ZERO,ZERO,ZERO,	4340
L2,LLC,L2,L1,L1,L1,	2
L2,LLC,L2,L1,L1,L2,	3
L2,LLC,L2,L1,L2,L1,	1
L2,LLC,L2,L1,ZERO,ZERO,	5
L2,LLC,L2,L2,L2,L2,	1
L2,LLC,L2,L2,L2,LLC,	3
L2,LLC,L2,L2,LLC,LLC,	1
L2,LLC,L2,L2,ZERO,ZERO,	4
L2,LLC,L2,LLC,L2,LLC,	3
L2,LLC,L2,LLC,LLC,LLC,	7
L2,LLC,L2,LLC,ZERO,ZERO,	7
L2,LLC,L2,ZERO,ZERO,ZERO,	584744
L2,LLC,LLC,L1,L1,L1,	15
L2,LLC,LLC,L1,L1,L2,	16
L2,LLC,LLC,L1,L2,L2,	1
L2,LLC,LLC,L1,ZERO,ZERO,	9
L2,LLC,LLC,L2,L2,LLC,	2
L2,LLC,LLC,L2,LLC,L2,	1
L2,LLC,LLC,L2,LLC,LLC,	9
L2,LLC,LLC,L2,ZERO,ZERO,	3
L2,LLC,LLC,LLC,L2,L2,	3
L2,LLC,LLC,LLC,L2,LLC,	3
L2,LLC,LLC,LLC,LLC,L2,	2
L2,LLC,LLC,LLC,LLC,LLC,	23
L2,LLC,LLC,LLC,ZERO,ZERO,	6
L2,LLC,LLC,ZERO,ZERO,ZERO,	544855
LLC,MEMORY,MEMORY,MEMORY,MEMORY,MEMORY,	1
LLC,MEMORY,MEMORY,MEMORY,LLC,MEMORY,	2
LLC,MEMORY,MEMORY,MEMORY,LLC,LLC,	7
LLC,MEMORY,MEMORY,MEMORY,ZERO,ZERO,	19
LLC,MEMORY,MEMORY,L1,L1,L1,	454
LLC,MEMORY,MEMORY,L1,L1,L2,	13
LLC,MEMORY,MEMORY,L1,ZERO,ZERO,	51
LLC,MEMORY,MEMORY,L2,L1,L1,	9
LLC,MEMORY,MEMORY,L2,L2,L2,	1
LLC,MEMORY,MEMORY,LLC,MEMORY,MEMORY,	1
LLC,MEMORY,MEMORY,LLC,MEMORY,LLC,	7
LLC,MEMORY,MEMORY,LLC,LLC,MEMORY,	7
LLC,MEMORY,MEMORY,LLC,LLC,LLC,	43
LLC,MEMORY,MEMORY,LLC,ZERO,ZERO,	58
LLC,MEMORY,MEMORY,ZERO,ZERO,ZERO,	590701
LLC,MEMORY,L1,ZERO,ZERO,ZERO,	599
LLC,MEMORY,L2,ZERO,ZERO,ZERO,	15226
LLC,MEMORY,LLC,MEMORY,MEMORY,MEMORY,	3
LLC,MEMORY,LLC,MEMORY,MEMORY,LLC,	12
LLC,MEMORY,LLC,MEMORY,LLC,MEMORY,	13
LLC,MEMORY,LLC,MEMORY,LLC,LLC,	58
LLC,MEMORY,LLC,MEMORY,ZERO,ZERO,	49
LLC,MEMORY,LLC,L1,L1,L1,	1722
LLC,MEMORY,LLC,L1,L1,L2,	38
LLC,MEMORY,LLC,L1,ZERO,ZERO,	419
LLC,MEMORY,LLC,L2,L1,L1,	121
LLC,MEMORY,LLC,L2,L2,L1,	2
LLC,MEMORY,LLC,L2,L2,L2,	3
LLC,MEMORY,LLC,L2,LLC,LLC,	1
LLC,MEMORY,LLC,L2,ZERO,ZERO,	1
LLC,MEMORY,LLC,LLC,MEMORY,MEMORY,	12
LLC,MEMORY,LLC,LLC,MEMORY,LLC,	37
LLC,MEMORY,LLC,LLC,L2,LLC,	2
LLC,MEMORY,LLC,LLC,LLC,MEMORY,	72
LLC,MEMORY,LLC,LLC,LLC,L2,	1
LLC,MEMORY,LLC,LLC,LLC,LLC,	308
LLC,MEMORY,LLC,LLC,ZERO,ZERO,	219
LLC,MEMORY,LLC,ZERO,ZERO,ZERO,	716713
LLC,L1,MEMORY,ZERO,ZERO,ZERO,	557
LLC,L1,L1,ZERO,ZERO,ZERO,	327
LLC,L1,L2,ZERO,ZERO,ZERO,	4235
LLC,L1,LLC,ZERO,ZERO,ZERO,	4921
LLC,L2,MEMORY,ZERO,ZERO,ZERO,	15040
LLC,L2,L1,ZERO,ZERO,ZERO,	4292
LLC,L2,L2,L1,L1,L1,	4
LLC,L2,L2,L1,L1,L2,	4
LLC,L2,L2,L1,ZERO,ZERO,	7
LLC,L2,L2,L2,L2,LLC,	1
LLC,L2,L2,L2,ZERO,ZERO,	1
LLC,L2,L2,LLC,L2,L2,	2
LLC,L2,L2,LLC,L2,LLC,	2
LLC,L2,L2,LLC,LLC,L2,	2
LLC,L2,L2,LLC,LLC,LLC,	9
LLC,L2,L2,LLC,ZERO,ZERO,	5
LLC,L2,L2,ZERO,ZERO,ZERO,	590388
LLC,L2,LLC,L1,L1,L1,	6
LLC,L2,LLC,L1,L1,L2,	4
LLC,L2,LLC,L1,ZERO,ZERO,	15
LLC,L2,LLC,L2,L2,L2,	1
LLC,L2,LLC,L2,L2,LLC,	1
LLC,L2,LLC,L2,LLC,L2,	1
LLC,L2,LLC,L2,LLC,LLC,	1
LLC,L2,LLC,L2,ZERO,ZERO,	1
LLC,L2,LLC,LLC,L2,LLC,	2
LLC,L2,LLC,LLC,LLC,L2,	1
LLC,L2,LLC,LLC,LLC,LLC,	15
LLC,L2,LLC,LLC,ZERO,ZERO,	3
LLC,L2,LLC,ZERO,ZERO,ZERO,	539707
LLC,LLC,MEMORY,MEMORY,MEMORY,MEMORY,	1
LLC,LLC,MEMORY,MEMORY,MEMORY,LLC,	4
LLC,LLC,MEMORY,MEMORY,LLC,MEMORY,	4
LLC,LLC,MEMORY,MEMORY,LLC,LLC,	22
LLC,LLC,MEMORY,MEMORY,ZERO,ZERO,	74
LLC,LLC,MEMORY,L1,L1,L1,	1617
LLC,LLC,MEMORY,L1,L1,L2,	93
LLC,LLC,MEMORY,L1,L2,L1,	1
LLC,LLC,MEMORY,L1,L2,L2,	1
LLC,LLC,MEMORY,L1,ZERO,ZERO,	164
LLC,LLC,MEMORY,L2,L1,L1,	20
LLC,LLC,MEMORY,L2,L2,L2,	1
LLC,LLC,MEMORY,L2,LLC,LLC,	1
LLC,LLC,MEMORY,LLC,MEMORY,MEMORY,	6
LLC,LLC,MEMORY,LLC,MEMORY,LLC,	28
LLC,LLC,MEMORY,LLC,LLC,MEMORY,	33
LLC,LLC,MEMORY,LLC,LLC,L2,	1
LLC,LLC,MEMORY,LLC,LLC,LLC,	159
LLC,LLC,MEMORY,LLC,ZERO,ZERO,	203
LLC,LLC,MEMORY,ZERO,ZERO,ZERO,	723910
LLC,LLC,L1,ZERO,ZERO,ZERO,	5214
LLC,LLC,L2,MEMORY,LLC,LLC,	1
LLC,LLC,L2,L1,L1,L1,	11
LLC,LLC,L2,L1,L1,L2,	6
LLC,LLC,L2,L1,ZERO,ZERO,	11
LLC,LLC,L2,L2,L2,L2,	3
LLC,LLC,L2,L2,L2,LLC,	1
LLC,LLC,L2,L2,LLC,L2,	1
LLC,LLC,L2,L2,LLC,LLC,	3
LLC,LLC,L2,L2,ZERO,ZERO,	11
LLC,LLC,L2,LLC,L2,MEMORY,	1
LLC,LLC,L2,LLC,L2,L2,	2
LLC,LLC,L2,LLC,L2,LLC,	8
LLC,LLC,L2,LLC,LLC,L2,	1
LLC,LLC,L2,LLC,LLC,LLC,	23
LLC,LLC,L2,LLC,ZERO,ZERO,	33
LLC,LLC,L2,ZERO,ZERO,ZERO,	545271
LLC,LLC,LLC,MEMORY,MEMORY,MEMORY,	19
LLC,LLC,LLC,MEMORY,MEMORY,LLC,	37
LLC,LLC,LLC,MEMORY,LLC,MEMORY,	96
LLC,LLC,LLC,MEMORY,LLC,LLC,	324
LLC,LLC,LLC,MEMORY,ZERO,ZERO,	220
LLC,LLC,LLC,L1,L1,L1,	6467
LLC,LLC,LLC,L1,L1,L2,	309
LLC,LLC,LLC,L1,L2,L1,	2
LLC,LLC,LLC,L1,L2,L2,	2
LLC,LLC,LLC,L1,ZERO,ZERO,	1540
LLC,LLC,LLC,L2,L1,L1,	454
LLC,LLC,LLC,L2,L1,L2,	3
LLC,LLC,LLC,L2,L2,L1,	5
LLC,LLC,LLC,L2,L2,L2,	11
LLC,LLC,LLC,L2,L2,LLC,	10
LLC,LLC,LLC,L2,LLC,L2,	2
LLC,LLC,LLC,L2,LLC,LLC,	27
LLC,LLC,LLC,L2,ZERO,ZERO,	20
LLC,LLC,LLC,LLC,MEMORY,MEMORY,	47
LLC,LLC,LLC,LLC,MEMORY,LLC,	228
LLC,LLC,LLC,LLC,L2,L2,	5
LLC,LLC,LLC,LLC,L2,LLC,	15
LLC,LLC,LLC,LLC,LLC,MEMORY,	369
LLC,LLC,LLC,LLC,LLC,L2,	9
LLC,LLC,LLC,LLC,LLC,LLC,	1745
LLC,LLC,LLC,LLC,ZERO,ZERO,	1039
LLC,LLC,LLC,ZERO,ZERO,ZERO,	9636529
ZERO,ZERO,ZERO,MEMORY,ZERO,ZERO,	1
ZERO,ZERO,ZERO,L1,ZERO,ZERO,	14
ZERO,ZERO,ZERO,L2,ZERO,ZERO,	31
ZERO,ZERO,ZERO,LLC,ZERO,ZERO,	112
~~~~~~ full stats with way ~~~~~~
MEMORY,MEMORY,MEMORY,MEMORY,MEMORY,MEMORY,0	1
MEMORY,MEMORY,MEMORY,MEMORY,MEMORY,MEMORY,1	1
MEMORY,MEMORY,MEMORY,MEMORY,MEMORY,MEMORY,4	6
MEMORY,MEMORY,MEMORY,MEMORY,MEMORY,MEMORY,5	9
MEMORY,MEMORY,MEMORY,MEMORY,MEMORY,LLC,5	2
MEMORY,MEMORY,MEMORY,MEMORY,LLC,MEMORY,4	2
MEMORY,MEMORY,MEMORY,MEMORY,LLC,MEMORY,5	1
MEMORY,MEMORY,MEMORY,MEMORY,LLC,LLC,4	5
MEMORY,MEMORY,MEMORY,MEMORY,LLC,LLC,5	2
MEMORY,MEMORY,MEMORY,MEMORY,ZERO,ZERO,0	2
MEMORY,MEMORY,MEMORY,MEMORY,ZERO,ZERO,3	7
MEMORY,MEMORY,MEMORY,L1,L1,L1,4	188
MEMORY,MEMORY,MEMORY,L1,L1,L1,5	38
MEMORY,MEMORY,MEMORY,L1,L1,L2,4	6
MEMORY,MEMORY,MEMORY,L1,L1,L2,5	8
MEMORY,MEMORY,MEMORY,L1,L2,L1,4	1
MEMORY,MEMORY,MEMORY,L1,L2,L1,5	2
MEMORY,MEMORY,MEMORY,L1,L2,L2,4	1
MEMORY,MEMORY,MEMORY,L1,ZERO,ZERO,0	8
MEMORY,MEMORY,MEMORY,L1,ZERO,ZERO,1	6
MEMORY,MEMORY,MEMORY,L1,ZERO,ZERO,2	18
MEMORY,MEMORY,MEMORY,L1,ZERO,ZERO,3	75
MEMORY,MEMORY,MEMORY,L2,L1,L1,4	2
MEMORY,MEMORY,MEMORY,L2,L1,L1,5	2
MEMORY,MEMORY,MEMORY,L2,L2,L1,4	8
MEMORY,MEMORY,MEMORY,L2,L2,L1,5	1
MEMORY,MEMORY,MEMORY,L2,L2,L2,4	2
MEMORY,MEMORY,MEMORY,L2,L2,L2,5	2
MEMORY,MEMORY,MEMORY,L2,LLC,L2,4	2
MEMORY,MEMORY,MEMORY,L2,LLC,L2,5	1
MEMORY,MEMORY,MEMORY,L2,LLC,LLC,4	1
MEMORY,MEMORY,MEMORY,L2,LLC,LLC,5	6
MEMORY,MEMORY,MEMORY,L2,ZERO,ZERO,2	5
MEMORY,MEMORY,MEMORY,L2,ZERO,ZERO,3	5
MEMORY,MEMORY,MEMORY,LLC,MEMORY,MEMORY,4	1
MEMORY,MEMORY,MEMORY,LLC,MEMORY,MEMORY,5	1
MEMORY,MEMORY,MEMORY,LLC,MEMORY,LLC,4	3
MEMORY,MEMORY,MEMORY,LLC,MEMORY,LLC,5	2
MEMORY,MEMORY,MEMORY,LLC,L2,LLC,4	2
MEMORY,MEMORY,MEMORY,LLC,LLC,MEMORY,4	3
MEMORY,MEMORY,MEMORY,LLC,LLC,MEMORY,5	1
MEMORY,MEMORY,MEMORY,LLC,LLC,L2,5	1
MEMORY,MEMORY,MEMORY,LLC,LLC,LLC,4	33
MEMORY,MEMORY,MEMORY,LLC,LLC,LLC,5	33
MEMORY,MEMORY,MEMORY,LLC,ZERO,ZERO,0	9
MEMORY,MEMORY,MEMORY,LLC,ZERO,ZERO,2	2
MEMORY,MEMORY,MEMORY,LLC,ZERO,ZERO,3	11
MEMORY,MEMORY,MEMORY,ZERO,ZERO,ZERO,0	641917
MEMORY,MEMORY,MEMORY,ZERO,ZERO,ZERO,1	594567
MEMORY,MEMORY,MEMORY,ZERO,ZERO,ZERO,2	617955
MEMORY,MEMORY,L1,L1,L1,L1,4	2
MEMORY,MEMORY,L1,ZERO,ZERO,ZERO,0	365
MEMORY,MEMORY,L1,ZERO,ZERO,ZERO,1	376
MEMORY,MEMORY,L1,ZERO,ZERO,ZERO,2	293
MEMORY,MEMORY,L2,ZERO,ZERO,ZERO,0	8998
MEMORY,MEMORY,L2,ZERO,ZERO,ZERO,1	8409
MEMORY,MEMORY,L2,ZERO,ZERO,ZERO,2	6886
MEMORY,MEMORY,LLC,MEMORY,MEMORY,LLC,5	1
MEMORY,MEMORY,LLC,MEMORY,LLC,MEMORY,4	6
MEMORY,MEMORY,LLC,MEMORY,LLC,MEMORY,5	4
MEMORY,MEMORY,LLC,MEMORY,LLC,LLC,4	15
MEMORY,MEMORY,LLC,MEMORY,LLC,LLC,5	7
MEMORY,MEMORY,LLC,MEMORY,ZERO,ZERO,0	8
MEMORY,MEMORY,LLC,MEMORY,ZERO,ZERO,2	6
MEMORY,MEMORY,LLC,MEMORY,ZERO,ZERO,3	2
MEMORY,MEMORY,LLC,L1,L1,L1,4	305
MEMORY,MEMORY,LLC,L1,L1,L1,5	13
MEMORY,MEMORY,LLC,L1,L1,L2,5	6
MEMORY,MEMORY,LLC,L1,ZERO,ZERO,2	79
MEMORY,MEMORY,LLC,L1,ZERO,ZERO,3	97
MEMORY,MEMORY,LLC,L2,L1,L1,4	17
MEMORY,MEMORY,LLC,L2,L2,L2,4	1
MEMORY,MEMORY,LLC,L2,LLC,L2,4	1
MEMORY,MEMORY,LLC,LLC,MEMORY,MEMORY,4	3
MEMORY,MEMORY,LLC,LLC,MEMORY,MEMORY,5	1
MEMORY,MEMORY,LLC,LLC,MEMORY,LLC,4	9
MEMORY,MEMORY,LLC,LLC,MEMORY,LLC,5	1
MEMORY,MEMORY,LLC,LLC,LLC,MEMORY,4	18
MEMORY,MEMORY,LLC,LLC,LLC,MEMORY,5	11
MEMORY,MEMORY,LLC,LLC,LLC,LLC,4	87
MEMORY,MEMORY,LLC,LLC,LLC,LLC,5	33
MEMORY,MEMORY,LLC,LLC,ZERO,ZERO,0	15
MEMORY,MEMORY,LLC,LLC,ZERO,ZERO,2	10
MEMORY,MEMORY,LLC,LLC,ZERO,ZERO,3	15
MEMORY,MEMORY,LLC,ZERO,ZERO,ZERO,0	207262
MEMORY,MEMORY,LLC,ZERO,ZERO,ZERO,1	188413
MEMORY,MEMORY,LLC,ZERO,ZERO,ZERO,2	184487
MEMORY,L1,MEMORY,L1,L1,L1,4	1
MEMORY,L1,MEMORY,ZERO,ZERO,ZERO,0	349
MEMORY,L1,MEMORY,ZERO,ZERO,ZERO,1	303
MEMORY,L1,MEMORY,ZERO,ZERO,ZERO,2	370
MEMORY,L1,L1,ZERO,ZERO,ZERO,1	2
MEMORY,L1,L2,ZERO,ZERO,ZERO,0	9
MEMORY,L1,L2,ZERO,ZERO,ZERO,1	7
MEMORY,L1,L2,ZERO,ZERO,ZERO,2	6
MEMORY,L1,LLC,ZERO,ZERO,ZERO,0	184
MEMORY,L1,LLC,ZERO,ZERO,ZERO,1	132
MEMORY,L1,LLC,ZERO,ZERO,ZERO,2	243
MEMORY,L2,MEMORY,L1,L1,L1,4	1
MEMORY,L2,MEMORY,ZERO,ZERO,ZERO,0	8686
MEMORY,L2,MEMORY,ZERO,ZERO,ZERO,1	7051
MEMORY,L2,MEMORY,ZERO,ZERO,ZERO,2	8867
MEMORY,L2,L1,ZERO,ZERO,ZERO,0	7
MEMORY,L2,L1,ZERO,ZERO,ZERO,1	7
MEMORY,L2,L1,ZERO,ZERO,ZERO,2	13
MEMORY,L2,L2,ZERO,ZERO,ZERO,0	1264
MEMORY,L2,L2,ZERO,ZERO,ZERO,1	1166
MEMORY,L2,L2,ZERO,ZERO,ZERO,2	1148
MEMORY,L2,LLC,ZERO,ZERO,ZERO,0	5068
MEMORY,L2,LLC,ZERO,ZERO,ZERO,1	4235
MEMORY,L2,LLC,ZERO,ZERO,ZERO,2	5235
MEMORY,LLC,MEMORY,MEMORY,LLC,MEMORY,4	2
MEMORY,LLC,MEMORY,MEMORY,LLC,LLC,4	5
MEMORY,LLC,MEMORY,MEMORY,LLC,LLC,5	3
MEMORY,LLC,MEMORY,MEMORY,ZERO,ZERO,0	6
MEMORY,LLC,MEMORY,MEMORY,ZERO,ZERO,2	1
MEMORY,LLC,MEMORY,MEMORY,ZERO,ZERO,3	14
MEMORY,LLC,MEMORY,L1,L1,L1,4	245
MEMORY,LLC,MEMORY,L1,L1,L1,5	9
MEMORY,LLC,MEMORY,L1,L1,L2,5	16
MEMORY,LLC,MEMORY,L1,L2,L2,5	1
MEMORY,LLC,MEMORY,L1,ZERO,ZERO,2	7
MEMORY,LLC,MEMORY,L1,ZERO,ZERO,3	76
MEMORY,LLC,MEMORY,L2,L1,L1,4	2
MEMORY,LLC,MEMORY,LLC,MEMORY,MEMORY,4	1
MEMORY,LLC,MEMORY,LLC,MEMORY,LLC,4	3
MEMORY,LLC,MEMORY,LLC,MEMORY,LLC,5	1
MEMORY,LLC,MEMORY,LLC,LLC,MEMORY,4	4
MEMORY,LLC,MEMORY,LLC,LLC,MEMORY,5	4
MEMORY,LLC,MEMORY,LLC,LLC,LLC,4	17
MEMORY,LLC,MEMORY,LLC,LLC,LLC,5	18
MEMORY,LLC,MEMORY,LLC,ZERO,ZERO,0	17
MEMORY,LLC,MEMORY,LLC,ZERO,ZERO,2	1
MEMORY,LLC,MEMORY,LLC,ZERO,ZERO,3	17
MEMORY,LLC,MEMORY,ZERO,ZERO,ZERO,0	210234
MEMORY,LLC,MEMORY,ZERO,ZERO,ZERO,1	179514
MEMORY,LLC,MEMORY,ZERO,ZERO,ZERO,2	202848
MEMORY,LLC,L1,ZERO,ZERO,ZERO,0	184
MEMORY,LLC,L1,ZERO,ZERO,ZERO,1	187
MEMORY,LLC,L1,ZERO,ZERO,ZERO,2	136
MEMORY,LLC,L2,ZERO,ZERO,ZERO,0	5472
MEMORY,LLC,L2,ZERO,ZERO,ZERO,1	4662
MEMORY,LLC,L2,ZERO,ZERO,ZERO,2	4192
MEMORY,LLC,LLC,MEMORY,MEMORY,MEMORY,4	5
MEMORY,LLC,LLC,MEMORY,MEMORY,LLC,4	15
MEMORY,LLC,LLC,MEMORY,MEMORY,LLC,5	2
MEMORY,LLC,LLC,MEMORY,LLC,MEMORY,4	21
MEMORY,LLC,LLC,MEMORY,LLC,MEMORY,5	11
MEMORY,LLC,LLC,MEMORY,LLC,LLC,4	68
MEMORY,LLC,LLC,MEMORY,LLC,LLC,5	21
MEMORY,LLC,LLC,MEMORY,ZERO,ZERO,0	26
MEMORY,LLC,LLC,MEMORY,ZERO,ZERO,2	7
MEMORY,LLC,LLC,MEMORY,ZERO,ZERO,3	25
MEMORY,LLC,LLC,L1,L1,L1,4	992
MEMORY,LLC,LLC,L1,L1,L1,5	18
MEMORY,LLC,LLC,L1,L1,L2,5	22
MEMORY,LLC,LLC,L1,L2,L1,5	1
MEMORY,LLC,LLC,L1,ZERO,ZERO,2	70
MEMORY,LLC,LLC,L1,ZERO,ZERO,3	484
MEMORY,LLC,LLC,L2,L1,L1,4	46
MEMORY,LLC,LLC,L2,L1,L1,5	1
MEMORY,LLC,LLC,L2,ZERO,ZERO,2	1
MEMORY,LLC,LLC,LLC,MEMORY,MEMORY,4	16
MEMORY,LLC,LLC,LLC,MEMORY,MEMORY,5	2
MEMORY,LLC,LLC,LLC,MEMORY,LLC,4	54
MEMORY,LLC,LLC,LLC,MEMORY,LLC,5	6
MEMORY,LLC,LLC,LLC,L2,L2,4	1
MEMORY,LLC,LLC,LLC,LLC,MEMORY,4	74
MEMORY,LLC,LLC,LLC,LLC,MEMORY,5	22
MEMORY,LLC,LLC,LLC,LLC,LLC,4	330
MEMORY,LLC,LLC,LLC,LLC,LLC,5	93
MEMORY,LLC,LLC,LLC,ZERO,ZERO,0	86
MEMORY,LLC,LLC,LLC,ZERO,ZERO,2	36
MEMORY,LLC,LLC,LLC,ZERO,ZERO,3	48
MEMORY,LLC,LLC,ZERO,ZERO,ZERO,0	256344
MEMORY,LLC,LLC,ZERO,ZERO,ZERO,1	224473
MEMORY,LLC,LLC,ZERO,ZERO,ZERO,2	236441
L1,MEMORY,MEMORY,ZERO,ZERO,ZERO,0	338
L1,MEMORY,MEMORY,ZERO,ZERO,ZERO,1	372
L1,MEMORY,MEMORY,ZERO,ZERO,ZERO,2	337
L1,MEMORY,L1,ZERO,ZERO,ZERO,1	1
L1,MEMORY,L1,ZERO,ZERO,ZERO,2	1
L1,MEMORY,L2,ZERO,ZERO,ZERO,0	17
L1,MEMORY,L2,ZERO,ZERO,ZERO,1	9
L1,MEMORY,L2,ZERO,ZERO,ZERO,2	14
L1,MEMORY,LLC,ZERO,ZERO,ZERO,0	187
L1,MEMORY,LLC,ZERO,ZERO,ZERO,1	237
L1,MEMORY,LLC,ZERO,ZERO,ZERO,2	198
L1,L1,MEMORY,ZERO,ZERO,ZERO,1	1
L1,L1,MEMORY,ZERO,ZERO,ZERO,2	2
L1,L1,L1,L1,L1,L1,4	4881
L1,L1,L1,L1,L1,L1,5	725
L1,L1,L1,L1,L1,L2,4	76
L1,L1,L1,L1,L1,L2,5	1
L1,L1,L1,L1,L2,L1,4	4
L1,L1,L1,L1,ZERO,ZERO,3	1634
L1,L1,L1,L2,L1,L1,4	211
L1,L1,L1,L2,L1,L2,4	227
L1,L1,L1,L2,L2,L1,4	2
L1,L1,L1,ZERO,ZERO,ZERO,0	2404069
L1,L1,L1,ZERO,ZERO,ZERO,1	2161037
L1,L1,L1,ZERO,ZERO,ZERO,2	2264036
L1,L1,L2,L1,L1,L1,4	730
L1,L1,L2,L1,L1,L1,5	1
L1,L1,L2,L1,L1,L2,5	1
L1,L1,L2,L1,ZERO,ZERO,0	2
L1,L1,L2,L1,ZERO,ZERO,3	124
L1,L1,L2,ZERO,ZERO,ZERO,0	164194
L1,L1,L2,ZERO,ZERO,ZERO,1	145022
L1,L1,L2,ZERO,ZERO,ZERO,2	156899
L1,L1,LLC,ZERO,ZERO,ZERO,0	127
L1,L1,LLC,ZERO,ZERO,ZERO,1	108
L1,L1,LLC,ZERO,ZERO,ZERO,2	121
L1,L2,MEMORY,ZERO,ZERO,ZERO,0	12
L1,L2,MEMORY,ZERO,ZERO,ZERO,1	8
L1,L2,MEMORY,ZERO,ZERO,ZERO,2	7
L1,L2,L1,L1,L1,L1,4	133
L1,L2,L1,L1,L1,L2,4	15
L1,L2,L1,L1,L1,L2,5	2
L1,L2,L1,L1,ZERO,ZERO,3	395
L1,L2,L1,L2,L1,L1,4	44
L1,L2,L1,L2,L1,L2,4	54
L1,L2,L1,L2,ZERO,ZERO,3	3
L1,L2,L1,ZERO,ZERO,ZERO,0	164597
L1,L2,L1,ZERO,ZERO,ZERO,1	148054
L1,L2,L1,ZERO,ZERO,ZERO,2	162182
L1,L2,L2,L1,L1,L1,4	946
L1,L2,L2,L1,L1,L1,5	2
L1,L2,L2,L1,ZERO,ZERO,3	178
L1,L2,L2,L2,L1,L2,5	1
L1,L2,L2,L2,ZERO,ZERO,3	1
L1,L2,L2,ZERO,ZERO,ZERO,0	290212
L1,L2,L2,ZERO,ZERO,ZERO,1	250085
L1,L2,L2,ZERO,ZERO,ZERO,2	265057
L1,L2,LLC,ZERO,ZERO,ZERO,0	1518
L1,L2,LLC,ZERO,ZERO,ZERO,1	1376
L1,L2,LLC,ZERO,ZERO,ZERO,2	1387
L1,LLC,MEMORY,ZERO,ZERO,ZERO,0	202
L1,LLC,MEMORY,ZERO,ZERO,ZERO,1	184
L1,LLC,MEMORY,ZERO,ZERO,ZERO,2	188
L1,LLC,L1,ZERO,ZERO,ZERO,0	113
L1,LLC,L1,ZERO,ZERO,ZERO,1	100
L1,LLC,L1,ZERO,ZERO,ZERO,2	128
L1,LLC,L2,ZERO,ZERO,ZERO,0	1500
L1,LLC,L2,ZERO,ZERO,ZERO,1	1443
L1,LLC,L2,ZERO,ZERO,ZERO,2	1450
L1,LLC,LLC,ZERO,ZERO,ZERO,0	1866
L1,LLC,LLC,ZERO,ZERO,ZERO,1	1918
L1,LLC,LLC,ZERO,ZERO,ZERO,2	1698
L2,MEMORY,MEMORY,ZERO,ZERO,ZERO,0	7827
L2,MEMORY,MEMORY,ZERO,ZERO,ZERO,1	8939
L2,MEMORY,MEMORY,ZERO,ZERO,ZERO,2	8235
L2,MEMORY,L1,ZERO,ZERO,ZERO,0	13
L2,MEMORY,L1,ZERO,ZERO,ZERO,1	7
L2,MEMORY,L1,ZERO,ZERO,ZERO,2	4
L2,MEMORY,L2,ZERO,ZERO,ZERO,0	1228
L2,MEMORY,L2,ZERO,ZERO,ZERO,1	1074
L2,MEMORY,L2,ZERO,ZERO,ZERO,2	1145
L2,MEMORY,LLC,ZERO,ZERO,ZERO,0	5024
L2,MEMORY,LLC,ZERO,ZERO,ZERO,1	5603
L2,MEMORY,LLC,ZERO,ZERO,ZERO,2	4698
L2,L1,MEMORY,ZERO,ZERO,ZERO,0	8
L2,L1,MEMORY,ZERO,ZERO,ZERO,1	15
L2,L1,MEMORY,ZERO,ZERO,ZERO,2	3
L2,L1,L1,L1,L1,L1,4	7
L2,L1,L1,L1,L2,L1,4	3
L2,L1,L1,L1,ZERO,ZERO,3	236
L2,L1,L1,ZERO,ZERO,ZERO,0	171087
L2,L1,L1,ZERO,ZERO,ZERO,1	154984
L2,L1,L1,ZERO,ZERO,ZERO,2	156087
L2,L1,L2,L1,L1,L1,4	9
L2,L1,L2,L1,L1,L1,5	1
L2,L1,L2,L1,ZERO,ZERO,3	154
L2,L1,L2,ZERO,ZERO,ZERO,0	278247
L2,L1,L2,ZERO,ZERO,ZERO,1	246075
L2,L1,L2,ZERO,ZERO,ZERO,2	269328
L2,L1,LLC,ZERO,ZERO,ZERO,0	1400
L2,L1,LLC,ZERO,ZERO,ZERO,1	1344
L2,L1,LLC,ZERO,ZERO,ZERO,2	1458
L2,L2,MEMORY,ZERO,ZERO,ZERO,0	1293
L2,L2,MEMORY,ZERO,ZERO,ZERO,1	1143
L2,L2,MEMORY,ZERO,ZERO,ZERO,2	1215
L2,L2,L1,L1,L1,L1,4	12
L2,L2,L1,L1,ZERO,ZERO,3	131
L2,L2,L1,L2,L2,L1,4	3
L2,L2,L1,L2,L2,L2,5	1
L2,L2,L1,ZERO,ZERO,ZERO,0	284157
L2,L2,L1,ZERO,ZERO,ZERO,1	239472
L2,L2,L1,ZERO,ZERO,ZERO,2	265880
L2,L2,L2,L1,L1,L1,4	8
L2,L2,L2,L1,L1,L1,5	2
L2,L2,L2,L1,L1,L2,5	5
L2,L2,L2,L1,ZERO,ZERO,3	84
L2,L2,L2,L2,L2,L2,4	1
L2,L2,L2,L2,L2,L2,5	3
L2,L2,L2,L2,ZERO,ZERO,2	1
L2,L2,L2,L2,ZERO,ZERO,3	3
L2,L2,L2,LLC,L2,LLC,5	1
L2,L2,L2,LLC,ZERO,ZERO,3	1
L2,L2,L2,ZERO,ZERO,ZERO,0	3876628
L2,L2,L2,ZERO,ZERO,ZERO,1	3286125
L2,L2,L2,ZERO,ZERO,ZERO,2	3674027
L2,L2,LLC,L1,L1,L1,4	1
L2,L2,LLC,L1,L1,L1,5	3
L2,L2,LLC,L1,L1,L2,5	3
L2,L2,LLC,L1,ZERO,ZERO,3	1
L2,L2,LLC,L2,L2,L2,4	1
L2,L2,LLC,L2,L2,LLC,4	1
L2,L2,LLC,L2,L2,LLC,5	1
L2,L2,LLC,L2,LLC,LLC,5	2
L2,L2,LLC,LLC,L2,LLC,4	2
L2,L2,LLC,LLC,L2,LLC,5	2
L2,L2,LLC,LLC,LLC,LLC,4	4
L2,L2,LLC,LLC,LLC,LLC,5	5
L2,L2,LLC,LLC,ZERO,ZERO,3	3
L2,L2,LLC,ZERO,ZERO,ZERO,0	208420
L2,L2,LLC,ZERO,ZERO,ZERO,1	179412
L2,L2,LLC,ZERO,ZERO,ZERO,2	196154
L2,LLC,MEMORY,ZERO,ZERO,ZERO,0	5198
L2,LLC,MEMORY,ZERO,ZERO,ZERO,1	4900
L2,LLC,MEMORY,ZERO,ZERO,ZERO,2	4983
L2,LLC,L1,ZERO,ZERO,ZERO,0	1545
L2,LLC,L1,ZERO,ZERO,ZERO,1	1320
L2,LLC,L1,ZERO,ZERO,ZERO,2	1475
L2,LLC,L2,L1,L1,L1,5	2
L2,LLC,L2,L1,L1,L2,5	3
L2,LLC,L2,L1,L2,L1,5	1
L2,LLC,L2,L1,ZERO,ZERO,3	5
L2,LLC,L2,L2,L2,L2,5	1
L2,LLC,L2,L2,L2,LLC,5	3
L2,LLC,L2,L2,LLC,LLC,5	1
L2,LLC,L2,L2,ZERO,ZERO,3	4
L2,LLC,L2,LLC,L2,LLC,4	2
L2,LLC,L2,LLC,L2,LLC,5	1
L2,LLC,L2,LLC,LLC,LLC,4	1
L2,LLC,L2,LLC,LLC,LLC,5	6
L2,LLC,L2,LLC,ZERO,ZERO,3	7
L2,LLC,L2,ZERO,ZERO,ZERO,0	207013
L2,LLC,L2,ZERO,ZERO,ZERO,1	180850
L2,LLC,L2,ZERO,ZERO,ZERO,2	196881
L2,LLC,LLC,L1,L1,L1,4	1
L2,LLC,LLC,L1,L1,L1,5	14
L2,LLC,LLC,L1,L1,L2,5	16
L2,LLC,LLC,L1,L2,L2,5	1
L2,LLC,LLC,L1,ZERO,ZERO,3	9
L2,LLC,LLC,L2,L2,LLC,5	2
L2,LLC,LLC,L2,LLC,L2,5	1
L2,LLC,LLC,L2,LLC,LLC,4	2
L2,LLC,LLC,L2,LLC,LLC,5	7
L2,LLC,LLC,L2,ZERO,ZERO,3	3
L2,LLC,LLC,LLC,L2,L2,5	3
L2,LLC,LLC,LLC,L2,LLC,5	3
L2,LLC,LLC,LLC,LLC,L2,5	2
L2,LLC,LLC,LLC,LLC,LLC,4	4
L2,LLC,LLC,LLC,LLC,LLC,5	19
L2,LLC,LLC,LLC,ZERO,ZERO,3	6
L2,LLC,LLC,ZERO,ZERO,ZERO,0	194196
L2,LLC,LLC,ZERO,ZERO,ZERO,1	171216
L2,LLC,LLC,ZERO,ZERO,ZERO,2	179443
LLC,MEMORY,MEMORY,MEMORY,MEMORY,MEMORY,5	1
LLC,MEMORY,MEMORY,MEMORY,LLC,MEMORY,5	2
LLC,MEMORY,MEMORY,MEMORY,LLC,LLC,4	3
LLC,MEMORY,MEMORY,MEMORY,LLC,LLC,5	4
LLC,MEMORY,MEMORY,MEMORY,ZERO,ZERO,0	9
LLC,MEMORY,MEMORY,MEMORY,ZERO,ZERO,2	5
LLC,MEMORY,MEMORY,MEMORY,ZERO,ZERO,3	5
LLC,MEMORY,MEMORY,L1,L1,L1,4	445
LLC,MEMORY,MEMORY,L1,L1,L1,5	9
LLC,MEMORY,MEMORY,L1,L1,L2,5	13
LLC,MEMORY,MEMORY,L1,ZERO,ZERO,2	22
LLC,MEMORY,MEMORY,L1,ZERO,ZERO,3	29
LLC,MEMORY,MEMORY,L2,L1,L1,4	9
LLC,MEMORY,MEMORY,L2,L2,L2,4	1
LLC,MEMORY,MEMORY,LLC,MEMORY,MEMORY,5	1
LLC,MEMORY,MEMORY,LLC,MEMORY,LLC,4	1
LLC,MEMORY,MEMORY,LLC,MEMORY,LLC,5	6
LLC,MEMORY,MEMORY,LLC,LLC,MEMORY,4	1
LLC,MEMORY,MEMORY,LLC,LLC,MEMORY,5	6
LLC,MEMORY,MEMORY,LLC,LLC,LLC,4	7
LLC,MEMORY,MEMORY,LLC,LLC,LLC,5	36
LLC,MEMORY,MEMORY,LLC,ZERO,ZERO,0	20
LLC,MEMORY,MEMORY,LLC,ZERO,ZERO,2	25
LLC,MEMORY,MEMORY,LLC,ZERO,ZERO,3	13
LLC,MEMORY,MEMORY,ZERO,ZERO,ZERO,0	198888
LLC,MEMORY,MEMORY,ZERO,ZERO,ZERO,1	192135
LLC,MEMORY,MEMORY,ZERO,ZERO,ZERO,2	199678
LLC,MEMORY,L1,ZERO,ZERO,ZERO,0	220
LLC,MEMORY,L1,ZERO,ZERO,ZERO,1	216
LLC,MEMORY,L1,ZERO,ZERO,ZERO,2	163
LLC,MEMORY,L2,ZERO,ZERO,ZERO,0	5620
LLC,MEMORY,L2,ZERO,ZERO,ZERO,1	5211
LLC,MEMORY,L2,ZERO,ZERO,ZERO,2	4395
LLC,MEMORY,LLC,MEMORY,MEMORY,MEMORY,4	1
LLC,MEMORY,LLC,MEMORY,MEMORY,MEMORY,5	2
LLC,MEMORY,LLC,MEMORY,MEMORY,LLC,4	10
LLC,MEMORY,LLC,MEMORY,MEMORY,LLC,5	2
LLC,MEMORY,LLC,MEMORY,LLC,MEMORY,4	7
LLC,MEMORY,LLC,MEMORY,LLC,MEMORY,5	6
LLC,MEMORY,LLC,MEMORY,LLC,LLC,4	30
LLC,MEMORY,LLC,MEMORY,LLC,LLC,5	28
LLC,MEMORY,LLC,MEMORY,ZERO,ZERO,0	20
LLC,MEMORY,LLC,MEMORY,ZERO,ZERO,2	20
LLC,MEMORY,LLC,MEMORY,ZERO,ZERO,3	9
LLC,MEMORY,LLC,L1,L1,L1,4	1697
LLC,MEMORY,LLC,L1,L1,L1,5	25
LLC,MEMORY,LLC,L1,L1,L2,5	38
LLC,MEMORY,LLC,L1,ZERO,ZERO,2	246
LLC,MEMORY,LLC,L1,ZERO,ZERO,3	173
LLC,MEMORY,LLC,L2,L1,L1,4	121
LLC,MEMORY,LLC,L2,L2,L1,4	2
LLC,MEMORY,LLC,L2,L2,L2,4	1
LLC,MEMORY,LLC,L2,L2,L2,5	2
LLC,MEMORY,LLC,L2,LLC,LLC,5	1
LLC,MEMORY,LLC,L2,ZERO,ZERO,2	1
LLC,MEMORY,LLC,LLC,MEMORY,MEMORY,4	4
LLC,MEMORY,LLC,LLC,MEMORY,MEMORY,5	8
LLC,MEMORY,LLC,LLC,MEMORY,LLC,4	18
LLC,MEMORY,LLC,LLC,MEMORY,LLC,5	19
LLC,MEMORY,LLC,LLC,L2,LLC,5	2
LLC,MEMORY,LLC,LLC,LLC,MEMORY,4	36
LLC,MEMORY,LLC,LLC,LLC,MEMORY,5	36
LLC,MEMORY,LLC,LLC,LLC,L2,4	1
LLC,MEMORY,LLC,LLC,LLC,LLC,4	157
LLC,MEMORY,LLC,LLC,LLC,LLC,5	151
LLC,MEMORY,LLC,LLC,ZERO,ZERO,0	65
LLC,MEMORY,LLC,LLC,ZERO,ZERO,2	136
LLC,MEMORY,LLC,LLC,ZERO,ZERO,3	18
LLC,MEMORY,LLC,ZERO,ZERO,ZERO,0	251452
LLC,MEMORY,LLC,ZERO,ZERO,ZERO,1	230953
LLC,MEMORY,LLC,ZERO,ZERO,ZERO,2	234308
LLC,L1,MEMORY,ZERO,ZERO,ZERO,0	202
LLC,L1,MEMORY,ZERO,ZERO,ZERO,1	173
LLC,L1,MEMORY,ZERO,ZERO,ZERO,2	182
LLC,L1,L1,ZERO,ZERO,ZERO,0	105
LLC,L1,L1,ZERO,ZERO,ZERO,1	110
LLC,L1,L1,ZERO,ZERO,ZERO,2	112
LLC,L1,L2,ZERO,ZERO,ZERO,0	1442
LLC,L1,L2,ZERO,ZERO,ZERO,1	1372
LLC,L1,L2,ZERO,ZERO,ZERO,2	1421
LLC,L1,LLC,ZERO,ZERO,ZERO,0	1584
LLC,L1,LLC,ZERO,ZERO,ZERO,1	1495
LLC,L1,LLC,ZERO,ZERO,ZERO,2	1842
LLC,L2,MEMORY,ZERO,ZERO,ZERO,0	5046
LLC,L2,MEMORY,ZERO,ZERO,ZERO,1	4476
LLC,L2,MEMORY,ZERO,ZERO,ZERO,2	5518
LLC,L2,L1,ZERO,ZERO,ZERO,0	1558
LLC,L2,L1,ZERO,ZERO,ZERO,1	1197
LLC,L2,L1,ZERO,ZERO,ZERO,2	1537
LLC,L2,L2,L1,L1,L1,5	4
LLC,L2,L2,L1,L1,L2,5	4
LLC,L2,L2,L1,ZERO,ZERO,3	7
LLC,L2,L2,L2,L2,LLC,5	1
LLC,L2,L2,L2,ZERO,ZERO,3	1
LLC,L2,L2,LLC,L2,L2,5	2
LLC,L2,L2,LLC,L2,LLC,5	2
LLC,L2,L2,LLC,LLC,L2,5	2
LLC,L2,L2,LLC,LLC,LLC,4	1
LLC,L2,L2,LLC,LLC,LLC,5	8
LLC,L2,L2,LLC,ZERO,ZERO,3	5
LLC,L2,L2,ZERO,ZERO,ZERO,0	210354
LLC,L2,L2,ZERO,ZERO,ZERO,1	182048
LLC,L2,L2,ZERO,ZERO,ZERO,2	197986
LLC,L2,LLC,L1,L1,L1,4	2
LLC,L2,LLC,L1,L1,L1,5	4
LLC,L2,LLC,L1,L1,L2,5	4
LLC,L2,LLC,L1,ZERO,ZERO,3	15
LLC,L2,LLC,L2,L2,L2,5	1
LLC,L2,LLC,L2,L2,LLC,5	1
LLC,L2,LLC,L2,LLC,L2,5	1
LLC,L2,LLC,L2,LLC,LLC,5	1
LLC,L2,LLC,L2,ZERO,ZERO,3	1
LLC,L2,LLC,LLC,L2,LLC,5	2
LLC,L2,LLC,LLC,LLC,L2,5	1
LLC,L2,LLC,LLC,LLC,LLC,4	2
LLC,L2,LLC,LLC,LLC,LLC,5	13
LLC,L2,LLC,LLC,ZERO,ZERO,3	3
LLC,L2,LLC,ZERO,ZERO,ZERO,0	188830
LLC,L2,LLC,ZERO,ZERO,ZERO,1	164789
LLC,L2,LLC,ZERO,ZERO,ZERO,2	186088
LLC,LLC,MEMORY,MEMORY,MEMORY,MEMORY,4	1
LLC,LLC,MEMORY,MEMORY,MEMORY,LLC,4	3
LLC,LLC,MEMORY,MEMORY,MEMORY,LLC,5	1
LLC,LLC,MEMORY,MEMORY,LLC,MEMORY,4	2
LLC,LLC,MEMORY,MEMORY,LLC,MEMORY,5	2
LLC,LLC,MEMORY,MEMORY,LLC,LLC,4	12
LLC,LLC,MEMORY,MEMORY,LLC,LLC,5	10
LLC,LLC,MEMORY,MEMORY,ZERO,ZERO,0	14
LLC,LLC,MEMORY,MEMORY,ZERO,ZERO,2	7
LLC,LLC,MEMORY,MEMORY,ZERO,ZERO,3	53
LLC,LLC,MEMORY,L1,L1,L1,4	1560
LLC,LLC,MEMORY,L1,L1,L1,5	57
LLC,LLC,MEMORY,L1,L1,L2,4	1
LLC,LLC,MEMORY,L1,L1,L2,5	92
LLC,LLC,MEMORY,L1,L2,L1,5	1
LLC,LLC,MEMORY,L1,L2,L2,5	1
LLC,LLC,MEMORY,L1,ZERO,ZERO,2	18
LLC,LLC,MEMORY,L1,ZERO,ZERO,3	146
LLC,LLC,MEMORY,L2,L1,L1,4	20
LLC,LLC,MEMORY,L2,L2,L2,4	1
LLC,LLC,MEMORY,L2,LLC,LLC,5	1
LLC,LLC,MEMORY,LLC,MEMORY,MEMORY,4	3
LLC,LLC,MEMORY,LLC,MEMORY,MEMORY,5	3
LLC,LLC,MEMORY,LLC,MEMORY,LLC,4	21
LLC,LLC,MEMORY,LLC,MEMORY,LLC,5	7
LLC,LLC,MEMORY,LLC,LLC,MEMORY,4	10
LLC,LLC,MEMORY,LLC,LLC,MEMORY,5	23
LLC,LLC,MEMORY,LLC,LLC,L2,5	1
LLC,LLC,MEMORY,LLC,LLC,LLC,4	76
LLC,LLC,MEMORY,LLC,LLC,LLC,5	83
LLC,LLC,MEMORY,LLC,ZERO,ZERO,0	59
LLC,LLC,MEMORY,LLC,ZERO,ZERO,2	46
LLC,LLC,MEMORY,LLC,ZERO,ZERO,3	98
LLC,LLC,MEMORY,ZERO,ZERO,ZERO,0	254820
LLC,LLC,MEMORY,ZERO,ZERO,ZERO,1	225339
LLC,LLC,MEMORY,ZERO,ZERO,ZERO,2	243751
LLC,LLC,L1,ZERO,ZERO,ZERO,0	2058
LLC,LLC,L1,ZERO,ZERO,ZERO,1	1679
LLC,LLC,L1,ZERO,ZERO,ZERO,2	1477
LLC,LLC,L2,MEMORY,LLC,LLC,5	1
LLC,LLC,L2,L1,L1,L1,5	11
LLC,LLC,L2,L1,L1,L2,5	6
LLC,LLC,L2,L1,ZERO,ZERO,3	11
LLC,LLC,L2,L2,L2,L2,5	3
LLC,LLC,L2,L2,L2,LLC,5	1
LLC,LLC,L2,L2,LLC,L2,5	1
LLC,LLC,L2,L2,LLC,LLC,5	3
LLC,LLC,L2,L2,ZERO,ZERO,3	11
LLC,LLC,L2,LLC,L2,MEMORY,5	1
LLC,LLC,L2,LLC,L2,L2,5	2
LLC,LLC,L2,LLC,L2,LLC,5	8
LLC,LLC,L2,LLC,LLC,L2,5	1
LLC,LLC,L2,LLC,LLC,LLC,4	6
LLC,LLC,L2,LLC,LLC,LLC,5	17
LLC,LLC,L2,LLC,ZERO,ZERO,3	33
LLC,LLC,L2,ZERO,ZERO,ZERO,0	196643
LLC,LLC,L2,ZERO,ZERO,ZERO,1	172673
LLC,LLC,L2,ZERO,ZERO,ZERO,2	175955
LLC,LLC,LLC,MEMORY,MEMORY,MEMORY,0	1
LLC,LLC,LLC,MEMORY,MEMORY,MEMORY,4	16
LLC,LLC,LLC,MEMORY,MEMORY,MEMORY,5	2
LLC,LLC,LLC,MEMORY,MEMORY,LLC,4	31
LLC,LLC,LLC,MEMORY,MEMORY,LLC,5	6
LLC,LLC,LLC,MEMORY,LLC,MEMORY,4	74
LLC,LLC,LLC,MEMORY,LLC,MEMORY,5	22
LLC,LLC,LLC,MEMORY,LLC,LLC,4	227
LLC,LLC,LLC,MEMORY,LLC,LLC,5	97
LLC,LLC,LLC,MEMORY,ZERO,ZERO,0	70
LLC,LLC,LLC,MEMORY,ZERO,ZERO,2	51
LLC,LLC,LLC,MEMORY,ZERO,ZERO,3	99
LLC,LLC,LLC,L1,L1,L1,4	6217
LLC,LLC,LLC,L1,L1,L1,5	250
LLC,LLC,LLC,L1,L1,L2,4	2
LLC,LLC,LLC,L1,L1,L2,5	307
LLC,LLC,LLC,L1,L2,L1,4	1
LLC,LLC,LLC,L1,L2,L1,5	1
LLC,LLC,LLC,L1,L2,L2,5	2
LLC,LLC,LLC,L1,ZERO,ZERO,2	261
LLC,LLC,LLC,L1,ZERO,ZERO,3	1279
LLC,LLC,LLC,L2,L1,L1,4	454
LLC,LLC,LLC,L2,L1,L2,4	3
LLC,LLC,LLC,L2,L2,L1,4	5
LLC,LLC,LLC,L2,L2,L2,4	3
LLC,LLC,LLC,L2,L2,L2,5	8
LLC,LLC,LLC,L2,L2,LLC,4	2
LLC,LLC,LLC,L2,L2,LLC,5	8
LLC,LLC,LLC,L2,LLC,L2,4	2
LLC,LLC,LLC,L2,LLC,LLC,4	2
LLC,LLC,LLC,L2,LLC,LLC,5	25
LLC,LLC,LLC,L2,ZERO,ZERO,3	20
LLC,LLC,LLC,LLC,MEMORY,MEMORY,4	36
LLC,LLC,LLC,LLC,MEMORY,MEMORY,5	11
LLC,LLC,LLC,LLC,MEMORY,LLC,4	169
LLC,LLC,LLC,LLC,MEMORY,LLC,5	59
LLC,LLC,LLC,LLC,L2,L2,5	5
LLC,LLC,LLC,LLC,L2,LLC,4	2
LLC,LLC,LLC,LLC,L2,LLC,5	13
LLC,LLC,LLC,LLC,LLC,MEMORY,4	264
LLC,LLC,LLC,LLC,LLC,MEMORY,5	105
LLC,LLC,LLC,LLC,LLC,L2,4	4
LLC,LLC,LLC,LLC,LLC,L2,5	5
LLC,LLC,LLC,LLC,LLC,LLC,4	1057
LLC,LLC,LLC,LLC,LLC,LLC,5	688
LLC,LLC,LLC,LLC,ZERO,ZERO,0	250
LLC,LLC,LLC,LLC,ZERO,ZERO,2	365
LLC,LLC,LLC,LLC,ZERO,ZERO,3	424
LLC,LLC,LLC,ZERO,ZERO,ZERO,0	3419646
LLC,LLC,LLC,ZERO,ZERO,ZERO,1	3025801
LLC,LLC,LLC,ZERO,ZERO,ZERO,2	3191082
ZERO,ZERO,ZERO,MEMORY,ZERO,ZERO,3	1
ZERO,ZERO,ZERO,L1,ZERO,ZERO,3	14
ZERO,ZERO,ZERO,L2,ZERO,ZERO,3	31
ZERO,ZERO,ZERO,LLC,ZERO,ZERO,3	112
