Initialising a TLB with size: 128
Initialising a TLB with size: 64
Initialising a TLB with size: 2048
Initialising PT from file: 
Initialising memory references from file: /start_point/data1/collect_trace_fast/ecpt/ecpt_never_graphbig_sssp_walk_log.bin
Initialising a cache with size: 25165824 with assoc: 12 with line size: 64
Initialising for core 0
Initialising L2 cache with size: 1310720 with assoc: 20 with line size: 64
Initialising L1 I cache with size: 32768 with assoc: 8 with line size: 64
Initialising L1 D cache with size: 49152 with assoc: 12 with line size: 64
Initialising a cache with size: 1310720 with assoc: 20 with line size: 64
Initialising a cache with size: 32768 with assoc: 8 with line size: 64
Initialising a cache with size: 49152 with assoc: 12 with line size: 64
Initialising CWC cache with size: 2 with assoc: 2
Initialising a cache with size: 2 with assoc: 2 with line size: 1
Initialising CWC cache with size: 16 with assoc: 16
Initialising a cache with size: 16 with assoc: 16 with line size: 1
op_qemu_mem_trace=/start_point/data1/collect_trace_fast/ecpt/ecpt_never_graphbig_sssp_walk_log.bin
creating qemu_file_reader_t for /start_point/data1/collect_trace_fast/ecpt/ecpt_never_graphbig_sssp_walk_log.bin with verbosity 0 and arch 1
Done with qemu tracer
Heartbeat. 4194304 references processed.
Heartbeat. 8388608 references processed.
Heartbeat. 12582912 references processed.
Heartbeat. 16777216 references processed.
Heartbeat. 20971520 references processed.
Heartbeat. 25165824 references processed.
Heartbeat. 29360128 references processed.
Heartbeat. 33554432 references processed.
Heartbeat. 37748736 references processed.
Heartbeat. 41943040 references processed.
Heartbeat. 46137344 references processed.
Cache simulation warmed up
Heartbeat. 50331648 references processed.
Heartbeat. 54525952 references processed.
Heartbeat. 58720256 references processed.
Heartbeat. 62914560 references processed.
Heartbeat. 67108864 references processed.
Heartbeat. 71303168 references processed.
Heartbeat. 75497472 references processed.
Heartbeat. 79691776 references processed.
Heartbeat. 83886080 references processed.
Heartbeat. 88080384 references processed.
Heartbeat. 92274688 references processed.
Heartbeat. 96468992 references processed.
Finished warmup of TLB
Heartbeat. 100663296 references processed.
Heartbeat. 104857600 references processed.
Heartbeat. 109051904 references processed.
Heartbeat. 113246208 references processed.
Heartbeat. 117440512 references processed.
Heartbeat. 121634816 references processed.
Heartbeat. 125829120 references processed.
Heartbeat. 130023424 references processed.
Heartbeat. 134217728 references processed.
Heartbeat. 138412032 references processed.
Heartbeat. 142606336 references processed.
Heartbeat. 146800640 references processed.
Heartbeat. 150994944 references processed.
Heartbeat. 155189248 references processed.
Heartbeat. 159383552 references processed.
Heartbeat. 163577856 references processed.
Heartbeat. 167772160 references processed.
Heartbeat. 171966464 references processed.
Heartbeat. 176160768 references processed.
Heartbeat. 180355072 references processed.
Heartbeat. 184549376 references processed.
Heartbeat. 188743680 references processed.
Heartbeat. 192937984 references processed.
Heartbeat. 197132288 references processed.
Heartbeat. 201326592 references processed.
Heartbeat. 205520896 references processed.
Heartbeat. 209715200 references processed.
Heartbeat. 213909504 references processed.
Heartbeat. 218103808 references processed.
Heartbeat. 222298112 references processed.
Heartbeat. 226492416 references processed.
Heartbeat. 230686720 references processed.
Heartbeat. 234881024 references processed.
Heartbeat. 239075328 references processed.
Heartbeat. 243269632 references processed.
Heartbeat. 247463936 references processed.
Heartbeat. 251658240 references processed.
Heartbeat. 255852544 references processed.
Heartbeat. 260046848 references processed.
Heartbeat. 264241152 references processed.
Heartbeat. 268435456 references processed.
Heartbeat. 272629760 references processed.
Heartbeat. 276824064 references processed.
Heartbeat. 281018368 references processed.
Heartbeat. 285212672 references processed.
Heartbeat. 289406976 references processed.
Heartbeat. 293601280 references processed.
Heartbeat. 297795584 references processed.
Heartbeat. 301989888 references processed.
Heartbeat. 306184192 references processed.
Heartbeat. 310378496 references processed.
Heartbeat. 314572800 references processed.
Heartbeat. 318767104 references processed.
Heartbeat. 322961408 references processed.
Heartbeat. 327155712 references processed.
Heartbeat. 331350016 references processed.
Heartbeat. 335544320 references processed.
Heartbeat. 339738624 references processed.
Heartbeat. 343932928 references processed.
Heartbeat. 348127232 references processed.
Heartbeat. 352321536 references processed.
Heartbeat. 356515840 references processed.
Heartbeat. 360710144 references processed.
Heartbeat. 364904448 references processed.
Heartbeat. 369098752 references processed.
Heartbeat. 373293056 references processed.
Heartbeat. 377487360 references processed.
Heartbeat. 381681664 references processed.
Heartbeat. 385875968 references processed.
Heartbeat. 390070272 references processed.
Heartbeat. 394264576 references processed.
Heartbeat. 398458880 references processed.
Heartbeat. 402653184 references processed.
Heartbeat. 406847488 references processed.
Heartbeat. 411041792 references processed.
Heartbeat. 415236096 references processed.
Heartbeat. 419430400 references processed.
Heartbeat. 423624704 references processed.
Heartbeat. 427819008 references processed.
Heartbeat. 432013312 references processed.
Heartbeat. 436207616 references processed.
Heartbeat. 440401920 references processed.
Heartbeat. 444596224 references processed.
Heartbeat. 448790528 references processed.
Heartbeat. 452984832 references processed.
Heartbeat. 457179136 references processed.
Heartbeat. 461373440 references processed.
Heartbeat. 465567744 references processed.
Heartbeat. 469762048 references processed.
Heartbeat. 473956352 references processed.
Heartbeat. 478150656 references processed.
Heartbeat. 482344960 references processed.
Heartbeat. 486539264 references processed.
Heartbeat. 490733568 references processed.
Heartbeat. 494927872 references processed.
Heartbeat. 499122176 references processed.
Heartbeat. 503316480 references processed.
Heartbeat. 507510784 references processed.
Heartbeat. 511705088 references processed.
Heartbeat. 515899392 references processed.
Heartbeat. 520093696 references processed.
Heartbeat. 524288000 references processed.
Heartbeat. 528482304 references processed.
Heartbeat. 532676608 references processed.
Heartbeat. 536870912 references processed.
Heartbeat. 541065216 references processed.
Heartbeat. 545259520 references processed.
Heartbeat. 549453824 references processed.
Heartbeat. 553648128 references processed.
Heartbeat. 557842432 references processed.
Heartbeat. 562036736 references processed.
Heartbeat. 566231040 references processed.
Heartbeat. 570425344 references processed.
Heartbeat. 574619648 references processed.
Heartbeat. 578813952 references processed.
Heartbeat. 583008256 references processed.
Heartbeat. 587202560 references processed.
Heartbeat. 591396864 references processed.
Heartbeat. 595591168 references processed.
Heartbeat. 599785472 references processed.
Heartbeat. 603979776 references processed.
Heartbeat. 608174080 references processed.
Heartbeat. 612368384 references processed.
Heartbeat. 616562688 references processed.
Heartbeat. 620756992 references processed.
Heartbeat. 624951296 references processed.
Heartbeat. 629145600 references processed.
Heartbeat. 633339904 references processed.
Heartbeat. 637534208 references processed.
Heartbeat. 641728512 references processed.
Heartbeat. 645922816 references processed.
Heartbeat. 650117120 references processed.
Heartbeat. 654311424 references processed.
Heartbeat. 658505728 references processed.
Heartbeat. 662700032 references processed.
Heartbeat. 666894336 references processed.
Heartbeat. 671088640 references processed.
Heartbeat. 675282944 references processed.
Heartbeat. 679477248 references processed.
Heartbeat. 683671552 references processed.
Heartbeat. 687865856 references processed.
Heartbeat. 692060160 references processed.
Heartbeat. 696254464 references processed.
Heartbeat. 700448768 references processed.
Heartbeat. 704643072 references processed.
Heartbeat. 708837376 references processed.
Heartbeat. 713031680 references processed.
Heartbeat. 717225984 references processed.
Heartbeat. 721420288 references processed.
Heartbeat. 725614592 references processed.
Heartbeat. 729808896 references processed.
Heartbeat. 734003200 references processed.
Heartbeat. 738197504 references processed.
Heartbeat. 742391808 references processed.
Heartbeat. 746586112 references processed.
Heartbeat. 750780416 references processed.
Heartbeat. 754974720 references processed.
Heartbeat. 759169024 references processed.
Heartbeat. 763363328 references processed.
Heartbeat. 767557632 references processed.
Heartbeat. 771751936 references processed.
Heartbeat. 775946240 references processed.
Heartbeat. 780140544 references processed.
Heartbeat. 784334848 references processed.
Heartbeat. 788529152 references processed.
Heartbeat. 792723456 references processed.
Heartbeat. 796917760 references processed.
Heartbeat. 801112064 references processed.
Heartbeat. 805306368 references processed.
Heartbeat. 809500672 references processed.
Heartbeat. 813694976 references processed.
Heartbeat. 817889280 references processed.
Heartbeat. 822083584 references processed.
Heartbeat. 826277888 references processed.
Heartbeat. 830472192 references processed.
Heartbeat. 834666496 references processed.
Heartbeat. 838860800 references processed.
Heartbeat. 843055104 references processed.
Heartbeat. 847249408 references processed.
Heartbeat. 851443712 references processed.
Heartbeat. 855638016 references processed.
Heartbeat. 859832320 references processed.
Heartbeat. 864026624 references processed.
Heartbeat. 868220928 references processed.
Heartbeat. 872415232 references processed.
Heartbeat. 876609536 references processed.
Heartbeat. 880803840 references processed.
Heartbeat. 884998144 references processed.
Heartbeat. 889192448 references processed.
Heartbeat. 893386752 references processed.
Heartbeat. 897581056 references processed.
Heartbeat. 901775360 references processed.
Heartbeat. 905969664 references processed.
Heartbeat. 910163968 references processed.
Heartbeat. 914358272 references processed.
Heartbeat. 918552576 references processed.
Heartbeat. 922746880 references processed.
Heartbeat. 926941184 references processed.
Heartbeat. 931135488 references processed.
Heartbeat. 935329792 references processed.
Heartbeat. 939524096 references processed.
Heartbeat. 943718400 references processed.
Heartbeat. 947912704 references processed.
Heartbeat. 952107008 references processed.
Heartbeat. 956301312 references processed.
Heartbeat. 960495616 references processed.
Heartbeat. 964689920 references processed.
Heartbeat. 968884224 references processed.
Heartbeat. 973078528 references processed.
Heartbeat. 977272832 references processed.
Heartbeat. 981467136 references processed.
Heartbeat. 985661440 references processed.
Heartbeat. 989855744 references processed.
Heartbeat. 994050048 references processed.
Heartbeat. 998244352 references processed.
Heartbeat. 1002438656 references processed.
Heartbeat. 1006632960 references processed.
Heartbeat. 1010827264 references processed.
Heartbeat. 1015021568 references processed.
Heartbeat. 1019215872 references processed.
Heartbeat. 1023410176 references processed.
Heartbeat. 1027604480 references processed.
Heartbeat. 1031798784 references processed.
Heartbeat. 1035993088 references processed.
Heartbeat. 1040187392 references processed.
Heartbeat. 1044381696 references processed.
Heartbeat. 1048576000 references processed.
Heartbeat. 1052770304 references processed.
Heartbeat. 1056964608 references processed.
Heartbeat. 1061158912 references processed.
Heartbeat. 1065353216 references processed.
Heartbeat. 1069547520 references processed.
Heartbeat. 1073741824 references processed.
Heartbeat. 1077936128 references processed.
Heartbeat. 1082130432 references processed.
Heartbeat. 1086324736 references processed.
Heartbeat. 1090519040 references processed.
Heartbeat. 1094713344 references processed.
Heartbeat. 1098907648 references processed.
Heartbeat. 1103101952 references processed.
Heartbeat. 1107296256 references processed.
Heartbeat. 1111490560 references processed.
Heartbeat. 1115684864 references processed.
Heartbeat. 1119879168 references processed.
Heartbeat. 1124073472 references processed.
Heartbeat. 1128267776 references processed.
Heartbeat. 1132462080 references processed.
Heartbeat. 1136656384 references processed.
Heartbeat. 1140850688 references processed.
Heartbeat. 1145044992 references processed.
Heartbeat. 1149239296 references processed.
Heartbeat. 1153433600 references processed.
Heartbeat. 1157627904 references processed.
Heartbeat. 1161822208 references processed.
Heartbeat. 1166016512 references processed.
Heartbeat. 1170210816 references processed.
Heartbeat. 1174405120 references processed.
Heartbeat. 1178599424 references processed.
Heartbeat. 1182793728 references processed.
Heartbeat. 1186988032 references processed.
Heartbeat. 1191182336 references processed.
Heartbeat. 1195376640 references processed.
Heartbeat. 1199570944 references processed.
Heartbeat. 1203765248 references processed.
Heartbeat. 1207959552 references processed.
Heartbeat. 1212153856 references processed.
Heartbeat. 1216348160 references processed.
Heartbeat. 1220542464 references processed.
Heartbeat. 1224736768 references processed.
Heartbeat. 1228931072 references processed.
Heartbeat. 1233125376 references processed.
Heartbeat. 1237319680 references processed.
Heartbeat. 1241513984 references processed.
Heartbeat. 1245708288 references processed.
Heartbeat. 1249902592 references processed.
Heartbeat. 1254096896 references processed.
Heartbeat. 1258291200 references processed.
Heartbeat. 1262485504 references processed.
Heartbeat. 1266679808 references processed.
Heartbeat. 1270874112 references processed.
Heartbeat. 1275068416 references processed.
Heartbeat. 1279262720 references processed.
Heartbeat. 1283457024 references processed.
Heartbeat. 1287651328 references processed.
Heartbeat. 1291845632 references processed.
Heartbeat. 1296039936 references processed.
Heartbeat. 1300234240 references processed.
Heartbeat. 1304428544 references processed.
Heartbeat. 1308622848 references processed.
Heartbeat. 1312817152 references processed.
Heartbeat. 1317011456 references processed.
Heartbeat. 1321205760 references processed.
Heartbeat. 1325400064 references processed.
Heartbeat. 1329594368 references processed.
Heartbeat. 1333788672 references processed.
Heartbeat. 1337982976 references processed.
Heartbeat. 1342177280 references processed.
Heartbeat. 1346371584 references processed.
Heartbeat. 1350565888 references processed.
Heartbeat. 1354760192 references processed.
Heartbeat. 1358954496 references processed.
Heartbeat. 1363148800 references processed.
Heartbeat. 1367343104 references processed.
Heartbeat. 1371537408 references processed.
Heartbeat. 1375731712 references processed.
Heartbeat. 1379926016 references processed.
Heartbeat. 1384120320 references processed.
Heartbeat. 1388314624 references processed.
Heartbeat. 1392508928 references processed.
Heartbeat. 1396703232 references processed.
Heartbeat. 1400897536 references processed.
Heartbeat. 1405091840 references processed.
Heartbeat. 1409286144 references processed.
Heartbeat. 1413480448 references processed.
Heartbeat. 1417674752 references processed.
Heartbeat. 1421869056 references processed.
Heartbeat. 1426063360 references processed.
Heartbeat. 1430257664 references processed.
Heartbeat. 1434451968 references processed.
Heartbeat. 1438646272 references processed.
Heartbeat. 1442840576 references processed.
Heartbeat. 1447034880 references processed.
Heartbeat. 1451229184 references processed.
Heartbeat. 1455423488 references processed.
Heartbeat. 1459617792 references processed.
Heartbeat. 1463812096 references processed.
Heartbeat. 1468006400 references processed.
Heartbeat. 1472200704 references processed.
Heartbeat. 1476395008 references processed.
Heartbeat. 1480589312 references processed.
Heartbeat. 1484783616 references processed.
Heartbeat. 1488977920 references processed.
Heartbeat. 1493172224 references processed.
Heartbeat. 1497366528 references processed.
Heartbeat. 1501560832 references processed.
Heartbeat. 1505755136 references processed.
Heartbeat. 1509949440 references processed.
Heartbeat. 1514143744 references processed.
Heartbeat. 1518338048 references processed.
Heartbeat. 1522532352 references processed.
Heartbeat. 1526726656 references processed.
Heartbeat. 1530920960 references processed.
Heartbeat. 1535115264 references processed.
Heartbeat. 1539309568 references processed.
Heartbeat. 1543503872 references processed.
Heartbeat. 1547698176 references processed.
Heartbeat. 1551892480 references processed.
Heartbeat. 1556086784 references processed.
Heartbeat. 1560281088 references processed.
Heartbeat. 1564475392 references processed.
Heartbeat. 1568669696 references processed.
Heartbeat. 1572864000 references processed.
Heartbeat. 1577058304 references processed.
Heartbeat. 1581252608 references processed.
Heartbeat. 1585446912 references processed.
Heartbeat. 1589641216 references processed.
Heartbeat. 1593835520 references processed.
Heartbeat. 1598029824 references processed.
Heartbeat. 1602224128 references processed.
Heartbeat. 1606418432 references processed.
Heartbeat. 1610612736 references processed.
Heartbeat. 1614807040 references processed.
Heartbeat. 1619001344 references processed.
Heartbeat. 1623195648 references processed.
Heartbeat. 1627389952 references processed.
Heartbeat. 1631584256 references processed.
Heartbeat. 1635778560 references processed.
Heartbeat. 1639972864 references processed.
Heartbeat. 1644167168 references processed.
Heartbeat. 1648361472 references processed.
Heartbeat. 1652555776 references processed.
Heartbeat. 1656750080 references processed.
Heartbeat. 1660944384 references processed.
Heartbeat. 1665138688 references processed.
Heartbeat. 1669332992 references processed.
Heartbeat. 1673527296 references processed.
Heartbeat. 1677721600 references processed.
Heartbeat. 1681915904 references processed.
Heartbeat. 1686110208 references processed.
Heartbeat. 1690304512 references processed.
Heartbeat. 1694498816 references processed.
Heartbeat. 1698693120 references processed.
Heartbeat. 1702887424 references processed.
Heartbeat. 1707081728 references processed.
Heartbeat. 1711276032 references processed.
Heartbeat. 1715470336 references processed.
Heartbeat. 1719664640 references processed.
Heartbeat. 1723858944 references processed.
Heartbeat. 1728053248 references processed.
Heartbeat. 1732247552 references processed.
Heartbeat. 1736441856 references processed.
Heartbeat. 1740636160 references processed.
Heartbeat. 1744830464 references processed.
Heartbeat. 1749024768 references processed.
Heartbeat. 1753219072 references processed.
Heartbeat. 1757413376 references processed.
Heartbeat. 1761607680 references processed.
Heartbeat. 1765801984 references processed.
Heartbeat. 1769996288 references processed.
Heartbeat. 1774190592 references processed.
Heartbeat. 1778384896 references processed.
Heartbeat. 1782579200 references processed.
Heartbeat. 1786773504 references processed.
Heartbeat. 1790967808 references processed.
Heartbeat. 1795162112 references processed.
Heartbeat. 1799356416 references processed.
Heartbeat. 1803550720 references processed.
Heartbeat. 1807745024 references processed.
Heartbeat. 1811939328 references processed.
Heartbeat. 1816133632 references processed.
Heartbeat. 1820327936 references processed.
Heartbeat. 1824522240 references processed.
Heartbeat. 1828716544 references processed.
Heartbeat. 1832910848 references processed.
Heartbeat. 1837105152 references processed.
Heartbeat. 1841299456 references processed.
Heartbeat. 1845493760 references processed.
Heartbeat. 1849688064 references processed.
Heartbeat. 1853882368 references processed.
Heartbeat. 1858076672 references processed.
Heartbeat. 1862270976 references processed.
Heartbeat. 1866465280 references processed.
Heartbeat. 1870659584 references processed.
Heartbeat. 1874853888 references processed.
Heartbeat. 1879048192 references processed.
Heartbeat. 1883242496 references processed.
Heartbeat. 1887436800 references processed.
Heartbeat. 1891631104 references processed.
Heartbeat. 1895825408 references processed.
Heartbeat. 1900019712 references processed.
Heartbeat. 1904214016 references processed.
Heartbeat. 1908408320 references processed.
Heartbeat. 1912602624 references processed.
Heartbeat. 1916796928 references processed.
Heartbeat. 1920991232 references processed.
Heartbeat. 1925185536 references processed.
Heartbeat. 1929379840 references processed.
Heartbeat. 1933574144 references processed.
Heartbeat. 1937768448 references processed.
Heartbeat. 1941962752 references processed.
Heartbeat. 1946157056 references processed.
Heartbeat. 1950351360 references processed.
Heartbeat. 1954545664 references processed.
Heartbeat. 1958739968 references processed.
Heartbeat. 1962934272 references processed.
Heartbeat. 1967128576 references processed.
Heartbeat. 1971322880 references processed.
Heartbeat. 1975517184 references processed.
Heartbeat. 1979711488 references processed.
Heartbeat. 1983905792 references processed.
Heartbeat. 1988100096 references processed.
Heartbeat. 1992294400 references processed.
Heartbeat. 1996488704 references processed.
Heartbeat. 2000683008 references processed.
Heartbeat. 2004877312 references processed.
Heartbeat. 2009071616 references processed.
Heartbeat. 2013265920 references processed.
Heartbeat. 2017460224 references processed.
Heartbeat. 2021654528 references processed.
Heartbeat. 2025848832 references processed.
Heartbeat. 2030043136 references processed.
Heartbeat. 2034237440 references processed.
Heartbeat. 2038431744 references processed.
Heartbeat. 2042626048 references processed.
Heartbeat. 2046820352 references processed.
Heartbeat. 2051014656 references processed.
Heartbeat. 2055208960 references processed.
Heartbeat. 2059403264 references processed.
Heartbeat. 2063597568 references processed.
Heartbeat. 2067791872 references processed.
Heartbeat. 2071986176 references processed.
Heartbeat. 2076180480 references processed.
Heartbeat. 2080374784 references processed.
Heartbeat. 2084569088 references processed.
Heartbeat. 2088763392 references processed.
Heartbeat. 2092957696 references processed.
Heartbeat. 2097152000 references processed.
Heartbeat. 2101346304 references processed.
Heartbeat. 2105540608 references processed.
Heartbeat. 2109734912 references processed.
Heartbeat. 2113929216 references processed.
Heartbeat. 2118123520 references processed.
Heartbeat. 2122317824 references processed.
Heartbeat. 2126512128 references processed.
Heartbeat. 2130706432 references processed.
Heartbeat. 2134900736 references processed.
Heartbeat. 2139095040 references processed.
Heartbeat. 2143289344 references processed.
Heartbeat. 2147483648 references processed.
Heartbeat. 2151677952 references processed.
Heartbeat. 2155872256 references processed.
Heartbeat. 2160066560 references processed.
Heartbeat. 2164260864 references processed.
Heartbeat. 2168455168 references processed.
Heartbeat. 2172649472 references processed.
Heartbeat. 2176843776 references processed.
Heartbeat. 2181038080 references processed.
Heartbeat. 2185232384 references processed.
Heartbeat. 2189426688 references processed.
Heartbeat. 2193620992 references processed.
Heartbeat. 2197815296 references processed.
Heartbeat. 2202009600 references processed.
Heartbeat. 2206203904 references processed.
Heartbeat. 2210398208 references processed.
Heartbeat. 2214592512 references processed.
Heartbeat. 2218786816 references processed.
Heartbeat. 2222981120 references processed.
Heartbeat. 2227175424 references processed.
Heartbeat. 2231369728 references processed.
Heartbeat. 2235564032 references processed.
Heartbeat. 2239758336 references processed.
Heartbeat. 2243952640 references processed.
Heartbeat. 2248146944 references processed.
Heartbeat. 2252341248 references processed.
Heartbeat. 2256535552 references processed.
Heartbeat. 2260729856 references processed.
Heartbeat. 2264924160 references processed.
Heartbeat. 2269118464 references processed.
Heartbeat. 2273312768 references processed.
Heartbeat. 2277507072 references processed.
Heartbeat. 2281701376 references processed.
Heartbeat. 2285895680 references processed.
Heartbeat. 2290089984 references processed.
Heartbeat. 2294284288 references processed.
Heartbeat. 2298478592 references processed.
Heartbeat. 2302672896 references processed.
Heartbeat. 2306867200 references processed.
Heartbeat. 2311061504 references processed.
Heartbeat. 2315255808 references processed.
Heartbeat. 2319450112 references processed.
Heartbeat. 2323644416 references processed.
Heartbeat. 2327838720 references processed.
Heartbeat. 2332033024 references processed.
Heartbeat. 2336227328 references processed.
Heartbeat. 2340421632 references processed.
Heartbeat. 2344615936 references processed.
Heartbeat. 2348810240 references processed.
Heartbeat. 2353004544 references processed.
Heartbeat. 2357198848 references processed.
Heartbeat. 2361393152 references processed.
Heartbeat. 2365587456 references processed.
Heartbeat. 2369781760 references processed.
Heartbeat. 2373976064 references processed.
Heartbeat. 2378170368 references processed.
Heartbeat. 2382364672 references processed.
Heartbeat. 2386558976 references processed.
Heartbeat. 2390753280 references processed.
Heartbeat. 2394947584 references processed.
Heartbeat. 2399141888 references processed.
Heartbeat. 2403336192 references processed.
Heartbeat. 2407530496 references processed.
Heartbeat. 2411724800 references processed.
Trace is truncated
TLB simulation results:
Core #0 (1 thread(s))
  TLB-L1I stats:
    Hits:                       1698367048
    Misses:                          58664
    Invalidations:                       0
    Hits PT level     1:                   0
    Misses PT level   1:                   0
    Hits PT level     2:                   0
    Misses PT level   2:                   0
    Hits PT level     3:                   0
    Misses PT level   3:                   0
    Hits PT level     4:                   0
    Misses PT level   4:                   0
    Hits PT level     5:                   0
    Misses PT level   5:                   0
    Hits PT level     6:                   0
    Misses PT level   6:                   0
    Miss rate:                        0.00%
  TLB-L1D stats:
    Hits:                        521105609
    Misses:                       95946787
    Invalidations:                       0
    Hits PT level     1:                   0
    Misses PT level   1:                   0
    Hits PT level     2:                   0
    Misses PT level   2:                   0
    Hits PT level     3:                   0
    Misses PT level   3:                   0
    Hits PT level     4:                   0
    Misses PT level   4:                   0
    Hits PT level     5:                   0
    Misses PT level   5:                   0
    Hits PT level     6:                   0
    Misses PT level   6:                   0
    Miss rate:                       15.55%
  TLB-LL stats:
    Hits:                         39225325
    Misses:                       56780126
    Invalidations:                       0
    Hits PT level     1:                   0
    Misses PT level   1:                   0
    Hits PT level     2:                   0
    Misses PT level   2:                   0
    Hits PT level     3:                   0
    Misses PT level   3:                   0
    Hits PT level     4:                   0
    Misses PT level   4:                   0
    Hits PT level     5:                   0
    Misses PT level   5:                   0
    Hits PT level     6:                   0
    Misses PT level   6:                   0
    Local miss rate:                 59.14%
    Child hits:                 2219472657
    Total miss rate:                  2.45%
~~~~~~~~~~~~~~~~~~~~~~~~~~~~~~~~~~~~~~~~~~
Cache simulation results:
Core #0 (1 thread(s))
  L1I stats:
    Warmup hits:                  43638238
    Warmup misses:                   33438
    Hits:                       2095870455
    Misses:                         297828
    Invalidations:                       0
    Hits PT level     1:                   0
    Misses PT level   1:                   0
    Hits PT level     2:                   0
    Misses PT level   2:                   0
    Hits PT level     3:                   0
    Misses PT level   3:                   0
    Hits PT level     4:                   0
    Misses PT level   4:                   0
    Hits PT level     5:                   0
    Misses PT level   5:                   0
    Hits PT level     6:                   0
    Misses PT level   6:                   0
    Miss rate:                        0.01%
  L1D stats:
    Warmup hits:                  11836964
    Warmup misses:                 1477757
    Hits:                        476711144
    Misses:                      149294034
    Invalidations:                       0
    Hits PT level     1:            35763349
    Misses PT level   1:           134862942
    Hits PT level     2:           111345887
    Misses PT level   2:             2041935
    Hits PT level     3:                   0
    Misses PT level   3:                   0
    Hits PT level     4:                   0
    Misses PT level   4:                   0
    Hits PT level     5:                   0
    Misses PT level   5:                   0
    Hits PT level     6:                   0
    Misses PT level   6:                   0
    Prefetch hits:                18104996
    Prefetch misses:             268093915
    Miss rate:                       23.85%
  L2 stats:
    Warmup hits:                    323268
    Warmup misses:                 1187927
    Hits:                         19102536
    Misses:                      130489326
    Invalidations:                       0
    Hits PT level     1:            68841721
    Misses PT level   1:            66021221
    Hits PT level     2:             1996141
    Misses PT level   2:               45794
    Hits PT level     3:                   0
    Misses PT level   3:                   0
    Hits PT level     4:                   0
    Misses PT level   4:                   0
    Hits PT level     5:                   0
    Misses PT level   5:                   0
    Hits PT level     6:                   0
    Misses PT level   6:                   0
    Prefetch hits:                81240921
    Prefetch misses:             186852994
    Local miss rate:                 87.23%
    Child hits:                 2737795831
    Total miss rate:                  4.52%
LLC stats:
    Warmup hits:                    199470
    Warmup misses:                  988457
    Hits:                         16097292
    Misses:                      114392034
    Invalidations:                       0
    Hits PT level     1:            50139922
    Misses PT level   1:            15881299
    Hits PT level     2:               42259
    Misses PT level   2:                3535
    Hits PT level     3:                   0
    Misses PT level   3:                   0
    Hits PT level     4:                   0
    Misses PT level   4:                   0
    Hits PT level     5:                   0
    Misses PT level   5:                   0
    Hits PT level     6:                   0
    Misses PT level   6:                   0
    Prefetch hits:                65804953
    Prefetch misses:             121048041
    Local miss rate:                 87.66%
    Child hits:                  171181319
    Total miss rate:                 37.92%
 CWC 0 stats:
    Warmup hits:                         0
    Warmup misses:                       0
    Hits:                         57218708
    Misses:                          15986
    Invalidations:                       0
    Hits PT level     1:                   0
    Misses PT level   1:                   0
    Hits PT level     2:                   0
    Misses PT level   2:                   0
    Hits PT level     3:                   0
    Misses PT level   3:                   0
    Hits PT level     4:                   0
    Misses PT level   4:                   0
    Hits PT level     5:                   0
    Misses PT level   5:                   0
    Hits PT level     6:                   0
    Misses PT level   6:                   0
    Miss rate:                        0.03%
 CWC 1 stats:
    Warmup hits:                         0
    Warmup misses:                       0
    Hits:                           117637
    Misses:                             52
    Invalidations:                       0
    Hits PT level     1:                   0
    Misses PT level   1:                   0
    Hits PT level     2:                   0
    Misses PT level   2:                   0
    Hits PT level     3:                   0
    Misses PT level   3:                   0
    Hits PT level     4:                   0
    Misses PT level   4:                   0
    Hits PT level     5:                   0
    Misses PT level   5:                   0
    Hits PT level     6:                   0
    Misses PT level   6:                   0
    Miss rate:                        0.04%
~~~~~~~~~~~~~~~~~~~~~~~~~~~~~~~~~~~~~~~~~~
num_requests : 2415478108
num_not_found : 0
kernel memory references: 
0,39789229
1,24865179
16,240845595
user memory references: 
0,523733871
1,50930561
16,1535313673
~~~~~~~~~~~~~~~~~~~~~~~~~~~~~~~~~~~~~~~~~~
num_range_found : 0
num_range_not_found : 0
~~~~~~~~~~~~~~~~~~~~~~~~~~~~~~~~~~~~~~~~~~
MEMORY,MEMORY,MEMORY,MEMORY,MEMORY,MEMORY,	57
MEMORY,MEMORY,MEMORY,MEMORY,MEMORY,LLC,	2
MEMORY,MEMORY,MEMORY,MEMORY,L2,L2,	1
MEMORY,MEMORY,MEMORY,MEMORY,L2,LLC,	1
MEMORY,MEMORY,MEMORY,MEMORY,LLC,MEMORY,	6
MEMORY,MEMORY,MEMORY,MEMORY,LLC,LLC,	3
MEMORY,MEMORY,MEMORY,MEMORY,ZERO,ZERO,	47
MEMORY,MEMORY,MEMORY,L1,L1,L1,	2561
MEMORY,MEMORY,MEMORY,L1,L1,L2,	12
MEMORY,MEMORY,MEMORY,L1,L2,L1,	12
MEMORY,MEMORY,MEMORY,L1,L2,L2,	6
MEMORY,MEMORY,MEMORY,L1,ZERO,ZERO,	900
MEMORY,MEMORY,MEMORY,L2,MEMORY,L2,	1
MEMORY,MEMORY,MEMORY,L2,L1,L1,	34
MEMORY,MEMORY,MEMORY,L2,L1,L2,	8
MEMORY,MEMORY,MEMORY,L2,L2,MEMORY,	2
MEMORY,MEMORY,MEMORY,L2,L2,L1,	10
MEMORY,MEMORY,MEMORY,L2,L2,L2,	238
MEMORY,MEMORY,MEMORY,L2,L2,LLC,	18
MEMORY,MEMORY,MEMORY,L2,LLC,L2,	15
MEMORY,MEMORY,MEMORY,L2,LLC,LLC,	11
MEMORY,MEMORY,MEMORY,L2,ZERO,ZERO,	33
MEMORY,MEMORY,MEMORY,LLC,MEMORY,MEMORY,	5
MEMORY,MEMORY,MEMORY,LLC,MEMORY,L2,	1
MEMORY,MEMORY,MEMORY,LLC,MEMORY,LLC,	6
MEMORY,MEMORY,MEMORY,LLC,L2,L1,	2
MEMORY,MEMORY,MEMORY,LLC,L2,L2,	11
MEMORY,MEMORY,MEMORY,LLC,L2,LLC,	9
MEMORY,MEMORY,MEMORY,LLC,LLC,MEMORY,	2
MEMORY,MEMORY,MEMORY,LLC,LLC,L2,	13
MEMORY,MEMORY,MEMORY,LLC,LLC,LLC,	141
MEMORY,MEMORY,MEMORY,LLC,ZERO,ZERO,	85
MEMORY,MEMORY,MEMORY,ZERO,ZERO,ZERO,	2485335
MEMORY,MEMORY,L1,L1,L1,L1,	9
MEMORY,MEMORY,L1,L1,ZERO,ZERO,	2
MEMORY,MEMORY,L1,ZERO,ZERO,ZERO,	1345
MEMORY,MEMORY,L2,L1,L1,L1,	38
MEMORY,MEMORY,L2,L1,ZERO,ZERO,	19
MEMORY,MEMORY,L2,L2,L1,L1,	1
MEMORY,MEMORY,L2,L2,L1,L2,	1
MEMORY,MEMORY,L2,L2,L2,L2,	2
MEMORY,MEMORY,L2,LLC,ZERO,ZERO,	1
MEMORY,MEMORY,L2,ZERO,ZERO,ZERO,	32985
MEMORY,MEMORY,LLC,MEMORY,MEMORY,MEMORY,	7
MEMORY,MEMORY,LLC,MEMORY,MEMORY,LLC,	3
MEMORY,MEMORY,LLC,MEMORY,LLC,MEMORY,	1
MEMORY,MEMORY,LLC,MEMORY,LLC,LLC,	4
MEMORY,MEMORY,LLC,MEMORY,ZERO,ZERO,	3
MEMORY,MEMORY,LLC,L1,L1,L1,	108
MEMORY,MEMORY,LLC,L1,L1,L2,	1
MEMORY,MEMORY,LLC,L1,L2,L2,	1
MEMORY,MEMORY,LLC,L1,ZERO,ZERO,	24
MEMORY,MEMORY,LLC,L2,L1,L1,	2
MEMORY,MEMORY,LLC,L2,L2,L2,	7
MEMORY,MEMORY,LLC,L2,LLC,LLC,	1
MEMORY,MEMORY,LLC,LLC,MEMORY,MEMORY,	1
MEMORY,MEMORY,LLC,LLC,MEMORY,LLC,	3
MEMORY,MEMORY,LLC,LLC,LLC,MEMORY,	2
MEMORY,MEMORY,LLC,LLC,LLC,LLC,	22
MEMORY,MEMORY,LLC,LLC,ZERO,ZERO,	9
MEMORY,MEMORY,LLC,ZERO,ZERO,ZERO,	826645
MEMORY,L1,MEMORY,MEMORY,MEMORY,MEMORY,	1
MEMORY,L1,MEMORY,L1,L1,L1,	14
MEMORY,L1,MEMORY,L1,ZERO,ZERO,	7
MEMORY,L1,MEMORY,L2,L1,L1,	1
MEMORY,L1,MEMORY,ZERO,ZERO,ZERO,	1393
MEMORY,L1,L1,ZERO,ZERO,ZERO,	23
MEMORY,L1,L2,L1,L1,L1,	1
MEMORY,L1,L2,L1,ZERO,ZERO,	1
MEMORY,L1,L2,ZERO,ZERO,ZERO,	109
MEMORY,L1,LLC,L1,L1,L2,	1
MEMORY,L1,LLC,ZERO,ZERO,ZERO,	802
MEMORY,L2,MEMORY,L1,L1,L1,	52
MEMORY,L2,MEMORY,L1,ZERO,ZERO,	17
MEMORY,L2,MEMORY,L2,L1,L2,	1
MEMORY,L2,MEMORY,L2,L2,L2,	3
MEMORY,L2,MEMORY,L2,ZERO,ZERO,	1
MEMORY,L2,MEMORY,LLC,LLC,LLC,	1
MEMORY,L2,MEMORY,ZERO,ZERO,ZERO,	33486
MEMORY,L2,L1,ZERO,ZERO,ZERO,	90
MEMORY,L2,L2,L1,L1,L1,	1
MEMORY,L2,L2,L1,ZERO,ZERO,	2
MEMORY,L2,L2,L2,L2,L2,	2
MEMORY,L2,L2,L2,ZERO,ZERO,	1
MEMORY,L2,L2,LLC,LLC,L2,	2
MEMORY,L2,L2,ZERO,ZERO,ZERO,	13250
MEMORY,L2,LLC,L1,L1,L1,	4
MEMORY,L2,LLC,L1,ZERO,ZERO,	1
MEMORY,L2,LLC,L2,L2,L2,	5
MEMORY,L2,LLC,ZERO,ZERO,ZERO,	23762
MEMORY,LLC,MEMORY,MEMORY,MEMORY,MEMORY,	5
MEMORY,LLC,MEMORY,MEMORY,MEMORY,LLC,	2
MEMORY,LLC,MEMORY,MEMORY,LLC,MEMORY,	1
MEMORY,LLC,MEMORY,MEMORY,LLC,LLC,	2
MEMORY,LLC,MEMORY,MEMORY,ZERO,ZERO,	3
MEMORY,LLC,MEMORY,L1,L1,L1,	95
MEMORY,LLC,MEMORY,L1,ZERO,ZERO,	20
MEMORY,LLC,MEMORY,L2,L1,L1,	7
MEMORY,LLC,MEMORY,L2,L1,L2,	1
MEMORY,LLC,MEMORY,L2,L2,L2,	11
MEMORY,LLC,MEMORY,L2,LLC,LLC,	1
MEMORY,LLC,MEMORY,L2,ZERO,ZERO,	2
MEMORY,LLC,MEMORY,LLC,MEMORY,MEMORY,	3
MEMORY,LLC,MEMORY,LLC,MEMORY,LLC,	2
MEMORY,LLC,MEMORY,LLC,LLC,LLC,	15
MEMORY,LLC,MEMORY,LLC,ZERO,ZERO,	13
MEMORY,LLC,MEMORY,ZERO,ZERO,ZERO,	815470
MEMORY,LLC,L1,ZERO,ZERO,ZERO,	764
MEMORY,LLC,L2,L1,L1,L1,	2
MEMORY,LLC,L2,L1,ZERO,ZERO,	1
MEMORY,LLC,L2,L2,L2,L2,	1
MEMORY,LLC,L2,ZERO,ZERO,ZERO,	23312
MEMORY,LLC,LLC,MEMORY,MEMORY,MEMORY,	3
MEMORY,LLC,LLC,MEMORY,MEMORY,LLC,	1
MEMORY,LLC,LLC,MEMORY,LLC,MEMORY,	5
MEMORY,LLC,LLC,MEMORY,LLC,LLC,	4
MEMORY,LLC,LLC,MEMORY,ZERO,ZERO,	4
MEMORY,LLC,LLC,L1,L1,L1,	727
MEMORY,LLC,LLC,L1,L2,L1,	1
MEMORY,LLC,LLC,L1,ZERO,ZERO,	189
MEMORY,LLC,LLC,L2,L1,L1,	137
MEMORY,LLC,LLC,L2,L2,L2,	3
MEMORY,LLC,LLC,L2,LLC,LLC,	1
MEMORY,LLC,LLC,L2,ZERO,ZERO,	3
MEMORY,LLC,LLC,LLC,MEMORY,MEMORY,	2
MEMORY,LLC,LLC,LLC,MEMORY,LLC,	15
MEMORY,LLC,LLC,LLC,LLC,MEMORY,	9
MEMORY,LLC,LLC,LLC,LLC,LLC,	232
MEMORY,LLC,LLC,LLC,ZERO,ZERO,	190
MEMORY,LLC,LLC,ZERO,ZERO,ZERO,	1018802
L1,MEMORY,MEMORY,L1,L1,L1,	9
L1,MEMORY,MEMORY,L1,ZERO,ZERO,	2
L1,MEMORY,MEMORY,L2,L2,L2,	2
L1,MEMORY,MEMORY,ZERO,ZERO,ZERO,	1382
L1,MEMORY,L1,ZERO,ZERO,ZERO,	17
L1,MEMORY,L2,ZERO,ZERO,ZERO,	78
L1,MEMORY,LLC,L1,ZERO,ZERO,	1
L1,MEMORY,LLC,ZERO,ZERO,ZERO,	852
L1,L1,MEMORY,ZERO,ZERO,ZERO,	18
L1,L1,L1,L1,L1,L1,	22335
L1,L1,L1,L1,L1,L2,	108
L1,L1,L1,L1,L2,L1,	11
L1,L1,L1,L1,L2,L2,	5
L1,L1,L1,L1,ZERO,ZERO,	6695
L1,L1,L1,L2,L1,L1,	268
L1,L1,L1,L2,L1,L2,	226
L1,L1,L1,L2,L2,L1,	5
L1,L1,L1,L2,L2,L2,	29
L1,L1,L1,ZERO,ZERO,ZERO,	9223538
L1,L1,L2,L1,L1,L1,	1053
L1,L1,L2,L1,L1,L2,	8
L1,L1,L2,L1,L2,L1,	7
L1,L1,L2,L1,L2,L2,	10
L1,L1,L2,L1,LLC,L1,	1
L1,L1,L2,L1,ZERO,ZERO,	289
L1,L1,L2,L2,L1,L1,	22
L1,L1,L2,L2,L1,L2,	6
L1,L1,L2,L2,L2,L1,	4
L1,L1,L2,L2,L2,L2,	11
L1,L1,L2,ZERO,ZERO,ZERO,	674703
L1,L1,LLC,L1,L1,L1,	1
L1,L1,LLC,ZERO,ZERO,ZERO,	313
L1,L2,MEMORY,ZERO,ZERO,ZERO,	74
L1,L2,L1,MEMORY,L1,L2,	1
L1,L2,L1,L1,L1,L1,	1228
L1,L2,L1,L1,L1,L2,	183
L1,L2,L1,L1,L2,L1,	1
L1,L2,L1,L1,L2,L2,	10
L1,L2,L1,L1,LLC,L1,	1
L1,L2,L1,L1,ZERO,ZERO,	464
L1,L2,L1,L2,L1,L1,	338
L1,L2,L1,L2,L1,L2,	448
L1,L2,L1,L2,L2,L1,	5
L1,L2,L1,L2,L2,L2,	12
L1,L2,L1,L2,ZERO,ZERO,	1
L1,L2,L1,ZERO,ZERO,ZERO,	673289
L1,L2,L2,L1,L1,L1,	1865
L1,L2,L2,L1,L1,L2,	13
L1,L2,L2,L1,L2,L1,	4
L1,L2,L2,L1,L2,L2,	44
L1,L2,L2,L1,LLC,LLC,	1
L1,L2,L2,L1,ZERO,ZERO,	361
L1,L2,L2,L2,L1,L1,	21
L1,L2,L2,L2,L1,L2,	9
L1,L2,L2,L2,L1,LLC,	1
L1,L2,L2,L2,L2,L1,	19
L1,L2,L2,L2,L2,L2,	35
L1,L2,L2,L2,ZERO,ZERO,	22
L1,L2,L2,ZERO,ZERO,ZERO,	1229959
L1,L2,LLC,L1,L1,L1,	1
L1,L2,LLC,LLC,L2,L2,	1
L1,L2,LLC,ZERO,ZERO,ZERO,	3823
L1,LLC,MEMORY,L1,L1,L1,	1
L1,LLC,MEMORY,ZERO,ZERO,ZERO,	848
L1,LLC,L1,L1,L1,L1,	1
L1,LLC,L1,L1,L2,L2,	1
L1,LLC,L1,ZERO,ZERO,ZERO,	339
L1,LLC,L2,L1,L1,L1,	3
L1,LLC,L2,L1,L2,L2,	1
L1,LLC,L2,L2,L2,L2,	4
L1,LLC,L2,ZERO,ZERO,ZERO,	3682
L1,LLC,LLC,L1,L1,L1,	5
L1,LLC,LLC,L1,ZERO,ZERO,	1
L1,LLC,LLC,ZERO,ZERO,ZERO,	6736
L2,MEMORY,MEMORY,L1,L1,L1,	51
L2,MEMORY,MEMORY,L1,ZERO,ZERO,	19
L2,MEMORY,MEMORY,L2,L1,L1,	1
L2,MEMORY,MEMORY,L2,L2,L2,	1
L2,MEMORY,MEMORY,LLC,LLC,LLC,	1
L2,MEMORY,MEMORY,ZERO,ZERO,ZERO,	33361
L2,MEMORY,L1,L1,L1,L1,	1
L2,MEMORY,L1,ZERO,ZERO,ZERO,	62
L2,MEMORY,L2,L1,L1,L1,	2
L2,MEMORY,L2,L2,L2,L2,	2
L2,MEMORY,L2,LLC,L2,L2,	1
L2,MEMORY,L2,ZERO,ZERO,ZERO,	13607
L2,MEMORY,LLC,L1,L1,L1,	3
L2,MEMORY,LLC,L2,L2,L2,	1
L2,MEMORY,LLC,L2,L2,LLC,	1
L2,MEMORY,LLC,L2,ZERO,ZERO,	1
L2,MEMORY,LLC,ZERO,ZERO,ZERO,	24268
L2,L1,MEMORY,ZERO,ZERO,ZERO,	87
L2,L1,L1,L1,L1,L1,	796
L2,L1,L1,L1,L1,L2,	5
L2,L1,L1,L1,L2,L1,	7
L2,L1,L1,L1,L2,L2,	7
L2,L1,L1,L1,ZERO,ZERO,	528
L2,L1,L1,L2,L1,L1,	44
L2,L1,L1,L2,L1,L2,	5
L2,L1,L1,L2,L2,L1,	10
L2,L1,L1,L2,L2,L2,	20
L2,L1,L1,L2,ZERO,ZERO,	5
L2,L1,L1,ZERO,ZERO,ZERO,	692366
L2,L1,L2,L1,L1,L1,	560
L2,L1,L2,L1,L1,L2,	6
L2,L1,L2,L1,L2,L1,	2
L2,L1,L2,L1,L2,L2,	11
L2,L1,L2,L1,ZERO,ZERO,	335
L2,L1,L2,L2,L1,L1,	10
L2,L1,L2,L2,L1,L2,	6
L2,L1,L2,L2,L2,L1,	6
L2,L1,L2,L2,L2,L2,	26
L2,L1,L2,L2,ZERO,ZERO,	22
L2,L1,L2,ZERO,ZERO,ZERO,	1220105
L2,L1,LLC,L1,L1,L1,	4
L2,L1,LLC,ZERO,ZERO,ZERO,	3914
L2,L2,MEMORY,L1,L1,L1,	1
L2,L2,MEMORY,L2,L2,L2,	2
L2,L2,MEMORY,L2,L2,LLC,	1
L2,L2,MEMORY,LLC,L2,L2,	1
L2,L2,MEMORY,LLC,ZERO,ZERO,	1
L2,L2,MEMORY,ZERO,ZERO,ZERO,	13547
L2,L2,L1,L1,L1,L1,	592
L2,L2,L1,L1,L1,L2,	7
L2,L2,L1,L1,L2,L1,	6
L2,L2,L1,L1,L2,L2,	13
L2,L2,L1,L1,ZERO,ZERO,	623
L2,L2,L1,L2,L1,L1,	17
L2,L2,L1,L2,L1,L2,	6
L2,L2,L1,L2,L2,L1,	5
L2,L2,L1,L2,L2,L2,	17
L2,L2,L1,L2,L2,LLC,	1
L2,L2,L1,L2,ZERO,ZERO,	31
L2,L2,L1,ZERO,ZERO,ZERO,	1203993
L2,L2,L2,MEMORY,MEMORY,MEMORY,	1
L2,L2,L2,MEMORY,L2,L2,	9
L2,L2,L2,MEMORY,L2,LLC,	1
L2,L2,L2,MEMORY,ZERO,ZERO,	1
L2,L2,L2,L1,L1,L1,	4072
L2,L2,L2,L1,L1,L2,	19
L2,L2,L2,L1,L2,L1,	20
L2,L2,L2,L1,L2,L2,	92
L2,L2,L2,L1,ZERO,ZERO,	1236
L2,L2,L2,L2,MEMORY,L2,	8
L2,L2,L2,L2,MEMORY,LLC,	2
L2,L2,L2,L2,L1,L1,	50
L2,L2,L2,L2,L1,L2,	52
L2,L2,L2,L2,L2,MEMORY,	2
L2,L2,L2,L2,L2,L1,	72
L2,L2,L2,L2,L2,L2,	2562
L2,L2,L2,L2,L2,LLC,	99
L2,L2,L2,L2,LLC,L2,	107
L2,L2,L2,L2,LLC,LLC,	32
L2,L2,L2,L2,ZERO,ZERO,	672
L2,L2,L2,LLC,L2,L2,	73
L2,L2,L2,LLC,L2,LLC,	24
L2,L2,L2,LLC,LLC,L2,	23
L2,L2,L2,LLC,LLC,LLC,	6
L2,L2,L2,LLC,ZERO,ZERO,	91
L2,L2,L2,ZERO,ZERO,ZERO,	17665108
L2,L2,LLC,MEMORY,L2,L2,	1
L2,L2,LLC,MEMORY,LLC,L2,	1
L2,L2,LLC,L1,L1,L1,	204
L2,L2,LLC,L1,L1,L2,	2
L2,L2,LLC,L1,L2,L1,	2
L2,L2,LLC,L1,L2,L2,	8
L2,L2,LLC,L1,ZERO,ZERO,	67
L2,L2,LLC,L2,MEMORY,L2,	5
L2,L2,LLC,L2,L1,L1,	2
L2,L2,LLC,L2,L1,L2,	6
L2,L2,LLC,L2,L2,L1,	3
L2,L2,LLC,L2,L2,L2,	253
L2,L2,LLC,L2,L2,LLC,	39
L2,L2,LLC,L2,LLC,L2,	41
L2,L2,LLC,L2,LLC,LLC,	21
L2,L2,LLC,L2,ZERO,ZERO,	73
L2,L2,LLC,LLC,L2,L2,	28
L2,L2,LLC,LLC,L2,LLC,	11
L2,L2,LLC,LLC,LLC,L2,	9
L2,L2,LLC,LLC,LLC,LLC,	12
L2,L2,LLC,LLC,ZERO,ZERO,	35
L2,L2,LLC,ZERO,ZERO,ZERO,	704548
L2,LLC,MEMORY,L1,L1,L1,	3
L2,LLC,MEMORY,L1,L2,L2,	1
L2,LLC,MEMORY,L1,ZERO,ZERO,	1
L2,LLC,MEMORY,L2,L2,LLC,	1
L2,LLC,MEMORY,ZERO,ZERO,ZERO,	23197
L2,LLC,L1,L1,L1,L1,	2
L2,LLC,L1,L1,L1,L2,	1
L2,LLC,L1,L2,L2,L2,	1
L2,LLC,L1,ZERO,ZERO,ZERO,	3711
L2,LLC,L2,MEMORY,L2,L2,	1
L2,LLC,L2,MEMORY,ZERO,ZERO,	1
L2,LLC,L2,L1,L1,L1,	225
L2,LLC,L2,L1,L1,L2,	2
L2,LLC,L2,L1,L2,L1,	5
L2,LLC,L2,L1,L2,L2,	11
L2,LLC,L2,L1,LLC,L2,	1
L2,LLC,L2,L1,ZERO,ZERO,	60
L2,LLC,L2,L2,MEMORY,L2,	3
L2,LLC,L2,L2,MEMORY,LLC,	1
L2,LLC,L2,L2,L1,L1,	2
L2,LLC,L2,L2,L1,L2,	5
L2,LLC,L2,L2,L2,L1,	3
L2,LLC,L2,L2,L2,L2,	265
L2,LLC,L2,L2,L2,LLC,	38
L2,LLC,L2,L2,LLC,L2,	25
L2,LLC,L2,L2,LLC,LLC,	19
L2,LLC,L2,L2,ZERO,ZERO,	95
L2,LLC,L2,LLC,L2,L2,	20
L2,LLC,L2,LLC,L2,LLC,	13
L2,LLC,L2,LLC,LLC,L2,	8
L2,LLC,L2,LLC,LLC,LLC,	18
L2,LLC,L2,LLC,ZERO,ZERO,	54
L2,LLC,L2,ZERO,ZERO,ZERO,	693586
L2,LLC,LLC,MEMORY,L2,L2,	2
L2,LLC,LLC,MEMORY,LLC,L2,	1
L2,LLC,LLC,L1,L1,L1,	198
L2,LLC,LLC,L1,L2,L1,	6
L2,LLC,LLC,L1,L2,L2,	13
L2,LLC,LLC,L1,ZERO,ZERO,	40
L2,LLC,LLC,L2,MEMORY,L2,	1
L2,LLC,LLC,L2,L1,L1,	8
L2,LLC,LLC,L2,L1,L2,	6
L2,LLC,LLC,L2,L2,L1,	4
L2,LLC,LLC,L2,L2,L2,	84
L2,LLC,LLC,L2,L2,LLC,	34
L2,LLC,LLC,L2,LLC,L2,	28
L2,LLC,LLC,L2,LLC,LLC,	26
L2,LLC,LLC,L2,ZERO,ZERO,	36
L2,LLC,LLC,LLC,L2,L2,	13
L2,LLC,LLC,LLC,L2,LLC,	23
L2,LLC,LLC,LLC,LLC,MEMORY,	2
L2,LLC,LLC,LLC,LLC,L2,	32
L2,LLC,LLC,LLC,LLC,LLC,	59
L2,LLC,LLC,LLC,ZERO,ZERO,	64
L2,LLC,LLC,ZERO,ZERO,ZERO,	618837
LLC,MEMORY,MEMORY,MEMORY,MEMORY,MEMORY,	2
LLC,MEMORY,MEMORY,MEMORY,MEMORY,LLC,	5
LLC,MEMORY,MEMORY,MEMORY,LLC,LLC,	1
LLC,MEMORY,MEMORY,MEMORY,ZERO,ZERO,	1
LLC,MEMORY,MEMORY,L1,L1,L1,	117
LLC,MEMORY,MEMORY,L1,ZERO,ZERO,	31
LLC,MEMORY,MEMORY,L2,L1,L1,	1
LLC,MEMORY,MEMORY,L2,L1,L2,	1
LLC,MEMORY,MEMORY,L2,L2,L1,	1
LLC,MEMORY,MEMORY,L2,L2,L2,	7
LLC,MEMORY,MEMORY,L2,LLC,L2,	1
LLC,MEMORY,MEMORY,L2,ZERO,ZERO,	1
LLC,MEMORY,MEMORY,LLC,MEMORY,MEMORY,	2
LLC,MEMORY,MEMORY,LLC,MEMORY,LLC,	1
LLC,MEMORY,MEMORY,LLC,LLC,MEMORY,	2
LLC,MEMORY,MEMORY,LLC,LLC,LLC,	18
LLC,MEMORY,MEMORY,LLC,ZERO,ZERO,	5
LLC,MEMORY,MEMORY,ZERO,ZERO,ZERO,	831485
LLC,MEMORY,L1,L1,L1,L1,	1
LLC,MEMORY,L1,ZERO,ZERO,ZERO,	746
LLC,MEMORY,L2,L1,L1,L1,	3
LLC,MEMORY,L2,L2,L2,L2,	1
LLC,MEMORY,L2,ZERO,ZERO,ZERO,	23354
LLC,MEMORY,LLC,MEMORY,MEMORY,MEMORY,	1
LLC,MEMORY,LLC,MEMORY,MEMORY,LLC,	1
LLC,MEMORY,LLC,MEMORY,LLC,MEMORY,	1
LLC,MEMORY,LLC,MEMORY,LLC,LLC,	14
LLC,MEMORY,LLC,MEMORY,ZERO,ZERO,	2
LLC,MEMORY,LLC,L1,L1,L1,	724
LLC,MEMORY,LLC,L1,L2,L2,	1
LLC,MEMORY,LLC,L1,ZERO,ZERO,	52
LLC,MEMORY,LLC,L2,L1,L1,	10
LLC,MEMORY,LLC,L2,L2,L1,	1
LLC,MEMORY,LLC,L2,L2,L2,	1
LLC,MEMORY,LLC,L2,ZERO,ZERO,	3
LLC,MEMORY,LLC,LLC,MEMORY,MEMORY,	5
LLC,MEMORY,LLC,LLC,MEMORY,LLC,	14
LLC,MEMORY,LLC,LLC,LLC,MEMORY,	20
LLC,MEMORY,LLC,LLC,LLC,LLC,	248
LLC,MEMORY,LLC,LLC,ZERO,ZERO,	122
LLC,MEMORY,LLC,ZERO,ZERO,ZERO,	1025807
LLC,L1,MEMORY,ZERO,ZERO,ZERO,	783
LLC,L1,L1,L1,L1,L1,	5
LLC,L1,L1,ZERO,ZERO,ZERO,	333
LLC,L1,L2,L1,L1,L1,	5
LLC,L1,L2,L1,ZERO,ZERO,	1
LLC,L1,L2,LLC,LLC,LLC,	1
LLC,L1,L2,ZERO,ZERO,ZERO,	3857
LLC,L1,LLC,L1,L1,L1,	1
LLC,L1,LLC,ZERO,ZERO,ZERO,	6267
LLC,L2,MEMORY,L1,L1,L1,	7
LLC,L2,MEMORY,L1,ZERO,ZERO,	1
LLC,L2,MEMORY,L2,ZERO,ZERO,	2
LLC,L2,MEMORY,LLC,MEMORY,L2,	1
LLC,L2,MEMORY,LLC,ZERO,ZERO,	1
LLC,L2,MEMORY,ZERO,ZERO,ZERO,	23377
LLC,L2,L1,L1,ZERO,ZERO,	1
LLC,L2,L1,ZERO,ZERO,ZERO,	3750
LLC,L2,L2,L1,L1,L1,	220
LLC,L2,L2,L1,L1,L2,	1
LLC,L2,L2,L1,L2,L1,	5
LLC,L2,L2,L1,L2,L2,	7
LLC,L2,L2,L1,ZERO,ZERO,	54
LLC,L2,L2,L2,MEMORY,L2,	1
LLC,L2,L2,L2,L1,L1,	5
LLC,L2,L2,L2,L1,L2,	6
LLC,L2,L2,L2,L2,L1,	2
LLC,L2,L2,L2,L2,L2,	204
LLC,L2,L2,L2,L2,LLC,	38
LLC,L2,L2,L2,LLC,MEMORY,	1
LLC,L2,L2,L2,LLC,L2,	32
LLC,L2,L2,L2,LLC,LLC,	23
LLC,L2,L2,L2,ZERO,ZERO,	54
LLC,L2,L2,LLC,L2,L2,	24
LLC,L2,L2,LLC,L2,LLC,	12
LLC,L2,L2,LLC,LLC,L2,	11
LLC,L2,L2,LLC,LLC,LLC,	18
LLC,L2,L2,LLC,ZERO,ZERO,	32
LLC,L2,L2,ZERO,ZERO,ZERO,	708506
LLC,L2,LLC,MEMORY,L2,MEMORY,	1
LLC,L2,LLC,L1,L1,L1,	203
LLC,L2,LLC,L1,L1,L2,	1
LLC,L2,LLC,L1,L2,L1,	2
LLC,L2,LLC,L1,L2,L2,	7
LLC,L2,LLC,L1,L2,LLC,	1
LLC,L2,LLC,L1,ZERO,ZERO,	67
LLC,L2,LLC,L2,L1,L1,	1
LLC,L2,LLC,L2,L1,L2,	5
LLC,L2,LLC,L2,L2,L1,	7
LLC,L2,LLC,L2,L2,L2,	88
LLC,L2,LLC,L2,L2,LLC,	26
LLC,L2,LLC,L2,LLC,L2,	16
LLC,L2,LLC,L2,LLC,LLC,	26
LLC,L2,LLC,L2,ZERO,ZERO,	43
LLC,L2,LLC,LLC,MEMORY,L2,	1
LLC,L2,LLC,LLC,L2,L2,	14
LLC,L2,LLC,LLC,L2,LLC,	14
LLC,L2,LLC,LLC,LLC,L2,	20
LLC,L2,LLC,LLC,LLC,LLC,	48
LLC,L2,LLC,LLC,ZERO,ZERO,	44
LLC,L2,LLC,ZERO,ZERO,ZERO,	625327
LLC,LLC,MEMORY,MEMORY,MEMORY,LLC,	5
LLC,LLC,MEMORY,MEMORY,LLC,MEMORY,	3
LLC,LLC,MEMORY,MEMORY,LLC,LLC,	8
LLC,LLC,MEMORY,MEMORY,ZERO,ZERO,	1
LLC,LLC,MEMORY,L1,L1,L1,	543
LLC,LLC,MEMORY,L1,ZERO,ZERO,	250
LLC,LLC,MEMORY,L2,L1,L1,	28
LLC,LLC,MEMORY,L2,L2,L2,	8
LLC,LLC,MEMORY,L2,L2,LLC,	1
LLC,LLC,MEMORY,L2,LLC,L2,	1
LLC,LLC,MEMORY,L2,ZERO,ZERO,	1
LLC,LLC,MEMORY,LLC,MEMORY,MEMORY,	1
LLC,LLC,MEMORY,LLC,MEMORY,LLC,	14
LLC,LLC,MEMORY,LLC,LLC,MEMORY,	9
LLC,LLC,MEMORY,LLC,LLC,LLC,	207
LLC,LLC,MEMORY,LLC,ZERO,ZERO,	113
LLC,LLC,MEMORY,ZERO,ZERO,ZERO,	1018664
LLC,LLC,L1,L1,ZERO,ZERO,	1
LLC,LLC,L1,L2,L1,L1,	1
LLC,LLC,L1,ZERO,ZERO,ZERO,	5675
LLC,LLC,L2,MEMORY,L2,LLC,	2
LLC,LLC,L2,L1,L1,L1,	187
LLC,LLC,L2,L1,L1,L2,	1
LLC,LLC,L2,L1,L2,L1,	2
LLC,LLC,L2,L1,L2,L2,	9
LLC,LLC,L2,L1,ZERO,ZERO,	77
LLC,LLC,L2,L2,MEMORY,L2,	1
LLC,LLC,L2,L2,L1,L1,	7
LLC,LLC,L2,L2,L1,L2,	6
LLC,LLC,L2,L2,L2,L1,	9
LLC,LLC,L2,L2,L2,L2,	65
LLC,LLC,L2,L2,L2,LLC,	15
LLC,LLC,L2,L2,LLC,L2,	15
LLC,LLC,L2,L2,LLC,LLC,	26
LLC,LLC,L2,L2,ZERO,ZERO,	36
LLC,LLC,L2,LLC,L2,L2,	9
LLC,LLC,L2,LLC,L2,LLC,	6
LLC,LLC,L2,LLC,LLC,L2,	27
LLC,LLC,L2,LLC,LLC,LLC,	61
LLC,LLC,L2,LLC,ZERO,ZERO,	43
LLC,LLC,L2,ZERO,ZERO,ZERO,	623515
LLC,LLC,LLC,MEMORY,MEMORY,MEMORY,	3
LLC,LLC,LLC,MEMORY,MEMORY,LLC,	16
LLC,LLC,LLC,MEMORY,L2,L2,	1
LLC,LLC,LLC,MEMORY,LLC,MEMORY,	19
LLC,LLC,LLC,MEMORY,LLC,LLC,	150
LLC,LLC,LLC,MEMORY,ZERO,ZERO,	69
LLC,LLC,LLC,L1,L1,L1,	19930
LLC,LLC,LLC,L1,L1,L2,	16
LLC,LLC,LLC,L1,L2,L1,	20
LLC,LLC,LLC,L1,L2,L2,	52
LLC,LLC,LLC,L1,ZERO,ZERO,	4420
LLC,LLC,LLC,L2,L1,L1,	1265
LLC,LLC,LLC,L2,L1,L2,	53
LLC,LLC,LLC,L2,L2,L1,	38
LLC,LLC,LLC,L2,L2,L2,	147
LLC,LLC,LLC,L2,L2,LLC,	44
LLC,LLC,LLC,L2,LLC,L2,	49
LLC,LLC,LLC,L2,LLC,LLC,	102
LLC,LLC,LLC,L2,ZERO,ZERO,	138
LLC,LLC,LLC,LLC,MEMORY,MEMORY,	7
LLC,LLC,LLC,LLC,MEMORY,LLC,	183
LLC,LLC,LLC,LLC,L2,L2,	23
LLC,LLC,LLC,LLC,L2,LLC,	70
LLC,LLC,LLC,LLC,LLC,MEMORY,	356
LLC,LLC,LLC,LLC,LLC,L2,	89
LLC,LLC,LLC,LLC,LLC,LLC,	7431
LLC,LLC,LLC,LLC,ZERO,ZERO,	4362
LLC,LLC,LLC,ZERO,ZERO,ZERO,	11774556
ZERO,ZERO,ZERO,MEMORY,ZERO,ZERO,	5
ZERO,ZERO,ZERO,L1,ZERO,ZERO,	8
ZERO,ZERO,ZERO,L2,ZERO,ZERO,	11
~~~~~~ full stats with way ~~~~~~
MEMORY,MEMORY,MEMORY,MEMORY,MEMORY,MEMORY,0	2
MEMORY,MEMORY,MEMORY,MEMORY,MEMORY,MEMORY,1	1
MEMORY,MEMORY,MEMORY,MEMORY,MEMORY,MEMORY,2	3
MEMORY,MEMORY,MEMORY,MEMORY,MEMORY,MEMORY,3	1
MEMORY,MEMORY,MEMORY,MEMORY,MEMORY,MEMORY,4	26
MEMORY,MEMORY,MEMORY,MEMORY,MEMORY,MEMORY,5	24
MEMORY,MEMORY,MEMORY,MEMORY,MEMORY,LLC,5	2
MEMORY,MEMORY,MEMORY,MEMORY,L2,L2,5	1
MEMORY,MEMORY,MEMORY,MEMORY,L2,LLC,5	1
MEMORY,MEMORY,MEMORY,MEMORY,LLC,MEMORY,4	2
MEMORY,MEMORY,MEMORY,MEMORY,LLC,MEMORY,5	4
MEMORY,MEMORY,MEMORY,MEMORY,LLC,LLC,4	2
MEMORY,MEMORY,MEMORY,MEMORY,LLC,LLC,5	1
MEMORY,MEMORY,MEMORY,MEMORY,ZERO,ZERO,3	47
MEMORY,MEMORY,MEMORY,L1,L1,L1,4	1129
MEMORY,MEMORY,MEMORY,L1,L1,L1,5	1432
MEMORY,MEMORY,MEMORY,L1,L1,L2,4	7
MEMORY,MEMORY,MEMORY,L1,L1,L2,5	5
MEMORY,MEMORY,MEMORY,L1,L2,L1,4	2
MEMORY,MEMORY,MEMORY,L1,L2,L1,5	10
MEMORY,MEMORY,MEMORY,L1,L2,L2,4	4
MEMORY,MEMORY,MEMORY,L1,L2,L2,5	2
MEMORY,MEMORY,MEMORY,L1,ZERO,ZERO,0	9
MEMORY,MEMORY,MEMORY,L1,ZERO,ZERO,1	10
MEMORY,MEMORY,MEMORY,L1,ZERO,ZERO,2	7
MEMORY,MEMORY,MEMORY,L1,ZERO,ZERO,3	874
MEMORY,MEMORY,MEMORY,L2,MEMORY,L2,4	1
MEMORY,MEMORY,MEMORY,L2,L1,L1,4	5
MEMORY,MEMORY,MEMORY,L2,L1,L1,5	29
MEMORY,MEMORY,MEMORY,L2,L1,L2,5	8
MEMORY,MEMORY,MEMORY,L2,L2,MEMORY,5	2
MEMORY,MEMORY,MEMORY,L2,L2,L1,4	3
MEMORY,MEMORY,MEMORY,L2,L2,L1,5	7
MEMORY,MEMORY,MEMORY,L2,L2,L2,4	47
MEMORY,MEMORY,MEMORY,L2,L2,L2,5	191
MEMORY,MEMORY,MEMORY,L2,L2,LLC,4	8
MEMORY,MEMORY,MEMORY,L2,L2,LLC,5	10
MEMORY,MEMORY,MEMORY,L2,LLC,L2,4	4
MEMORY,MEMORY,MEMORY,L2,LLC,L2,5	11
MEMORY,MEMORY,MEMORY,L2,LLC,LLC,4	4
MEMORY,MEMORY,MEMORY,L2,LLC,LLC,5	7
MEMORY,MEMORY,MEMORY,L2,ZERO,ZERO,0	2
MEMORY,MEMORY,MEMORY,L2,ZERO,ZERO,3	31
MEMORY,MEMORY,MEMORY,LLC,MEMORY,MEMORY,4	2
MEMORY,MEMORY,MEMORY,LLC,MEMORY,MEMORY,5	3
MEMORY,MEMORY,MEMORY,LLC,MEMORY,L2,5	1
MEMORY,MEMORY,MEMORY,LLC,MEMORY,LLC,4	5
MEMORY,MEMORY,MEMORY,LLC,MEMORY,LLC,5	1
MEMORY,MEMORY,MEMORY,LLC,L2,L1,5	2
MEMORY,MEMORY,MEMORY,LLC,L2,L2,4	2
MEMORY,MEMORY,MEMORY,LLC,L2,L2,5	9
MEMORY,MEMORY,MEMORY,LLC,L2,LLC,4	8
MEMORY,MEMORY,MEMORY,LLC,L2,LLC,5	1
MEMORY,MEMORY,MEMORY,LLC,LLC,MEMORY,5	2
MEMORY,MEMORY,MEMORY,LLC,LLC,L2,4	4
MEMORY,MEMORY,MEMORY,LLC,LLC,L2,5	9
MEMORY,MEMORY,MEMORY,LLC,LLC,LLC,4	74
MEMORY,MEMORY,MEMORY,LLC,LLC,LLC,5	67
MEMORY,MEMORY,MEMORY,LLC,ZERO,ZERO,3	85
MEMORY,MEMORY,MEMORY,ZERO,ZERO,ZERO,0	810822
MEMORY,MEMORY,MEMORY,ZERO,ZERO,ZERO,1	819182
MEMORY,MEMORY,MEMORY,ZERO,ZERO,ZERO,2	855331
MEMORY,MEMORY,L1,L1,L1,L1,4	6
MEMORY,MEMORY,L1,L1,L1,L1,5	3
MEMORY,MEMORY,L1,L1,ZERO,ZERO,3	2
MEMORY,MEMORY,L1,ZERO,ZERO,ZERO,0	515
MEMORY,MEMORY,L1,ZERO,ZERO,ZERO,1	419
MEMORY,MEMORY,L1,ZERO,ZERO,ZERO,2	411
MEMORY,MEMORY,L2,L1,L1,L1,4	14
MEMORY,MEMORY,L2,L1,L1,L1,5	24
MEMORY,MEMORY,L2,L1,ZERO,ZERO,3	19
MEMORY,MEMORY,L2,L2,L1,L1,5	1
MEMORY,MEMORY,L2,L2,L1,L2,5	1
MEMORY,MEMORY,L2,L2,L2,L2,5	2
MEMORY,MEMORY,L2,LLC,ZERO,ZERO,3	1
MEMORY,MEMORY,L2,ZERO,ZERO,ZERO,0	11960
MEMORY,MEMORY,L2,ZERO,ZERO,ZERO,1	10754
MEMORY,MEMORY,L2,ZERO,ZERO,ZERO,2	10271
MEMORY,MEMORY,LLC,MEMORY,MEMORY,MEMORY,4	1
MEMORY,MEMORY,LLC,MEMORY,MEMORY,MEMORY,5	6
MEMORY,MEMORY,LLC,MEMORY,MEMORY,LLC,5	3
MEMORY,MEMORY,LLC,MEMORY,LLC,MEMORY,4	1
MEMORY,MEMORY,LLC,MEMORY,LLC,LLC,5	4
MEMORY,MEMORY,LLC,MEMORY,ZERO,ZERO,3	3
MEMORY,MEMORY,LLC,L1,L1,L1,4	50
MEMORY,MEMORY,LLC,L1,L1,L1,5	58
MEMORY,MEMORY,LLC,L1,L1,L2,5	1
MEMORY,MEMORY,LLC,L1,L2,L2,5	1
MEMORY,MEMORY,LLC,L1,ZERO,ZERO,2	2
MEMORY,MEMORY,LLC,L1,ZERO,ZERO,3	22
MEMORY,MEMORY,LLC,L2,L1,L1,4	1
MEMORY,MEMORY,LLC,L2,L1,L1,5	1
MEMORY,MEMORY,LLC,L2,L2,L2,4	2
MEMORY,MEMORY,LLC,L2,L2,L2,5	5
MEMORY,MEMORY,LLC,L2,LLC,LLC,5	1
MEMORY,MEMORY,LLC,LLC,MEMORY,MEMORY,4	1
MEMORY,MEMORY,LLC,LLC,MEMORY,LLC,4	1
MEMORY,MEMORY,LLC,LLC,MEMORY,LLC,5	2
MEMORY,MEMORY,LLC,LLC,LLC,MEMORY,5	2
MEMORY,MEMORY,LLC,LLC,LLC,LLC,4	7
MEMORY,MEMORY,LLC,LLC,LLC,LLC,5	15
MEMORY,MEMORY,LLC,LLC,ZERO,ZERO,2	1
MEMORY,MEMORY,LLC,LLC,ZERO,ZERO,3	8
MEMORY,MEMORY,LLC,ZERO,ZERO,ZERO,0	277342
MEMORY,MEMORY,LLC,ZERO,ZERO,ZERO,1	270623
MEMORY,MEMORY,LLC,ZERO,ZERO,ZERO,2	278680
MEMORY,L1,MEMORY,MEMORY,MEMORY,MEMORY,5	1
MEMORY,L1,MEMORY,L1,L1,L1,4	8
MEMORY,L1,MEMORY,L1,L1,L1,5	6
MEMORY,L1,MEMORY,L1,ZERO,ZERO,3	7
MEMORY,L1,MEMORY,L2,L1,L1,5	1
MEMORY,L1,MEMORY,ZERO,ZERO,ZERO,0	515
MEMORY,L1,MEMORY,ZERO,ZERO,ZERO,1	439
MEMORY,L1,MEMORY,ZERO,ZERO,ZERO,2	439
MEMORY,L1,L1,ZERO,ZERO,ZERO,0	10
MEMORY,L1,L1,ZERO,ZERO,ZERO,1	11
MEMORY,L1,L1,ZERO,ZERO,ZERO,2	2
MEMORY,L1,L2,L1,L1,L1,4	1
MEMORY,L1,L2,L1,ZERO,ZERO,3	1
MEMORY,L1,L2,ZERO,ZERO,ZERO,0	33
MEMORY,L1,L2,ZERO,ZERO,ZERO,1	36
MEMORY,L1,L2,ZERO,ZERO,ZERO,2	40
MEMORY,L1,LLC,L1,L1,L2,5	1
MEMORY,L1,LLC,ZERO,ZERO,ZERO,0	294
MEMORY,L1,LLC,ZERO,ZERO,ZERO,1	247
MEMORY,L1,LLC,ZERO,ZERO,ZERO,2	261
MEMORY,L2,MEMORY,L1,L1,L1,4	28
MEMORY,L2,MEMORY,L1,L1,L1,5	24
MEMORY,L2,MEMORY,L1,ZERO,ZERO,3	17
MEMORY,L2,MEMORY,L2,L1,L2,5	1
MEMORY,L2,MEMORY,L2,L2,L2,4	2
MEMORY,L2,MEMORY,L2,L2,L2,5	1
MEMORY,L2,MEMORY,L2,ZERO,ZERO,3	1
MEMORY,L2,MEMORY,LLC,LLC,LLC,4	1
MEMORY,L2,MEMORY,ZERO,ZERO,ZERO,0	11532
MEMORY,L2,MEMORY,ZERO,ZERO,ZERO,1	9892
MEMORY,L2,MEMORY,ZERO,ZERO,ZERO,2	12062
MEMORY,L2,L1,ZERO,ZERO,ZERO,0	21
MEMORY,L2,L1,ZERO,ZERO,ZERO,1	38
MEMORY,L2,L1,ZERO,ZERO,ZERO,2	31
MEMORY,L2,L2,L1,L1,L1,5	1
MEMORY,L2,L2,L1,ZERO,ZERO,3	2
MEMORY,L2,L2,L2,L2,L2,4	2
MEMORY,L2,L2,L2,ZERO,ZERO,3	1
MEMORY,L2,L2,LLC,LLC,L2,4	2
MEMORY,L2,L2,ZERO,ZERO,ZERO,0	3738
MEMORY,L2,L2,ZERO,ZERO,ZERO,1	4303
MEMORY,L2,L2,ZERO,ZERO,ZERO,2	5209
MEMORY,L2,LLC,L1,L1,L1,4	1
MEMORY,L2,LLC,L1,L1,L1,5	3
MEMORY,L2,LLC,L1,ZERO,ZERO,3	1
MEMORY,L2,LLC,L2,L2,L2,5	5
MEMORY,L2,LLC,ZERO,ZERO,ZERO,0	8223
MEMORY,L2,LLC,ZERO,ZERO,ZERO,1	7301
MEMORY,L2,LLC,ZERO,ZERO,ZERO,2	8238
MEMORY,LLC,MEMORY,MEMORY,MEMORY,MEMORY,5	5
MEMORY,LLC,MEMORY,MEMORY,MEMORY,LLC,5	2
MEMORY,LLC,MEMORY,MEMORY,LLC,MEMORY,5	1
MEMORY,LLC,MEMORY,MEMORY,LLC,LLC,5	2
MEMORY,LLC,MEMORY,MEMORY,ZERO,ZERO,3	3
MEMORY,LLC,MEMORY,L1,L1,L1,4	43
MEMORY,LLC,MEMORY,L1,L1,L1,5	52
MEMORY,LLC,MEMORY,L1,ZERO,ZERO,3	20
MEMORY,LLC,MEMORY,L2,L1,L1,4	4
MEMORY,LLC,MEMORY,L2,L1,L1,5	3
MEMORY,LLC,MEMORY,L2,L1,L2,5	1
MEMORY,LLC,MEMORY,L2,L2,L2,4	3
MEMORY,LLC,MEMORY,L2,L2,L2,5	8
MEMORY,LLC,MEMORY,L2,LLC,LLC,4	1
MEMORY,LLC,MEMORY,L2,ZERO,ZERO,3	2
MEMORY,LLC,MEMORY,LLC,MEMORY,MEMORY,4	3
MEMORY,LLC,MEMORY,LLC,MEMORY,LLC,5	2
MEMORY,LLC,MEMORY,LLC,LLC,LLC,4	12
MEMORY,LLC,MEMORY,LLC,LLC,LLC,5	3
MEMORY,LLC,MEMORY,LLC,ZERO,ZERO,0	4
MEMORY,LLC,MEMORY,LLC,ZERO,ZERO,2	1
MEMORY,LLC,MEMORY,LLC,ZERO,ZERO,3	8
MEMORY,LLC,MEMORY,ZERO,ZERO,ZERO,0	270679
MEMORY,LLC,MEMORY,ZERO,ZERO,ZERO,1	252576
MEMORY,LLC,MEMORY,ZERO,ZERO,ZERO,2	292215
MEMORY,LLC,L1,ZERO,ZERO,ZERO,0	274
MEMORY,LLC,L1,ZERO,ZERO,ZERO,1	267
MEMORY,LLC,L1,ZERO,ZERO,ZERO,2	223
MEMORY,LLC,L2,L1,L1,L1,4	2
MEMORY,LLC,L2,L1,ZERO,ZERO,3	1
MEMORY,LLC,L2,L2,L2,L2,5	1
MEMORY,LLC,L2,ZERO,ZERO,ZERO,0	7975
MEMORY,LLC,L2,ZERO,ZERO,ZERO,1	7536
MEMORY,LLC,L2,ZERO,ZERO,ZERO,2	7801
MEMORY,LLC,LLC,MEMORY,MEMORY,MEMORY,4	1
MEMORY,LLC,LLC,MEMORY,MEMORY,MEMORY,5	2
MEMORY,LLC,LLC,MEMORY,MEMORY,LLC,5	1
MEMORY,LLC,LLC,MEMORY,LLC,MEMORY,4	2
MEMORY,LLC,LLC,MEMORY,LLC,MEMORY,5	3
MEMORY,LLC,LLC,MEMORY,LLC,LLC,4	1
MEMORY,LLC,LLC,MEMORY,LLC,LLC,5	3
MEMORY,LLC,LLC,MEMORY,ZERO,ZERO,0	2
MEMORY,LLC,LLC,MEMORY,ZERO,ZERO,3	2
MEMORY,LLC,LLC,L1,L1,L1,4	672
MEMORY,LLC,LLC,L1,L1,L1,5	55
MEMORY,LLC,LLC,L1,L2,L1,5	1
MEMORY,LLC,LLC,L1,ZERO,ZERO,2	76
MEMORY,LLC,LLC,L1,ZERO,ZERO,3	113
MEMORY,LLC,LLC,L2,L1,L1,4	137
MEMORY,LLC,LLC,L2,L2,L2,4	3
MEMORY,LLC,LLC,L2,LLC,LLC,4	1
MEMORY,LLC,LLC,L2,ZERO,ZERO,3	3
MEMORY,LLC,LLC,LLC,MEMORY,MEMORY,4	1
MEMORY,LLC,LLC,LLC,MEMORY,MEMORY,5	1
MEMORY,LLC,LLC,LLC,MEMORY,LLC,4	8
MEMORY,LLC,LLC,LLC,MEMORY,LLC,5	7
MEMORY,LLC,LLC,LLC,LLC,MEMORY,4	3
MEMORY,LLC,LLC,LLC,LLC,MEMORY,5	6
MEMORY,LLC,LLC,LLC,LLC,LLC,4	135
MEMORY,LLC,LLC,LLC,LLC,LLC,5	97
MEMORY,LLC,LLC,LLC,ZERO,ZERO,0	100
MEMORY,LLC,LLC,LLC,ZERO,ZERO,2	27
MEMORY,LLC,LLC,LLC,ZERO,ZERO,3	63
MEMORY,LLC,LLC,ZERO,ZERO,ZERO,0	335887
MEMORY,LLC,LLC,ZERO,ZERO,ZERO,1	324746
MEMORY,LLC,LLC,ZERO,ZERO,ZERO,2	358169
L1,MEMORY,MEMORY,L1,L1,L1,4	2
L1,MEMORY,MEMORY,L1,L1,L1,5	7
L1,MEMORY,MEMORY,L1,ZERO,ZERO,3	2
L1,MEMORY,MEMORY,L2,L2,L2,5	2
L1,MEMORY,MEMORY,ZERO,ZERO,ZERO,0	445
L1,MEMORY,MEMORY,ZERO,ZERO,ZERO,1	453
L1,MEMORY,MEMORY,ZERO,ZERO,ZERO,2	484
L1,MEMORY,L1,ZERO,ZERO,ZERO,0	6
L1,MEMORY,L1,ZERO,ZERO,ZERO,1	6
L1,MEMORY,L1,ZERO,ZERO,ZERO,2	5
L1,MEMORY,L2,ZERO,ZERO,ZERO,0	29
L1,MEMORY,L2,ZERO,ZERO,ZERO,1	27
L1,MEMORY,L2,ZERO,ZERO,ZERO,2	22
L1,MEMORY,LLC,L1,ZERO,ZERO,3	1
L1,MEMORY,LLC,ZERO,ZERO,ZERO,0	256
L1,MEMORY,LLC,ZERO,ZERO,ZERO,1	284
L1,MEMORY,LLC,ZERO,ZERO,ZERO,2	312
L1,L1,MEMORY,ZERO,ZERO,ZERO,0	3
L1,L1,MEMORY,ZERO,ZERO,ZERO,1	8
L1,L1,MEMORY,ZERO,ZERO,ZERO,2	7
L1,L1,L1,L1,L1,L1,4	15086
L1,L1,L1,L1,L1,L1,5	7249
L1,L1,L1,L1,L1,L2,4	96
L1,L1,L1,L1,L1,L2,5	12
L1,L1,L1,L1,L2,L1,4	2
L1,L1,L1,L1,L2,L1,5	9
L1,L1,L1,L1,L2,L2,4	1
L1,L1,L1,L1,L2,L2,5	4
L1,L1,L1,L1,ZERO,ZERO,0	1
L1,L1,L1,L1,ZERO,ZERO,3	6694
L1,L1,L1,L2,L1,L1,4	142
L1,L1,L1,L2,L1,L1,5	126
L1,L1,L1,L2,L1,L2,4	195
L1,L1,L1,L2,L1,L2,5	31
L1,L1,L1,L2,L2,L1,4	2
L1,L1,L1,L2,L2,L1,5	3
L1,L1,L1,L2,L2,L2,4	1
L1,L1,L1,L2,L2,L2,5	28
L1,L1,L1,ZERO,ZERO,ZERO,0	3106904
L1,L1,L1,ZERO,ZERO,ZERO,1	2985075
L1,L1,L1,ZERO,ZERO,ZERO,2	3131559
L1,L1,L2,L1,L1,L1,4	321
L1,L1,L2,L1,L1,L1,5	732
L1,L1,L2,L1,L1,L2,4	1
L1,L1,L2,L1,L1,L2,5	7
L1,L1,L2,L1,L2,L1,4	2
L1,L1,L2,L1,L2,L1,5	5
L1,L1,L2,L1,L2,L2,5	10
L1,L1,L2,L1,LLC,L1,5	1
L1,L1,L2,L1,ZERO,ZERO,0	1
L1,L1,L2,L1,ZERO,ZERO,3	288
L1,L1,L2,L2,L1,L1,4	6
L1,L1,L2,L2,L1,L1,5	16
L1,L1,L2,L2,L1,L2,5	6
L1,L1,L2,L2,L2,L1,4	2
L1,L1,L2,L2,L2,L1,5	2
L1,L1,L2,L2,L2,L2,5	11
L1,L1,L2,ZERO,ZERO,ZERO,0	214477
L1,L1,L2,ZERO,ZERO,ZERO,1	230806
L1,L1,L2,ZERO,ZERO,ZERO,2	229420
L1,L1,LLC,L1,L1,L1,4	1
L1,L1,LLC,ZERO,ZERO,ZERO,0	102
L1,L1,LLC,ZERO,ZERO,ZERO,1	121
L1,L1,LLC,ZERO,ZERO,ZERO,2	90
L1,L2,MEMORY,ZERO,ZERO,ZERO,0	18
L1,L2,MEMORY,ZERO,ZERO,ZERO,1	34
L1,L2,MEMORY,ZERO,ZERO,ZERO,2	22
L1,L2,L1,MEMORY,L1,L2,5	1
L1,L2,L1,L1,L1,L1,4	771
L1,L2,L1,L1,L1,L1,5	457
L1,L2,L1,L1,L1,L2,4	182
L1,L2,L1,L1,L1,L2,5	1
L1,L2,L1,L1,L2,L1,5	1
L1,L2,L1,L1,L2,L2,4	2
L1,L2,L1,L1,L2,L2,5	8
L1,L2,L1,L1,LLC,L1,5	1
L1,L2,L1,L1,ZERO,ZERO,3	464
L1,L2,L1,L2,L1,L1,4	317
L1,L2,L1,L2,L1,L1,5	21
L1,L2,L1,L2,L1,L2,4	445
L1,L2,L1,L2,L1,L2,5	3
L1,L2,L1,L2,L2,L1,5	5
L1,L2,L1,L2,L2,L2,4	1
L1,L2,L1,L2,L2,L2,5	11
L1,L2,L1,L2,ZERO,ZERO,3	1
L1,L2,L1,ZERO,ZERO,ZERO,0	212966
L1,L2,L1,ZERO,ZERO,ZERO,1	231472
L1,L2,L1,ZERO,ZERO,ZERO,2	228851
L1,L2,L2,L1,L1,L1,4	1374
L1,L2,L2,L1,L1,L1,5	491
L1,L2,L2,L1,L1,L2,5	13
L1,L2,L2,L1,L2,L1,5	4
L1,L2,L2,L1,L2,L2,4	7
L1,L2,L2,L1,L2,L2,5	37
L1,L2,L2,L1,LLC,LLC,5	1
L1,L2,L2,L1,ZERO,ZERO,2	6
L1,L2,L2,L1,ZERO,ZERO,3	355
L1,L2,L2,L2,L1,L1,4	4
L1,L2,L2,L2,L1,L1,5	17
L1,L2,L2,L2,L1,L2,4	3
L1,L2,L2,L2,L1,L2,5	6
L1,L2,L2,L2,L1,LLC,5	1
L1,L2,L2,L2,L2,L1,4	7
L1,L2,L2,L2,L2,L1,5	12
L1,L2,L2,L2,L2,L2,4	13
L1,L2,L2,L2,L2,L2,5	22
L1,L2,L2,L2,ZERO,ZERO,2	7
L1,L2,L2,L2,ZERO,ZERO,3	15
L1,L2,L2,ZERO,ZERO,ZERO,0	381505
L1,L2,L2,ZERO,ZERO,ZERO,1	422781
L1,L2,L2,ZERO,ZERO,ZERO,2	425673
L1,L2,LLC,L1,L1,L1,4	1
L1,L2,LLC,LLC,L2,L2,4	1
L1,L2,LLC,ZERO,ZERO,ZERO,0	1165
L1,L2,LLC,ZERO,ZERO,ZERO,1	1218
L1,L2,LLC,ZERO,ZERO,ZERO,2	1440
L1,LLC,MEMORY,L1,L1,L1,5	1
L1,LLC,MEMORY,ZERO,ZERO,ZERO,0	207
L1,LLC,MEMORY,ZERO,ZERO,ZERO,1	247
L1,LLC,MEMORY,ZERO,ZERO,ZERO,2	394
L1,LLC,L1,L1,L1,L1,4	1
L1,LLC,L1,L1,L2,L2,4	1
L1,LLC,L1,ZERO,ZERO,ZERO,0	114
L1,LLC,L1,ZERO,ZERO,ZERO,1	115
L1,LLC,L1,ZERO,ZERO,ZERO,2	110
L1,LLC,L2,L1,L1,L1,4	2
L1,LLC,L2,L1,L1,L1,5	1
L1,LLC,L2,L1,L2,L2,5	1
L1,LLC,L2,L2,L2,L2,4	2
L1,LLC,L2,L2,L2,L2,5	2
L1,LLC,L2,ZERO,ZERO,ZERO,0	1121
L1,LLC,L2,ZERO,ZERO,ZERO,1	1274
L1,LLC,L2,ZERO,ZERO,ZERO,2	1287
L1,LLC,LLC,L1,L1,L1,4	1
L1,LLC,LLC,L1,L1,L1,5	4
L1,LLC,LLC,L1,ZERO,ZERO,3	1
L1,LLC,LLC,ZERO,ZERO,ZERO,0	1775
L1,LLC,LLC,ZERO,ZERO,ZERO,1	2017
L1,LLC,LLC,ZERO,ZERO,ZERO,2	2944
L2,MEMORY,MEMORY,L1,L1,L1,4	24
L2,MEMORY,MEMORY,L1,L1,L1,5	27
L2,MEMORY,MEMORY,L1,ZERO,ZERO,3	19
L2,MEMORY,MEMORY,L2,L1,L1,5	1
L2,MEMORY,MEMORY,L2,L2,L2,4	1
L2,MEMORY,MEMORY,LLC,LLC,LLC,5	1
L2,MEMORY,MEMORY,ZERO,ZERO,ZERO,0	10163
L2,MEMORY,MEMORY,ZERO,ZERO,ZERO,1	11456
L2,MEMORY,MEMORY,ZERO,ZERO,ZERO,2	11742
L2,MEMORY,L1,L1,L1,L1,5	1
L2,MEMORY,L1,ZERO,ZERO,ZERO,0	21
L2,MEMORY,L1,ZERO,ZERO,ZERO,1	17
L2,MEMORY,L1,ZERO,ZERO,ZERO,2	24
L2,MEMORY,L2,L1,L1,L1,5	2
L2,MEMORY,L2,L2,L2,L2,5	2
L2,MEMORY,L2,LLC,L2,L2,4	1
L2,MEMORY,L2,ZERO,ZERO,ZERO,0	3866
L2,MEMORY,L2,ZERO,ZERO,ZERO,1	4822
L2,MEMORY,L2,ZERO,ZERO,ZERO,2	4919
L2,MEMORY,LLC,L1,L1,L1,5	3
L2,MEMORY,LLC,L2,L2,L2,5	1
L2,MEMORY,LLC,L2,L2,LLC,5	1
L2,MEMORY,LLC,L2,ZERO,ZERO,3	1
L2,MEMORY,LLC,ZERO,ZERO,ZERO,0	7323
L2,MEMORY,LLC,ZERO,ZERO,ZERO,1	8266
L2,MEMORY,LLC,ZERO,ZERO,ZERO,2	8679
L2,L1,MEMORY,ZERO,ZERO,ZERO,0	22
L2,L1,MEMORY,ZERO,ZERO,ZERO,1	34
L2,L1,MEMORY,ZERO,ZERO,ZERO,2	31
L2,L1,L1,L1,L1,L1,4	284
L2,L1,L1,L1,L1,L1,5	512
L2,L1,L1,L1,L1,L2,4	1
L2,L1,L1,L1,L1,L2,5	4
L2,L1,L1,L1,L2,L1,4	3
L2,L1,L1,L1,L2,L1,5	4
L2,L1,L1,L1,L2,L2,4	1
L2,L1,L1,L1,L2,L2,5	6
L2,L1,L1,L1,ZERO,ZERO,3	528
L2,L1,L1,L2,L1,L1,4	9
L2,L1,L1,L2,L1,L1,5	35
L2,L1,L1,L2,L1,L2,5	5
L2,L1,L1,L2,L2,L1,4	4
L2,L1,L1,L2,L2,L1,5	6
L2,L1,L1,L2,L2,L2,4	7
L2,L1,L1,L2,L2,L2,5	13
L2,L1,L1,L2,ZERO,ZERO,3	5
L2,L1,L1,ZERO,ZERO,ZERO,0	225594
L2,L1,L1,ZERO,ZERO,ZERO,1	236783
L2,L1,L1,ZERO,ZERO,ZERO,2	229989
L2,L1,L2,L1,L1,L1,4	299
L2,L1,L2,L1,L1,L1,5	261
L2,L1,L2,L1,L1,L2,4	2
L2,L1,L2,L1,L1,L2,5	4
L2,L1,L2,L1,L2,L1,4	1
L2,L1,L2,L1,L2,L1,5	1
L2,L1,L2,L1,L2,L2,4	8
L2,L1,L2,L1,L2,L2,5	3
L2,L1,L2,L1,ZERO,ZERO,0	2
L2,L1,L2,L1,ZERO,ZERO,2	2
L2,L1,L2,L1,ZERO,ZERO,3	331
L2,L1,L2,L2,L1,L1,4	1
L2,L1,L2,L2,L1,L1,5	9
L2,L1,L2,L2,L1,L2,5	6
L2,L1,L2,L2,L2,L1,4	2
L2,L1,L2,L2,L2,L1,5	4
L2,L1,L2,L2,L2,L2,4	3
L2,L1,L2,L2,L2,L2,5	23
L2,L1,L2,L2,ZERO,ZERO,2	4
L2,L1,L2,L2,ZERO,ZERO,3	18
L2,L1,L2,ZERO,ZERO,ZERO,0	374518
L2,L1,L2,ZERO,ZERO,ZERO,1	425890
L2,L1,L2,ZERO,ZERO,ZERO,2	419697
L2,L1,LLC,L1,L1,L1,4	2
L2,L1,LLC,L1,L1,L1,5	2
L2,L1,LLC,ZERO,ZERO,ZERO,0	1180
L2,L1,LLC,ZERO,ZERO,ZERO,1	1269
L2,L1,LLC,ZERO,ZERO,ZERO,2	1465
L2,L2,MEMORY,L1,L1,L1,5	1
L2,L2,MEMORY,L2,L2,L2,4	1
L2,L2,MEMORY,L2,L2,L2,5	1
L2,L2,MEMORY,L2,L2,LLC,5	1
L2,L2,MEMORY,LLC,L2,L2,5	1
L2,L2,MEMORY,LLC,ZERO,ZERO,3	1
L2,L2,MEMORY,ZERO,ZERO,ZERO,0	3629
L2,L2,MEMORY,ZERO,ZERO,ZERO,1	4944
L2,L2,MEMORY,ZERO,ZERO,ZERO,2	4974
L2,L2,L1,L1,L1,L1,4	290
L2,L2,L1,L1,L1,L1,5	302
L2,L2,L1,L1,L1,L2,4	1
L2,L2,L1,L1,L1,L2,5	6
L2,L2,L1,L1,L2,L1,4	1
L2,L2,L1,L1,L2,L1,5	5
L2,L2,L1,L1,L2,L2,4	1
L2,L2,L1,L1,L2,L2,5	12
L2,L2,L1,L1,ZERO,ZERO,0	1
L2,L2,L1,L1,ZERO,ZERO,2	1
L2,L2,L1,L1,ZERO,ZERO,3	621
L2,L2,L1,L2,L1,L1,4	1
L2,L2,L1,L2,L1,L1,5	16
L2,L2,L1,L2,L1,L2,5	6
L2,L2,L1,L2,L2,L1,4	1
L2,L2,L1,L2,L2,L1,5	4
L2,L2,L1,L2,L2,L2,4	4
L2,L2,L1,L2,L2,L2,5	13
L2,L2,L1,L2,L2,LLC,4	1
L2,L2,L1,L2,ZERO,ZERO,2	3
L2,L2,L1,L2,ZERO,ZERO,3	28
L2,L2,L1,ZERO,ZERO,ZERO,0	346590
L2,L2,L1,ZERO,ZERO,ZERO,1	434670
L2,L2,L1,ZERO,ZERO,ZERO,2	422733
L2,L2,L2,MEMORY,MEMORY,MEMORY,0	1
L2,L2,L2,MEMORY,L2,L2,4	2
L2,L2,L2,MEMORY,L2,L2,5	7
L2,L2,L2,MEMORY,L2,LLC,5	1
L2,L2,L2,MEMORY,ZERO,ZERO,3	1
L2,L2,L2,L1,L1,L1,4	2708
L2,L2,L2,L1,L1,L1,5	1364
L2,L2,L2,L1,L1,L2,4	3
L2,L2,L2,L1,L1,L2,5	16
L2,L2,L2,L1,L2,L1,4	14
L2,L2,L2,L1,L2,L1,5	6
L2,L2,L2,L1,L2,L2,4	45
L2,L2,L2,L1,L2,L2,5	47
L2,L2,L2,L1,ZERO,ZERO,1	1
L2,L2,L2,L1,ZERO,ZERO,2	33
L2,L2,L2,L1,ZERO,ZERO,3	1202
L2,L2,L2,L2,MEMORY,L2,4	4
L2,L2,L2,L2,MEMORY,L2,5	4
L2,L2,L2,L2,MEMORY,LLC,5	2
L2,L2,L2,L2,L1,L1,4	26
L2,L2,L2,L2,L1,L1,5	24
L2,L2,L2,L2,L1,L2,4	20
L2,L2,L2,L2,L1,L2,5	32
L2,L2,L2,L2,L2,MEMORY,5	2
L2,L2,L2,L2,L2,L1,4	50
L2,L2,L2,L2,L2,L1,5	22
L2,L2,L2,L2,L2,L2,4	765
L2,L2,L2,L2,L2,L2,5	1797
L2,L2,L2,L2,L2,LLC,4	51
L2,L2,L2,L2,L2,LLC,5	48
L2,L2,L2,L2,LLC,L2,4	37
L2,L2,L2,L2,LLC,L2,5	70
L2,L2,L2,L2,LLC,LLC,4	23
L2,L2,L2,L2,LLC,LLC,5	9
L2,L2,L2,L2,ZERO,ZERO,0	11
L2,L2,L2,L2,ZERO,ZERO,2	150
L2,L2,L2,L2,ZERO,ZERO,3	511
L2,L2,L2,LLC,L2,L2,4	35
L2,L2,L2,LLC,L2,L2,5	38
L2,L2,L2,LLC,L2,LLC,4	10
L2,L2,L2,LLC,L2,LLC,5	14
L2,L2,L2,LLC,LLC,L2,4	15
L2,L2,L2,LLC,LLC,L2,5	8
L2,L2,L2,LLC,LLC,LLC,4	3
L2,L2,L2,LLC,LLC,LLC,5	3
L2,L2,L2,LLC,ZERO,ZERO,0	9
L2,L2,L2,LLC,ZERO,ZERO,3	82
L2,L2,L2,ZERO,ZERO,ZERO,0	5245550
L2,L2,L2,ZERO,ZERO,ZERO,1	6247736
L2,L2,L2,ZERO,ZERO,ZERO,2	6171822
L2,L2,LLC,MEMORY,L2,L2,5	1
L2,L2,LLC,MEMORY,LLC,L2,5	1
L2,L2,LLC,L1,L1,L1,4	88
L2,L2,LLC,L1,L1,L1,5	116
L2,L2,LLC,L1,L1,L2,4	2
L2,L2,LLC,L1,L2,L1,4	1
L2,L2,LLC,L1,L2,L1,5	1
L2,L2,LLC,L1,L2,L2,4	4
L2,L2,LLC,L1,L2,L2,5	4
L2,L2,LLC,L1,ZERO,ZERO,2	1
L2,L2,LLC,L1,ZERO,ZERO,3	66
L2,L2,LLC,L2,MEMORY,L2,5	5
L2,L2,LLC,L2,L1,L1,5	2
L2,L2,LLC,L2,L1,L2,4	4
L2,L2,LLC,L2,L1,L2,5	2
L2,L2,LLC,L2,L2,L1,5	3
L2,L2,LLC,L2,L2,L2,4	58
L2,L2,LLC,L2,L2,L2,5	195
L2,L2,LLC,L2,L2,LLC,4	24
L2,L2,LLC,L2,L2,LLC,5	15
L2,L2,LLC,L2,LLC,L2,4	13
L2,L2,LLC,L2,LLC,L2,5	28
L2,L2,LLC,L2,LLC,LLC,4	12
L2,L2,LLC,L2,LLC,LLC,5	9
L2,L2,LLC,L2,ZERO,ZERO,0	5
L2,L2,LLC,L2,ZERO,ZERO,2	1
L2,L2,LLC,L2,ZERO,ZERO,3	67
L2,L2,LLC,LLC,L2,L2,4	11
L2,L2,LLC,LLC,L2,L2,5	17
L2,L2,LLC,LLC,L2,LLC,4	6
L2,L2,LLC,LLC,L2,LLC,5	5
L2,L2,LLC,LLC,LLC,L2,4	4
L2,L2,LLC,LLC,LLC,L2,5	5
L2,L2,LLC,LLC,LLC,LLC,4	11
L2,L2,LLC,LLC,LLC,LLC,5	1
L2,L2,LLC,LLC,ZERO,ZERO,3	35
L2,L2,LLC,ZERO,ZERO,ZERO,0	220607
L2,L2,LLC,ZERO,ZERO,ZERO,1	242701
L2,L2,LLC,ZERO,ZERO,ZERO,2	241240
L2,LLC,MEMORY,L1,L1,L1,4	1
L2,LLC,MEMORY,L1,L1,L1,5	2
L2,LLC,MEMORY,L1,L2,L2,4	1
L2,LLC,MEMORY,L1,ZERO,ZERO,3	1
L2,LLC,MEMORY,L2,L2,LLC,4	1
L2,LLC,MEMORY,ZERO,ZERO,ZERO,0	6903
L2,LLC,MEMORY,ZERO,ZERO,ZERO,1	8103
L2,LLC,MEMORY,ZERO,ZERO,ZERO,2	8191
L2,LLC,L1,L1,L1,L1,4	1
L2,LLC,L1,L1,L1,L1,5	1
L2,LLC,L1,L1,L1,L2,4	1
L2,LLC,L1,L2,L2,L2,4	1
L2,LLC,L1,ZERO,ZERO,ZERO,0	1163
L2,LLC,L1,ZERO,ZERO,ZERO,1	1331
L2,LLC,L1,ZERO,ZERO,ZERO,2	1217
L2,LLC,L2,MEMORY,L2,L2,5	1
L2,LLC,L2,MEMORY,ZERO,ZERO,3	1
L2,LLC,L2,L1,L1,L1,4	116
L2,LLC,L2,L1,L1,L1,5	109
L2,LLC,L2,L1,L1,L2,4	2
L2,LLC,L2,L1,L2,L1,4	1
L2,LLC,L2,L1,L2,L1,5	4
L2,LLC,L2,L1,L2,L2,4	7
L2,LLC,L2,L1,L2,L2,5	4
L2,LLC,L2,L1,LLC,L2,4	1
L2,LLC,L2,L1,ZERO,ZERO,3	60
L2,LLC,L2,L2,MEMORY,L2,4	1
L2,LLC,L2,L2,MEMORY,L2,5	2
L2,LLC,L2,L2,MEMORY,LLC,4	1
L2,LLC,L2,L2,L1,L1,5	2
L2,LLC,L2,L2,L1,L2,4	1
L2,LLC,L2,L2,L1,L2,5	4
L2,LLC,L2,L2,L2,L1,5	3
L2,LLC,L2,L2,L2,L2,4	73
L2,LLC,L2,L2,L2,L2,5	192
L2,LLC,L2,L2,L2,LLC,4	20
L2,LLC,L2,L2,L2,LLC,5	18
L2,LLC,L2,L2,LLC,L2,4	5
L2,LLC,L2,L2,LLC,L2,5	20
L2,LLC,L2,L2,LLC,LLC,4	9
L2,LLC,L2,L2,LLC,LLC,5	10
L2,LLC,L2,L2,ZERO,ZERO,0	3
L2,LLC,L2,L2,ZERO,ZERO,3	92
L2,LLC,L2,LLC,L2,L2,4	5
L2,LLC,L2,LLC,L2,L2,5	15
L2,LLC,L2,LLC,L2,LLC,4	9
L2,LLC,L2,LLC,L2,LLC,5	4
L2,LLC,L2,LLC,LLC,L2,4	1
L2,LLC,L2,LLC,LLC,L2,5	7
L2,LLC,L2,LLC,LLC,LLC,4	8
L2,LLC,L2,LLC,LLC,LLC,5	10
L2,LLC,L2,LLC,ZERO,ZERO,0	1
L2,LLC,L2,LLC,ZERO,ZERO,3	53
L2,LLC,L2,ZERO,ZERO,ZERO,0	216442
L2,LLC,L2,ZERO,ZERO,ZERO,1	242093
L2,LLC,L2,ZERO,ZERO,ZERO,2	235051
L2,LLC,LLC,MEMORY,L2,L2,5	2
L2,LLC,LLC,MEMORY,LLC,L2,5	1
L2,LLC,LLC,L1,L1,L1,4	80
L2,LLC,LLC,L1,L1,L1,5	118
L2,LLC,LLC,L1,L2,L1,4	1
L2,LLC,LLC,L1,L2,L1,5	5
L2,LLC,LLC,L1,L2,L2,4	7
L2,LLC,LLC,L1,L2,L2,5	6
L2,LLC,LLC,L1,ZERO,ZERO,3	40
L2,LLC,LLC,L2,MEMORY,L2,5	1
L2,LLC,LLC,L2,L1,L1,4	2
L2,LLC,LLC,L2,L1,L1,5	6
L2,LLC,LLC,L2,L1,L2,4	3
L2,LLC,LLC,L2,L1,L2,5	3
L2,LLC,LLC,L2,L2,L1,5	4
L2,LLC,LLC,L2,L2,L2,4	31
L2,LLC,LLC,L2,L2,L2,5	53
L2,LLC,LLC,L2,L2,LLC,4	16
L2,LLC,LLC,L2,L2,LLC,5	18
L2,LLC,LLC,L2,LLC,L2,4	9
L2,LLC,LLC,L2,LLC,L2,5	19
L2,LLC,LLC,L2,LLC,LLC,4	15
L2,LLC,LLC,L2,LLC,LLC,5	11
L2,LLC,LLC,L2,ZERO,ZERO,3	36
L2,LLC,LLC,LLC,L2,L2,4	2
L2,LLC,LLC,LLC,L2,L2,5	11
L2,LLC,LLC,LLC,L2,LLC,4	11
L2,LLC,LLC,LLC,L2,LLC,5	12
L2,LLC,LLC,LLC,LLC,MEMORY,4	1
L2,LLC,LLC,LLC,LLC,MEMORY,5	1
L2,LLC,LLC,LLC,LLC,L2,4	5
L2,LLC,LLC,LLC,LLC,L2,5	27
L2,LLC,LLC,LLC,LLC,LLC,4	34
L2,LLC,LLC,LLC,LLC,LLC,5	25
L2,LLC,LLC,LLC,ZERO,ZERO,2	2
L2,LLC,LLC,LLC,ZERO,ZERO,3	62
L2,LLC,LLC,ZERO,ZERO,ZERO,0	191967
L2,LLC,LLC,ZERO,ZERO,ZERO,1	210586
L2,LLC,LLC,ZERO,ZERO,ZERO,2	216284
LLC,MEMORY,MEMORY,MEMORY,MEMORY,MEMORY,4	1
LLC,MEMORY,MEMORY,MEMORY,MEMORY,MEMORY,5	1
LLC,MEMORY,MEMORY,MEMORY,MEMORY,LLC,4	2
LLC,MEMORY,MEMORY,MEMORY,MEMORY,LLC,5	3
LLC,MEMORY,MEMORY,MEMORY,LLC,LLC,5	1
LLC,MEMORY,MEMORY,MEMORY,ZERO,ZERO,3	1
LLC,MEMORY,MEMORY,L1,L1,L1,4	49
LLC,MEMORY,MEMORY,L1,L1,L1,5	68
LLC,MEMORY,MEMORY,L1,ZERO,ZERO,0	1
LLC,MEMORY,MEMORY,L1,ZERO,ZERO,3	30
LLC,MEMORY,MEMORY,L2,L1,L1,5	1
LLC,MEMORY,MEMORY,L2,L1,L2,5	1
LLC,MEMORY,MEMORY,L2,L2,L1,5	1
LLC,MEMORY,MEMORY,L2,L2,L2,5	7
LLC,MEMORY,MEMORY,L2,LLC,L2,4	1
LLC,MEMORY,MEMORY,L2,ZERO,ZERO,3	1
LLC,MEMORY,MEMORY,LLC,MEMORY,MEMORY,4	2
LLC,MEMORY,MEMORY,LLC,MEMORY,LLC,5	1
LLC,MEMORY,MEMORY,LLC,LLC,MEMORY,5	2
LLC,MEMORY,MEMORY,LLC,LLC,LLC,4	4
LLC,MEMORY,MEMORY,LLC,LLC,LLC,5	14
LLC,MEMORY,MEMORY,LLC,ZERO,ZERO,3	5
LLC,MEMORY,MEMORY,ZERO,ZERO,ZERO,0	260219
LLC,MEMORY,MEMORY,ZERO,ZERO,ZERO,1	279679
LLC,MEMORY,MEMORY,ZERO,ZERO,ZERO,2	291587
LLC,MEMORY,L1,L1,L1,L1,5	1
LLC,MEMORY,L1,ZERO,ZERO,ZERO,0	263
LLC,MEMORY,L1,ZERO,ZERO,ZERO,1	234
LLC,MEMORY,L1,ZERO,ZERO,ZERO,2	249
LLC,MEMORY,L2,L1,L1,L1,4	1
LLC,MEMORY,L2,L1,L1,L1,5	2
LLC,MEMORY,L2,L2,L2,L2,5	1
LLC,MEMORY,L2,ZERO,ZERO,ZERO,0	7663
LLC,MEMORY,L2,ZERO,ZERO,ZERO,1	8035
LLC,MEMORY,L2,ZERO,ZERO,ZERO,2	7656
LLC,MEMORY,LLC,MEMORY,MEMORY,MEMORY,5	1
LLC,MEMORY,LLC,MEMORY,MEMORY,LLC,4	1
LLC,MEMORY,LLC,MEMORY,LLC,MEMORY,5	1
LLC,MEMORY,LLC,MEMORY,LLC,LLC,4	5
LLC,MEMORY,LLC,MEMORY,LLC,LLC,5	9
LLC,MEMORY,LLC,MEMORY,ZERO,ZERO,2	1
LLC,MEMORY,LLC,MEMORY,ZERO,ZERO,3	1
LLC,MEMORY,LLC,L1,L1,L1,4	679
LLC,MEMORY,LLC,L1,L1,L1,5	45
LLC,MEMORY,LLC,L1,L2,L2,4	1
LLC,MEMORY,LLC,L1,ZERO,ZERO,2	16
LLC,MEMORY,LLC,L1,ZERO,ZERO,3	36
LLC,MEMORY,LLC,L2,L1,L1,4	10
LLC,MEMORY,LLC,L2,L2,L1,5	1
LLC,MEMORY,LLC,L2,L2,L2,5	1
LLC,MEMORY,LLC,L2,ZERO,ZERO,3	3
LLC,MEMORY,LLC,LLC,MEMORY,MEMORY,4	1
LLC,MEMORY,LLC,LLC,MEMORY,MEMORY,5	4
LLC,MEMORY,LLC,LLC,MEMORY,LLC,4	6
LLC,MEMORY,LLC,LLC,MEMORY,LLC,5	8
LLC,MEMORY,LLC,LLC,LLC,MEMORY,4	5
LLC,MEMORY,LLC,LLC,LLC,MEMORY,5	15
LLC,MEMORY,LLC,LLC,LLC,LLC,4	58
LLC,MEMORY,LLC,LLC,LLC,LLC,5	190
LLC,MEMORY,LLC,LLC,ZERO,ZERO,0	14
LLC,MEMORY,LLC,LLC,ZERO,ZERO,2	39
LLC,MEMORY,LLC,LLC,ZERO,ZERO,3	69
LLC,MEMORY,LLC,ZERO,ZERO,ZERO,0	330488
LLC,MEMORY,LLC,ZERO,ZERO,ZERO,1	338874
LLC,MEMORY,LLC,ZERO,ZERO,ZERO,2	356445
LLC,L1,MEMORY,ZERO,ZERO,ZERO,0	259
LLC,L1,MEMORY,ZERO,ZERO,ZERO,1	255
LLC,L1,MEMORY,ZERO,ZERO,ZERO,2	269
LLC,L1,L1,L1,L1,L1,4	4
LLC,L1,L1,L1,L1,L1,5	1
LLC,L1,L1,ZERO,ZERO,ZERO,0	103
LLC,L1,L1,ZERO,ZERO,ZERO,1	110
LLC,L1,L1,ZERO,ZERO,ZERO,2	120
LLC,L1,L2,L1,L1,L1,4	1
LLC,L1,L2,L1,L1,L1,5	4
LLC,L1,L2,L1,ZERO,ZERO,3	1
LLC,L1,L2,LLC,LLC,LLC,4	1
LLC,L1,L2,ZERO,ZERO,ZERO,0	1127
LLC,L1,L2,ZERO,ZERO,ZERO,1	1322
LLC,L1,L2,ZERO,ZERO,ZERO,2	1408
LLC,L1,LLC,L1,L1,L1,4	1
LLC,L1,LLC,ZERO,ZERO,ZERO,0	2259
LLC,L1,LLC,ZERO,ZERO,ZERO,1	1877
LLC,L1,LLC,ZERO,ZERO,ZERO,2	2131
LLC,L2,MEMORY,L1,L1,L1,4	4
LLC,L2,MEMORY,L1,L1,L1,5	3
LLC,L2,MEMORY,L1,ZERO,ZERO,3	1
LLC,L2,MEMORY,L2,ZERO,ZERO,3	2
LLC,L2,MEMORY,LLC,MEMORY,L2,5	1
LLC,L2,MEMORY,LLC,ZERO,ZERO,3	1
LLC,L2,MEMORY,ZERO,ZERO,ZERO,0	7548
LLC,L2,MEMORY,ZERO,ZERO,ZERO,1	7467
LLC,L2,MEMORY,ZERO,ZERO,ZERO,2	8362
LLC,L2,L1,L1,ZERO,ZERO,3	1
LLC,L2,L1,ZERO,ZERO,ZERO,0	1128
LLC,L2,L1,ZERO,ZERO,ZERO,1	1360
LLC,L2,L1,ZERO,ZERO,ZERO,2	1262
LLC,L2,L2,L1,L1,L1,4	110
LLC,L2,L2,L1,L1,L1,5	110
LLC,L2,L2,L1,L1,L2,4	1
LLC,L2,L2,L1,L2,L1,4	2
LLC,L2,L2,L1,L2,L1,5	3
LLC,L2,L2,L1,L2,L2,4	5
LLC,L2,L2,L1,L2,L2,5	2
LLC,L2,L2,L1,ZERO,ZERO,2	3
LLC,L2,L2,L1,ZERO,ZERO,3	51
LLC,L2,L2,L2,MEMORY,L2,5	1
LLC,L2,L2,L2,L1,L1,4	1
LLC,L2,L2,L2,L1,L1,5	4
LLC,L2,L2,L2,L1,L2,4	5
LLC,L2,L2,L2,L1,L2,5	1
LLC,L2,L2,L2,L2,L1,4	1
LLC,L2,L2,L2,L2,L1,5	1
LLC,L2,L2,L2,L2,L2,4	55
LLC,L2,L2,L2,L2,L2,5	149
LLC,L2,L2,L2,L2,LLC,4	18
LLC,L2,L2,L2,L2,LLC,5	20
LLC,L2,L2,L2,LLC,MEMORY,5	1
LLC,L2,L2,L2,LLC,L2,4	13
LLC,L2,L2,L2,LLC,L2,5	19
LLC,L2,L2,L2,LLC,LLC,4	8
LLC,L2,L2,L2,LLC,LLC,5	15
LLC,L2,L2,L2,ZERO,ZERO,0	1
LLC,L2,L2,L2,ZERO,ZERO,2	7
LLC,L2,L2,L2,ZERO,ZERO,3	46
LLC,L2,L2,LLC,L2,L2,4	8
LLC,L2,L2,LLC,L2,L2,5	16
LLC,L2,L2,LLC,L2,LLC,4	5
LLC,L2,L2,LLC,L2,LLC,5	7
LLC,L2,L2,LLC,LLC,L2,4	3
LLC,L2,L2,LLC,LLC,L2,5	8
LLC,L2,L2,LLC,LLC,LLC,4	9
LLC,L2,L2,LLC,LLC,LLC,5	9
LLC,L2,L2,LLC,ZERO,ZERO,3	32
LLC,L2,L2,ZERO,ZERO,ZERO,0	218946
LLC,L2,L2,ZERO,ZERO,ZERO,1	243130
LLC,L2,L2,ZERO,ZERO,ZERO,2	246430
LLC,L2,LLC,MEMORY,L2,MEMORY,5	1
LLC,L2,LLC,L1,L1,L1,4	102
LLC,L2,LLC,L1,L1,L1,5	101
LLC,L2,LLC,L1,L1,L2,4	1
LLC,L2,LLC,L1,L2,L1,5	2
LLC,L2,LLC,L1,L2,L2,4	6
LLC,L2,LLC,L1,L2,L2,5	1
LLC,L2,LLC,L1,L2,LLC,5	1
LLC,L2,LLC,L1,ZERO,ZERO,3	67
LLC,L2,LLC,L2,L1,L1,5	1
LLC,L2,LLC,L2,L1,L2,4	1
LLC,L2,LLC,L2,L1,L2,5	4
LLC,L2,LLC,L2,L2,L1,4	1
LLC,L2,LLC,L2,L2,L1,5	6
LLC,L2,LLC,L2,L2,L2,4	37
LLC,L2,LLC,L2,L2,L2,5	51
LLC,L2,LLC,L2,L2,LLC,4	11
LLC,L2,LLC,L2,L2,LLC,5	15
LLC,L2,LLC,L2,LLC,L2,4	8
LLC,L2,LLC,L2,LLC,L2,5	8
LLC,L2,LLC,L2,LLC,LLC,4	13
LLC,L2,LLC,L2,LLC,LLC,5	13
LLC,L2,LLC,L2,ZERO,ZERO,2	1
LLC,L2,LLC,L2,ZERO,ZERO,3	42
LLC,L2,LLC,LLC,MEMORY,L2,5	1
LLC,L2,LLC,LLC,L2,L2,4	10
LLC,L2,LLC,LLC,L2,L2,5	4
LLC,L2,LLC,LLC,L2,LLC,4	6
LLC,L2,LLC,LLC,L2,LLC,5	8
LLC,L2,LLC,LLC,LLC,L2,4	7
LLC,L2,LLC,LLC,LLC,L2,5	13
LLC,L2,LLC,LLC,LLC,LLC,4	20
LLC,L2,LLC,LLC,LLC,LLC,5	28
LLC,L2,LLC,LLC,ZERO,ZERO,0	1
LLC,L2,LLC,LLC,ZERO,ZERO,3	43
LLC,L2,LLC,ZERO,ZERO,ZERO,0	203849
LLC,L2,LLC,ZERO,ZERO,ZERO,1	203770
LLC,L2,LLC,ZERO,ZERO,ZERO,2	217708
LLC,LLC,MEMORY,MEMORY,MEMORY,LLC,5	5
LLC,LLC,MEMORY,MEMORY,LLC,MEMORY,5	3
LLC,LLC,MEMORY,MEMORY,LLC,LLC,4	5
LLC,LLC,MEMORY,MEMORY,LLC,LLC,5	3
LLC,LLC,MEMORY,MEMORY,ZERO,ZERO,0	1
LLC,LLC,MEMORY,L1,L1,L1,4	508
LLC,LLC,MEMORY,L1,L1,L1,5	35
LLC,LLC,MEMORY,L1,ZERO,ZERO,2	14
LLC,LLC,MEMORY,L1,ZERO,ZERO,3	236
LLC,LLC,MEMORY,L2,L1,L1,4	28
LLC,LLC,MEMORY,L2,L2,L2,4	4
LLC,LLC,MEMORY,L2,L2,L2,5	4
LLC,LLC,MEMORY,L2,L2,LLC,5	1
LLC,LLC,MEMORY,L2,LLC,L2,5	1
LLC,LLC,MEMORY,L2,ZERO,ZERO,3	1
LLC,LLC,MEMORY,LLC,MEMORY,MEMORY,4	1
LLC,LLC,MEMORY,LLC,MEMORY,LLC,4	8
LLC,LLC,MEMORY,LLC,MEMORY,LLC,5	6
LLC,LLC,MEMORY,LLC,LLC,MEMORY,4	1
LLC,LLC,MEMORY,LLC,LLC,MEMORY,5	8
LLC,LLC,MEMORY,LLC,LLC,LLC,4	75
LLC,LLC,MEMORY,LLC,LLC,LLC,5	132
LLC,LLC,MEMORY,LLC,ZERO,ZERO,0	22
LLC,LLC,MEMORY,LLC,ZERO,ZERO,2	73
LLC,LLC,MEMORY,LLC,ZERO,ZERO,3	18
LLC,LLC,MEMORY,ZERO,ZERO,ZERO,0	328186
LLC,LLC,MEMORY,ZERO,ZERO,ZERO,1	330269
LLC,LLC,MEMORY,ZERO,ZERO,ZERO,2	360209
LLC,LLC,L1,L1,ZERO,ZERO,3	1
LLC,LLC,L1,L2,L1,L1,4	1
LLC,LLC,L1,ZERO,ZERO,ZERO,0	2021
LLC,LLC,L1,ZERO,ZERO,ZERO,1	1911
LLC,LLC,L1,ZERO,ZERO,ZERO,2	1743
LLC,LLC,L2,MEMORY,L2,LLC,5	2
LLC,LLC,L2,L1,L1,L1,4	88
LLC,LLC,L2,L1,L1,L1,5	99
LLC,LLC,L2,L1,L1,L2,5	1
LLC,LLC,L2,L1,L2,L1,5	2
LLC,LLC,L2,L1,L2,L2,4	7
LLC,LLC,L2,L1,L2,L2,5	2
LLC,LLC,L2,L1,ZERO,ZERO,2	14
LLC,LLC,L2,L1,ZERO,ZERO,3	63
LLC,LLC,L2,L2,MEMORY,L2,4	1
LLC,LLC,L2,L2,L1,L1,4	2
LLC,LLC,L2,L2,L1,L1,5	5
LLC,LLC,L2,L2,L1,L2,4	4
LLC,LLC,L2,L2,L1,L2,5	2
LLC,LLC,L2,L2,L2,L1,4	1
LLC,LLC,L2,L2,L2,L1,5	8
LLC,LLC,L2,L2,L2,L2,4	20
LLC,LLC,L2,L2,L2,L2,5	45
LLC,LLC,L2,L2,L2,LLC,4	10
LLC,LLC,L2,L2,L2,LLC,5	5
LLC,LLC,L2,L2,LLC,L2,4	3
LLC,LLC,L2,L2,LLC,L2,5	12
LLC,LLC,L2,L2,LLC,LLC,4	7
LLC,LLC,L2,L2,LLC,LLC,5	19
LLC,LLC,L2,L2,ZERO,ZERO,0	1
LLC,LLC,L2,L2,ZERO,ZERO,2	3
LLC,LLC,L2,L2,ZERO,ZERO,3	32
LLC,LLC,L2,LLC,L2,L2,4	1
LLC,LLC,L2,LLC,L2,L2,5	8
LLC,LLC,L2,LLC,L2,LLC,4	3
LLC,LLC,L2,LLC,L2,LLC,5	3
LLC,LLC,L2,LLC,LLC,L2,4	7
LLC,LLC,L2,LLC,LLC,L2,5	20
LLC,LLC,L2,LLC,LLC,LLC,4	25
LLC,LLC,L2,LLC,LLC,LLC,5	36
LLC,LLC,L2,LLC,ZERO,ZERO,0	1
LLC,LLC,L2,LLC,ZERO,ZERO,2	7
LLC,LLC,L2,LLC,ZERO,ZERO,3	35
LLC,LLC,L2,ZERO,ZERO,ZERO,0	202611
LLC,LLC,L2,ZERO,ZERO,ZERO,1	209654
LLC,LLC,L2,ZERO,ZERO,ZERO,2	211250
LLC,LLC,LLC,MEMORY,MEMORY,MEMORY,5	3
LLC,LLC,LLC,MEMORY,MEMORY,LLC,4	7
LLC,LLC,LLC,MEMORY,MEMORY,LLC,5	9
LLC,LLC,LLC,MEMORY,L2,L2,5	1
LLC,LLC,LLC,MEMORY,LLC,MEMORY,4	18
LLC,LLC,LLC,MEMORY,LLC,MEMORY,5	1
LLC,LLC,LLC,MEMORY,LLC,LLC,4	83
LLC,LLC,LLC,MEMORY,LLC,LLC,5	67
LLC,LLC,LLC,MEMORY,ZERO,ZERO,0	45
LLC,LLC,LLC,MEMORY,ZERO,ZERO,2	11
LLC,LLC,LLC,MEMORY,ZERO,ZERO,3	13
LLC,LLC,LLC,L1,L1,L1,4	18631
LLC,LLC,LLC,L1,L1,L1,5	1299
LLC,LLC,LLC,L1,L1,L2,4	9
LLC,LLC,LLC,L1,L1,L2,5	7
LLC,LLC,LLC,L1,L2,L1,4	3
LLC,LLC,LLC,L1,L2,L1,5	17
LLC,LLC,LLC,L1,L2,L2,4	42
LLC,LLC,LLC,L1,L2,L2,5	10
LLC,LLC,LLC,L1,ZERO,ZERO,2	1427
LLC,LLC,LLC,L1,ZERO,ZERO,3	2993
LLC,LLC,LLC,L2,L1,L1,4	1233
LLC,LLC,LLC,L2,L1,L1,5	32
LLC,LLC,LLC,L2,L1,L2,4	32
LLC,LLC,LLC,L2,L1,L2,5	21
LLC,LLC,LLC,L2,L2,L1,5	38
LLC,LLC,LLC,L2,L2,L2,4	75
LLC,LLC,LLC,L2,L2,L2,5	72
LLC,LLC,LLC,L2,L2,LLC,4	30
LLC,LLC,LLC,L2,L2,LLC,5	14
LLC,LLC,LLC,L2,LLC,L2,4	9
LLC,LLC,LLC,L2,LLC,L2,5	40
LLC,LLC,LLC,L2,LLC,LLC,4	38
LLC,LLC,LLC,L2,LLC,LLC,5	64
LLC,LLC,LLC,L2,ZERO,ZERO,3	138
LLC,LLC,LLC,LLC,MEMORY,MEMORY,4	4
LLC,LLC,LLC,LLC,MEMORY,MEMORY,5	3
LLC,LLC,LLC,LLC,MEMORY,LLC,4	135
LLC,LLC,LLC,LLC,MEMORY,LLC,5	48
LLC,LLC,LLC,LLC,L2,L2,4	8
LLC,LLC,LLC,LLC,L2,L2,5	15
LLC,LLC,LLC,LLC,L2,LLC,4	41
LLC,LLC,LLC,LLC,L2,LLC,5	29
LLC,LLC,LLC,LLC,LLC,MEMORY,4	260
LLC,LLC,LLC,LLC,LLC,MEMORY,5	96
LLC,LLC,LLC,LLC,LLC,L2,4	22
LLC,LLC,LLC,LLC,LLC,L2,5	67
LLC,LLC,LLC,LLC,LLC,LLC,4	4220
LLC,LLC,LLC,LLC,LLC,LLC,5	3211
LLC,LLC,LLC,LLC,ZERO,ZERO,0	1342
LLC,LLC,LLC,LLC,ZERO,ZERO,2	1379
LLC,LLC,LLC,LLC,ZERO,ZERO,3	1641
LLC,LLC,LLC,ZERO,ZERO,ZERO,0	3823432
LLC,LLC,LLC,ZERO,ZERO,ZERO,1	3819075
LLC,LLC,LLC,ZERO,ZERO,ZERO,2	4132049
ZERO,ZERO,ZERO,MEMORY,ZERO,ZERO,3	5
ZERO,ZERO,ZERO,L1,ZERO,ZERO,3	8
ZERO,ZERO,ZERO,L2,ZERO,ZERO,3	11
