Initialising a TLB with size: 128
Initialising a TLB with size: 64
Initialising a TLB with size: 2048
Initialising PT from file: 
Initialising memory references from file: /start_point/data1/collect_trace_fast/ecpt/ecpt_never_gups_8G_walk_log.bin
Initialising a cache with size: 25165824 with assoc: 12 with line size: 64
Initialising for core 0
Initialising L2 cache with size: 1310720 with assoc: 20 with line size: 64
Initialising L1 I cache with size: 32768 with assoc: 8 with line size: 64
Initialising L1 D cache with size: 49152 with assoc: 12 with line size: 64
Initialising a cache with size: 1310720 with assoc: 20 with line size: 64
Initialising a cache with size: 32768 with assoc: 8 with line size: 64
Initialising a cache with size: 49152 with assoc: 12 with line size: 64
Initialising CWC cache with size: 2 with assoc: 2
Initialising a cache with size: 2 with assoc: 2 with line size: 1
Initialising CWC cache with size: 16 with assoc: 16
Initialising a cache with size: 16 with assoc: 16 with line size: 1
op_qemu_mem_trace=/start_point/data1/collect_trace_fast/ecpt/ecpt_never_gups_8G_walk_log.bin
creating qemu_file_reader_t for /start_point/data1/collect_trace_fast/ecpt/ecpt_never_gups_8G_walk_log.bin with verbosity 0 and arch 1
Done with qemu tracer
Heartbeat. 4194304 references processed.
Heartbeat. 8388608 references processed.
Heartbeat. 12582912 references processed.
Heartbeat. 16777216 references processed.
Heartbeat. 20971520 references processed.
Heartbeat. 25165824 references processed.
Heartbeat. 29360128 references processed.
Heartbeat. 33554432 references processed.
Heartbeat. 37748736 references processed.
Heartbeat. 41943040 references processed.
Heartbeat. 46137344 references processed.
Cache simulation warmed up
Heartbeat. 50331648 references processed.
Heartbeat. 54525952 references processed.
Heartbeat. 58720256 references processed.
Heartbeat. 62914560 references processed.
Heartbeat. 67108864 references processed.
Heartbeat. 71303168 references processed.
Heartbeat. 75497472 references processed.
Heartbeat. 79691776 references processed.
Heartbeat. 83886080 references processed.
Heartbeat. 88080384 references processed.
Heartbeat. 92274688 references processed.
Heartbeat. 96468992 references processed.
Finished warmup of TLB
Heartbeat. 100663296 references processed.
Heartbeat. 104857600 references processed.
Heartbeat. 109051904 references processed.
Heartbeat. 113246208 references processed.
Heartbeat. 117440512 references processed.
Heartbeat. 121634816 references processed.
Heartbeat. 125829120 references processed.
Heartbeat. 130023424 references processed.
Heartbeat. 134217728 references processed.
Heartbeat. 138412032 references processed.
Heartbeat. 142606336 references processed.
Heartbeat. 146800640 references processed.
Heartbeat. 150994944 references processed.
Heartbeat. 155189248 references processed.
Heartbeat. 159383552 references processed.
Heartbeat. 163577856 references processed.
Heartbeat. 167772160 references processed.
Heartbeat. 171966464 references processed.
Heartbeat. 176160768 references processed.
Heartbeat. 180355072 references processed.
Heartbeat. 184549376 references processed.
Heartbeat. 188743680 references processed.
Heartbeat. 192937984 references processed.
Heartbeat. 197132288 references processed.
Heartbeat. 201326592 references processed.
Heartbeat. 205520896 references processed.
Heartbeat. 209715200 references processed.
Heartbeat. 213909504 references processed.
Heartbeat. 218103808 references processed.
Heartbeat. 222298112 references processed.
Heartbeat. 226492416 references processed.
Heartbeat. 230686720 references processed.
Heartbeat. 234881024 references processed.
Heartbeat. 239075328 references processed.
Heartbeat. 243269632 references processed.
Heartbeat. 247463936 references processed.
Heartbeat. 251658240 references processed.
Heartbeat. 255852544 references processed.
Heartbeat. 260046848 references processed.
Heartbeat. 264241152 references processed.
Heartbeat. 268435456 references processed.
Heartbeat. 272629760 references processed.
Heartbeat. 276824064 references processed.
Heartbeat. 281018368 references processed.
Heartbeat. 285212672 references processed.
Heartbeat. 289406976 references processed.
Heartbeat. 293601280 references processed.
Heartbeat. 297795584 references processed.
Heartbeat. 301989888 references processed.
Heartbeat. 306184192 references processed.
Heartbeat. 310378496 references processed.
Heartbeat. 314572800 references processed.
Heartbeat. 318767104 references processed.
Heartbeat. 322961408 references processed.
Heartbeat. 327155712 references processed.
Heartbeat. 331350016 references processed.
Heartbeat. 335544320 references processed.
Heartbeat. 339738624 references processed.
Heartbeat. 343932928 references processed.
Heartbeat. 348127232 references processed.
Heartbeat. 352321536 references processed.
Heartbeat. 356515840 references processed.
Heartbeat. 360710144 references processed.
Heartbeat. 364904448 references processed.
Heartbeat. 369098752 references processed.
Heartbeat. 373293056 references processed.
Heartbeat. 377487360 references processed.
Heartbeat. 381681664 references processed.
Heartbeat. 385875968 references processed.
Heartbeat. 390070272 references processed.
Heartbeat. 394264576 references processed.
Heartbeat. 398458880 references processed.
Heartbeat. 402653184 references processed.
Heartbeat. 406847488 references processed.
Heartbeat. 411041792 references processed.
Heartbeat. 415236096 references processed.
Heartbeat. 419430400 references processed.
Heartbeat. 423624704 references processed.
Heartbeat. 427819008 references processed.
Heartbeat. 432013312 references processed.
Heartbeat. 436207616 references processed.
Heartbeat. 440401920 references processed.
Heartbeat. 444596224 references processed.
Heartbeat. 448790528 references processed.
Heartbeat. 452984832 references processed.
Heartbeat. 457179136 references processed.
Heartbeat. 461373440 references processed.
Heartbeat. 465567744 references processed.
Heartbeat. 469762048 references processed.
Heartbeat. 473956352 references processed.
Heartbeat. 478150656 references processed.
Heartbeat. 482344960 references processed.
Heartbeat. 486539264 references processed.
Heartbeat. 490733568 references processed.
Heartbeat. 494927872 references processed.
Heartbeat. 499122176 references processed.
Heartbeat. 503316480 references processed.
Heartbeat. 507510784 references processed.
Heartbeat. 511705088 references processed.
Heartbeat. 515899392 references processed.
Heartbeat. 520093696 references processed.
Heartbeat. 524288000 references processed.
Heartbeat. 528482304 references processed.
Heartbeat. 532676608 references processed.
Heartbeat. 536870912 references processed.
Heartbeat. 541065216 references processed.
Heartbeat. 545259520 references processed.
Heartbeat. 549453824 references processed.
Heartbeat. 553648128 references processed.
Heartbeat. 557842432 references processed.
Heartbeat. 562036736 references processed.
Heartbeat. 566231040 references processed.
Heartbeat. 570425344 references processed.
Heartbeat. 574619648 references processed.
Heartbeat. 578813952 references processed.
Heartbeat. 583008256 references processed.
Heartbeat. 587202560 references processed.
Heartbeat. 591396864 references processed.
Heartbeat. 595591168 references processed.
Heartbeat. 599785472 references processed.
Heartbeat. 603979776 references processed.
Heartbeat. 608174080 references processed.
Heartbeat. 612368384 references processed.
Heartbeat. 616562688 references processed.
Heartbeat. 620756992 references processed.
Heartbeat. 624951296 references processed.
Heartbeat. 629145600 references processed.
Heartbeat. 633339904 references processed.
Heartbeat. 637534208 references processed.
Heartbeat. 641728512 references processed.
Heartbeat. 645922816 references processed.
Heartbeat. 650117120 references processed.
Heartbeat. 654311424 references processed.
Heartbeat. 658505728 references processed.
Heartbeat. 662700032 references processed.
Heartbeat. 666894336 references processed.
Heartbeat. 671088640 references processed.
Heartbeat. 675282944 references processed.
Heartbeat. 679477248 references processed.
Heartbeat. 683671552 references processed.
Heartbeat. 687865856 references processed.
Heartbeat. 692060160 references processed.
Heartbeat. 696254464 references processed.
Heartbeat. 700448768 references processed.
Heartbeat. 704643072 references processed.
Heartbeat. 708837376 references processed.
Heartbeat. 713031680 references processed.
Heartbeat. 717225984 references processed.
Heartbeat. 721420288 references processed.
Heartbeat. 725614592 references processed.
Heartbeat. 729808896 references processed.
Heartbeat. 734003200 references processed.
Heartbeat. 738197504 references processed.
Heartbeat. 742391808 references processed.
Heartbeat. 746586112 references processed.
Heartbeat. 750780416 references processed.
Heartbeat. 754974720 references processed.
Heartbeat. 759169024 references processed.
Heartbeat. 763363328 references processed.
Heartbeat. 767557632 references processed.
Heartbeat. 771751936 references processed.
Heartbeat. 775946240 references processed.
Heartbeat. 780140544 references processed.
Heartbeat. 784334848 references processed.
Heartbeat. 788529152 references processed.
Heartbeat. 792723456 references processed.
Heartbeat. 796917760 references processed.
Heartbeat. 801112064 references processed.
Heartbeat. 805306368 references processed.
Heartbeat. 809500672 references processed.
Heartbeat. 813694976 references processed.
Heartbeat. 817889280 references processed.
Heartbeat. 822083584 references processed.
Heartbeat. 826277888 references processed.
Heartbeat. 830472192 references processed.
Heartbeat. 834666496 references processed.
Heartbeat. 838860800 references processed.
Heartbeat. 843055104 references processed.
Heartbeat. 847249408 references processed.
Heartbeat. 851443712 references processed.
Heartbeat. 855638016 references processed.
Heartbeat. 859832320 references processed.
Heartbeat. 864026624 references processed.
Heartbeat. 868220928 references processed.
Heartbeat. 872415232 references processed.
Heartbeat. 876609536 references processed.
Heartbeat. 880803840 references processed.
Heartbeat. 884998144 references processed.
Heartbeat. 889192448 references processed.
Heartbeat. 893386752 references processed.
Heartbeat. 897581056 references processed.
Heartbeat. 901775360 references processed.
Heartbeat. 905969664 references processed.
Heartbeat. 910163968 references processed.
Heartbeat. 914358272 references processed.
Heartbeat. 918552576 references processed.
Heartbeat. 922746880 references processed.
Heartbeat. 926941184 references processed.
Heartbeat. 931135488 references processed.
Heartbeat. 935329792 references processed.
Heartbeat. 939524096 references processed.
Heartbeat. 943718400 references processed.
Heartbeat. 947912704 references processed.
Heartbeat. 952107008 references processed.
Heartbeat. 956301312 references processed.
Heartbeat. 960495616 references processed.
Heartbeat. 964689920 references processed.
Heartbeat. 968884224 references processed.
Heartbeat. 973078528 references processed.
Heartbeat. 977272832 references processed.
Heartbeat. 981467136 references processed.
Heartbeat. 985661440 references processed.
Heartbeat. 989855744 references processed.
Heartbeat. 994050048 references processed.
Heartbeat. 998244352 references processed.
Heartbeat. 1002438656 references processed.
Heartbeat. 1006632960 references processed.
Heartbeat. 1010827264 references processed.
Heartbeat. 1015021568 references processed.
Heartbeat. 1019215872 references processed.
Heartbeat. 1023410176 references processed.
Heartbeat. 1027604480 references processed.
Heartbeat. 1031798784 references processed.
Heartbeat. 1035993088 references processed.
Heartbeat. 1040187392 references processed.
Heartbeat. 1044381696 references processed.
Heartbeat. 1048576000 references processed.
Heartbeat. 1052770304 references processed.
Heartbeat. 1056964608 references processed.
Heartbeat. 1061158912 references processed.
Heartbeat. 1065353216 references processed.
Heartbeat. 1069547520 references processed.
Heartbeat. 1073741824 references processed.
Heartbeat. 1077936128 references processed.
Heartbeat. 1082130432 references processed.
Heartbeat. 1086324736 references processed.
Heartbeat. 1090519040 references processed.
Heartbeat. 1094713344 references processed.
Heartbeat. 1098907648 references processed.
Heartbeat. 1103101952 references processed.
Heartbeat. 1107296256 references processed.
Heartbeat. 1111490560 references processed.
Heartbeat. 1115684864 references processed.
Heartbeat. 1119879168 references processed.
Heartbeat. 1124073472 references processed.
Heartbeat. 1128267776 references processed.
Heartbeat. 1132462080 references processed.
Heartbeat. 1136656384 references processed.
Heartbeat. 1140850688 references processed.
Heartbeat. 1145044992 references processed.
Heartbeat. 1149239296 references processed.
Heartbeat. 1153433600 references processed.
Heartbeat. 1157627904 references processed.
Heartbeat. 1161822208 references processed.
Heartbeat. 1166016512 references processed.
Heartbeat. 1170210816 references processed.
Heartbeat. 1174405120 references processed.
Heartbeat. 1178599424 references processed.
Heartbeat. 1182793728 references processed.
Heartbeat. 1186988032 references processed.
Heartbeat. 1191182336 references processed.
Heartbeat. 1195376640 references processed.
Heartbeat. 1199570944 references processed.
Heartbeat. 1203765248 references processed.
Heartbeat. 1207959552 references processed.
Heartbeat. 1212153856 references processed.
Heartbeat. 1216348160 references processed.
Heartbeat. 1220542464 references processed.
Heartbeat. 1224736768 references processed.
Heartbeat. 1228931072 references processed.
Heartbeat. 1233125376 references processed.
Heartbeat. 1237319680 references processed.
Heartbeat. 1241513984 references processed.
Heartbeat. 1245708288 references processed.
Heartbeat. 1249902592 references processed.
Heartbeat. 1254096896 references processed.
Heartbeat. 1258291200 references processed.
Heartbeat. 1262485504 references processed.
Heartbeat. 1266679808 references processed.
Heartbeat. 1270874112 references processed.
Heartbeat. 1275068416 references processed.
Heartbeat. 1279262720 references processed.
Heartbeat. 1283457024 references processed.
Heartbeat. 1287651328 references processed.
Heartbeat. 1291845632 references processed.
Heartbeat. 1296039936 references processed.
Heartbeat. 1300234240 references processed.
Heartbeat. 1304428544 references processed.
Heartbeat. 1308622848 references processed.
Heartbeat. 1312817152 references processed.
Heartbeat. 1317011456 references processed.
Heartbeat. 1321205760 references processed.
Heartbeat. 1325400064 references processed.
Heartbeat. 1329594368 references processed.
Heartbeat. 1333788672 references processed.
Heartbeat. 1337982976 references processed.
Heartbeat. 1342177280 references processed.
Heartbeat. 1346371584 references processed.
Heartbeat. 1350565888 references processed.
Heartbeat. 1354760192 references processed.
Heartbeat. 1358954496 references processed.
Heartbeat. 1363148800 references processed.
Heartbeat. 1367343104 references processed.
Heartbeat. 1371537408 references processed.
Heartbeat. 1375731712 references processed.
Heartbeat. 1379926016 references processed.
Heartbeat. 1384120320 references processed.
Heartbeat. 1388314624 references processed.
Heartbeat. 1392508928 references processed.
Heartbeat. 1396703232 references processed.
Heartbeat. 1400897536 references processed.
Heartbeat. 1405091840 references processed.
Heartbeat. 1409286144 references processed.
Heartbeat. 1413480448 references processed.
Heartbeat. 1417674752 references processed.
Heartbeat. 1421869056 references processed.
Heartbeat. 1426063360 references processed.
Heartbeat. 1430257664 references processed.
Heartbeat. 1434451968 references processed.
Heartbeat. 1438646272 references processed.
Heartbeat. 1442840576 references processed.
Heartbeat. 1447034880 references processed.
Heartbeat. 1451229184 references processed.
Heartbeat. 1455423488 references processed.
Heartbeat. 1459617792 references processed.
Heartbeat. 1463812096 references processed.
Heartbeat. 1468006400 references processed.
Heartbeat. 1472200704 references processed.
Heartbeat. 1476395008 references processed.
Heartbeat. 1480589312 references processed.
Heartbeat. 1484783616 references processed.
Heartbeat. 1488977920 references processed.
Heartbeat. 1493172224 references processed.
Heartbeat. 1497366528 references processed.
Heartbeat. 1501560832 references processed.
Heartbeat. 1505755136 references processed.
Heartbeat. 1509949440 references processed.
Heartbeat. 1514143744 references processed.
Heartbeat. 1518338048 references processed.
Heartbeat. 1522532352 references processed.
Heartbeat. 1526726656 references processed.
Heartbeat. 1530920960 references processed.
Heartbeat. 1535115264 references processed.
Heartbeat. 1539309568 references processed.
Heartbeat. 1543503872 references processed.
Heartbeat. 1547698176 references processed.
Heartbeat. 1551892480 references processed.
Heartbeat. 1556086784 references processed.
Heartbeat. 1560281088 references processed.
Heartbeat. 1564475392 references processed.
Heartbeat. 1568669696 references processed.
Heartbeat. 1572864000 references processed.
Heartbeat. 1577058304 references processed.
Heartbeat. 1581252608 references processed.
Heartbeat. 1585446912 references processed.
Heartbeat. 1589641216 references processed.
Heartbeat. 1593835520 references processed.
Heartbeat. 1598029824 references processed.
Heartbeat. 1602224128 references processed.
Heartbeat. 1606418432 references processed.
Heartbeat. 1610612736 references processed.
Heartbeat. 1614807040 references processed.
Heartbeat. 1619001344 references processed.
Heartbeat. 1623195648 references processed.
Heartbeat. 1627389952 references processed.
Heartbeat. 1631584256 references processed.
Heartbeat. 1635778560 references processed.
Heartbeat. 1639972864 references processed.
Heartbeat. 1644167168 references processed.
Heartbeat. 1648361472 references processed.
Heartbeat. 1652555776 references processed.
Heartbeat. 1656750080 references processed.
Heartbeat. 1660944384 references processed.
Heartbeat. 1665138688 references processed.
Heartbeat. 1669332992 references processed.
Heartbeat. 1673527296 references processed.
Heartbeat. 1677721600 references processed.
Heartbeat. 1681915904 references processed.
Heartbeat. 1686110208 references processed.
Heartbeat. 1690304512 references processed.
Heartbeat. 1694498816 references processed.
Heartbeat. 1698693120 references processed.
Heartbeat. 1702887424 references processed.
Heartbeat. 1707081728 references processed.
Heartbeat. 1711276032 references processed.
Heartbeat. 1715470336 references processed.
Heartbeat. 1719664640 references processed.
Heartbeat. 1723858944 references processed.
Heartbeat. 1728053248 references processed.
Heartbeat. 1732247552 references processed.
Heartbeat. 1736441856 references processed.
Heartbeat. 1740636160 references processed.
Heartbeat. 1744830464 references processed.
Heartbeat. 1749024768 references processed.
Heartbeat. 1753219072 references processed.
Heartbeat. 1757413376 references processed.
Heartbeat. 1761607680 references processed.
Heartbeat. 1765801984 references processed.
Heartbeat. 1769996288 references processed.
Heartbeat. 1774190592 references processed.
Heartbeat. 1778384896 references processed.
Heartbeat. 1782579200 references processed.
Heartbeat. 1786773504 references processed.
Heartbeat. 1790967808 references processed.
Heartbeat. 1795162112 references processed.
Heartbeat. 1799356416 references processed.
Heartbeat. 1803550720 references processed.
Heartbeat. 1807745024 references processed.
Heartbeat. 1811939328 references processed.
Heartbeat. 1816133632 references processed.
Heartbeat. 1820327936 references processed.
Heartbeat. 1824522240 references processed.
Heartbeat. 1828716544 references processed.
Heartbeat. 1832910848 references processed.
Heartbeat. 1837105152 references processed.
Heartbeat. 1841299456 references processed.
Heartbeat. 1845493760 references processed.
Heartbeat. 1849688064 references processed.
Heartbeat. 1853882368 references processed.
Heartbeat. 1858076672 references processed.
Heartbeat. 1862270976 references processed.
Heartbeat. 1866465280 references processed.
Heartbeat. 1870659584 references processed.
Heartbeat. 1874853888 references processed.
Heartbeat. 1879048192 references processed.
Heartbeat. 1883242496 references processed.
Heartbeat. 1887436800 references processed.
Heartbeat. 1891631104 references processed.
Heartbeat. 1895825408 references processed.
Heartbeat. 1900019712 references processed.
Heartbeat. 1904214016 references processed.
Heartbeat. 1908408320 references processed.
Heartbeat. 1912602624 references processed.
Heartbeat. 1916796928 references processed.
Heartbeat. 1920991232 references processed.
Heartbeat. 1925185536 references processed.
Heartbeat. 1929379840 references processed.
Heartbeat. 1933574144 references processed.
Heartbeat. 1937768448 references processed.
Heartbeat. 1941962752 references processed.
Heartbeat. 1946157056 references processed.
Heartbeat. 1950351360 references processed.
Heartbeat. 1954545664 references processed.
Heartbeat. 1958739968 references processed.
Heartbeat. 1962934272 references processed.
Heartbeat. 1967128576 references processed.
Heartbeat. 1971322880 references processed.
Heartbeat. 1975517184 references processed.
Heartbeat. 1979711488 references processed.
Heartbeat. 1983905792 references processed.
Heartbeat. 1988100096 references processed.
Heartbeat. 1992294400 references processed.
Heartbeat. 1996488704 references processed.
Heartbeat. 2000683008 references processed.
Heartbeat. 2004877312 references processed.
Heartbeat. 2009071616 references processed.
Heartbeat. 2013265920 references processed.
Heartbeat. 2017460224 references processed.
Heartbeat. 2021654528 references processed.
Heartbeat. 2025848832 references processed.
Heartbeat. 2030043136 references processed.
Heartbeat. 2034237440 references processed.
Heartbeat. 2038431744 references processed.
Heartbeat. 2042626048 references processed.
Heartbeat. 2046820352 references processed.
Heartbeat. 2051014656 references processed.
Heartbeat. 2055208960 references processed.
Heartbeat. 2059403264 references processed.
Heartbeat. 2063597568 references processed.
Heartbeat. 2067791872 references processed.
Heartbeat. 2071986176 references processed.
Heartbeat. 2076180480 references processed.
Heartbeat. 2080374784 references processed.
Heartbeat. 2084569088 references processed.
Heartbeat. 2088763392 references processed.
Heartbeat. 2092957696 references processed.
Heartbeat. 2097152000 references processed.
Heartbeat. 2101346304 references processed.
Heartbeat. 2105540608 references processed.
Heartbeat. 2109734912 references processed.
Heartbeat. 2113929216 references processed.
Heartbeat. 2118123520 references processed.
Heartbeat. 2122317824 references processed.
Heartbeat. 2126512128 references processed.
Heartbeat. 2130706432 references processed.
Heartbeat. 2134900736 references processed.
Heartbeat. 2139095040 references processed.
Heartbeat. 2143289344 references processed.
Heartbeat. 2147483648 references processed.
Heartbeat. 2151677952 references processed.
Heartbeat. 2155872256 references processed.
Heartbeat. 2160066560 references processed.
Heartbeat. 2164260864 references processed.
Heartbeat. 2168455168 references processed.
Heartbeat. 2172649472 references processed.
Heartbeat. 2176843776 references processed.
Heartbeat. 2181038080 references processed.
Heartbeat. 2185232384 references processed.
Heartbeat. 2189426688 references processed.
Heartbeat. 2193620992 references processed.
Heartbeat. 2197815296 references processed.
Heartbeat. 2202009600 references processed.
Heartbeat. 2206203904 references processed.
Heartbeat. 2210398208 references processed.
Heartbeat. 2214592512 references processed.
Heartbeat. 2218786816 references processed.
Heartbeat. 2222981120 references processed.
Heartbeat. 2227175424 references processed.
Heartbeat. 2231369728 references processed.
Heartbeat. 2235564032 references processed.
Heartbeat. 2239758336 references processed.
Heartbeat. 2243952640 references processed.
Heartbeat. 2248146944 references processed.
Heartbeat. 2252341248 references processed.
Heartbeat. 2256535552 references processed.
Heartbeat. 2260729856 references processed.
Heartbeat. 2264924160 references processed.
Heartbeat. 2269118464 references processed.
Heartbeat. 2273312768 references processed.
Heartbeat. 2277507072 references processed.
Heartbeat. 2281701376 references processed.
Heartbeat. 2285895680 references processed.
Heartbeat. 2290089984 references processed.
Heartbeat. 2294284288 references processed.
Heartbeat. 2298478592 references processed.
Heartbeat. 2302672896 references processed.
Heartbeat. 2306867200 references processed.
Heartbeat. 2311061504 references processed.
Heartbeat. 2315255808 references processed.
Heartbeat. 2319450112 references processed.
Heartbeat. 2323644416 references processed.
Heartbeat. 2327838720 references processed.
Heartbeat. 2332033024 references processed.
Heartbeat. 2336227328 references processed.
Heartbeat. 2340421632 references processed.
Heartbeat. 2344615936 references processed.
Heartbeat. 2348810240 references processed.
Heartbeat. 2353004544 references processed.
Heartbeat. 2357198848 references processed.
Heartbeat. 2361393152 references processed.
Heartbeat. 2365587456 references processed.
Heartbeat. 2369781760 references processed.
Heartbeat. 2373976064 references processed.
Heartbeat. 2378170368 references processed.
Heartbeat. 2382364672 references processed.
Heartbeat. 2386558976 references processed.
Heartbeat. 2390753280 references processed.
Heartbeat. 2394947584 references processed.
Heartbeat. 2399141888 references processed.
Heartbeat. 2403336192 references processed.
Heartbeat. 2407530496 references processed.
Heartbeat. 2411724800 references processed.
Heartbeat. 2415919104 references processed.
Heartbeat. 2420113408 references processed.
Heartbeat. 2424307712 references processed.
Heartbeat. 2428502016 references processed.
Heartbeat. 2432696320 references processed.
Heartbeat. 2436890624 references processed.
Heartbeat. 2441084928 references processed.
Heartbeat. 2445279232 references processed.
Heartbeat. 2449473536 references processed.
Heartbeat. 2453667840 references processed.
Heartbeat. 2457862144 references processed.
Heartbeat. 2462056448 references processed.
Heartbeat. 2466250752 references processed.
Heartbeat. 2470445056 references processed.
Heartbeat. 2474639360 references processed.
Heartbeat. 2478833664 references processed.
Heartbeat. 2483027968 references processed.
Heartbeat. 2487222272 references processed.
Heartbeat. 2491416576 references processed.
Heartbeat. 2495610880 references processed.
Heartbeat. 2499805184 references processed.
Heartbeat. 2503999488 references processed.
Heartbeat. 2508193792 references processed.
Heartbeat. 2512388096 references processed.
Heartbeat. 2516582400 references processed.
Heartbeat. 2520776704 references processed.
Heartbeat. 2524971008 references processed.
Heartbeat. 2529165312 references processed.
Heartbeat. 2533359616 references processed.
Heartbeat. 2537553920 references processed.
Heartbeat. 2541748224 references processed.
Heartbeat. 2545942528 references processed.
Heartbeat. 2550136832 references processed.
Heartbeat. 2554331136 references processed.
Heartbeat. 2558525440 references processed.
Heartbeat. 2562719744 references processed.
Trace is truncated
TLB simulation results:
Core #0 (1 thread(s))
  TLB-L1I stats:
    Hits:                       1983623112
    Misses:                          22733
    Invalidations:                       0
    Hits PT level     1:                   0
    Misses PT level   1:                   0
    Hits PT level     2:                   0
    Misses PT level   2:                   0
    Hits PT level     3:                   0
    Misses PT level   3:                   0
    Hits PT level     4:                   0
    Misses PT level   4:                   0
    Hits PT level     5:                   0
    Misses PT level   5:                   0
    Hits PT level     6:                   0
    Misses PT level   6:                   0
    Miss rate:                        0.00%
  TLB-L1D stats:
    Hits:                        380976702
    Misses:                       98992180
    Invalidations:                       0
    Hits PT level     1:                   0
    Misses PT level   1:                   0
    Hits PT level     2:                   0
    Misses PT level   2:                   0
    Hits PT level     3:                   0
    Misses PT level   3:                   0
    Hits PT level     4:                   0
    Misses PT level   4:                   0
    Hits PT level     5:                   0
    Misses PT level   5:                   0
    Hits PT level     6:                   0
    Misses PT level   6:                   0
    Miss rate:                       20.62%
  TLB-LL stats:
    Hits:                         19933624
    Misses:                       79081289
    Invalidations:                       0
    Hits PT level     1:                   0
    Misses PT level   1:                   0
    Hits PT level     2:                   0
    Misses PT level   2:                   0
    Hits PT level     3:                   0
    Misses PT level   3:                   0
    Hits PT level     4:                   0
    Misses PT level   4:                   0
    Hits PT level     5:                   0
    Misses PT level   5:                   0
    Hits PT level     6:                   0
    Misses PT level   6:                   0
    Local miss rate:                 79.87%
    Child hits:                 2364599814
    Total miss rate:                  3.21%
~~~~~~~~~~~~~~~~~~~~~~~~~~~~~~~~~~~~~~~~~~
Cache simulation results:
Core #0 (1 thread(s))
  L1I stats:
    Warmup hits:                  47529332
    Warmup misses:                   19255
    Hits:                       2027272678
    Misses:                          87059
    Invalidations:                       0
    Hits PT level     1:                   0
    Misses PT level   1:                   0
    Hits PT level     2:                   0
    Misses PT level   2:                   0
    Hits PT level     3:                   0
    Misses PT level   3:                   0
    Hits PT level     4:                   0
    Misses PT level   4:                   0
    Hits PT level     5:                   0
    Misses PT level   5:                   0
    Hits PT level     6:                   0
    Misses PT level   6:                   0
    Miss rate:                        0.00%
  L1D stats:
    Warmup hits:                   8491086
    Warmup misses:                   17239
    Hits:                        396249638
    Misses:                       95403480
    Invalidations:                       0
    Hits PT level     1:              586596
    Misses PT level   1:           239616826
    Hits PT level     2:           159719113
    Misses PT level   2:              407097
    Hits PT level     3:                   0
    Misses PT level   3:                   0
    Hits PT level     4:                   0
    Misses PT level   4:                   0
    Hits PT level     5:                   0
    Misses PT level   5:                   0
    Hits PT level     6:                   0
    Misses PT level   6:                   0
    Prefetch hits:                  423029
    Prefetch misses:             335004374
    Miss rate:                       19.40%
  L2 stats:
    Warmup hits:                     21639
    Warmup misses:                   14855
    Hits:                           610289
    Misses:                       94880250
    Invalidations:                       0
    Hits PT level     1:             7581768
    Misses PT level   1:           232035058
    Hits PT level     2:              352122
    Misses PT level   2:               54975
    Hits PT level     3:                   0
    Misses PT level   3:                   0
    Hits PT level     4:                   0
    Misses PT level   4:                   0
    Hits PT level     5:                   0
    Misses PT level   5:                   0
    Hits PT level     6:                   0
    Misses PT level   6:                   0
    Prefetch hits:                 7978592
    Prefetch misses:             327025782
    Local miss rate:                 99.36%
    Child hits:                 2584251054
    Total miss rate:                  3.54%
LLC stats:
    Warmup hits:                        29
    Warmup misses:                   14826
    Hits:                          5489565
    Misses:                       89390685
    Invalidations:                       0
    Hits PT level     1:           105665555
    Misses PT level   1:           126369503
    Hits PT level     2:               45910
    Misses PT level   2:                9065
    Hits PT level     3:                   0
    Misses PT level   3:                   0
    Hits PT level     4:                   0
    Misses PT level   4:                   0
    Hits PT level     5:                   0
    Misses PT level   5:                   0
    Hits PT level     6:                   0
    Misses PT level   6:                   0
    Prefetch hits:               111040237
    Prefetch misses:             215985545
    Local miss rate:                 94.21%
    Child hits:                   16522771
    Total miss rate:                 80.24%
 CWC 0 stats:
    Warmup hits:                         0
    Warmup misses:                       0
    Hits:                         80065227
    Misses:                           2408
    Invalidations:                       0
    Hits PT level     1:                   0
    Misses PT level   1:                   0
    Hits PT level     2:                   0
    Misses PT level   2:                   0
    Hits PT level     3:                   0
    Misses PT level   3:                   0
    Hits PT level     4:                   0
    Misses PT level   4:                   0
    Hits PT level     5:                   0
    Misses PT level   5:                   0
    Hits PT level     6:                   0
    Misses PT level   6:                   0
    Miss rate:                        0.00%
 CWC 1 stats:
    Warmup hits:                         0
    Warmup misses:                       0
    Hits:                             6483
    Misses:                             32
    Invalidations:                       0
    Hits PT level     1:                   0
    Misses PT level   1:                   0
    Hits PT level     2:                   0
    Misses PT level   2:                   0
    Hits PT level     3:                   0
    Misses PT level   3:                   0
    Hits PT level     4:                   0
    Misses PT level   4:                   0
    Hits PT level     5:                   0
    Misses PT level   5:                   0
    Hits PT level     6:                   0
    Misses PT level   6:                   0
    Miss rate:                        0.49%
~~~~~~~~~~~~~~~~~~~~~~~~~~~~~~~~~~~~~~~~~~
num_requests : 2563614727
num_not_found : 0
kernel memory references: 
0,12262866
1,7897548
16,63453292
user memory references: 
0,320000577
1,160000443
16,2000000001
~~~~~~~~~~~~~~~~~~~~~~~~~~~~~~~~~~~~~~~~~~
num_range_found : 0
num_range_not_found : 0
~~~~~~~~~~~~~~~~~~~~~~~~~~~~~~~~~~~~~~~~~~
MEMORY,MEMORY,MEMORY,MEMORY,MEMORY,MEMORY,	490
MEMORY,MEMORY,MEMORY,MEMORY,MEMORY,LLC,	27
MEMORY,MEMORY,MEMORY,MEMORY,LLC,MEMORY,	35
MEMORY,MEMORY,MEMORY,MEMORY,LLC,LLC,	4
MEMORY,MEMORY,MEMORY,MEMORY,ZERO,ZERO,	55
MEMORY,MEMORY,MEMORY,L1,MEMORY,MEMORY,	17
MEMORY,MEMORY,MEMORY,L1,MEMORY,LLC,	1
MEMORY,MEMORY,MEMORY,L1,L1,L1,	459
MEMORY,MEMORY,MEMORY,L1,L1,L2,	4
MEMORY,MEMORY,MEMORY,L1,L2,L1,	31
MEMORY,MEMORY,MEMORY,L1,L2,L2,	3
MEMORY,MEMORY,MEMORY,L1,L2,LLC,	1
MEMORY,MEMORY,MEMORY,L1,LLC,L2,	3
MEMORY,MEMORY,MEMORY,L1,LLC,LLC,	6
MEMORY,MEMORY,MEMORY,L1,ZERO,ZERO,	162
MEMORY,MEMORY,MEMORY,L2,MEMORY,MEMORY,	1
MEMORY,MEMORY,MEMORY,L2,L1,L1,	4
MEMORY,MEMORY,MEMORY,L2,L2,L1,	5
MEMORY,MEMORY,MEMORY,L2,L2,L2,	7
MEMORY,MEMORY,MEMORY,L2,L2,LLC,	1
MEMORY,MEMORY,MEMORY,L2,ZERO,ZERO,	1
MEMORY,MEMORY,MEMORY,LLC,MEMORY,MEMORY,	7
MEMORY,MEMORY,MEMORY,LLC,LLC,MEMORY,	2
MEMORY,MEMORY,MEMORY,LLC,LLC,LLC,	2
MEMORY,MEMORY,MEMORY,LLC,ZERO,ZERO,	1
MEMORY,MEMORY,MEMORY,ZERO,ZERO,ZERO,	17050028
MEMORY,MEMORY,L1,L1,L1,L1,	3
MEMORY,MEMORY,L1,L1,ZERO,ZERO,	2
MEMORY,MEMORY,L1,ZERO,ZERO,ZERO,	18467
MEMORY,MEMORY,L2,MEMORY,LLC,LLC,	1
MEMORY,MEMORY,L2,L1,L1,L1,	2
MEMORY,MEMORY,L2,L1,ZERO,ZERO,	2
MEMORY,MEMORY,L2,ZERO,ZERO,ZERO,	488926
MEMORY,MEMORY,LLC,MEMORY,MEMORY,MEMORY,	9
MEMORY,MEMORY,LLC,MEMORY,MEMORY,LLC,	2
MEMORY,MEMORY,LLC,MEMORY,LLC,MEMORY,	1
MEMORY,MEMORY,LLC,MEMORY,LLC,LLC,	1
MEMORY,MEMORY,LLC,L1,L1,L1,	20
MEMORY,MEMORY,LLC,L1,ZERO,ZERO,	5
MEMORY,MEMORY,LLC,L2,L2,L2,	1
MEMORY,MEMORY,LLC,LLC,LLC,MEMORY,	1
MEMORY,MEMORY,LLC,LLC,LLC,LLC,	1
MEMORY,MEMORY,LLC,ZERO,ZERO,ZERO,	8880547
MEMORY,L1,MEMORY,L1,L1,L1,	1
MEMORY,L1,MEMORY,L1,ZERO,ZERO,	1
MEMORY,L1,MEMORY,ZERO,ZERO,ZERO,	18623
MEMORY,L1,L1,ZERO,ZERO,ZERO,	19
MEMORY,L1,L2,ZERO,ZERO,ZERO,	551
MEMORY,L1,LLC,ZERO,ZERO,ZERO,	10639
MEMORY,L2,MEMORY,MEMORY,MEMORY,LLC,	1
MEMORY,L2,MEMORY,MEMORY,L2,MEMORY,	1
MEMORY,L2,MEMORY,L1,L1,L1,	3
MEMORY,L2,MEMORY,L1,ZERO,ZERO,	3
MEMORY,L2,MEMORY,L2,LLC,LLC,	1
MEMORY,L2,MEMORY,ZERO,ZERO,ZERO,	489748
MEMORY,L2,L1,ZERO,ZERO,ZERO,	576
MEMORY,L2,L2,ZERO,ZERO,ZERO,	14926
MEMORY,L2,LLC,MEMORY,L2,LLC,	1
MEMORY,L2,LLC,ZERO,ZERO,ZERO,	281602
MEMORY,LLC,MEMORY,MEMORY,MEMORY,MEMORY,	10
MEMORY,LLC,MEMORY,MEMORY,MEMORY,LLC,	2
MEMORY,LLC,MEMORY,MEMORY,LLC,MEMORY,	3
MEMORY,LLC,MEMORY,MEMORY,LLC,LLC,	1
MEMORY,LLC,MEMORY,L1,L1,L1,	16
MEMORY,LLC,MEMORY,L1,ZERO,ZERO,	7
MEMORY,LLC,MEMORY,LLC,LLC,LLC,	1
MEMORY,LLC,MEMORY,ZERO,ZERO,ZERO,	8893787
MEMORY,LLC,L1,ZERO,ZERO,ZERO,	10559
MEMORY,LLC,L2,ZERO,ZERO,ZERO,	281322
MEMORY,LLC,LLC,L1,ZERO,ZERO,	1
MEMORY,LLC,LLC,L2,LLC,LLC,	1
MEMORY,LLC,LLC,LLC,L2,LLC,	1
MEMORY,LLC,LLC,LLC,LLC,LLC,	8
MEMORY,LLC,LLC,LLC,ZERO,ZERO,	1
MEMORY,LLC,LLC,ZERO,ZERO,ZERO,	5711167
L1,MEMORY,MEMORY,L1,ZERO,ZERO,	1
L1,MEMORY,MEMORY,ZERO,ZERO,ZERO,	18474
L1,MEMORY,L1,ZERO,ZERO,ZERO,	20
L1,MEMORY,L2,ZERO,ZERO,ZERO,	563
L1,MEMORY,LLC,ZERO,ZERO,ZERO,	10308
L1,L1,MEMORY,ZERO,ZERO,ZERO,	26
L1,L1,L1,L1,L1,L1,	384
L1,L1,L1,L1,L1,L2,	3
L1,L1,L1,L1,ZERO,ZERO,	20
L1,L1,L1,L2,ZERO,ZERO,	1
L1,L1,L1,ZERO,ZERO,ZERO,	75679
L1,L1,L2,L1,L1,L1,	18
L1,L1,L2,L1,ZERO,ZERO,	13
L1,L1,L2,ZERO,ZERO,ZERO,	10164
L1,L1,LLC,ZERO,ZERO,ZERO,	426
L1,L2,MEMORY,ZERO,ZERO,ZERO,	555
L1,L2,L1,L1,L1,L1,	5
L1,L2,L1,L1,ZERO,ZERO,	3
L1,L2,L1,L2,L1,L1,	1
L1,L2,L1,ZERO,ZERO,ZERO,	9907
L1,L2,L2,L1,L1,L1,	1
L1,L2,L2,L1,L1,L2,	1
L1,L2,L2,L1,L2,L2,	1
L1,L2,L2,L1,ZERO,ZERO,	2
L1,L2,L2,ZERO,ZERO,ZERO,	22203
L1,L2,LLC,L2,ZERO,ZERO,	1
L1,L2,LLC,ZERO,ZERO,ZERO,	5238
L1,LLC,MEMORY,ZERO,ZERO,ZERO,	10577
L1,LLC,L1,ZERO,ZERO,ZERO,	471
L1,LLC,L2,L1,LLC,LLC,	1
L1,LLC,L2,ZERO,ZERO,ZERO,	5152
L1,LLC,LLC,ZERO,ZERO,ZERO,	22042
L2,MEMORY,MEMORY,MEMORY,MEMORY,MEMORY,	3
L2,MEMORY,MEMORY,L1,L1,L1,	3
L2,MEMORY,MEMORY,L1,ZERO,ZERO,	1
L2,MEMORY,MEMORY,ZERO,ZERO,ZERO,	487512
L2,MEMORY,L1,ZERO,ZERO,ZERO,	506
L2,MEMORY,L2,MEMORY,LLC,MEMORY,	1
L2,MEMORY,L2,ZERO,ZERO,ZERO,	14905
L2,MEMORY,LLC,LLC,MEMORY,MEMORY,	1
L2,MEMORY,LLC,ZERO,ZERO,ZERO,	280465
L2,L1,MEMORY,ZERO,ZERO,ZERO,	578
L2,L1,L1,L1,L1,L1,	6
L2,L1,L1,L1,L1,L2,	1
L2,L1,L1,L1,ZERO,ZERO,	7
L2,L1,L1,L2,L1,L1,	1
L2,L1,L1,L2,ZERO,ZERO,	1
L2,L1,L1,ZERO,ZERO,ZERO,	10857
L2,L1,L2,L1,L1,L1,	19
L2,L1,L2,L1,L2,L2,	1
L2,L1,L2,L1,ZERO,ZERO,	5
L2,L1,L2,ZERO,ZERO,ZERO,	23613
L2,L1,LLC,ZERO,ZERO,ZERO,	5196
L2,L2,MEMORY,MEMORY,MEMORY,MEMORY,	1
L2,L2,MEMORY,ZERO,ZERO,ZERO,	14763
L2,L2,L1,L1,L1,L1,	7
L2,L2,L1,L1,ZERO,ZERO,	1
L2,L2,L1,L2,L1,L1,	1
L2,L2,L1,LLC,LLC,L2,	1
L2,L2,L1,ZERO,ZERO,ZERO,	21947
L2,L2,L2,L1,L1,L1,	17
L2,L2,L2,L1,ZERO,ZERO,	6
L2,L2,L2,L2,L1,L2,	1
L2,L2,L2,L2,L2,L1,	1
L2,L2,L2,L2,L2,L2,	14
L2,L2,L2,L2,L2,LLC,	2
L2,L2,L2,L2,LLC,LLC,	2
L2,L2,L2,L2,ZERO,ZERO,	5
L2,L2,L2,ZERO,ZERO,ZERO,	239080
L2,L2,LLC,L1,L1,L1,	5
L2,L2,LLC,L1,L2,L2,	1
L2,L2,LLC,L1,ZERO,ZERO,	5
L2,L2,LLC,L2,L1,L1,	1
L2,L2,LLC,L2,L1,L2,	1
L2,L2,LLC,L2,L2,L1,	3
L2,L2,LLC,L2,L2,L2,	2
L2,L2,LLC,L2,ZERO,ZERO,	8
L2,L2,LLC,LLC,LLC,LLC,	5
L2,L2,LLC,ZERO,ZERO,ZERO,	163560
L2,LLC,MEMORY,LLC,LLC,LLC,	1
L2,LLC,MEMORY,ZERO,ZERO,ZERO,	280303
L2,LLC,L1,ZERO,ZERO,ZERO,	5334
L2,LLC,L2,L1,L1,L1,	2
L2,LLC,L2,L1,ZERO,ZERO,	5
L2,LLC,L2,L2,L1,L1,	2
L2,LLC,L2,L2,L1,L2,	1
L2,LLC,L2,L2,L2,L1,	1
L2,LLC,L2,L2,L2,L2,	3
L2,LLC,L2,L2,L2,LLC,	2
L2,LLC,L2,L2,ZERO,ZERO,	1
L2,LLC,L2,LLC,LLC,MEMORY,	1
L2,LLC,L2,LLC,LLC,LLC,	5
L2,LLC,L2,ZERO,ZERO,ZERO,	163990
L2,LLC,LLC,L1,L1,L1,	18
L2,LLC,LLC,L1,L1,L2,	3
L2,LLC,LLC,L1,L2,L1,	2
L2,LLC,LLC,L1,L2,L2,	1
L2,LLC,LLC,L1,ZERO,ZERO,	10
L2,LLC,LLC,L2,L1,L1,	1
L2,LLC,LLC,L2,L1,L2,	2
L2,LLC,LLC,L2,L2,L1,	1
L2,LLC,LLC,L2,L2,L2,	4
L2,LLC,LLC,L2,L2,LLC,	2
L2,LLC,LLC,L2,LLC,LLC,	2
L2,LLC,LLC,L2,ZERO,ZERO,	6
L2,LLC,LLC,LLC,LLC,L2,	1
L2,LLC,LLC,LLC,LLC,LLC,	12
L2,LLC,LLC,ZERO,ZERO,ZERO,	811522
LLC,MEMORY,MEMORY,MEMORY,MEMORY,MEMORY,	19
LLC,MEMORY,MEMORY,MEMORY,MEMORY,LLC,	2
LLC,MEMORY,MEMORY,MEMORY,LLC,MEMORY,	2
LLC,MEMORY,MEMORY,MEMORY,LLC,LLC,	1
LLC,MEMORY,MEMORY,L1,L1,L1,	18
LLC,MEMORY,MEMORY,L1,L1,L2,	1
LLC,MEMORY,MEMORY,L1,ZERO,ZERO,	4
LLC,MEMORY,MEMORY,L2,L2,L2,	1
LLC,MEMORY,MEMORY,LLC,MEMORY,MEMORY,	1
LLC,MEMORY,MEMORY,LLC,LLC,MEMORY,	1
LLC,MEMORY,MEMORY,LLC,LLC,LLC,	1
LLC,MEMORY,MEMORY,ZERO,ZERO,ZERO,	8861730
LLC,MEMORY,L1,ZERO,ZERO,ZERO,	10601
LLC,MEMORY,L2,MEMORY,MEMORY,MEMORY,	2
LLC,MEMORY,L2,ZERO,ZERO,ZERO,	281578
LLC,MEMORY,LLC,MEMORY,LLC,LLC,	2
LLC,MEMORY,LLC,L1,L1,L1,	3
LLC,MEMORY,LLC,L1,ZERO,ZERO,	1
LLC,MEMORY,LLC,LLC,MEMORY,LLC,	1
LLC,MEMORY,LLC,LLC,LLC,LLC,	5
LLC,MEMORY,LLC,ZERO,ZERO,ZERO,	5690231
LLC,L1,MEMORY,ZERO,ZERO,ZERO,	10498
LLC,L1,L1,ZERO,ZERO,ZERO,	466
LLC,L1,L2,ZERO,ZERO,ZERO,	5361
LLC,L1,LLC,L2,ZERO,ZERO,	1
LLC,L1,LLC,ZERO,ZERO,ZERO,	22207
LLC,L2,MEMORY,LLC,LLC,LLC,	1
LLC,L2,MEMORY,ZERO,ZERO,ZERO,	281622
LLC,L2,L1,L1,L1,L1,	2
LLC,L2,L1,L2,ZERO,ZERO,	1
LLC,L2,L1,ZERO,ZERO,ZERO,	5455
LLC,L2,L2,L1,L1,L1,	13
LLC,L2,L2,L1,L1,L2,	4
LLC,L2,L2,L1,ZERO,ZERO,	5
LLC,L2,L2,L2,L1,L1,	2
LLC,L2,L2,L2,L2,L1,	1
LLC,L2,L2,L2,L2,L2,	3
LLC,L2,L2,L2,ZERO,ZERO,	4
LLC,L2,L2,ZERO,ZERO,ZERO,	163500
LLC,L2,LLC,MEMORY,LLC,LLC,	1
LLC,L2,LLC,L1,L1,L1,	13
LLC,L2,LLC,L1,L1,L2,	2
LLC,L2,LLC,L1,L2,L1,	1
LLC,L2,LLC,L1,ZERO,ZERO,	11
LLC,L2,LLC,L2,L1,L1,	3
LLC,L2,LLC,L2,L1,L2,	3
LLC,L2,LLC,L2,L2,L1,	3
LLC,L2,LLC,L2,L2,L2,	6
LLC,L2,LLC,L2,L2,LLC,	4
LLC,L2,LLC,L2,LLC,LLC,	5
LLC,L2,LLC,L2,ZERO,ZERO,	5
LLC,L2,LLC,LLC,L2,LLC,	2
LLC,L2,LLC,LLC,LLC,L2,	2
LLC,L2,LLC,LLC,LLC,LLC,	11
LLC,L2,LLC,ZERO,ZERO,ZERO,	812420
LLC,LLC,MEMORY,MEMORY,MEMORY,LLC,	1
LLC,LLC,MEMORY,MEMORY,LLC,MEMORY,	1
LLC,LLC,MEMORY,LLC,MEMORY,MEMORY,	1
LLC,LLC,MEMORY,LLC,LLC,MEMORY,	2
LLC,LLC,MEMORY,LLC,LLC,LLC,	1
LLC,LLC,MEMORY,ZERO,ZERO,ZERO,	5698072
LLC,LLC,L1,L2,LLC,LLC,	1
LLC,LLC,L1,ZERO,ZERO,ZERO,	22370
LLC,LLC,L2,L1,L1,L1,	14
LLC,LLC,L2,L1,L1,L2,	3
LLC,LLC,L2,L1,L2,L2,	1
LLC,LLC,L2,L1,ZERO,ZERO,	7
LLC,LLC,L2,L2,L1,L1,	1
LLC,LLC,L2,L2,L1,L2,	2
LLC,LLC,L2,L2,L2,L1,	1
LLC,LLC,L2,L2,L2,L2,	6
LLC,LLC,L2,L2,ZERO,ZERO,	7
LLC,LLC,L2,LLC,MEMORY,LLC,	1
LLC,LLC,L2,LLC,L1,LLC,	1
LLC,LLC,L2,LLC,L2,LLC,	2
LLC,LLC,L2,LLC,LLC,LLC,	16
LLC,LLC,L2,ZERO,ZERO,ZERO,	813481
LLC,LLC,LLC,MEMORY,MEMORY,MEMORY,	2
LLC,LLC,LLC,MEMORY,LLC,MEMORY,	1
LLC,LLC,LLC,MEMORY,LLC,LLC,	2
LLC,LLC,LLC,L1,L1,L1,	86
LLC,LLC,LLC,L1,L1,L2,	5
LLC,LLC,LLC,L1,L2,L1,	7
LLC,LLC,LLC,L1,L2,L2,	6
LLC,LLC,LLC,L1,L2,LLC,	1
LLC,LLC,LLC,L1,LLC,LLC,	1
LLC,LLC,LLC,L1,ZERO,ZERO,	49
LLC,LLC,LLC,L2,L1,L1,	10
LLC,LLC,LLC,L2,L1,L2,	14
LLC,LLC,LLC,L2,L2,L1,	3
LLC,LLC,LLC,L2,L2,L2,	10
LLC,LLC,LLC,L2,LLC,MEMORY,	1
LLC,LLC,LLC,L2,LLC,L1,	1
LLC,LLC,LLC,L2,LLC,L2,	2
LLC,LLC,LLC,L2,LLC,LLC,	16
LLC,LLC,LLC,L2,ZERO,ZERO,	20
LLC,LLC,LLC,LLC,MEMORY,MEMORY,	1
LLC,LLC,LLC,LLC,L2,L1,	1
LLC,LLC,LLC,LLC,L2,L2,	2
LLC,LLC,LLC,LLC,L2,LLC,	10
LLC,LLC,LLC,LLC,LLC,MEMORY,	1
LLC,LLC,LLC,LLC,LLC,L2,	3
LLC,LLC,LLC,LLC,LLC,LLC,	81
LLC,LLC,LLC,LLC,ZERO,ZERO,	1
LLC,LLC,LLC,ZERO,ZERO,ZERO,	12515268
ZERO,ZERO,ZERO,MEMORY,MEMORY,MEMORY,	1
ZERO,ZERO,ZERO,MEMORY,ZERO,ZERO,	2
ZERO,ZERO,ZERO,L1,ZERO,ZERO,	1229
ZERO,ZERO,ZERO,LLC,ZERO,ZERO,	3
~~~~~~ full stats with way ~~~~~~
MEMORY,MEMORY,MEMORY,MEMORY,MEMORY,MEMORY,0	1
MEMORY,MEMORY,MEMORY,MEMORY,MEMORY,MEMORY,2	2
MEMORY,MEMORY,MEMORY,MEMORY,MEMORY,MEMORY,3	1
MEMORY,MEMORY,MEMORY,MEMORY,MEMORY,MEMORY,4	53
MEMORY,MEMORY,MEMORY,MEMORY,MEMORY,MEMORY,5	433
MEMORY,MEMORY,MEMORY,MEMORY,MEMORY,LLC,4	1
MEMORY,MEMORY,MEMORY,MEMORY,MEMORY,LLC,5	26
MEMORY,MEMORY,MEMORY,MEMORY,LLC,MEMORY,5	35
MEMORY,MEMORY,MEMORY,MEMORY,LLC,LLC,5	4
MEMORY,MEMORY,MEMORY,MEMORY,ZERO,ZERO,0	22
MEMORY,MEMORY,MEMORY,MEMORY,ZERO,ZERO,2	1
MEMORY,MEMORY,MEMORY,MEMORY,ZERO,ZERO,3	32
MEMORY,MEMORY,MEMORY,L1,MEMORY,MEMORY,5	17
MEMORY,MEMORY,MEMORY,L1,MEMORY,LLC,5	1
MEMORY,MEMORY,MEMORY,L1,L1,L1,4	317
MEMORY,MEMORY,MEMORY,L1,L1,L1,5	142
MEMORY,MEMORY,MEMORY,L1,L1,L2,4	3
MEMORY,MEMORY,MEMORY,L1,L1,L2,5	1
MEMORY,MEMORY,MEMORY,L1,L2,L1,4	23
MEMORY,MEMORY,MEMORY,L1,L2,L1,5	8
MEMORY,MEMORY,MEMORY,L1,L2,L2,4	3
MEMORY,MEMORY,MEMORY,L1,L2,LLC,5	1
MEMORY,MEMORY,MEMORY,L1,LLC,L2,4	3
MEMORY,MEMORY,MEMORY,L1,LLC,LLC,4	6
MEMORY,MEMORY,MEMORY,L1,ZERO,ZERO,1	17
MEMORY,MEMORY,MEMORY,L1,ZERO,ZERO,2	13
MEMORY,MEMORY,MEMORY,L1,ZERO,ZERO,3	132
MEMORY,MEMORY,MEMORY,L2,MEMORY,MEMORY,5	1
MEMORY,MEMORY,MEMORY,L2,L1,L1,4	2
MEMORY,MEMORY,MEMORY,L2,L1,L1,5	2
MEMORY,MEMORY,MEMORY,L2,L2,L1,4	5
MEMORY,MEMORY,MEMORY,L2,L2,L2,4	7
MEMORY,MEMORY,MEMORY,L2,L2,LLC,5	1
MEMORY,MEMORY,MEMORY,L2,ZERO,ZERO,3	1
MEMORY,MEMORY,MEMORY,LLC,MEMORY,MEMORY,5	7
MEMORY,MEMORY,MEMORY,LLC,LLC,MEMORY,5	2
MEMORY,MEMORY,MEMORY,LLC,LLC,LLC,5	2
MEMORY,MEMORY,MEMORY,LLC,ZERO,ZERO,3	1
MEMORY,MEMORY,MEMORY,ZERO,ZERO,ZERO,0	5674210
MEMORY,MEMORY,MEMORY,ZERO,ZERO,ZERO,1	5613718
MEMORY,MEMORY,MEMORY,ZERO,ZERO,ZERO,2	5762100
MEMORY,MEMORY,L1,L1,L1,L1,4	1
MEMORY,MEMORY,L1,L1,L1,L1,5	2
MEMORY,MEMORY,L1,L1,ZERO,ZERO,3	2
MEMORY,MEMORY,L1,ZERO,ZERO,ZERO,0	6546
MEMORY,MEMORY,L1,ZERO,ZERO,ZERO,1	6545
MEMORY,MEMORY,L1,ZERO,ZERO,ZERO,2	5376
MEMORY,MEMORY,L2,MEMORY,LLC,LLC,5	1
MEMORY,MEMORY,L2,L1,L1,L1,4	2
MEMORY,MEMORY,L2,L1,ZERO,ZERO,3	2
MEMORY,MEMORY,L2,ZERO,ZERO,ZERO,0	173835
MEMORY,MEMORY,L2,ZERO,ZERO,ZERO,1	170192
MEMORY,MEMORY,L2,ZERO,ZERO,ZERO,2	144899
MEMORY,MEMORY,LLC,MEMORY,MEMORY,MEMORY,5	9
MEMORY,MEMORY,LLC,MEMORY,MEMORY,LLC,5	2
MEMORY,MEMORY,LLC,MEMORY,LLC,MEMORY,5	1
MEMORY,MEMORY,LLC,MEMORY,LLC,LLC,5	1
MEMORY,MEMORY,LLC,L1,L1,L1,4	10
MEMORY,MEMORY,LLC,L1,L1,L1,5	10
MEMORY,MEMORY,LLC,L1,ZERO,ZERO,3	5
MEMORY,MEMORY,LLC,L2,L2,L2,5	1
MEMORY,MEMORY,LLC,LLC,LLC,MEMORY,5	1
MEMORY,MEMORY,LLC,LLC,LLC,LLC,5	1
MEMORY,MEMORY,LLC,ZERO,ZERO,ZERO,0	3122602
MEMORY,MEMORY,LLC,ZERO,ZERO,ZERO,1	3063743
MEMORY,MEMORY,LLC,ZERO,ZERO,ZERO,2	2694202
MEMORY,L1,MEMORY,L1,L1,L1,5	1
MEMORY,L1,MEMORY,L1,ZERO,ZERO,3	1
MEMORY,L1,MEMORY,ZERO,ZERO,ZERO,0	6800
MEMORY,L1,MEMORY,ZERO,ZERO,ZERO,1	5206
MEMORY,L1,MEMORY,ZERO,ZERO,ZERO,2	6617
MEMORY,L1,L1,ZERO,ZERO,ZERO,0	6
MEMORY,L1,L1,ZERO,ZERO,ZERO,1	6
MEMORY,L1,L1,ZERO,ZERO,ZERO,2	7
MEMORY,L1,L2,ZERO,ZERO,ZERO,0	209
MEMORY,L1,L2,ZERO,ZERO,ZERO,1	173
MEMORY,L1,L2,ZERO,ZERO,ZERO,2	169
MEMORY,L1,LLC,ZERO,ZERO,ZERO,0	3998
MEMORY,L1,LLC,ZERO,ZERO,ZERO,1	3238
MEMORY,L1,LLC,ZERO,ZERO,ZERO,2	3403
MEMORY,L2,MEMORY,MEMORY,MEMORY,LLC,5	1
MEMORY,L2,MEMORY,MEMORY,L2,MEMORY,5	1
MEMORY,L2,MEMORY,L1,L1,L1,4	1
MEMORY,L2,MEMORY,L1,L1,L1,5	2
MEMORY,L2,MEMORY,L1,ZERO,ZERO,3	3
MEMORY,L2,MEMORY,L2,LLC,LLC,5	1
MEMORY,L2,MEMORY,ZERO,ZERO,ZERO,0	172935
MEMORY,L2,MEMORY,ZERO,ZERO,ZERO,1	140540
MEMORY,L2,MEMORY,ZERO,ZERO,ZERO,2	176273
MEMORY,L2,L1,ZERO,ZERO,ZERO,0	236
MEMORY,L2,L1,ZERO,ZERO,ZERO,1	158
MEMORY,L2,L1,ZERO,ZERO,ZERO,2	182
MEMORY,L2,L2,ZERO,ZERO,ZERO,0	5633
MEMORY,L2,L2,ZERO,ZERO,ZERO,1	4498
MEMORY,L2,L2,ZERO,ZERO,ZERO,2	4795
MEMORY,L2,LLC,MEMORY,L2,LLC,5	1
MEMORY,L2,LLC,ZERO,ZERO,ZERO,0	104920
MEMORY,L2,LLC,ZERO,ZERO,ZERO,1	84495
MEMORY,L2,LLC,ZERO,ZERO,ZERO,2	92187
MEMORY,LLC,MEMORY,MEMORY,MEMORY,MEMORY,4	1
MEMORY,LLC,MEMORY,MEMORY,MEMORY,MEMORY,5	9
MEMORY,LLC,MEMORY,MEMORY,MEMORY,LLC,5	2
MEMORY,LLC,MEMORY,MEMORY,LLC,MEMORY,5	3
MEMORY,LLC,MEMORY,MEMORY,LLC,LLC,5	1
MEMORY,LLC,MEMORY,L1,L1,L1,4	7
MEMORY,LLC,MEMORY,L1,L1,L1,5	9
MEMORY,LLC,MEMORY,L1,ZERO,ZERO,3	7
MEMORY,LLC,MEMORY,LLC,LLC,LLC,5	1
MEMORY,LLC,MEMORY,ZERO,ZERO,ZERO,0	3099277
MEMORY,LLC,MEMORY,ZERO,ZERO,ZERO,1	2626960
MEMORY,LLC,MEMORY,ZERO,ZERO,ZERO,2	3167550
MEMORY,LLC,L1,ZERO,ZERO,ZERO,0	4058
MEMORY,LLC,L1,ZERO,ZERO,ZERO,1	3299
MEMORY,LLC,L1,ZERO,ZERO,ZERO,2	3202
MEMORY,LLC,L2,ZERO,ZERO,ZERO,0	105198
MEMORY,LLC,L2,ZERO,ZERO,ZERO,1	88787
MEMORY,LLC,L2,ZERO,ZERO,ZERO,2	87337
MEMORY,LLC,LLC,L1,ZERO,ZERO,3	1
MEMORY,LLC,LLC,L2,LLC,LLC,5	1
MEMORY,LLC,LLC,LLC,L2,LLC,5	1
MEMORY,LLC,LLC,LLC,LLC,LLC,5	8
MEMORY,LLC,LLC,LLC,ZERO,ZERO,3	1
MEMORY,LLC,LLC,ZERO,ZERO,ZERO,0	2085209
MEMORY,LLC,LLC,ZERO,ZERO,ZERO,1	1782720
MEMORY,LLC,LLC,ZERO,ZERO,ZERO,2	1843238
L1,MEMORY,MEMORY,L1,ZERO,ZERO,3	1
L1,MEMORY,MEMORY,ZERO,ZERO,ZERO,0	5314
L1,MEMORY,MEMORY,ZERO,ZERO,ZERO,1	6485
L1,MEMORY,MEMORY,ZERO,ZERO,ZERO,2	6675
L1,MEMORY,L1,ZERO,ZERO,ZERO,0	8
L1,MEMORY,L1,ZERO,ZERO,ZERO,1	4
L1,MEMORY,L1,ZERO,ZERO,ZERO,2	8
L1,MEMORY,L2,ZERO,ZERO,ZERO,0	177
L1,MEMORY,L2,ZERO,ZERO,ZERO,1	210
L1,MEMORY,L2,ZERO,ZERO,ZERO,2	176
L1,MEMORY,LLC,ZERO,ZERO,ZERO,0	3183
L1,MEMORY,LLC,ZERO,ZERO,ZERO,1	3890
L1,MEMORY,LLC,ZERO,ZERO,ZERO,2	3235
L1,L1,MEMORY,ZERO,ZERO,ZERO,0	12
L1,L1,MEMORY,ZERO,ZERO,ZERO,1	4
L1,L1,MEMORY,ZERO,ZERO,ZERO,2	10
L1,L1,L1,L1,L1,L1,4	98
L1,L1,L1,L1,L1,L1,5	286
L1,L1,L1,L1,L1,L2,5	3
L1,L1,L1,L1,ZERO,ZERO,1	9
L1,L1,L1,L1,ZERO,ZERO,3	11
L1,L1,L1,L2,ZERO,ZERO,3	1
L1,L1,L1,ZERO,ZERO,ZERO,0	25450
L1,L1,L1,ZERO,ZERO,ZERO,1	25509
L1,L1,L1,ZERO,ZERO,ZERO,2	24720
L1,L1,L2,L1,L1,L1,4	15
L1,L1,L2,L1,L1,L1,5	3
L1,L1,L2,L1,ZERO,ZERO,0	2
L1,L1,L2,L1,ZERO,ZERO,1	3
L1,L1,L2,L1,ZERO,ZERO,3	8
L1,L1,L2,ZERO,ZERO,ZERO,0	3112
L1,L1,L2,ZERO,ZERO,ZERO,1	3425
L1,L1,L2,ZERO,ZERO,ZERO,2	3627
L1,L1,LLC,ZERO,ZERO,ZERO,0	141
L1,L1,LLC,ZERO,ZERO,ZERO,1	150
L1,L1,LLC,ZERO,ZERO,ZERO,2	135
L1,L2,MEMORY,ZERO,ZERO,ZERO,0	183
L1,L2,MEMORY,ZERO,ZERO,ZERO,1	151
L1,L2,MEMORY,ZERO,ZERO,ZERO,2	221
L1,L2,L1,L1,L1,L1,4	5
L1,L2,L1,L1,ZERO,ZERO,1	1
L1,L2,L1,L1,ZERO,ZERO,3	2
L1,L2,L1,L2,L1,L1,4	1
L1,L2,L1,ZERO,ZERO,ZERO,0	3092
L1,L2,L1,ZERO,ZERO,ZERO,1	3705
L1,L2,L1,ZERO,ZERO,ZERO,2	3110
L1,L2,L2,L1,L1,L1,5	1
L1,L2,L2,L1,L1,L2,4	1
L1,L2,L2,L1,L2,L2,4	1
L1,L2,L2,L1,ZERO,ZERO,3	2
L1,L2,L2,ZERO,ZERO,ZERO,0	7118
L1,L2,L2,ZERO,ZERO,ZERO,1	8037
L1,L2,L2,ZERO,ZERO,ZERO,2	7048
L1,L2,LLC,L2,ZERO,ZERO,3	1
L1,L2,LLC,ZERO,ZERO,ZERO,0	1709
L1,L2,LLC,ZERO,ZERO,ZERO,1	1748
L1,L2,LLC,ZERO,ZERO,ZERO,2	1781
L1,LLC,MEMORY,ZERO,ZERO,ZERO,0	3243
L1,LLC,MEMORY,ZERO,ZERO,ZERO,1	3272
L1,LLC,MEMORY,ZERO,ZERO,ZERO,2	4062
L1,LLC,L1,ZERO,ZERO,ZERO,0	157
L1,LLC,L1,ZERO,ZERO,ZERO,1	157
L1,LLC,L1,ZERO,ZERO,ZERO,2	157
L1,LLC,L2,L1,LLC,LLC,5	1
L1,LLC,L2,ZERO,ZERO,ZERO,0	1678
L1,LLC,L2,ZERO,ZERO,ZERO,1	1707
L1,LLC,L2,ZERO,ZERO,ZERO,2	1767
L1,LLC,LLC,ZERO,ZERO,ZERO,0	7055
L1,LLC,LLC,ZERO,ZERO,ZERO,1	7464
L1,LLC,LLC,ZERO,ZERO,ZERO,2	7523
L2,MEMORY,MEMORY,MEMORY,MEMORY,MEMORY,5	3
L2,MEMORY,MEMORY,L1,L1,L1,5	3
L2,MEMORY,MEMORY,L1,ZERO,ZERO,3	1
L2,MEMORY,MEMORY,ZERO,ZERO,ZERO,0	141079
L2,MEMORY,MEMORY,ZERO,ZERO,ZERO,1	172394
L2,MEMORY,MEMORY,ZERO,ZERO,ZERO,2	174039
L2,MEMORY,L1,ZERO,ZERO,ZERO,0	162
L2,MEMORY,L1,ZERO,ZERO,ZERO,1	187
L2,MEMORY,L1,ZERO,ZERO,ZERO,2	157
L2,MEMORY,L2,MEMORY,LLC,MEMORY,5	1
L2,MEMORY,L2,ZERO,ZERO,ZERO,0	4729
L2,MEMORY,L2,ZERO,ZERO,ZERO,1	5543
L2,MEMORY,L2,ZERO,ZERO,ZERO,2	4633
L2,MEMORY,LLC,LLC,MEMORY,MEMORY,5	1
L2,MEMORY,LLC,ZERO,ZERO,ZERO,0	86085
L2,MEMORY,LLC,ZERO,ZERO,ZERO,1	104203
L2,MEMORY,LLC,ZERO,ZERO,ZERO,2	90177
L2,L1,MEMORY,ZERO,ZERO,ZERO,0	194
L2,L1,MEMORY,ZERO,ZERO,ZERO,1	163
L2,L1,MEMORY,ZERO,ZERO,ZERO,2	221
L2,L1,L1,L1,L1,L1,4	2
L2,L1,L1,L1,L1,L1,5	4
L2,L1,L1,L1,L1,L2,5	1
L2,L1,L1,L1,ZERO,ZERO,0	3
L2,L1,L1,L1,ZERO,ZERO,3	4
L2,L1,L1,L2,L1,L1,5	1
L2,L1,L1,L2,ZERO,ZERO,3	1
L2,L1,L1,ZERO,ZERO,ZERO,0	3231
L2,L1,L1,ZERO,ZERO,ZERO,1	3924
L2,L1,L1,ZERO,ZERO,ZERO,2	3702
L2,L1,L2,L1,L1,L1,4	18
L2,L1,L2,L1,L1,L1,5	1
L2,L1,L2,L1,L2,L2,4	1
L2,L1,L2,L1,ZERO,ZERO,0	2
L2,L1,L2,L1,ZERO,ZERO,3	3
L2,L1,L2,ZERO,ZERO,ZERO,0	7677
L2,L1,L2,ZERO,ZERO,ZERO,1	8102
L2,L1,L2,ZERO,ZERO,ZERO,2	7834
L2,L1,LLC,ZERO,ZERO,ZERO,0	1701
L2,L1,LLC,ZERO,ZERO,ZERO,1	1727
L2,L1,LLC,ZERO,ZERO,ZERO,2	1768
L2,L2,MEMORY,MEMORY,MEMORY,MEMORY,5	1
L2,L2,MEMORY,ZERO,ZERO,ZERO,0	4598
L2,L2,MEMORY,ZERO,ZERO,ZERO,1	4547
L2,L2,MEMORY,ZERO,ZERO,ZERO,2	5618
L2,L2,L1,L1,L1,L1,4	7
L2,L2,L1,L1,ZERO,ZERO,0	1
L2,L2,L1,L2,L1,L1,4	1
L2,L2,L1,LLC,LLC,L2,5	1
L2,L2,L1,ZERO,ZERO,ZERO,0	7001
L2,L2,L1,ZERO,ZERO,ZERO,1	7522
L2,L2,L1,ZERO,ZERO,ZERO,2	7424
L2,L2,L2,L1,L1,L1,4	12
L2,L2,L2,L1,L1,L1,5	5
L2,L2,L2,L1,ZERO,ZERO,1	3
L2,L2,L2,L1,ZERO,ZERO,3	3
L2,L2,L2,L2,L1,L2,5	1
L2,L2,L2,L2,L2,L1,5	1
L2,L2,L2,L2,L2,L2,5	14
L2,L2,L2,L2,L2,LLC,5	2
L2,L2,L2,L2,LLC,LLC,5	2
L2,L2,L2,L2,ZERO,ZERO,3	5
L2,L2,L2,ZERO,ZERO,ZERO,0	78092
L2,L2,L2,ZERO,ZERO,ZERO,1	82262
L2,L2,L2,ZERO,ZERO,ZERO,2	78726
L2,L2,LLC,L1,L1,L1,4	4
L2,L2,LLC,L1,L1,L1,5	1
L2,L2,LLC,L1,L2,L2,5	1
L2,L2,LLC,L1,ZERO,ZERO,3	5
L2,L2,LLC,L2,L1,L1,4	1
L2,L2,LLC,L2,L1,L2,5	1
L2,L2,LLC,L2,L2,L1,4	3
L2,L2,LLC,L2,L2,L2,5	2
L2,L2,LLC,L2,ZERO,ZERO,3	8
L2,L2,LLC,LLC,LLC,LLC,5	5
L2,L2,LLC,ZERO,ZERO,ZERO,0	53894
L2,L2,LLC,ZERO,ZERO,ZERO,1	53716
L2,L2,LLC,ZERO,ZERO,ZERO,2	55950
L2,LLC,MEMORY,LLC,LLC,LLC,5	1
L2,LLC,MEMORY,ZERO,ZERO,ZERO,0	85477
L2,LLC,MEMORY,ZERO,ZERO,ZERO,1	89265
L2,LLC,MEMORY,ZERO,ZERO,ZERO,2	105561
L2,LLC,L1,ZERO,ZERO,ZERO,0	1735
L2,LLC,L1,ZERO,ZERO,ZERO,1	1770
L2,LLC,L1,ZERO,ZERO,ZERO,2	1829
L2,LLC,L2,L1,L1,L1,4	1
L2,LLC,L2,L1,L1,L1,5	1
L2,LLC,L2,L1,ZERO,ZERO,3	5
L2,LLC,L2,L2,L1,L1,4	1
L2,LLC,L2,L2,L1,L1,5	1
L2,LLC,L2,L2,L1,L2,5	1
L2,LLC,L2,L2,L2,L1,4	1
L2,LLC,L2,L2,L2,L2,4	2
L2,LLC,L2,L2,L2,L2,5	1
L2,LLC,L2,L2,L2,LLC,5	2
L2,LLC,L2,L2,ZERO,ZERO,3	1
L2,LLC,L2,LLC,LLC,MEMORY,5	1
L2,LLC,L2,LLC,LLC,LLC,5	5
L2,LLC,L2,ZERO,ZERO,ZERO,0	54095
L2,LLC,L2,ZERO,ZERO,ZERO,1	55176
L2,LLC,L2,ZERO,ZERO,ZERO,2	54719
L2,LLC,LLC,L1,L1,L1,4	13
L2,LLC,LLC,L1,L1,L1,5	5
L2,LLC,LLC,L1,L1,L2,4	2
L2,LLC,LLC,L1,L1,L2,5	1
L2,LLC,LLC,L1,L2,L1,4	1
L2,LLC,LLC,L1,L2,L1,5	1
L2,LLC,LLC,L1,L2,L2,4	1
L2,LLC,LLC,L1,ZERO,ZERO,3	10
L2,LLC,LLC,L2,L1,L1,5	1
L2,LLC,LLC,L2,L1,L2,5	2
L2,LLC,LLC,L2,L2,L1,4	1
L2,LLC,LLC,L2,L2,L2,4	3
L2,LLC,LLC,L2,L2,L2,5	1
L2,LLC,LLC,L2,L2,LLC,5	2
L2,LLC,LLC,L2,LLC,LLC,5	2
L2,LLC,LLC,L2,ZERO,ZERO,3	6
L2,LLC,LLC,LLC,LLC,L2,5	1
L2,LLC,LLC,LLC,LLC,LLC,4	1
L2,LLC,LLC,LLC,LLC,LLC,5	11
L2,LLC,LLC,ZERO,ZERO,ZERO,0	261499
L2,LLC,LLC,ZERO,ZERO,ZERO,1	273670
L2,LLC,LLC,ZERO,ZERO,ZERO,2	276353
LLC,MEMORY,MEMORY,MEMORY,MEMORY,MEMORY,5	19
LLC,MEMORY,MEMORY,MEMORY,MEMORY,LLC,5	2
LLC,MEMORY,MEMORY,MEMORY,LLC,MEMORY,5	2
LLC,MEMORY,MEMORY,MEMORY,LLC,LLC,5	1
LLC,MEMORY,MEMORY,L1,L1,L1,4	12
LLC,MEMORY,MEMORY,L1,L1,L1,5	6
LLC,MEMORY,MEMORY,L1,L1,L2,5	1
LLC,MEMORY,MEMORY,L1,ZERO,ZERO,3	4
LLC,MEMORY,MEMORY,L2,L2,L2,5	1
LLC,MEMORY,MEMORY,LLC,MEMORY,MEMORY,5	1
LLC,MEMORY,MEMORY,LLC,LLC,MEMORY,5	1
LLC,MEMORY,MEMORY,LLC,LLC,LLC,5	1
LLC,MEMORY,MEMORY,ZERO,ZERO,ZERO,0	2642056
LLC,MEMORY,MEMORY,ZERO,ZERO,ZERO,1	3085934
LLC,MEMORY,MEMORY,ZERO,ZERO,ZERO,2	3133740
LLC,MEMORY,L1,ZERO,ZERO,ZERO,0	3456
LLC,MEMORY,L1,ZERO,ZERO,ZERO,1	3934
LLC,MEMORY,L1,ZERO,ZERO,ZERO,2	3211
LLC,MEMORY,L2,MEMORY,MEMORY,MEMORY,5	2
LLC,MEMORY,L2,ZERO,ZERO,ZERO,0	90745
LLC,MEMORY,L2,ZERO,ZERO,ZERO,1	104362
LLC,MEMORY,L2,ZERO,ZERO,ZERO,2	86471
LLC,MEMORY,LLC,MEMORY,LLC,LLC,5	2
LLC,MEMORY,LLC,L1,L1,L1,4	2
LLC,MEMORY,LLC,L1,L1,L1,5	1
LLC,MEMORY,LLC,L1,ZERO,ZERO,3	1
LLC,MEMORY,LLC,LLC,MEMORY,LLC,5	1
LLC,MEMORY,LLC,LLC,LLC,LLC,5	5
LLC,MEMORY,LLC,ZERO,ZERO,ZERO,0	1815384
LLC,MEMORY,LLC,ZERO,ZERO,ZERO,1	2059319
LLC,MEMORY,LLC,ZERO,ZERO,ZERO,2	1815528
LLC,L1,MEMORY,ZERO,ZERO,ZERO,0	3394
LLC,L1,MEMORY,ZERO,ZERO,ZERO,1	3073
LLC,L1,MEMORY,ZERO,ZERO,ZERO,2	4031
LLC,L1,L1,ZERO,ZERO,ZERO,0	176
LLC,L1,L1,ZERO,ZERO,ZERO,1	149
LLC,L1,L1,ZERO,ZERO,ZERO,2	141
LLC,L1,L2,ZERO,ZERO,ZERO,0	1791
LLC,L1,L2,ZERO,ZERO,ZERO,1	1711
LLC,L1,L2,ZERO,ZERO,ZERO,2	1859
LLC,L1,LLC,L2,ZERO,ZERO,3	1
LLC,L1,LLC,ZERO,ZERO,ZERO,0	7681
LLC,L1,LLC,ZERO,ZERO,ZERO,1	6989
LLC,L1,LLC,ZERO,ZERO,ZERO,2	7537
LLC,L2,MEMORY,LLC,LLC,LLC,5	1
LLC,L2,MEMORY,ZERO,ZERO,ZERO,0	89573
LLC,L2,MEMORY,ZERO,ZERO,ZERO,1	85619
LLC,L2,MEMORY,ZERO,ZERO,ZERO,2	106430
LLC,L2,L1,L1,L1,L1,4	2
LLC,L2,L1,L2,ZERO,ZERO,3	1
LLC,L2,L1,ZERO,ZERO,ZERO,0	1872
LLC,L2,L1,ZERO,ZERO,ZERO,1	1801
LLC,L2,L1,ZERO,ZERO,ZERO,2	1782
LLC,L2,L2,L1,L1,L1,4	7
LLC,L2,L2,L1,L1,L1,5	6
LLC,L2,L2,L1,L1,L2,4	2
LLC,L2,L2,L1,L1,L2,5	2
LLC,L2,L2,L1,ZERO,ZERO,3	5
LLC,L2,L2,L2,L1,L1,4	1
LLC,L2,L2,L2,L1,L1,5	1
LLC,L2,L2,L2,L2,L1,4	1
LLC,L2,L2,L2,L2,L2,4	1
LLC,L2,L2,L2,L2,L2,5	2
LLC,L2,L2,L2,ZERO,ZERO,3	4
LLC,L2,L2,ZERO,ZERO,ZERO,0	54551
LLC,L2,L2,ZERO,ZERO,ZERO,1	53947
LLC,L2,L2,ZERO,ZERO,ZERO,2	55002
LLC,L2,LLC,MEMORY,LLC,LLC,5	1
LLC,L2,LLC,L1,L1,L1,4	8
LLC,L2,LLC,L1,L1,L1,5	5
LLC,L2,LLC,L1,L1,L2,4	1
LLC,L2,LLC,L1,L1,L2,5	1
LLC,L2,LLC,L1,L2,L1,4	1
LLC,L2,LLC,L1,ZERO,ZERO,3	11
LLC,L2,LLC,L2,L1,L1,4	1
LLC,L2,LLC,L2,L1,L1,5	2
LLC,L2,LLC,L2,L1,L2,5	3
LLC,L2,LLC,L2,L2,L1,4	3
LLC,L2,LLC,L2,L2,L2,4	1
LLC,L2,LLC,L2,L2,L2,5	5
LLC,L2,LLC,L2,L2,LLC,5	4
LLC,L2,LLC,L2,LLC,LLC,4	1
LLC,L2,LLC,L2,LLC,LLC,5	4
LLC,L2,LLC,L2,ZERO,ZERO,3	5
LLC,L2,LLC,LLC,L2,LLC,5	2
LLC,L2,LLC,LLC,LLC,L2,5	2
LLC,L2,LLC,LLC,LLC,LLC,4	1
LLC,L2,LLC,LLC,LLC,LLC,5	10
LLC,L2,LLC,ZERO,ZERO,ZERO,0	273540
LLC,L2,LLC,ZERO,ZERO,ZERO,1	260421
LLC,L2,LLC,ZERO,ZERO,ZERO,2	278459
LLC,LLC,MEMORY,MEMORY,MEMORY,LLC,5	1
LLC,LLC,MEMORY,MEMORY,LLC,MEMORY,5	1
LLC,LLC,MEMORY,LLC,MEMORY,MEMORY,5	1
LLC,LLC,MEMORY,LLC,LLC,MEMORY,5	2
LLC,LLC,MEMORY,LLC,LLC,LLC,5	1
LLC,LLC,MEMORY,ZERO,ZERO,ZERO,0	1798142
LLC,LLC,MEMORY,ZERO,ZERO,ZERO,1	1795657
LLC,LLC,MEMORY,ZERO,ZERO,ZERO,2	2104273
LLC,LLC,L1,L2,LLC,LLC,5	1
LLC,LLC,L1,ZERO,ZERO,ZERO,0	7684
LLC,LLC,L1,ZERO,ZERO,ZERO,1	7416
LLC,LLC,L1,ZERO,ZERO,ZERO,2	7270
LLC,LLC,L2,L1,L1,L1,4	10
LLC,LLC,L2,L1,L1,L1,5	4
LLC,LLC,L2,L1,L1,L2,5	3
LLC,LLC,L2,L1,L2,L2,5	1
LLC,LLC,L2,L1,ZERO,ZERO,3	7
LLC,LLC,L2,L2,L1,L1,4	1
LLC,LLC,L2,L2,L1,L2,4	1
LLC,LLC,L2,L2,L1,L2,5	1
LLC,LLC,L2,L2,L2,L1,5	1
LLC,LLC,L2,L2,L2,L2,4	2
LLC,LLC,L2,L2,L2,L2,5	4
LLC,LLC,L2,L2,ZERO,ZERO,3	7
LLC,LLC,L2,LLC,MEMORY,LLC,5	1
LLC,LLC,L2,LLC,L1,LLC,5	1
LLC,LLC,L2,LLC,L2,LLC,5	2
LLC,LLC,L2,LLC,LLC,LLC,5	16
LLC,LLC,L2,ZERO,ZERO,ZERO,0	274891
LLC,LLC,L2,ZERO,ZERO,ZERO,1	272489
LLC,LLC,L2,ZERO,ZERO,ZERO,2	266101
LLC,LLC,LLC,MEMORY,MEMORY,MEMORY,5	2
LLC,LLC,LLC,MEMORY,LLC,MEMORY,5	1
LLC,LLC,LLC,MEMORY,LLC,LLC,5	2
LLC,LLC,LLC,L1,L1,L1,4	53
LLC,LLC,LLC,L1,L1,L1,5	33
LLC,LLC,LLC,L1,L1,L2,4	2
LLC,LLC,LLC,L1,L1,L2,5	3
LLC,LLC,LLC,L1,L2,L1,4	4
LLC,LLC,LLC,L1,L2,L1,5	3
LLC,LLC,LLC,L1,L2,L2,5	6
LLC,LLC,LLC,L1,L2,LLC,4	1
LLC,LLC,LLC,L1,LLC,LLC,5	1
LLC,LLC,LLC,L1,ZERO,ZERO,3	49
LLC,LLC,LLC,L2,L1,L1,4	8
LLC,LLC,LLC,L2,L1,L1,5	2
LLC,LLC,LLC,L2,L1,L2,4	2
LLC,LLC,LLC,L2,L1,L2,5	12
LLC,LLC,LLC,L2,L2,L1,5	3
LLC,LLC,LLC,L2,L2,L2,4	2
LLC,LLC,LLC,L2,L2,L2,5	8
LLC,LLC,LLC,L2,LLC,MEMORY,5	1
LLC,LLC,LLC,L2,LLC,L1,4	1
LLC,LLC,LLC,L2,LLC,L2,5	2
LLC,LLC,LLC,L2,LLC,LLC,5	16
LLC,LLC,LLC,L2,ZERO,ZERO,3	20
LLC,LLC,LLC,LLC,MEMORY,MEMORY,5	1
LLC,LLC,LLC,LLC,L2,L1,4	1
LLC,LLC,LLC,LLC,L2,L2,5	2
LLC,LLC,LLC,LLC,L2,LLC,5	10
LLC,LLC,LLC,LLC,LLC,MEMORY,4	1
LLC,LLC,LLC,LLC,LLC,L2,5	3
LLC,LLC,LLC,LLC,LLC,LLC,4	3
LLC,LLC,LLC,LLC,LLC,LLC,5	78
LLC,LLC,LLC,LLC,ZERO,ZERO,0	1
LLC,LLC,LLC,ZERO,ZERO,ZERO,0	4166790
LLC,LLC,LLC,ZERO,ZERO,ZERO,1	4128440
LLC,LLC,LLC,ZERO,ZERO,ZERO,2	4220038
ZERO,ZERO,ZERO,MEMORY,MEMORY,MEMORY,4	1
ZERO,ZERO,ZERO,MEMORY,ZERO,ZERO,3	2
ZERO,ZERO,ZERO,L1,ZERO,ZERO,3	1229
ZERO,ZERO,ZERO,LLC,ZERO,ZERO,3	3
